[35m[1mConsolidate compiler generated dependencies of target autonomous_node[0m
[ 50%] [32mBuilding CXX object CMakeFiles/autonomous_node.dir/src/autonomous_node.cpp.o[0m
[01m[K/home/creampi/ros2_ws/src/autonomous_rover/src/autonomous_node.cpp:[m[K In member function ‘[01m[Kvoid Autopilot::publish_cmd()[m[K’:
[01m[K/home/creampi/ros2_ws/src/autonomous_rover/src/autonomous_node.cpp:72:17:[m[K [01;35m[Kwarning: [m[Kunused variable ‘[01m[Kdiagonal_limit[m[K’ [[01;35m[K]8;;https://gcc.gnu.org/onlinedocs/gcc/Warning-Options.html#index-Wunused-variable-Wunused-variable]8;;[m[K]
   72 |     const float [01;35m[Kdiagonal_limit[m[K = 0.35;
      |                 [01;35m[K^~~~~~~~~~~~~~[m[K
[100%] [32m[1mLinking CXX executable autonomous_node[0m
[100%] Built target autonomous_node
-- Install configuration: ""
-- Execute custom install script
-- Up-to-date symlink: /home/creampi/ros2_ws/install/autonomous_rover/lib/autonomous_rover/autonomous_node
-- Up-to-date symlink: /home/creampi/ros2_ws/install/autonomous_rover/share/ament_index/resource_index/package_run_dependencies/autonomous_rover
-- Up-to-date symlink: /home/creampi/ros2_ws/install/autonomous_rover/share/ament_index/resource_index/parent_prefix_path/autonomous_rover
-- Up-to-date symlink: /home/creampi/ros2_ws/install/autonomous_rover/share/autonomous_rover/environment/ament_prefix_path.sh
-- Up-to-date symlink: /home/creampi/ros2_ws/install/autonomous_rover/share/autonomous_rover/environment/ament_prefix_path.dsv
-- Up-to-date symlink: /home/creampi/ros2_ws/install/autonomous_rover/share/autonomous_rover/environment/path.sh
-- Up-to-date symlink: /home/creampi/ros2_ws/install/autonomous_rover/share/autonomous_rover/environment/path.dsv
-- Up-to-date symlink: /home/creampi/ros2_ws/install/autonomous_rover/share/autonomous_rover/local_setup.bash
-- Up-to-date symlink: /home/creampi/ros2_ws/install/autonomous_rover/share/autonomous_rover/local_setup.sh
-- Up-to-date symlink: /home/creampi/ros2_ws/install/autonomous_rover/share/autonomous_rover/local_setup.zsh
-- Up-to-date symlink: /home/creampi/ros2_ws/install/autonomous_rover/share/autonomous_rover/local_setup.dsv
-- Symlinking: /home/creampi/ros2_ws/install/autonomous_rover/share/autonomous_rover/package.dsv
-- Up-to-date symlink: /home/creampi/ros2_ws/install/autonomous_rover/share/ament_index/resource_index/packages/autonomous_rover
-- Up-to-date symlink: /home/creampi/ros2_ws/install/autonomous_rover/share/autonomous_rover/cmake/autonomous_roverConfig.cmake
-- Up-to-date symlink: /home/creampi/ros2_ws/install/autonomous_rover/share/autonomous_rover/cmake/autonomous_roverConfig-version.cmake
-- Up-to-date symlink: /home/creampi/ros2_ws/install/autonomous_rover/share/autonomous_rover/package.xml
