[0.079s] Invoking command in '/home/creampi/ros2_ws/build/autonomous_rover': CMAKE_PREFIX_PATH=/home/creampi/ros2_ws/install/sensehat_cpp:/home/creampi/ros2_ws/install/ros2_system_monitor:/home/creampi/ros2_ws/install/ldlidar_stl_ros2:/home/creampi/ros2_ws/install/temperature_tracker:/home/creampi/ros2_ws/install/sensehat_ros:/home/creampi/ros2_ws/install/rover_driver:/home/creampi/ros2_ws/install/arduino_bridge:/home/creampi/ros2_ws/src/install/temperature_tracker:/home/creampi/ros2_ws/src/install/sensehat_ros:/home/creampi/ros2_ws/src/install/rover_driver:/home/creampi/ros2_ws/src/install/arduino_bridge:/opt/ros/humble:/home/creampi/ros2_ws/install/carto_localization:/home/creampi/ros2_ws/install/autonomous_rover:/home/creampi/ros2_ws/src/install/sensehat_cpp:/home/creampi/ros2_ws/src/install/ros2_system_monitor:/home/creampi/ros2_ws/src/install/ldlidar_stl_ros2:/home/creampi/ros2_ws/src/install/carto_localization:/home/creampi/ros2_ws/src/install/autonomous_rover /usr/bin/cmake --build /home/creampi/ros2_ws/build/autonomous_rover -- -j4 -l4
[0.315s] [35m[1mConsolidate compiler generated dependencies of target autonomous_node[0m
[0.433s] [ 50%] [32mBuilding CXX object CMakeFiles/autonomous_node.dir/src/autonomous_node.cpp.o[0m
[13.315s] [01m[K/home/creampi/ros2_ws/src/autonomous_rover/src/autonomous_node.cpp:[m[K In member function ‘[01m[Kvoid Autopilot::publish_cmd()[m[K’:
[13.317s] [01m[K/home/creampi/ros2_ws/src/autonomous_rover/src/autonomous_node.cpp:72:17:[m[K [01;35m[Kwarning: [m[Kunused variable ‘[01m[Kdiagonal_limit[m[K’ [[01;35m[K]8;;https://gcc.gnu.org/onlinedocs/gcc/Warning-Options.html#index-Wunused-variable-Wunused-variable]8;;[m[K]
[13.318s]    72 |     const float [01;35m[Kdiagonal_limit[m[K = 0.35;
[13.319s]       |                 [01;35m[K^~~~~~~~~~~~~~[m[K
[45.069s] [100%] [32m[1mLinking CXX executable autonomous_node[0m
[47.261s] [100%] Built target autonomous_node
[47.315s] Invoked command in '/home/creampi/ros2_ws/build/autonomous_rover' returned '0': CMAKE_PREFIX_PATH=/home/creampi/ros2_ws/install/sensehat_cpp:/home/creampi/ros2_ws/install/ros2_system_monitor:/home/creampi/ros2_ws/install/ldlidar_stl_ros2:/home/creampi/ros2_ws/install/temperature_tracker:/home/creampi/ros2_ws/install/sensehat_ros:/home/creampi/ros2_ws/install/rover_driver:/home/creampi/ros2_ws/install/arduino_bridge:/home/creampi/ros2_ws/src/install/temperature_tracker:/home/creampi/ros2_ws/src/install/sensehat_ros:/home/creampi/ros2_ws/src/install/rover_driver:/home/creampi/ros2_ws/src/install/arduino_bridge:/opt/ros/humble:/home/creampi/ros2_ws/install/carto_localization:/home/creampi/ros2_ws/install/autonomous_rover:/home/creampi/ros2_ws/src/install/sensehat_cpp:/home/creampi/ros2_ws/src/install/ros2_system_monitor:/home/creampi/ros2_ws/src/install/ldlidar_stl_ros2:/home/creampi/ros2_ws/src/install/carto_localization:/home/creampi/ros2_ws/src/install/autonomous_rover /usr/bin/cmake --build /home/creampi/ros2_ws/build/autonomous_rover -- -j4 -l4
[47.403s] Invoking command in '/home/creampi/ros2_ws/build/autonomous_rover': CMAKE_PREFIX_PATH=/home/creampi/ros2_ws/install/sensehat_cpp:/home/creampi/ros2_ws/install/ros2_system_monitor:/home/creampi/ros2_ws/install/ldlidar_stl_ros2:/home/creampi/ros2_ws/install/temperature_tracker:/home/creampi/ros2_ws/install/sensehat_ros:/home/creampi/ros2_ws/install/rover_driver:/home/creampi/ros2_ws/install/arduino_bridge:/home/creampi/ros2_ws/src/install/temperature_tracker:/home/creampi/ros2_ws/src/install/sensehat_ros:/home/creampi/ros2_ws/src/install/rover_driver:/home/creampi/ros2_ws/src/install/arduino_bridge:/opt/ros/humble:/home/creampi/ros2_ws/install/carto_localization:/home/creampi/ros2_ws/install/autonomous_rover:/home/creampi/ros2_ws/src/install/sensehat_cpp:/home/creampi/ros2_ws/src/install/ros2_system_monitor:/home/creampi/ros2_ws/src/install/ldlidar_stl_ros2:/home/creampi/ros2_ws/src/install/carto_localization:/home/creampi/ros2_ws/src/install/autonomous_rover /usr/bin/cmake --install /home/creampi/ros2_ws/build/autonomous_rover
[47.469s] -- Install configuration: ""
[47.471s] -- Execute custom install script
[47.474s] -- Up-to-date symlink: /home/creampi/ros2_ws/install/autonomous_rover/lib/autonomous_rover/autonomous_node
[47.476s] -- Up-to-date symlink: /home/creampi/ros2_ws/install/autonomous_rover/share/ament_index/resource_index/package_run_dependencies/autonomous_rover
[47.478s] -- Up-to-date symlink: /home/creampi/ros2_ws/install/autonomous_rover/share/ament_index/resource_index/parent_prefix_path/autonomous_rover
[47.483s] -- Up-to-date symlink: /home/creampi/ros2_ws/install/autonomous_rover/share/autonomous_rover/environment/ament_prefix_path.sh
[47.487s] -- Up-to-date symlink: /home/creampi/ros2_ws/install/autonomous_rover/share/autonomous_rover/environment/ament_prefix_path.dsv
[47.491s] -- Up-to-date symlink: /home/creampi/ros2_ws/install/autonomous_rover/share/autonomous_rover/environment/path.sh
[47.495s] -- Up-to-date symlink: /home/creampi/ros2_ws/install/autonomous_rover/share/autonomous_rover/environment/path.dsv
[47.496s] -- Up-to-date symlink: /home/creampi/ros2_ws/install/autonomous_rover/share/autonomous_rover/local_setup.bash
[47.499s] -- Up-to-date symlink: /home/creampi/ros2_ws/install/autonomous_rover/share/autonomous_rover/local_setup.sh
[47.503s] -- Up-to-date symlink: /home/creampi/ros2_ws/install/autonomous_rover/share/autonomous_rover/local_setup.zsh
[47.507s] -- Up-to-date symlink: /home/creampi/ros2_ws/install/autonomous_rover/share/autonomous_rover/local_setup.dsv
[47.508s] -- Symlinking: /home/creampi/ros2_ws/install/autonomous_rover/share/autonomous_rover/package.dsv
[47.556s] -- Up-to-date symlink: /home/creampi/ros2_ws/install/autonomous_rover/share/ament_index/resource_index/packages/autonomous_rover
[47.557s] -- Up-to-date symlink: /home/creampi/ros2_ws/install/autonomous_rover/share/autonomous_rover/cmake/autonomous_roverConfig.cmake
[47.560s] -- Up-to-date symlink: /home/creampi/ros2_ws/install/autonomous_rover/share/autonomous_rover/cmake/autonomous_roverConfig-version.cmake
[47.562s] -- Up-to-date symlink: /home/creampi/ros2_ws/install/autonomous_rover/share/autonomous_rover/package.xml
[47.569s] Invoked command in '/home/creampi/ros2_ws/build/autonomous_rover' returned '0': CMAKE_PREFIX_PATH=/home/creampi/ros2_ws/install/sensehat_cpp:/home/creampi/ros2_ws/install/ros2_system_monitor:/home/creampi/ros2_ws/install/ldlidar_stl_ros2:/home/creampi/ros2_ws/install/temperature_tracker:/home/creampi/ros2_ws/install/sensehat_ros:/home/creampi/ros2_ws/install/rover_driver:/home/creampi/ros2_ws/install/arduino_bridge:/home/creampi/ros2_ws/src/install/temperature_tracker:/home/creampi/ros2_ws/src/install/sensehat_ros:/home/creampi/ros2_ws/src/install/rover_driver:/home/creampi/ros2_ws/src/install/arduino_bridge:/opt/ros/humble:/home/creampi/ros2_ws/install/carto_localization:/home/creampi/ros2_ws/install/autonomous_rover:/home/creampi/ros2_ws/src/install/sensehat_cpp:/home/creampi/ros2_ws/src/install/ros2_system_monitor:/home/creampi/ros2_ws/src/install/ldlidar_stl_ros2:/home/creampi/ros2_ws/src/install/carto_localization:/home/creampi/ros2_ws/src/install/autonomous_rover /usr/bin/cmake --install /home/creampi/ros2_ws/build/autonomous_rover
