[1.378s] Invoking command in '/home/creampi/ros2_ws/build/ldlidar_stl_ros2': CMAKE_PREFIX_PATH=/home/creampi/ros2_ws/install/sensehat_cpp:/home/creampi/ros2_ws/install/ros2_system_monitor:/home/creampi/ros2_ws/install/ldlidar_stl_ros2:/home/creampi/ros2_ws/install/temperature_tracker:/home/creampi/ros2_ws/install/sensehat_ros:/home/creampi/ros2_ws/install/rover_driver:/home/creampi/ros2_ws/install/arduino_bridge:/home/creampi/ros2_ws/src/install/temperature_tracker:/home/creampi/ros2_ws/src/install/sensehat_ros:/home/creampi/ros2_ws/src/install/rover_driver:/home/creampi/ros2_ws/src/install/arduino_bridge:/opt/ros/humble:/home/creampi/ros2_ws/install/carto_localization:/home/creampi/ros2_ws/install/autonomous_rover:/home/creampi/ros2_ws/src/install/sensehat_cpp:/home/creampi/ros2_ws/src/install/ros2_system_monitor:/home/creampi/ros2_ws/src/install/ldlidar_stl_ros2:/home/creampi/ros2_ws/src/install/carto_localization:/home/creampi/ros2_ws/src/install/autonomous_rover /usr/bin/cmake --build /home/creampi/ros2_ws/build/ldlidar_stl_ros2 -- -j4 -l4
[2.203s] [100%] Built target ldlidar_stl_ros2_node
[2.319s] Invoked command in '/home/creampi/ros2_ws/build/ldlidar_stl_ros2' returned '0': CMAKE_PREFIX_PATH=/home/creampi/ros2_ws/install/sensehat_cpp:/home/creampi/ros2_ws/install/ros2_system_monitor:/home/creampi/ros2_ws/install/ldlidar_stl_ros2:/home/creampi/ros2_ws/install/temperature_tracker:/home/creampi/ros2_ws/install/sensehat_ros:/home/creampi/ros2_ws/install/rover_driver:/home/creampi/ros2_ws/install/arduino_bridge:/home/creampi/ros2_ws/src/install/temperature_tracker:/home/creampi/ros2_ws/src/install/sensehat_ros:/home/creampi/ros2_ws/src/install/rover_driver:/home/creampi/ros2_ws/src/install/arduino_bridge:/opt/ros/humble:/home/creampi/ros2_ws/install/carto_localization:/home/creampi/ros2_ws/install/autonomous_rover:/home/creampi/ros2_ws/src/install/sensehat_cpp:/home/creampi/ros2_ws/src/install/ros2_system_monitor:/home/creampi/ros2_ws/src/install/ldlidar_stl_ros2:/home/creampi/ros2_ws/src/install/carto_localization:/home/creampi/ros2_ws/src/install/autonomous_rover /usr/bin/cmake --build /home/creampi/ros2_ws/build/ldlidar_stl_ros2 -- -j4 -l4
[2.328s] Invoking command in '/home/creampi/ros2_ws/build/ldlidar_stl_ros2': CMAKE_PREFIX_PATH=/home/creampi/ros2_ws/install/sensehat_cpp:/home/creampi/ros2_ws/install/ros2_system_monitor:/home/creampi/ros2_ws/install/ldlidar_stl_ros2:/home/creampi/ros2_ws/install/temperature_tracker:/home/creampi/ros2_ws/install/sensehat_ros:/home/creampi/ros2_ws/install/rover_driver:/home/creampi/ros2_ws/install/arduino_bridge:/home/creampi/ros2_ws/src/install/temperature_tracker:/home/creampi/ros2_ws/src/install/sensehat_ros:/home/creampi/ros2_ws/src/install/rover_driver:/home/creampi/ros2_ws/src/install/arduino_bridge:/opt/ros/humble:/home/creampi/ros2_ws/install/carto_localization:/home/creampi/ros2_ws/install/autonomous_rover:/home/creampi/ros2_ws/src/install/sensehat_cpp:/home/creampi/ros2_ws/src/install/ros2_system_monitor:/home/creampi/ros2_ws/src/install/ldlidar_stl_ros2:/home/creampi/ros2_ws/src/install/carto_localization:/home/creampi/ros2_ws/src/install/autonomous_rover /usr/bin/cmake --install /home/creampi/ros2_ws/build/ldlidar_stl_ros2
[2.377s] -- Install configuration: ""
[2.379s] -- Execute custom install script
[2.390s] -- Up-to-date symlink: /home/creampi/ros2_ws/install/ldlidar_stl_ros2/lib/ldlidar_stl_ros2/ldlidar_stl_ros2_node
[2.397s] -- Symlinking: /home/creampi/ros2_ws/install/ldlidar_stl_ros2/share/ldlidar_stl_ros2//launch/__pycache__/ldlidar_uart.launch.cpython-310.pyc
[2.460s] -- Up-to-date symlink: /home/creampi/ros2_ws/install/ldlidar_stl_ros2/share/ldlidar_stl_ros2//launch/ld06.launch.py
[2.464s] -- Up-to-date symlink: /home/creampi/ros2_ws/install/ldlidar_stl_ros2/share/ldlidar_stl_ros2//launch/ld19.launch.py
[2.467s] -- Up-to-date symlink: /home/creampi/ros2_ws/install/ldlidar_stl_ros2/share/ldlidar_stl_ros2//launch/ldlidar_uart.launch.py
[2.471s] -- Up-to-date symlink: /home/creampi/ros2_ws/install/ldlidar_stl_ros2/share/ldlidar_stl_ros2//launch/stl27l.launch.py
[2.474s] -- Up-to-date symlink: /home/creampi/ros2_ws/install/ldlidar_stl_ros2/share/ldlidar_stl_ros2//launch/viewer_ld06.launch.py
[2.477s] -- Up-to-date symlink: /home/creampi/ros2_ws/install/ldlidar_stl_ros2/share/ldlidar_stl_ros2//launch/viewer_ld19.launch.py
[2.481s] -- Up-to-date symlink: /home/creampi/ros2_ws/install/ldlidar_stl_ros2/share/ldlidar_stl_ros2//launch/viewer_stl27l.launch.py
[2.486s] -- Up-to-date symlink: /home/creampi/ros2_ws/install/ldlidar_stl_ros2/share/ldlidar_stl_ros2//rviz2/ldlidar.rviz
[2.489s] -- Up-to-date symlink: /home/creampi/ros2_ws/install/ldlidar_stl_ros2/share/ament_index/resource_index/package_run_dependencies/ldlidar_stl_ros2
[2.495s] -- Up-to-date symlink: /home/creampi/ros2_ws/install/ldlidar_stl_ros2/share/ament_index/resource_index/parent_prefix_path/ldlidar_stl_ros2
[2.500s] -- Up-to-date symlink: /home/creampi/ros2_ws/install/ldlidar_stl_ros2/share/ldlidar_stl_ros2/environment/ament_prefix_path.sh
[2.503s] -- Up-to-date symlink: /home/creampi/ros2_ws/install/ldlidar_stl_ros2/share/ldlidar_stl_ros2/environment/ament_prefix_path.dsv
[2.508s] -- Up-to-date symlink: /home/creampi/ros2_ws/install/ldlidar_stl_ros2/share/ldlidar_stl_ros2/environment/path.sh
[2.511s] -- Up-to-date symlink: /home/creampi/ros2_ws/install/ldlidar_stl_ros2/share/ldlidar_stl_ros2/environment/path.dsv
[2.515s] -- Up-to-date symlink: /home/creampi/ros2_ws/install/ldlidar_stl_ros2/share/ldlidar_stl_ros2/local_setup.bash
[2.519s] -- Up-to-date symlink: /home/creampi/ros2_ws/install/ldlidar_stl_ros2/share/ldlidar_stl_ros2/local_setup.sh
[2.524s] -- Up-to-date symlink: /home/creampi/ros2_ws/install/ldlidar_stl_ros2/share/ldlidar_stl_ros2/local_setup.zsh
[2.531s] -- Up-to-date symlink: /home/creampi/ros2_ws/install/ldlidar_stl_ros2/share/ldlidar_stl_ros2/local_setup.dsv
[2.536s] -- Symlinking: /home/creampi/ros2_ws/install/ldlidar_stl_ros2/share/ldlidar_stl_ros2/package.dsv
[2.605s] -- Up-to-date symlink: /home/creampi/ros2_ws/install/ldlidar_stl_ros2/share/ament_index/resource_index/packages/ldlidar_stl_ros2
[2.609s] -- Up-to-date symlink: /home/creampi/ros2_ws/install/ldlidar_stl_ros2/share/ldlidar_stl_ros2/cmake/ldlidar_stl_ros2Config.cmake
[2.612s] -- Up-to-date symlink: /home/creampi/ros2_ws/install/ldlidar_stl_ros2/share/ldlidar_stl_ros2/cmake/ldlidar_stl_ros2Config-version.cmake
[2.614s] -- Up-to-date symlink: /home/creampi/ros2_ws/install/ldlidar_stl_ros2/share/ldlidar_stl_ros2/package.xml
[2.627s] Invoked command in '/home/creampi/ros2_ws/build/ldlidar_stl_ros2' returned '0': CMAKE_PREFIX_PATH=/home/creampi/ros2_ws/install/sensehat_cpp:/home/creampi/ros2_ws/install/ros2_system_monitor:/home/creampi/ros2_ws/install/ldlidar_stl_ros2:/home/creampi/ros2_ws/install/temperature_tracker:/home/creampi/ros2_ws/install/sensehat_ros:/home/creampi/ros2_ws/install/rover_driver:/home/creampi/ros2_ws/install/arduino_bridge:/home/creampi/ros2_ws/src/install/temperature_tracker:/home/creampi/ros2_ws/src/install/sensehat_ros:/home/creampi/ros2_ws/src/install/rover_driver:/home/creampi/ros2_ws/src/install/arduino_bridge:/opt/ros/humble:/home/creampi/ros2_ws/install/carto_localization:/home/creampi/ros2_ws/install/autonomous_rover:/home/creampi/ros2_ws/src/install/sensehat_cpp:/home/creampi/ros2_ws/src/install/ros2_system_monitor:/home/creampi/ros2_ws/src/install/ldlidar_stl_ros2:/home/creampi/ros2_ws/src/install/carto_localization:/home/creampi/ros2_ws/src/install/autonomous_rover /usr/bin/cmake --install /home/creampi/ros2_ws/build/ldlidar_stl_ros2
