-- The C compiler identification is GNU 11.4.0
-- The CXX compiler identification is GNU 11.4.0
-- Detecting C compiler ABI info
-- Detecting C compiler ABI info - done
-- Check for working C compiler: /usr/bin/cc - skipped
-- Detecting C compile features
-- Detecting C compile features - done
-- Detecting CXX compiler ABI info
-- Detecting CXX compiler ABI info - done
-- Check for working CXX compiler: /usr/bin/c++ - skipped
-- Detecting CXX compile features
-- Detecting CXX compile features - done
-- Found ament_cmake: 1.3.12 (/opt/ros/humble/share/ament_cmake/cmake)
-- Found Python3: /usr/bin/python3 (found version "3.10.12") found components: Interpreter 
-- Configuring done
-- Generating done
-- Build files have been written to: /home/creampi/ros2_ws/src/build/carto_localization
-- Install configuration: ""
-- Installing: /home/creampi/ros2_ws/src/install/carto_localization/share/carto_localization/launch
-- Installing: /home/creampi/ros2_ws/src/install/carto_localization/share/carto_localization/launch/cartographer_localization.launch.py
-- Installing: /home/creampi/ros2_ws/src/install/carto_localization/share/carto_localization/launch/tf.launch.py
-- Installing: /home/creampi/ros2_ws/src/install/carto_localization/share/carto_localization/config
-- Installing: /home/creampi/ros2_ws/src/install/carto_localization/share/carto_localization/config/cartographer_localization.lua
-- Installing: /home/creampi/ros2_ws/src/install/carto_localization/share/ament_index/resource_index/package_run_dependencies/carto_localization
-- Installing: /home/creampi/ros2_ws/src/install/carto_localization/share/ament_index/resource_index/parent_prefix_path/carto_localization
-- Installing: /home/creampi/ros2_ws/src/install/carto_localization/share/carto_localization/environment/ament_prefix_path.sh
-- Installing: /home/creampi/ros2_ws/src/install/carto_localization/share/carto_localization/environment/ament_prefix_path.dsv
-- Installing: /home/creampi/ros2_ws/src/install/carto_localization/share/carto_localization/environment/path.sh
-- Installing: /home/creampi/ros2_ws/src/install/carto_localization/share/carto_localization/environment/path.dsv
-- Installing: /home/creampi/ros2_ws/src/install/carto_localization/share/carto_localization/local_setup.bash
-- Installing: /home/creampi/ros2_ws/src/install/carto_localization/share/carto_localization/local_setup.sh
-- Installing: /home/creampi/ros2_ws/src/install/carto_localization/share/carto_localization/local_setup.zsh
-- Installing: /home/creampi/ros2_ws/src/install/carto_localization/share/carto_localization/local_setup.dsv
-- Installing: /home/creampi/ros2_ws/src/install/carto_localization/share/carto_localization/package.dsv
-- Installing: /home/creampi/ros2_ws/src/install/carto_localization/share/ament_index/resource_index/packages/carto_localization
-- Installing: /home/creampi/ros2_ws/src/install/carto_localization/share/carto_localization/cmake/carto_localizationConfig.cmake
-- Installing: /home/creampi/ros2_ws/src/install/carto_localization/share/carto_localization/cmake/carto_localizationConfig-version.cmake
-- Installing: /home/creampi/ros2_ws/src/install/carto_localization/share/carto_localization/package.xml
