[0.076s] Invoking command in '/home/creampi/ros2_ws/build/autonomous_rover': CMAKE_PREFIX_PATH=/home/creampi/ros2_ws/install/sensehat_cpp:/home/creampi/ros2_ws/install/ros2_system_monitor:/home/creampi/ros2_ws/install/ldlidar_stl_ros2:/home/creampi/ros2_ws/install/temperature_tracker:/home/creampi/ros2_ws/install/sensehat_ros:/home/creampi/ros2_ws/install/rover_driver:/home/creampi/ros2_ws/install/arduino_bridge:/home/creampi/ros2_ws/src/install/temperature_tracker:/home/creampi/ros2_ws/src/install/sensehat_ros:/home/creampi/ros2_ws/src/install/rover_driver:/home/creampi/ros2_ws/src/install/arduino_bridge:/opt/ros/humble:/home/creampi/ros2_ws/install/carto_localization:/home/creampi/ros2_ws/install/autonomous_rover:/home/creampi/ros2_ws/src/install/sensehat_cpp:/home/creampi/ros2_ws/src/install/ros2_system_monitor:/home/creampi/ros2_ws/src/install/ldlidar_stl_ros2:/home/creampi/ros2_ws/src/install/carto_localization:/home/creampi/ros2_ws/src/install/autonomous_rover /usr/bin/cmake --build /home/creampi/ros2_ws/build/autonomous_rover -- -j4 -l4
[0.356s] [35m[1mConsolidate compiler generated dependencies of target autonomous_node[0m
[0.482s] [ 50%] [32mBuilding CXX object CMakeFiles/autonomous_node.dir/src/autonomous_node.cpp.o[0m
[14.942s] [01m[K/home/creampi/ros2_ws/src/autonomous_rover/src/autonomous_node.cpp:[m[K In member function ‘[01m[Kvoid Autopilot::publish_cmd()[m[K’:
[14.942s] [01m[K/home/creampi/ros2_ws/src/autonomous_rover/src/autonomous_node.cpp:71:17:[m[K [01;35m[Kwarning: [m[Kunused variable ‘[01m[Kdiagonal_limit[m[K’ [[01;35m[K]8;;https://gcc.gnu.org/onlinedocs/gcc/Warning-Options.html#index-Wunused-variable-Wunused-variable]8;;[m[K]
[14.943s]    71 |     const float [01;35m[Kdiagonal_limit[m[K = 0.35;
[14.946s]       |                 [01;35m[K^~~~~~~~~~~~~~[m[K
[49.131s] [100%] [32m[1mLinking CXX executable autonomous_node[0m
[51.549s] [100%] Built target autonomous_node
[51.601s] Invoked command in '/home/creampi/ros2_ws/build/autonomous_rover' returned '0': CMAKE_PREFIX_PATH=/home/creampi/ros2_ws/install/sensehat_cpp:/home/creampi/ros2_ws/install/ros2_system_monitor:/home/creampi/ros2_ws/install/ldlidar_stl_ros2:/home/creampi/ros2_ws/install/temperature_tracker:/home/creampi/ros2_ws/install/sensehat_ros:/home/creampi/ros2_ws/install/rover_driver:/home/creampi/ros2_ws/install/arduino_bridge:/home/creampi/ros2_ws/src/install/temperature_tracker:/home/creampi/ros2_ws/src/install/sensehat_ros:/home/creampi/ros2_ws/src/install/rover_driver:/home/creampi/ros2_ws/src/install/arduino_bridge:/opt/ros/humble:/home/creampi/ros2_ws/install/carto_localization:/home/creampi/ros2_ws/install/autonomous_rover:/home/creampi/ros2_ws/src/install/sensehat_cpp:/home/creampi/ros2_ws/src/install/ros2_system_monitor:/home/creampi/ros2_ws/src/install/ldlidar_stl_ros2:/home/creampi/ros2_ws/src/install/carto_localization:/home/creampi/ros2_ws/src/install/autonomous_rover /usr/bin/cmake --build /home/creampi/ros2_ws/build/autonomous_rover -- -j4 -l4
[51.661s] Invoking command in '/home/creampi/ros2_ws/build/autonomous_rover': CMAKE_PREFIX_PATH=/home/creampi/ros2_ws/install/sensehat_cpp:/home/creampi/ros2_ws/install/ros2_system_monitor:/home/creampi/ros2_ws/install/ldlidar_stl_ros2:/home/creampi/ros2_ws/install/temperature_tracker:/home/creampi/ros2_ws/install/sensehat_ros:/home/creampi/ros2_ws/install/rover_driver:/home/creampi/ros2_ws/install/arduino_bridge:/home/creampi/ros2_ws/src/install/temperature_tracker:/home/creampi/ros2_ws/src/install/sensehat_ros:/home/creampi/ros2_ws/src/install/rover_driver:/home/creampi/ros2_ws/src/install/arduino_bridge:/opt/ros/humble:/home/creampi/ros2_ws/install/carto_localization:/home/creampi/ros2_ws/install/autonomous_rover:/home/creampi/ros2_ws/src/install/sensehat_cpp:/home/creampi/ros2_ws/src/install/ros2_system_monitor:/home/creampi/ros2_ws/src/install/ldlidar_stl_ros2:/home/creampi/ros2_ws/src/install/carto_localization:/home/creampi/ros2_ws/src/install/autonomous_rover /usr/bin/cmake --install /home/creampi/ros2_ws/build/autonomous_rover
[51.694s] -- Install configuration: ""
[51.696s] -- Execute custom install script
[51.701s] -- Up-to-date symlink: /home/creampi/ros2_ws/install/autonomous_rover/lib/autonomous_rover/autonomous_node
[51.703s] -- Up-to-date symlink: /home/creampi/ros2_ws/install/autonomous_rover/share/ament_index/resource_index/package_run_dependencies/autonomous_rover
[51.706s] -- Up-to-date symlink: /home/creampi/ros2_ws/install/autonomous_rover/share/ament_index/resource_index/parent_prefix_path/autonomous_rover
[51.708s] -- Up-to-date symlink: /home/creampi/ros2_ws/install/autonomous_rover/share/autonomous_rover/environment/ament_prefix_path.sh
[51.708s] -- Up-to-date symlink: /home/creampi/ros2_ws/install/autonomous_rover/share/autonomous_rover/environment/ament_prefix_path.dsv
[51.709s] -- Up-to-date symlink: /home/creampi/ros2_ws/install/autonomous_rover/share/autonomous_rover/environment/path.sh
[51.713s] -- Up-to-date symlink: /home/creampi/ros2_ws/install/autonomous_rover/share/autonomous_rover/environment/path.dsv
[51.714s] -- Up-to-date symlink: /home/creampi/ros2_ws/install/autonomous_rover/share/autonomous_rover/local_setup.bash
[51.714s] -- Up-to-date symlink: /home/creampi/ros2_ws/install/autonomous_rover/share/autonomous_rover/local_setup.sh
[51.717s] -- Up-to-date symlink: /home/creampi/ros2_ws/install/autonomous_rover/share/autonomous_rover/local_setup.zsh
[51.720s] -- Up-to-date symlink: /home/creampi/ros2_ws/install/autonomous_rover/share/autonomous_rover/local_setup.dsv
[51.723s] -- Symlinking: /home/creampi/ros2_ws/install/autonomous_rover/share/autonomous_rover/package.dsv
[51.762s] -- Up-to-date symlink: /home/creampi/ros2_ws/install/autonomous_rover/share/ament_index/resource_index/packages/autonomous_rover
[51.763s] -- Up-to-date symlink: /home/creampi/ros2_ws/install/autonomous_rover/share/autonomous_rover/cmake/autonomous_roverConfig.cmake
[51.768s] -- Up-to-date symlink: /home/creampi/ros2_ws/install/autonomous_rover/share/autonomous_rover/cmake/autonomous_roverConfig-version.cmake
[51.769s] -- Up-to-date symlink: /home/creampi/ros2_ws/install/autonomous_rover/share/autonomous_rover/package.xml
[51.777s] Invoked command in '/home/creampi/ros2_ws/build/autonomous_rover' returned '0': CMAKE_PREFIX_PATH=/home/creampi/ros2_ws/install/sensehat_cpp:/home/creampi/ros2_ws/install/ros2_system_monitor:/home/creampi/ros2_ws/install/ldlidar_stl_ros2:/home/creampi/ros2_ws/install/temperature_tracker:/home/creampi/ros2_ws/install/sensehat_ros:/home/creampi/ros2_ws/install/rover_driver:/home/creampi/ros2_ws/install/arduino_bridge:/home/creampi/ros2_ws/src/install/temperature_tracker:/home/creampi/ros2_ws/src/install/sensehat_ros:/home/creampi/ros2_ws/src/install/rover_driver:/home/creampi/ros2_ws/src/install/arduino_bridge:/opt/ros/humble:/home/creampi/ros2_ws/install/carto_localization:/home/creampi/ros2_ws/install/autonomous_rover:/home/creampi/ros2_ws/src/install/sensehat_cpp:/home/creampi/ros2_ws/src/install/ros2_system_monitor:/home/creampi/ros2_ws/src/install/ldlidar_stl_ros2:/home/creampi/ros2_ws/src/install/carto_localization:/home/creampi/ros2_ws/src/install/autonomous_rover /usr/bin/cmake --install /home/creampi/ros2_ws/build/autonomous_rover
