[0.470s] DEBUG:colcon:Command line arguments: ['/usr/bin/colcon', 'build', '--packages-select', 'arduino_bridge']
[0.471s] DEBUG:colcon:Parsed command line arguments: Namespace(log_base=None, log_level=None, verb_name='build', build_base='build', install_base='install', merge_install=False, symlink_install=False, test_result_base=None, continue_on_error=False, executor='parallel', parallel_workers=4, event_handlers=None, ignore_user_meta=False, metas=['./colcon.meta'], base_paths=['.'], packages_ignore=None, packages_ignore_regex=None, paths=None, packages_up_to=None, packages_up_to_regex=None, packages_above=None, packages_above_and_dependencies=None, packages_above_depth=None, packages_select_by_dep=None, packages_skip_by_dep=None, packages_skip_up_to=None, packages_select_build_failed=False, packages_skip_build_finished=False, packages_select_test_failures=False, packages_skip_test_passed=False, packages_select=['arduino_bridge'], packages_skip=None, packages_select_regex=None, packages_skip_regex=None, packages_start=None, packages_end=None, allow_overriding=[], cmake_args=None, cmake_target=None, cmake_target_skip_unavailable=False, cmake_clean_cache=False, cmake_clean_first=False, cmake_force_configure=False, ament_cmake_args=None, catkin_cmake_args=None, catkin_skip_building_tests=False, verb_parser=<colcon_defaults.argument_parser.defaults.DefaultArgumentsDecorator object at 0xffff7ee61780>, verb_extension=<colcon_core.verb.build.BuildVerb object at 0xffff7efe7280>, main=<bound method BuildVerb.main of <colcon_core.verb.build.BuildVerb object at 0xffff7efe7280>>)
[1.266s] Level 1:colcon.colcon_core.package_discovery:discover_packages(colcon_meta) check parameters
[1.266s] Level 1:colcon.colcon_core.package_discovery:discover_packages(recursive) check parameters
[1.266s] Level 1:colcon.colcon_core.package_discovery:discover_packages(ignore) check parameters
[1.267s] Level 1:colcon.colcon_core.package_discovery:discover_packages(path) check parameters
[1.267s] Level 1:colcon.colcon_core.package_discovery:discover_packages(colcon_meta) discover
[1.267s] Level 1:colcon.colcon_core.package_discovery:discover_packages(recursive) discover
[1.267s] INFO:colcon.colcon_core.package_discovery:Crawling recursively for packages in '/home/creampi/ros2_ws'
[1.267s] Level 1:colcon.colcon_core.package_identification:_identify(.) by extensions ['ignore', 'ignore_ament_install']
[1.268s] Level 1:colcon.colcon_core.package_identification:_identify(.) by extension 'ignore'
[1.269s] Level 1:colcon.colcon_core.package_identification:_identify(.) by extension 'ignore_ament_install'
[1.269s] Level 1:colcon.colcon_core.package_identification:_identify(.) by extensions ['colcon_pkg']
[1.269s] Level 1:colcon.colcon_core.package_identification:_identify(.) by extension 'colcon_pkg'
[1.269s] Level 1:colcon.colcon_core.package_identification:_identify(.) by extensions ['colcon_meta']
[1.269s] Level 1:colcon.colcon_core.package_identification:_identify(.) by extension 'colcon_meta'
[1.269s] Level 1:colcon.colcon_core.package_identification:_identify(.) by extensions ['ros']
[1.269s] Level 1:colcon.colcon_core.package_identification:_identify(.) by extension 'ros'
[1.317s] Level 1:colcon.colcon_core.package_identification:_identify(.) by extensions ['cmake', 'python']
[1.317s] Level 1:colcon.colcon_core.package_identification:_identify(.) by extension 'cmake'
[1.317s] Level 1:colcon.colcon_core.package_identification:_identify(.) by extension 'python'
[1.317s] Level 1:colcon.colcon_core.package_identification:_identify(.) by extensions ['python_setup_py']
[1.318s] Level 1:colcon.colcon_core.package_identification:_identify(.) by extension 'python_setup_py'
[1.318s] Level 1:colcon.colcon_core.package_identification:_identify(build) by extensions ['ignore', 'ignore_ament_install']
[1.319s] Level 1:colcon.colcon_core.package_identification:_identify(build) by extension 'ignore'
[1.319s] Level 1:colcon.colcon_core.package_identification:_identify(build) ignored
[1.319s] Level 1:colcon.colcon_core.package_identification:_identify(install) by extensions ['ignore', 'ignore_ament_install']
[1.320s] Level 1:colcon.colcon_core.package_identification:_identify(install) by extension 'ignore'
[1.320s] Level 1:colcon.colcon_core.package_identification:_identify(install) ignored
[1.321s] Level 1:colcon.colcon_core.package_identification:_identify(log) by extensions ['ignore', 'ignore_ament_install']
[1.321s] Level 1:colcon.colcon_core.package_identification:_identify(log) by extension 'ignore'
[1.321s] Level 1:colcon.colcon_core.package_identification:_identify(log) ignored
[1.322s] Level 1:colcon.colcon_core.package_identification:_identify(src) by extensions ['ignore', 'ignore_ament_install']
[1.322s] Level 1:colcon.colcon_core.package_identification:_identify(src) by extension 'ignore'
[1.322s] Level 1:colcon.colcon_core.package_identification:_identify(src) by extension 'ignore_ament_install'
[1.323s] Level 1:colcon.colcon_core.package_identification:_identify(src) by extensions ['colcon_pkg']
[1.323s] Level 1:colcon.colcon_core.package_identification:_identify(src) by extension 'colcon_pkg'
[1.323s] Level 1:colcon.colcon_core.package_identification:_identify(src) by extensions ['colcon_meta']
[1.323s] Level 1:colcon.colcon_core.package_identification:_identify(src) by extension 'colcon_meta'
[1.323s] Level 1:colcon.colcon_core.package_identification:_identify(src) by extensions ['ros']
[1.323s] Level 1:colcon.colcon_core.package_identification:_identify(src) by extension 'ros'
[1.324s] Level 1:colcon.colcon_core.package_identification:_identify(src) by extensions ['cmake', 'python']
[1.324s] Level 1:colcon.colcon_core.package_identification:_identify(src) by extension 'cmake'
[1.324s] Level 1:colcon.colcon_core.package_identification:_identify(src) by extension 'python'
[1.324s] Level 1:colcon.colcon_core.package_identification:_identify(src) by extensions ['python_setup_py']
[1.324s] Level 1:colcon.colcon_core.package_identification:_identify(src) by extension 'python_setup_py'
[1.325s] Level 1:colcon.colcon_core.package_identification:_identify(src/Smarte-Systemer---Rover) by extensions ['ignore', 'ignore_ament_install']
[1.325s] Level 1:colcon.colcon_core.package_identification:_identify(src/Smarte-Systemer---Rover) by extension 'ignore'
[1.325s] Level 1:colcon.colcon_core.package_identification:_identify(src/Smarte-Systemer---Rover) by extension 'ignore_ament_install'
[1.325s] Level 1:colcon.colcon_core.package_identification:_identify(src/Smarte-Systemer---Rover) by extensions ['colcon_pkg']
[1.325s] Level 1:colcon.colcon_core.package_identification:_identify(src/Smarte-Systemer---Rover) by extension 'colcon_pkg'
[1.325s] Level 1:colcon.colcon_core.package_identification:_identify(src/Smarte-Systemer---Rover) by extensions ['colcon_meta']
[1.326s] Level 1:colcon.colcon_core.package_identification:_identify(src/Smarte-Systemer---Rover) by extension 'colcon_meta'
[1.326s] Level 1:colcon.colcon_core.package_identification:_identify(src/Smarte-Systemer---Rover) by extensions ['ros']
[1.326s] Level 1:colcon.colcon_core.package_identification:_identify(src/Smarte-Systemer---Rover) by extension 'ros'
[1.326s] Level 1:colcon.colcon_core.package_identification:_identify(src/Smarte-Systemer---Rover) by extensions ['cmake', 'python']
[1.326s] Level 1:colcon.colcon_core.package_identification:_identify(src/Smarte-Systemer---Rover) by extension 'cmake'
[1.327s] Level 1:colcon.colcon_core.package_identification:_identify(src/Smarte-Systemer---Rover) by extension 'python'
[1.327s] Level 1:colcon.colcon_core.package_identification:_identify(src/Smarte-Systemer---Rover) by extensions ['python_setup_py']
[1.327s] Level 1:colcon.colcon_core.package_identification:_identify(src/Smarte-Systemer---Rover) by extension 'python_setup_py'
[1.327s] Level 1:colcon.colcon_core.package_identification:_identify(src/Smarte-Systemer---Rover/build) by extensions ['ignore', 'ignore_ament_install']
[1.328s] Level 1:colcon.colcon_core.package_identification:_identify(src/Smarte-Systemer---Rover/build) by extension 'ignore'
[1.328s] Level 1:colcon.colcon_core.package_identification:_identify(src/Smarte-Systemer---Rover/build) ignored
[1.328s] Level 1:colcon.colcon_core.package_identification:_identify(src/Smarte-Systemer---Rover/hypersonic_micro_bit) by extensions ['ignore', 'ignore_ament_install']
[1.329s] Level 1:colcon.colcon_core.package_identification:_identify(src/Smarte-Systemer---Rover/hypersonic_micro_bit) by extension 'ignore'
[1.329s] Level 1:colcon.colcon_core.package_identification:_identify(src/Smarte-Systemer---Rover/hypersonic_micro_bit) by extension 'ignore_ament_install'
[1.329s] Level 1:colcon.colcon_core.package_identification:_identify(src/Smarte-Systemer---Rover/hypersonic_micro_bit) by extensions ['colcon_pkg']
[1.329s] Level 1:colcon.colcon_core.package_identification:_identify(src/Smarte-Systemer---Rover/hypersonic_micro_bit) by extension 'colcon_pkg'
[1.329s] Level 1:colcon.colcon_core.package_identification:_identify(src/Smarte-Systemer---Rover/hypersonic_micro_bit) by extensions ['colcon_meta']
[1.329s] Level 1:colcon.colcon_core.package_identification:_identify(src/Smarte-Systemer---Rover/hypersonic_micro_bit) by extension 'colcon_meta'
[1.330s] Level 1:colcon.colcon_core.package_identification:_identify(src/Smarte-Systemer---Rover/hypersonic_micro_bit) by extensions ['ros']
[1.330s] Level 1:colcon.colcon_core.package_identification:_identify(src/Smarte-Systemer---Rover/hypersonic_micro_bit) by extension 'ros'
[1.330s] Level 1:colcon.colcon_core.package_identification:_identify(src/Smarte-Systemer---Rover/hypersonic_micro_bit) by extensions ['cmake', 'python']
[1.330s] Level 1:colcon.colcon_core.package_identification:_identify(src/Smarte-Systemer---Rover/hypersonic_micro_bit) by extension 'cmake'
[1.330s] Level 1:colcon.colcon_core.package_identification:_identify(src/Smarte-Systemer---Rover/hypersonic_micro_bit) by extension 'python'
[1.330s] Level 1:colcon.colcon_core.package_identification:_identify(src/Smarte-Systemer---Rover/hypersonic_micro_bit) by extensions ['python_setup_py']
[1.331s] Level 1:colcon.colcon_core.package_identification:_identify(src/Smarte-Systemer---Rover/hypersonic_micro_bit) by extension 'python_setup_py'
[1.331s] Level 1:colcon.colcon_core.package_identification:_identify(src/Smarte-Systemer---Rover/hypersonic_micro_bit/include) by extensions ['ignore', 'ignore_ament_install']
[1.331s] Level 1:colcon.colcon_core.package_identification:_identify(src/Smarte-Systemer---Rover/hypersonic_micro_bit/include) by extension 'ignore'
[1.332s] Level 1:colcon.colcon_core.package_identification:_identify(src/Smarte-Systemer---Rover/hypersonic_micro_bit/include) by extension 'ignore_ament_install'
[1.332s] Level 1:colcon.colcon_core.package_identification:_identify(src/Smarte-Systemer---Rover/hypersonic_micro_bit/include) by extensions ['colcon_pkg']
[1.332s] Level 1:colcon.colcon_core.package_identification:_identify(src/Smarte-Systemer---Rover/hypersonic_micro_bit/include) by extension 'colcon_pkg'
[1.332s] Level 1:colcon.colcon_core.package_identification:_identify(src/Smarte-Systemer---Rover/hypersonic_micro_bit/include) by extensions ['colcon_meta']
[1.332s] Level 1:colcon.colcon_core.package_identification:_identify(src/Smarte-Systemer---Rover/hypersonic_micro_bit/include) by extension 'colcon_meta'
[1.332s] Level 1:colcon.colcon_core.package_identification:_identify(src/Smarte-Systemer---Rover/hypersonic_micro_bit/include) by extensions ['ros']
[1.333s] Level 1:colcon.colcon_core.package_identification:_identify(src/Smarte-Systemer---Rover/hypersonic_micro_bit/include) by extension 'ros'
[1.333s] Level 1:colcon.colcon_core.package_identification:_identify(src/Smarte-Systemer---Rover/hypersonic_micro_bit/include) by extensions ['cmake', 'python']
[1.333s] Level 1:colcon.colcon_core.package_identification:_identify(src/Smarte-Systemer---Rover/hypersonic_micro_bit/include) by extension 'cmake'
[1.333s] Level 1:colcon.colcon_core.package_identification:_identify(src/Smarte-Systemer---Rover/hypersonic_micro_bit/include) by extension 'python'
[1.333s] Level 1:colcon.colcon_core.package_identification:_identify(src/Smarte-Systemer---Rover/hypersonic_micro_bit/include) by extensions ['python_setup_py']
[1.333s] Level 1:colcon.colcon_core.package_identification:_identify(src/Smarte-Systemer---Rover/hypersonic_micro_bit/include) by extension 'python_setup_py'
[1.334s] Level 1:colcon.colcon_core.package_identification:_identify(src/Smarte-Systemer---Rover/hypersonic_micro_bit/include/hardware) by extensions ['ignore', 'ignore_ament_install']
[1.334s] Level 1:colcon.colcon_core.package_identification:_identify(src/Smarte-Systemer---Rover/hypersonic_micro_bit/include/hardware) by extension 'ignore'
[1.335s] Level 1:colcon.colcon_core.package_identification:_identify(src/Smarte-Systemer---Rover/hypersonic_micro_bit/include/hardware) by extension 'ignore_ament_install'
[1.335s] Level 1:colcon.colcon_core.package_identification:_identify(src/Smarte-Systemer---Rover/hypersonic_micro_bit/include/hardware) by extensions ['colcon_pkg']
[1.335s] Level 1:colcon.colcon_core.package_identification:_identify(src/Smarte-Systemer---Rover/hypersonic_micro_bit/include/hardware) by extension 'colcon_pkg'
[1.335s] Level 1:colcon.colcon_core.package_identification:_identify(src/Smarte-Systemer---Rover/hypersonic_micro_bit/include/hardware) by extensions ['colcon_meta']
[1.335s] Level 1:colcon.colcon_core.package_identification:_identify(src/Smarte-Systemer---Rover/hypersonic_micro_bit/include/hardware) by extension 'colcon_meta'
[1.335s] Level 1:colcon.colcon_core.package_identification:_identify(src/Smarte-Systemer---Rover/hypersonic_micro_bit/include/hardware) by extensions ['ros']
[1.336s] Level 1:colcon.colcon_core.package_identification:_identify(src/Smarte-Systemer---Rover/hypersonic_micro_bit/include/hardware) by extension 'ros'
[1.336s] Level 1:colcon.colcon_core.package_identification:_identify(src/Smarte-Systemer---Rover/hypersonic_micro_bit/include/hardware) by extensions ['cmake', 'python']
[1.336s] Level 1:colcon.colcon_core.package_identification:_identify(src/Smarte-Systemer---Rover/hypersonic_micro_bit/include/hardware) by extension 'cmake'
[1.336s] Level 1:colcon.colcon_core.package_identification:_identify(src/Smarte-Systemer---Rover/hypersonic_micro_bit/include/hardware) by extension 'python'
[1.336s] Level 1:colcon.colcon_core.package_identification:_identify(src/Smarte-Systemer---Rover/hypersonic_micro_bit/include/hardware) by extensions ['python_setup_py']
[1.336s] Level 1:colcon.colcon_core.package_identification:_identify(src/Smarte-Systemer---Rover/hypersonic_micro_bit/include/hardware) by extension 'python_setup_py'
[1.337s] Level 1:colcon.colcon_core.package_identification:_identify(src/Smarte-Systemer---Rover/hypersonic_micro_bit/include/logic) by extensions ['ignore', 'ignore_ament_install']
[1.337s] Level 1:colcon.colcon_core.package_identification:_identify(src/Smarte-Systemer---Rover/hypersonic_micro_bit/include/logic) by extension 'ignore'
[1.337s] Level 1:colcon.colcon_core.package_identification:_identify(src/Smarte-Systemer---Rover/hypersonic_micro_bit/include/logic) by extension 'ignore_ament_install'
[1.338s] Level 1:colcon.colcon_core.package_identification:_identify(src/Smarte-Systemer---Rover/hypersonic_micro_bit/include/logic) by extensions ['colcon_pkg']
[1.338s] Level 1:colcon.colcon_core.package_identification:_identify(src/Smarte-Systemer---Rover/hypersonic_micro_bit/include/logic) by extension 'colcon_pkg'
[1.338s] Level 1:colcon.colcon_core.package_identification:_identify(src/Smarte-Systemer---Rover/hypersonic_micro_bit/include/logic) by extensions ['colcon_meta']
[1.338s] Level 1:colcon.colcon_core.package_identification:_identify(src/Smarte-Systemer---Rover/hypersonic_micro_bit/include/logic) by extension 'colcon_meta'
[1.338s] Level 1:colcon.colcon_core.package_identification:_identify(src/Smarte-Systemer---Rover/hypersonic_micro_bit/include/logic) by extensions ['ros']
[1.339s] Level 1:colcon.colcon_core.package_identification:_identify(src/Smarte-Systemer---Rover/hypersonic_micro_bit/include/logic) by extension 'ros'
[1.339s] Level 1:colcon.colcon_core.package_identification:_identify(src/Smarte-Systemer---Rover/hypersonic_micro_bit/include/logic) by extensions ['cmake', 'python']
[1.339s] Level 1:colcon.colcon_core.package_identification:_identify(src/Smarte-Systemer---Rover/hypersonic_micro_bit/include/logic) by extension 'cmake'
[1.339s] Level 1:colcon.colcon_core.package_identification:_identify(src/Smarte-Systemer---Rover/hypersonic_micro_bit/include/logic) by extension 'python'
[1.339s] Level 1:colcon.colcon_core.package_identification:_identify(src/Smarte-Systemer---Rover/hypersonic_micro_bit/include/logic) by extensions ['python_setup_py']
[1.339s] Level 1:colcon.colcon_core.package_identification:_identify(src/Smarte-Systemer---Rover/hypersonic_micro_bit/include/logic) by extension 'python_setup_py'
[1.340s] Level 1:colcon.colcon_core.package_identification:_identify(src/Smarte-Systemer---Rover/hypersonic_micro_bit/lib) by extensions ['ignore', 'ignore_ament_install']
[1.340s] Level 1:colcon.colcon_core.package_identification:_identify(src/Smarte-Systemer---Rover/hypersonic_micro_bit/lib) by extension 'ignore'
[1.340s] Level 1:colcon.colcon_core.package_identification:_identify(src/Smarte-Systemer---Rover/hypersonic_micro_bit/lib) by extension 'ignore_ament_install'
[1.341s] Level 1:colcon.colcon_core.package_identification:_identify(src/Smarte-Systemer---Rover/hypersonic_micro_bit/lib) by extensions ['colcon_pkg']
[1.341s] Level 1:colcon.colcon_core.package_identification:_identify(src/Smarte-Systemer---Rover/hypersonic_micro_bit/lib) by extension 'colcon_pkg'
[1.341s] Level 1:colcon.colcon_core.package_identification:_identify(src/Smarte-Systemer---Rover/hypersonic_micro_bit/lib) by extensions ['colcon_meta']
[1.341s] Level 1:colcon.colcon_core.package_identification:_identify(src/Smarte-Systemer---Rover/hypersonic_micro_bit/lib) by extension 'colcon_meta'
[1.341s] Level 1:colcon.colcon_core.package_identification:_identify(src/Smarte-Systemer---Rover/hypersonic_micro_bit/lib) by extensions ['ros']
[1.341s] Level 1:colcon.colcon_core.package_identification:_identify(src/Smarte-Systemer---Rover/hypersonic_micro_bit/lib) by extension 'ros'
[1.342s] Level 1:colcon.colcon_core.package_identification:_identify(src/Smarte-Systemer---Rover/hypersonic_micro_bit/lib) by extensions ['cmake', 'python']
[1.342s] Level 1:colcon.colcon_core.package_identification:_identify(src/Smarte-Systemer---Rover/hypersonic_micro_bit/lib) by extension 'cmake'
[1.342s] Level 1:colcon.colcon_core.package_identification:_identify(src/Smarte-Systemer---Rover/hypersonic_micro_bit/lib) by extension 'python'
[1.342s] Level 1:colcon.colcon_core.package_identification:_identify(src/Smarte-Systemer---Rover/hypersonic_micro_bit/lib) by extensions ['python_setup_py']
[1.342s] Level 1:colcon.colcon_core.package_identification:_identify(src/Smarte-Systemer---Rover/hypersonic_micro_bit/lib) by extension 'python_setup_py'
[1.343s] Level 1:colcon.colcon_core.package_identification:_identify(src/Smarte-Systemer---Rover/hypersonic_micro_bit/src) by extensions ['ignore', 'ignore_ament_install']
[1.343s] Level 1:colcon.colcon_core.package_identification:_identify(src/Smarte-Systemer---Rover/hypersonic_micro_bit/src) by extension 'ignore'
[1.343s] Level 1:colcon.colcon_core.package_identification:_identify(src/Smarte-Systemer---Rover/hypersonic_micro_bit/src) by extension 'ignore_ament_install'
[1.343s] Level 1:colcon.colcon_core.package_identification:_identify(src/Smarte-Systemer---Rover/hypersonic_micro_bit/src) by extensions ['colcon_pkg']
[1.344s] Level 1:colcon.colcon_core.package_identification:_identify(src/Smarte-Systemer---Rover/hypersonic_micro_bit/src) by extension 'colcon_pkg'
[1.344s] Level 1:colcon.colcon_core.package_identification:_identify(src/Smarte-Systemer---Rover/hypersonic_micro_bit/src) by extensions ['colcon_meta']
[1.344s] Level 1:colcon.colcon_core.package_identification:_identify(src/Smarte-Systemer---Rover/hypersonic_micro_bit/src) by extension 'colcon_meta'
[1.344s] Level 1:colcon.colcon_core.package_identification:_identify(src/Smarte-Systemer---Rover/hypersonic_micro_bit/src) by extensions ['ros']
[1.344s] Level 1:colcon.colcon_core.package_identification:_identify(src/Smarte-Systemer---Rover/hypersonic_micro_bit/src) by extension 'ros'
[1.345s] Level 1:colcon.colcon_core.package_identification:_identify(src/Smarte-Systemer---Rover/hypersonic_micro_bit/src) by extensions ['cmake', 'python']
[1.345s] Level 1:colcon.colcon_core.package_identification:_identify(src/Smarte-Systemer---Rover/hypersonic_micro_bit/src) by extension 'cmake'
[1.345s] Level 1:colcon.colcon_core.package_identification:_identify(src/Smarte-Systemer---Rover/hypersonic_micro_bit/src) by extension 'python'
[1.345s] Level 1:colcon.colcon_core.package_identification:_identify(src/Smarte-Systemer---Rover/hypersonic_micro_bit/src) by extensions ['python_setup_py']
[1.345s] Level 1:colcon.colcon_core.package_identification:_identify(src/Smarte-Systemer---Rover/hypersonic_micro_bit/src) by extension 'python_setup_py'
[1.346s] Level 1:colcon.colcon_core.package_identification:_identify(src/Smarte-Systemer---Rover/hypersonic_micro_bit/src/hardware) by extensions ['ignore', 'ignore_ament_install']
[1.346s] Level 1:colcon.colcon_core.package_identification:_identify(src/Smarte-Systemer---Rover/hypersonic_micro_bit/src/hardware) by extension 'ignore'
[1.346s] Level 1:colcon.colcon_core.package_identification:_identify(src/Smarte-Systemer---Rover/hypersonic_micro_bit/src/hardware) by extension 'ignore_ament_install'
[1.346s] Level 1:colcon.colcon_core.package_identification:_identify(src/Smarte-Systemer---Rover/hypersonic_micro_bit/src/hardware) by extensions ['colcon_pkg']
[1.347s] Level 1:colcon.colcon_core.package_identification:_identify(src/Smarte-Systemer---Rover/hypersonic_micro_bit/src/hardware) by extension 'colcon_pkg'
[1.347s] Level 1:colcon.colcon_core.package_identification:_identify(src/Smarte-Systemer---Rover/hypersonic_micro_bit/src/hardware) by extensions ['colcon_meta']
[1.347s] Level 1:colcon.colcon_core.package_identification:_identify(src/Smarte-Systemer---Rover/hypersonic_micro_bit/src/hardware) by extension 'colcon_meta'
[1.347s] Level 1:colcon.colcon_core.package_identification:_identify(src/Smarte-Systemer---Rover/hypersonic_micro_bit/src/hardware) by extensions ['ros']
[1.347s] Level 1:colcon.colcon_core.package_identification:_identify(src/Smarte-Systemer---Rover/hypersonic_micro_bit/src/hardware) by extension 'ros'
[1.348s] Level 1:colcon.colcon_core.package_identification:_identify(src/Smarte-Systemer---Rover/hypersonic_micro_bit/src/hardware) by extensions ['cmake', 'python']
[1.348s] Level 1:colcon.colcon_core.package_identification:_identify(src/Smarte-Systemer---Rover/hypersonic_micro_bit/src/hardware) by extension 'cmake'
[1.348s] Level 1:colcon.colcon_core.package_identification:_identify(src/Smarte-Systemer---Rover/hypersonic_micro_bit/src/hardware) by extension 'python'
[1.348s] Level 1:colcon.colcon_core.package_identification:_identify(src/Smarte-Systemer---Rover/hypersonic_micro_bit/src/hardware) by extensions ['python_setup_py']
[1.348s] Level 1:colcon.colcon_core.package_identification:_identify(src/Smarte-Systemer---Rover/hypersonic_micro_bit/src/hardware) by extension 'python_setup_py'
[1.349s] Level 1:colcon.colcon_core.package_identification:_identify(src/Smarte-Systemer---Rover/hypersonic_micro_bit/test) by extensions ['ignore', 'ignore_ament_install']
[1.349s] Level 1:colcon.colcon_core.package_identification:_identify(src/Smarte-Systemer---Rover/hypersonic_micro_bit/test) by extension 'ignore'
[1.349s] Level 1:colcon.colcon_core.package_identification:_identify(src/Smarte-Systemer---Rover/hypersonic_micro_bit/test) by extension 'ignore_ament_install'
[1.349s] Level 1:colcon.colcon_core.package_identification:_identify(src/Smarte-Systemer---Rover/hypersonic_micro_bit/test) by extensions ['colcon_pkg']
[1.349s] Level 1:colcon.colcon_core.package_identification:_identify(src/Smarte-Systemer---Rover/hypersonic_micro_bit/test) by extension 'colcon_pkg'
[1.350s] Level 1:colcon.colcon_core.package_identification:_identify(src/Smarte-Systemer---Rover/hypersonic_micro_bit/test) by extensions ['colcon_meta']
[1.350s] Level 1:colcon.colcon_core.package_identification:_identify(src/Smarte-Systemer---Rover/hypersonic_micro_bit/test) by extension 'colcon_meta'
[1.350s] Level 1:colcon.colcon_core.package_identification:_identify(src/Smarte-Systemer---Rover/hypersonic_micro_bit/test) by extensions ['ros']
[1.350s] Level 1:colcon.colcon_core.package_identification:_identify(src/Smarte-Systemer---Rover/hypersonic_micro_bit/test) by extension 'ros'
[1.350s] Level 1:colcon.colcon_core.package_identification:_identify(src/Smarte-Systemer---Rover/hypersonic_micro_bit/test) by extensions ['cmake', 'python']
[1.351s] Level 1:colcon.colcon_core.package_identification:_identify(src/Smarte-Systemer---Rover/hypersonic_micro_bit/test) by extension 'cmake'
[1.351s] Level 1:colcon.colcon_core.package_identification:_identify(src/Smarte-Systemer---Rover/hypersonic_micro_bit/test) by extension 'python'
[1.351s] Level 1:colcon.colcon_core.package_identification:_identify(src/Smarte-Systemer---Rover/hypersonic_micro_bit/test) by extensions ['python_setup_py']
[1.351s] Level 1:colcon.colcon_core.package_identification:_identify(src/Smarte-Systemer---Rover/hypersonic_micro_bit/test) by extension 'python_setup_py'
[1.352s] Level 1:colcon.colcon_core.package_identification:_identify(src/Smarte-Systemer---Rover/install) by extensions ['ignore', 'ignore_ament_install']
[1.352s] Level 1:colcon.colcon_core.package_identification:_identify(src/Smarte-Systemer---Rover/install) by extension 'ignore'
[1.352s] Level 1:colcon.colcon_core.package_identification:_identify(src/Smarte-Systemer---Rover/install) ignored
[1.352s] Level 1:colcon.colcon_core.package_identification:_identify(src/Smarte-Systemer---Rover/log) by extensions ['ignore', 'ignore_ament_install']
[1.353s] Level 1:colcon.colcon_core.package_identification:_identify(src/Smarte-Systemer---Rover/log) by extension 'ignore'
[1.353s] Level 1:colcon.colcon_core.package_identification:_identify(src/Smarte-Systemer---Rover/log) ignored
[1.353s] Level 1:colcon.colcon_core.package_identification:_identify(src/Smarte-Systemer---Rover/min_sens_best_practice) by extensions ['ignore', 'ignore_ament_install']
[1.354s] Level 1:colcon.colcon_core.package_identification:_identify(src/Smarte-Systemer---Rover/min_sens_best_practice) by extension 'ignore'
[1.354s] Level 1:colcon.colcon_core.package_identification:_identify(src/Smarte-Systemer---Rover/min_sens_best_practice) by extension 'ignore_ament_install'
[1.354s] Level 1:colcon.colcon_core.package_identification:_identify(src/Smarte-Systemer---Rover/min_sens_best_practice) by extensions ['colcon_pkg']
[1.354s] Level 1:colcon.colcon_core.package_identification:_identify(src/Smarte-Systemer---Rover/min_sens_best_practice) by extension 'colcon_pkg'
[1.354s] Level 1:colcon.colcon_core.package_identification:_identify(src/Smarte-Systemer---Rover/min_sens_best_practice) by extensions ['colcon_meta']
[1.354s] Level 1:colcon.colcon_core.package_identification:_identify(src/Smarte-Systemer---Rover/min_sens_best_practice) by extension 'colcon_meta'
[1.355s] Level 1:colcon.colcon_core.package_identification:_identify(src/Smarte-Systemer---Rover/min_sens_best_practice) by extensions ['ros']
[1.355s] Level 1:colcon.colcon_core.package_identification:_identify(src/Smarte-Systemer---Rover/min_sens_best_practice) by extension 'ros'
[1.355s] Level 1:colcon.colcon_core.package_identification:_identify(src/Smarte-Systemer---Rover/min_sens_best_practice) by extensions ['cmake', 'python']
[1.355s] Level 1:colcon.colcon_core.package_identification:_identify(src/Smarte-Systemer---Rover/min_sens_best_practice) by extension 'cmake'
[1.355s] Level 1:colcon.colcon_core.package_identification:_identify(src/Smarte-Systemer---Rover/min_sens_best_practice) by extension 'python'
[1.356s] Level 1:colcon.colcon_core.package_identification:_identify(src/Smarte-Systemer---Rover/min_sens_best_practice) by extensions ['python_setup_py']
[1.356s] Level 1:colcon.colcon_core.package_identification:_identify(src/Smarte-Systemer---Rover/min_sens_best_practice) by extension 'python_setup_py'
[1.356s] Level 1:colcon.colcon_core.package_identification:_identify(src/Smarte-Systemer---Rover/min_sens_best_practice/include) by extensions ['ignore', 'ignore_ament_install']
[1.357s] Level 1:colcon.colcon_core.package_identification:_identify(src/Smarte-Systemer---Rover/min_sens_best_practice/include) by extension 'ignore'
[1.357s] Level 1:colcon.colcon_core.package_identification:_identify(src/Smarte-Systemer---Rover/min_sens_best_practice/include) by extension 'ignore_ament_install'
[1.357s] Level 1:colcon.colcon_core.package_identification:_identify(src/Smarte-Systemer---Rover/min_sens_best_practice/include) by extensions ['colcon_pkg']
[1.357s] Level 1:colcon.colcon_core.package_identification:_identify(src/Smarte-Systemer---Rover/min_sens_best_practice/include) by extension 'colcon_pkg'
[1.357s] Level 1:colcon.colcon_core.package_identification:_identify(src/Smarte-Systemer---Rover/min_sens_best_practice/include) by extensions ['colcon_meta']
[1.357s] Level 1:colcon.colcon_core.package_identification:_identify(src/Smarte-Systemer---Rover/min_sens_best_practice/include) by extension 'colcon_meta'
[1.358s] Level 1:colcon.colcon_core.package_identification:_identify(src/Smarte-Systemer---Rover/min_sens_best_practice/include) by extensions ['ros']
[1.358s] Level 1:colcon.colcon_core.package_identification:_identify(src/Smarte-Systemer---Rover/min_sens_best_practice/include) by extension 'ros'
[1.358s] Level 1:colcon.colcon_core.package_identification:_identify(src/Smarte-Systemer---Rover/min_sens_best_practice/include) by extensions ['cmake', 'python']
[1.358s] Level 1:colcon.colcon_core.package_identification:_identify(src/Smarte-Systemer---Rover/min_sens_best_practice/include) by extension 'cmake'
[1.359s] Level 1:colcon.colcon_core.package_identification:_identify(src/Smarte-Systemer---Rover/min_sens_best_practice/include) by extension 'python'
[1.359s] Level 1:colcon.colcon_core.package_identification:_identify(src/Smarte-Systemer---Rover/min_sens_best_practice/include) by extensions ['python_setup_py']
[1.359s] Level 1:colcon.colcon_core.package_identification:_identify(src/Smarte-Systemer---Rover/min_sens_best_practice/include) by extension 'python_setup_py'
[1.359s] Level 1:colcon.colcon_core.package_identification:_identify(src/Smarte-Systemer---Rover/min_sens_best_practice/lib) by extensions ['ignore', 'ignore_ament_install']
[1.360s] Level 1:colcon.colcon_core.package_identification:_identify(src/Smarte-Systemer---Rover/min_sens_best_practice/lib) by extension 'ignore'
[1.360s] Level 1:colcon.colcon_core.package_identification:_identify(src/Smarte-Systemer---Rover/min_sens_best_practice/lib) by extension 'ignore_ament_install'
[1.360s] Level 1:colcon.colcon_core.package_identification:_identify(src/Smarte-Systemer---Rover/min_sens_best_practice/lib) by extensions ['colcon_pkg']
[1.360s] Level 1:colcon.colcon_core.package_identification:_identify(src/Smarte-Systemer---Rover/min_sens_best_practice/lib) by extension 'colcon_pkg'
[1.360s] Level 1:colcon.colcon_core.package_identification:_identify(src/Smarte-Systemer---Rover/min_sens_best_practice/lib) by extensions ['colcon_meta']
[1.360s] Level 1:colcon.colcon_core.package_identification:_identify(src/Smarte-Systemer---Rover/min_sens_best_practice/lib) by extension 'colcon_meta'
[1.361s] Level 1:colcon.colcon_core.package_identification:_identify(src/Smarte-Systemer---Rover/min_sens_best_practice/lib) by extensions ['ros']
[1.361s] Level 1:colcon.colcon_core.package_identification:_identify(src/Smarte-Systemer---Rover/min_sens_best_practice/lib) by extension 'ros'
[1.361s] Level 1:colcon.colcon_core.package_identification:_identify(src/Smarte-Systemer---Rover/min_sens_best_practice/lib) by extensions ['cmake', 'python']
[1.361s] Level 1:colcon.colcon_core.package_identification:_identify(src/Smarte-Systemer---Rover/min_sens_best_practice/lib) by extension 'cmake'
[1.361s] Level 1:colcon.colcon_core.package_identification:_identify(src/Smarte-Systemer---Rover/min_sens_best_practice/lib) by extension 'python'
[1.361s] Level 1:colcon.colcon_core.package_identification:_identify(src/Smarte-Systemer---Rover/min_sens_best_practice/lib) by extensions ['python_setup_py']
[1.362s] Level 1:colcon.colcon_core.package_identification:_identify(src/Smarte-Systemer---Rover/min_sens_best_practice/lib) by extension 'python_setup_py'
[1.362s] Level 1:colcon.colcon_core.package_identification:_identify(src/Smarte-Systemer---Rover/min_sens_best_practice/src) by extensions ['ignore', 'ignore_ament_install']
[1.362s] Level 1:colcon.colcon_core.package_identification:_identify(src/Smarte-Systemer---Rover/min_sens_best_practice/src) by extension 'ignore'
[1.363s] Level 1:colcon.colcon_core.package_identification:_identify(src/Smarte-Systemer---Rover/min_sens_best_practice/src) by extension 'ignore_ament_install'
[1.363s] Level 1:colcon.colcon_core.package_identification:_identify(src/Smarte-Systemer---Rover/min_sens_best_practice/src) by extensions ['colcon_pkg']
[1.363s] Level 1:colcon.colcon_core.package_identification:_identify(src/Smarte-Systemer---Rover/min_sens_best_practice/src) by extension 'colcon_pkg'
[1.363s] Level 1:colcon.colcon_core.package_identification:_identify(src/Smarte-Systemer---Rover/min_sens_best_practice/src) by extensions ['colcon_meta']
[1.363s] Level 1:colcon.colcon_core.package_identification:_identify(src/Smarte-Systemer---Rover/min_sens_best_practice/src) by extension 'colcon_meta'
[1.364s] Level 1:colcon.colcon_core.package_identification:_identify(src/Smarte-Systemer---Rover/min_sens_best_practice/src) by extensions ['ros']
[1.364s] Level 1:colcon.colcon_core.package_identification:_identify(src/Smarte-Systemer---Rover/min_sens_best_practice/src) by extension 'ros'
[1.364s] Level 1:colcon.colcon_core.package_identification:_identify(src/Smarte-Systemer---Rover/min_sens_best_practice/src) by extensions ['cmake', 'python']
[1.364s] Level 1:colcon.colcon_core.package_identification:_identify(src/Smarte-Systemer---Rover/min_sens_best_practice/src) by extension 'cmake'
[1.364s] Level 1:colcon.colcon_core.package_identification:_identify(src/Smarte-Systemer---Rover/min_sens_best_practice/src) by extension 'python'
[1.364s] Level 1:colcon.colcon_core.package_identification:_identify(src/Smarte-Systemer---Rover/min_sens_best_practice/src) by extensions ['python_setup_py']
[1.365s] Level 1:colcon.colcon_core.package_identification:_identify(src/Smarte-Systemer---Rover/min_sens_best_practice/src) by extension 'python_setup_py'
[1.365s] Level 1:colcon.colcon_core.package_identification:_identify(src/Smarte-Systemer---Rover/min_sens_best_practice/src/actuators) by extensions ['ignore', 'ignore_ament_install']
[1.365s] Level 1:colcon.colcon_core.package_identification:_identify(src/Smarte-Systemer---Rover/min_sens_best_practice/src/actuators) by extension 'ignore'
[1.366s] Level 1:colcon.colcon_core.package_identification:_identify(src/Smarte-Systemer---Rover/min_sens_best_practice/src/actuators) by extension 'ignore_ament_install'
[1.366s] Level 1:colcon.colcon_core.package_identification:_identify(src/Smarte-Systemer---Rover/min_sens_best_practice/src/actuators) by extensions ['colcon_pkg']
[1.366s] Level 1:colcon.colcon_core.package_identification:_identify(src/Smarte-Systemer---Rover/min_sens_best_practice/src/actuators) by extension 'colcon_pkg'
[1.366s] Level 1:colcon.colcon_core.package_identification:_identify(src/Smarte-Systemer---Rover/min_sens_best_practice/src/actuators) by extensions ['colcon_meta']
[1.366s] Level 1:colcon.colcon_core.package_identification:_identify(src/Smarte-Systemer---Rover/min_sens_best_practice/src/actuators) by extension 'colcon_meta'
[1.366s] Level 1:colcon.colcon_core.package_identification:_identify(src/Smarte-Systemer---Rover/min_sens_best_practice/src/actuators) by extensions ['ros']
[1.367s] Level 1:colcon.colcon_core.package_identification:_identify(src/Smarte-Systemer---Rover/min_sens_best_practice/src/actuators) by extension 'ros'
[1.367s] Level 1:colcon.colcon_core.package_identification:_identify(src/Smarte-Systemer---Rover/min_sens_best_practice/src/actuators) by extensions ['cmake', 'python']
[1.367s] Level 1:colcon.colcon_core.package_identification:_identify(src/Smarte-Systemer---Rover/min_sens_best_practice/src/actuators) by extension 'cmake'
[1.367s] Level 1:colcon.colcon_core.package_identification:_identify(src/Smarte-Systemer---Rover/min_sens_best_practice/src/actuators) by extension 'python'
[1.367s] Level 1:colcon.colcon_core.package_identification:_identify(src/Smarte-Systemer---Rover/min_sens_best_practice/src/actuators) by extensions ['python_setup_py']
[1.368s] Level 1:colcon.colcon_core.package_identification:_identify(src/Smarte-Systemer---Rover/min_sens_best_practice/src/actuators) by extension 'python_setup_py'
[1.368s] Level 1:colcon.colcon_core.package_identification:_identify(src/Smarte-Systemer---Rover/min_sens_best_practice/src/controller) by extensions ['ignore', 'ignore_ament_install']
[1.368s] Level 1:colcon.colcon_core.package_identification:_identify(src/Smarte-Systemer---Rover/min_sens_best_practice/src/controller) by extension 'ignore'
[1.369s] Level 1:colcon.colcon_core.package_identification:_identify(src/Smarte-Systemer---Rover/min_sens_best_practice/src/controller) by extension 'ignore_ament_install'
[1.369s] Level 1:colcon.colcon_core.package_identification:_identify(src/Smarte-Systemer---Rover/min_sens_best_practice/src/controller) by extensions ['colcon_pkg']
[1.369s] Level 1:colcon.colcon_core.package_identification:_identify(src/Smarte-Systemer---Rover/min_sens_best_practice/src/controller) by extension 'colcon_pkg'
[1.369s] Level 1:colcon.colcon_core.package_identification:_identify(src/Smarte-Systemer---Rover/min_sens_best_practice/src/controller) by extensions ['colcon_meta']
[1.369s] Level 1:colcon.colcon_core.package_identification:_identify(src/Smarte-Systemer---Rover/min_sens_best_practice/src/controller) by extension 'colcon_meta'
[1.369s] Level 1:colcon.colcon_core.package_identification:_identify(src/Smarte-Systemer---Rover/min_sens_best_practice/src/controller) by extensions ['ros']
[1.370s] Level 1:colcon.colcon_core.package_identification:_identify(src/Smarte-Systemer---Rover/min_sens_best_practice/src/controller) by extension 'ros'
[1.370s] Level 1:colcon.colcon_core.package_identification:_identify(src/Smarte-Systemer---Rover/min_sens_best_practice/src/controller) by extensions ['cmake', 'python']
[1.370s] Level 1:colcon.colcon_core.package_identification:_identify(src/Smarte-Systemer---Rover/min_sens_best_practice/src/controller) by extension 'cmake'
[1.370s] Level 1:colcon.colcon_core.package_identification:_identify(src/Smarte-Systemer---Rover/min_sens_best_practice/src/controller) by extension 'python'
[1.370s] Level 1:colcon.colcon_core.package_identification:_identify(src/Smarte-Systemer---Rover/min_sens_best_practice/src/controller) by extensions ['python_setup_py']
[1.370s] Level 1:colcon.colcon_core.package_identification:_identify(src/Smarte-Systemer---Rover/min_sens_best_practice/src/controller) by extension 'python_setup_py'
[1.371s] Level 1:colcon.colcon_core.package_identification:_identify(src/Smarte-Systemer---Rover/min_sens_best_practice/src/sensors) by extensions ['ignore', 'ignore_ament_install']
[1.371s] Level 1:colcon.colcon_core.package_identification:_identify(src/Smarte-Systemer---Rover/min_sens_best_practice/src/sensors) by extension 'ignore'
[1.371s] Level 1:colcon.colcon_core.package_identification:_identify(src/Smarte-Systemer---Rover/min_sens_best_practice/src/sensors) by extension 'ignore_ament_install'
[1.372s] Level 1:colcon.colcon_core.package_identification:_identify(src/Smarte-Systemer---Rover/min_sens_best_practice/src/sensors) by extensions ['colcon_pkg']
[1.372s] Level 1:colcon.colcon_core.package_identification:_identify(src/Smarte-Systemer---Rover/min_sens_best_practice/src/sensors) by extension 'colcon_pkg'
[1.372s] Level 1:colcon.colcon_core.package_identification:_identify(src/Smarte-Systemer---Rover/min_sens_best_practice/src/sensors) by extensions ['colcon_meta']
[1.372s] Level 1:colcon.colcon_core.package_identification:_identify(src/Smarte-Systemer---Rover/min_sens_best_practice/src/sensors) by extension 'colcon_meta'
[1.372s] Level 1:colcon.colcon_core.package_identification:_identify(src/Smarte-Systemer---Rover/min_sens_best_practice/src/sensors) by extensions ['ros']
[1.372s] Level 1:colcon.colcon_core.package_identification:_identify(src/Smarte-Systemer---Rover/min_sens_best_practice/src/sensors) by extension 'ros'
[1.373s] Level 1:colcon.colcon_core.package_identification:_identify(src/Smarte-Systemer---Rover/min_sens_best_practice/src/sensors) by extensions ['cmake', 'python']
[1.373s] Level 1:colcon.colcon_core.package_identification:_identify(src/Smarte-Systemer---Rover/min_sens_best_practice/src/sensors) by extension 'cmake'
[1.373s] Level 1:colcon.colcon_core.package_identification:_identify(src/Smarte-Systemer---Rover/min_sens_best_practice/src/sensors) by extension 'python'
[1.373s] Level 1:colcon.colcon_core.package_identification:_identify(src/Smarte-Systemer---Rover/min_sens_best_practice/src/sensors) by extensions ['python_setup_py']
[1.373s] Level 1:colcon.colcon_core.package_identification:_identify(src/Smarte-Systemer---Rover/min_sens_best_practice/src/sensors) by extension 'python_setup_py'
[1.374s] Level 1:colcon.colcon_core.package_identification:_identify(src/Smarte-Systemer---Rover/min_sens_best_practice/test) by extensions ['ignore', 'ignore_ament_install']
[1.374s] Level 1:colcon.colcon_core.package_identification:_identify(src/Smarte-Systemer---Rover/min_sens_best_practice/test) by extension 'ignore'
[1.374s] Level 1:colcon.colcon_core.package_identification:_identify(src/Smarte-Systemer---Rover/min_sens_best_practice/test) by extension 'ignore_ament_install'
[1.375s] Level 1:colcon.colcon_core.package_identification:_identify(src/Smarte-Systemer---Rover/min_sens_best_practice/test) by extensions ['colcon_pkg']
[1.375s] Level 1:colcon.colcon_core.package_identification:_identify(src/Smarte-Systemer---Rover/min_sens_best_practice/test) by extension 'colcon_pkg'
[1.375s] Level 1:colcon.colcon_core.package_identification:_identify(src/Smarte-Systemer---Rover/min_sens_best_practice/test) by extensions ['colcon_meta']
[1.375s] Level 1:colcon.colcon_core.package_identification:_identify(src/Smarte-Systemer---Rover/min_sens_best_practice/test) by extension 'colcon_meta'
[1.375s] Level 1:colcon.colcon_core.package_identification:_identify(src/Smarte-Systemer---Rover/min_sens_best_practice/test) by extensions ['ros']
[1.375s] Level 1:colcon.colcon_core.package_identification:_identify(src/Smarte-Systemer---Rover/min_sens_best_practice/test) by extension 'ros'
[1.376s] Level 1:colcon.colcon_core.package_identification:_identify(src/Smarte-Systemer---Rover/min_sens_best_practice/test) by extensions ['cmake', 'python']
[1.376s] Level 1:colcon.colcon_core.package_identification:_identify(src/Smarte-Systemer---Rover/min_sens_best_practice/test) by extension 'cmake'
[1.376s] Level 1:colcon.colcon_core.package_identification:_identify(src/Smarte-Systemer---Rover/min_sens_best_practice/test) by extension 'python'
[1.376s] Level 1:colcon.colcon_core.package_identification:_identify(src/Smarte-Systemer---Rover/min_sens_best_practice/test) by extensions ['python_setup_py']
[1.376s] Level 1:colcon.colcon_core.package_identification:_identify(src/Smarte-Systemer---Rover/min_sens_best_practice/test) by extension 'python_setup_py'
[1.377s] Level 1:colcon.colcon_core.package_identification:_identify(src/Smarte-Systemer---Rover/sensorer_arduino_best_practice) by extensions ['ignore', 'ignore_ament_install']
[1.377s] Level 1:colcon.colcon_core.package_identification:_identify(src/Smarte-Systemer---Rover/sensorer_arduino_best_practice) by extension 'ignore'
[1.377s] Level 1:colcon.colcon_core.package_identification:_identify(src/Smarte-Systemer---Rover/sensorer_arduino_best_practice) by extension 'ignore_ament_install'
[1.377s] Level 1:colcon.colcon_core.package_identification:_identify(src/Smarte-Systemer---Rover/sensorer_arduino_best_practice) by extensions ['colcon_pkg']
[1.378s] Level 1:colcon.colcon_core.package_identification:_identify(src/Smarte-Systemer---Rover/sensorer_arduino_best_practice) by extension 'colcon_pkg'
[1.378s] Level 1:colcon.colcon_core.package_identification:_identify(src/Smarte-Systemer---Rover/sensorer_arduino_best_practice) by extensions ['colcon_meta']
[1.378s] Level 1:colcon.colcon_core.package_identification:_identify(src/Smarte-Systemer---Rover/sensorer_arduino_best_practice) by extension 'colcon_meta'
[1.378s] Level 1:colcon.colcon_core.package_identification:_identify(src/Smarte-Systemer---Rover/sensorer_arduino_best_practice) by extensions ['ros']
[1.378s] Level 1:colcon.colcon_core.package_identification:_identify(src/Smarte-Systemer---Rover/sensorer_arduino_best_practice) by extension 'ros'
[1.379s] Level 1:colcon.colcon_core.package_identification:_identify(src/Smarte-Systemer---Rover/sensorer_arduino_best_practice) by extensions ['cmake', 'python']
[1.379s] Level 1:colcon.colcon_core.package_identification:_identify(src/Smarte-Systemer---Rover/sensorer_arduino_best_practice) by extension 'cmake'
[1.379s] Level 1:colcon.colcon_core.package_identification:_identify(src/Smarte-Systemer---Rover/sensorer_arduino_best_practice) by extension 'python'
[1.379s] Level 1:colcon.colcon_core.package_identification:_identify(src/Smarte-Systemer---Rover/sensorer_arduino_best_practice) by extensions ['python_setup_py']
[1.379s] Level 1:colcon.colcon_core.package_identification:_identify(src/Smarte-Systemer---Rover/sensorer_arduino_best_practice) by extension 'python_setup_py'
[1.380s] Level 1:colcon.colcon_core.package_identification:_identify(src/Smarte-Systemer---Rover/sensorer_arduino_best_practice/include) by extensions ['ignore', 'ignore_ament_install']
[1.380s] Level 1:colcon.colcon_core.package_identification:_identify(src/Smarte-Systemer---Rover/sensorer_arduino_best_practice/include) by extension 'ignore'
[1.380s] Level 1:colcon.colcon_core.package_identification:_identify(src/Smarte-Systemer---Rover/sensorer_arduino_best_practice/include) by extension 'ignore_ament_install'
[1.381s] Level 1:colcon.colcon_core.package_identification:_identify(src/Smarte-Systemer---Rover/sensorer_arduino_best_practice/include) by extensions ['colcon_pkg']
[1.381s] Level 1:colcon.colcon_core.package_identification:_identify(src/Smarte-Systemer---Rover/sensorer_arduino_best_practice/include) by extension 'colcon_pkg'
[1.381s] Level 1:colcon.colcon_core.package_identification:_identify(src/Smarte-Systemer---Rover/sensorer_arduino_best_practice/include) by extensions ['colcon_meta']
[1.381s] Level 1:colcon.colcon_core.package_identification:_identify(src/Smarte-Systemer---Rover/sensorer_arduino_best_practice/include) by extension 'colcon_meta'
[1.381s] Level 1:colcon.colcon_core.package_identification:_identify(src/Smarte-Systemer---Rover/sensorer_arduino_best_practice/include) by extensions ['ros']
[1.381s] Level 1:colcon.colcon_core.package_identification:_identify(src/Smarte-Systemer---Rover/sensorer_arduino_best_practice/include) by extension 'ros'
[1.382s] Level 1:colcon.colcon_core.package_identification:_identify(src/Smarte-Systemer---Rover/sensorer_arduino_best_practice/include) by extensions ['cmake', 'python']
[1.382s] Level 1:colcon.colcon_core.package_identification:_identify(src/Smarte-Systemer---Rover/sensorer_arduino_best_practice/include) by extension 'cmake'
[1.382s] Level 1:colcon.colcon_core.package_identification:_identify(src/Smarte-Systemer---Rover/sensorer_arduino_best_practice/include) by extension 'python'
[1.382s] Level 1:colcon.colcon_core.package_identification:_identify(src/Smarte-Systemer---Rover/sensorer_arduino_best_practice/include) by extensions ['python_setup_py']
[1.382s] Level 1:colcon.colcon_core.package_identification:_identify(src/Smarte-Systemer---Rover/sensorer_arduino_best_practice/include) by extension 'python_setup_py'
[1.383s] Level 1:colcon.colcon_core.package_identification:_identify(src/Smarte-Systemer---Rover/sensorer_arduino_best_practice/lib) by extensions ['ignore', 'ignore_ament_install']
[1.383s] Level 1:colcon.colcon_core.package_identification:_identify(src/Smarte-Systemer---Rover/sensorer_arduino_best_practice/lib) by extension 'ignore'
[1.383s] Level 1:colcon.colcon_core.package_identification:_identify(src/Smarte-Systemer---Rover/sensorer_arduino_best_practice/lib) by extension 'ignore_ament_install'
[1.383s] Level 1:colcon.colcon_core.package_identification:_identify(src/Smarte-Systemer---Rover/sensorer_arduino_best_practice/lib) by extensions ['colcon_pkg']
[1.384s] Level 1:colcon.colcon_core.package_identification:_identify(src/Smarte-Systemer---Rover/sensorer_arduino_best_practice/lib) by extension 'colcon_pkg'
[1.384s] Level 1:colcon.colcon_core.package_identification:_identify(src/Smarte-Systemer---Rover/sensorer_arduino_best_practice/lib) by extensions ['colcon_meta']
[1.384s] Level 1:colcon.colcon_core.package_identification:_identify(src/Smarte-Systemer---Rover/sensorer_arduino_best_practice/lib) by extension 'colcon_meta'
[1.384s] Level 1:colcon.colcon_core.package_identification:_identify(src/Smarte-Systemer---Rover/sensorer_arduino_best_practice/lib) by extensions ['ros']
[1.384s] Level 1:colcon.colcon_core.package_identification:_identify(src/Smarte-Systemer---Rover/sensorer_arduino_best_practice/lib) by extension 'ros'
[1.385s] Level 1:colcon.colcon_core.package_identification:_identify(src/Smarte-Systemer---Rover/sensorer_arduino_best_practice/lib) by extensions ['cmake', 'python']
[1.385s] Level 1:colcon.colcon_core.package_identification:_identify(src/Smarte-Systemer---Rover/sensorer_arduino_best_practice/lib) by extension 'cmake'
[1.385s] Level 1:colcon.colcon_core.package_identification:_identify(src/Smarte-Systemer---Rover/sensorer_arduino_best_practice/lib) by extension 'python'
[1.385s] Level 1:colcon.colcon_core.package_identification:_identify(src/Smarte-Systemer---Rover/sensorer_arduino_best_practice/lib) by extensions ['python_setup_py']
[1.385s] Level 1:colcon.colcon_core.package_identification:_identify(src/Smarte-Systemer---Rover/sensorer_arduino_best_practice/lib) by extension 'python_setup_py'
[1.386s] Level 1:colcon.colcon_core.package_identification:_identify(src/Smarte-Systemer---Rover/sensorer_arduino_best_practice/src) by extensions ['ignore', 'ignore_ament_install']
[1.386s] Level 1:colcon.colcon_core.package_identification:_identify(src/Smarte-Systemer---Rover/sensorer_arduino_best_practice/src) by extension 'ignore'
[1.386s] Level 1:colcon.colcon_core.package_identification:_identify(src/Smarte-Systemer---Rover/sensorer_arduino_best_practice/src) by extension 'ignore_ament_install'
[1.386s] Level 1:colcon.colcon_core.package_identification:_identify(src/Smarte-Systemer---Rover/sensorer_arduino_best_practice/src) by extensions ['colcon_pkg']
[1.386s] Level 1:colcon.colcon_core.package_identification:_identify(src/Smarte-Systemer---Rover/sensorer_arduino_best_practice/src) by extension 'colcon_pkg'
[1.387s] Level 1:colcon.colcon_core.package_identification:_identify(src/Smarte-Systemer---Rover/sensorer_arduino_best_practice/src) by extensions ['colcon_meta']
[1.387s] Level 1:colcon.colcon_core.package_identification:_identify(src/Smarte-Systemer---Rover/sensorer_arduino_best_practice/src) by extension 'colcon_meta'
[1.387s] Level 1:colcon.colcon_core.package_identification:_identify(src/Smarte-Systemer---Rover/sensorer_arduino_best_practice/src) by extensions ['ros']
[1.387s] Level 1:colcon.colcon_core.package_identification:_identify(src/Smarte-Systemer---Rover/sensorer_arduino_best_practice/src) by extension 'ros'
[1.387s] Level 1:colcon.colcon_core.package_identification:_identify(src/Smarte-Systemer---Rover/sensorer_arduino_best_practice/src) by extensions ['cmake', 'python']
[1.388s] Level 1:colcon.colcon_core.package_identification:_identify(src/Smarte-Systemer---Rover/sensorer_arduino_best_practice/src) by extension 'cmake'
[1.388s] Level 1:colcon.colcon_core.package_identification:_identify(src/Smarte-Systemer---Rover/sensorer_arduino_best_practice/src) by extension 'python'
[1.388s] Level 1:colcon.colcon_core.package_identification:_identify(src/Smarte-Systemer---Rover/sensorer_arduino_best_practice/src) by extensions ['python_setup_py']
[1.388s] Level 1:colcon.colcon_core.package_identification:_identify(src/Smarte-Systemer---Rover/sensorer_arduino_best_practice/src) by extension 'python_setup_py'
[1.388s] Level 1:colcon.colcon_core.package_identification:_identify(src/Smarte-Systemer---Rover/sensorer_arduino_best_practice/test) by extensions ['ignore', 'ignore_ament_install']
[1.389s] Level 1:colcon.colcon_core.package_identification:_identify(src/Smarte-Systemer---Rover/sensorer_arduino_best_practice/test) by extension 'ignore'
[1.389s] Level 1:colcon.colcon_core.package_identification:_identify(src/Smarte-Systemer---Rover/sensorer_arduino_best_practice/test) by extension 'ignore_ament_install'
[1.389s] Level 1:colcon.colcon_core.package_identification:_identify(src/Smarte-Systemer---Rover/sensorer_arduino_best_practice/test) by extensions ['colcon_pkg']
[1.389s] Level 1:colcon.colcon_core.package_identification:_identify(src/Smarte-Systemer---Rover/sensorer_arduino_best_practice/test) by extension 'colcon_pkg'
[1.390s] Level 1:colcon.colcon_core.package_identification:_identify(src/Smarte-Systemer---Rover/sensorer_arduino_best_practice/test) by extensions ['colcon_meta']
[1.390s] Level 1:colcon.colcon_core.package_identification:_identify(src/Smarte-Systemer---Rover/sensorer_arduino_best_practice/test) by extension 'colcon_meta'
[1.390s] Level 1:colcon.colcon_core.package_identification:_identify(src/Smarte-Systemer---Rover/sensorer_arduino_best_practice/test) by extensions ['ros']
[1.390s] Level 1:colcon.colcon_core.package_identification:_identify(src/Smarte-Systemer---Rover/sensorer_arduino_best_practice/test) by extension 'ros'
[1.390s] Level 1:colcon.colcon_core.package_identification:_identify(src/Smarte-Systemer---Rover/sensorer_arduino_best_practice/test) by extensions ['cmake', 'python']
[1.391s] Level 1:colcon.colcon_core.package_identification:_identify(src/Smarte-Systemer---Rover/sensorer_arduino_best_practice/test) by extension 'cmake'
[1.391s] Level 1:colcon.colcon_core.package_identification:_identify(src/Smarte-Systemer---Rover/sensorer_arduino_best_practice/test) by extension 'python'
[1.391s] Level 1:colcon.colcon_core.package_identification:_identify(src/Smarte-Systemer---Rover/sensorer_arduino_best_practice/test) by extensions ['python_setup_py']
[1.391s] Level 1:colcon.colcon_core.package_identification:_identify(src/Smarte-Systemer---Rover/sensorer_arduino_best_practice/test) by extension 'python_setup_py'
[1.391s] Level 1:colcon.colcon_core.package_identification:_identify(src/arduino_bridge) by extensions ['ignore', 'ignore_ament_install']
[1.392s] Level 1:colcon.colcon_core.package_identification:_identify(src/arduino_bridge) by extension 'ignore'
[1.392s] Level 1:colcon.colcon_core.package_identification:_identify(src/arduino_bridge) by extension 'ignore_ament_install'
[1.392s] Level 1:colcon.colcon_core.package_identification:_identify(src/arduino_bridge) by extensions ['colcon_pkg']
[1.392s] Level 1:colcon.colcon_core.package_identification:_identify(src/arduino_bridge) by extension 'colcon_pkg'
[1.392s] Level 1:colcon.colcon_core.package_identification:_identify(src/arduino_bridge) by extensions ['colcon_meta']
[1.392s] Level 1:colcon.colcon_core.package_identification:_identify(src/arduino_bridge) by extension 'colcon_meta'
[1.393s] Level 1:colcon.colcon_core.package_identification:_identify(src/arduino_bridge) by extensions ['ros']
[1.393s] Level 1:colcon.colcon_core.package_identification:_identify(src/arduino_bridge) by extension 'ros'
[1.401s] DEBUG:colcon.colcon_core.package_identification:Package 'src/arduino_bridge' with type 'ros.ament_python' and name 'arduino_bridge'
[1.402s] Level 1:colcon.colcon_core.package_identification:_identify(src/autonomous_rover) by extensions ['ignore', 'ignore_ament_install']
[1.402s] Level 1:colcon.colcon_core.package_identification:_identify(src/autonomous_rover) by extension 'ignore'
[1.402s] Level 1:colcon.colcon_core.package_identification:_identify(src/autonomous_rover) by extension 'ignore_ament_install'
[1.403s] Level 1:colcon.colcon_core.package_identification:_identify(src/autonomous_rover) by extensions ['colcon_pkg']
[1.403s] Level 1:colcon.colcon_core.package_identification:_identify(src/autonomous_rover) by extension 'colcon_pkg'
[1.403s] Level 1:colcon.colcon_core.package_identification:_identify(src/autonomous_rover) by extensions ['colcon_meta']
[1.403s] Level 1:colcon.colcon_core.package_identification:_identify(src/autonomous_rover) by extension 'colcon_meta'
[1.403s] Level 1:colcon.colcon_core.package_identification:_identify(src/autonomous_rover) by extensions ['ros']
[1.403s] Level 1:colcon.colcon_core.package_identification:_identify(src/autonomous_rover) by extension 'ros'
[1.406s] DEBUG:colcon.colcon_core.package_identification:Package 'src/autonomous_rover' with type 'ros.ament_cmake' and name 'autonomous_rover'
[1.407s] Level 1:colcon.colcon_core.package_identification:_identify(src/build) by extensions ['ignore', 'ignore_ament_install']
[1.407s] Level 1:colcon.colcon_core.package_identification:_identify(src/build) by extension 'ignore'
[1.407s] Level 1:colcon.colcon_core.package_identification:_identify(src/build) ignored
[1.408s] Level 1:colcon.colcon_core.package_identification:_identify(src/carto_localization) by extensions ['ignore', 'ignore_ament_install']
[1.408s] Level 1:colcon.colcon_core.package_identification:_identify(src/carto_localization) by extension 'ignore'
[1.408s] Level 1:colcon.colcon_core.package_identification:_identify(src/carto_localization) by extension 'ignore_ament_install'
[1.408s] Level 1:colcon.colcon_core.package_identification:_identify(src/carto_localization) by extensions ['colcon_pkg']
[1.408s] Level 1:colcon.colcon_core.package_identification:_identify(src/carto_localization) by extension 'colcon_pkg'
[1.409s] Level 1:colcon.colcon_core.package_identification:_identify(src/carto_localization) by extensions ['colcon_meta']
[1.409s] Level 1:colcon.colcon_core.package_identification:_identify(src/carto_localization) by extension 'colcon_meta'
[1.409s] Level 1:colcon.colcon_core.package_identification:_identify(src/carto_localization) by extensions ['ros']
[1.409s] Level 1:colcon.colcon_core.package_identification:_identify(src/carto_localization) by extension 'ros'
[1.411s] DEBUG:colcon.colcon_core.package_identification:Package 'src/carto_localization' with type 'ros.catkin' and name 'carto_localization'
[1.412s] Level 1:colcon.colcon_core.package_identification:_identify(src/install) by extensions ['ignore', 'ignore_ament_install']
[1.412s] Level 1:colcon.colcon_core.package_identification:_identify(src/install) by extension 'ignore'
[1.412s] Level 1:colcon.colcon_core.package_identification:_identify(src/install) ignored
[1.413s] Level 1:colcon.colcon_core.package_identification:_identify(src/ldlidar_stl_ros2) by extensions ['ignore', 'ignore_ament_install']
[1.413s] Level 1:colcon.colcon_core.package_identification:_identify(src/ldlidar_stl_ros2) by extension 'ignore'
[1.413s] Level 1:colcon.colcon_core.package_identification:_identify(src/ldlidar_stl_ros2) by extension 'ignore_ament_install'
[1.413s] Level 1:colcon.colcon_core.package_identification:_identify(src/ldlidar_stl_ros2) by extensions ['colcon_pkg']
[1.414s] Level 1:colcon.colcon_core.package_identification:_identify(src/ldlidar_stl_ros2) by extension 'colcon_pkg'
[1.414s] Level 1:colcon.colcon_core.package_identification:_identify(src/ldlidar_stl_ros2) by extensions ['colcon_meta']
[1.414s] Level 1:colcon.colcon_core.package_identification:_identify(src/ldlidar_stl_ros2) by extension 'colcon_meta'
[1.414s] Level 1:colcon.colcon_core.package_identification:_identify(src/ldlidar_stl_ros2) by extensions ['ros']
[1.414s] Level 1:colcon.colcon_core.package_identification:_identify(src/ldlidar_stl_ros2) by extension 'ros'
[1.417s] DEBUG:colcon.colcon_core.package_identification:Package 'src/ldlidar_stl_ros2' with type 'ros.ament_cmake' and name 'ldlidar_stl_ros2'
[1.417s] Level 1:colcon.colcon_core.package_identification:_identify(src/log) by extensions ['ignore', 'ignore_ament_install']
[1.418s] Level 1:colcon.colcon_core.package_identification:_identify(src/log) by extension 'ignore'
[1.418s] Level 1:colcon.colcon_core.package_identification:_identify(src/log) ignored
[1.418s] Level 1:colcon.colcon_core.package_identification:_identify(src/ros2-system-monitor) by extensions ['ignore', 'ignore_ament_install']
[1.419s] Level 1:colcon.colcon_core.package_identification:_identify(src/ros2-system-monitor) by extension 'ignore'
[1.419s] Level 1:colcon.colcon_core.package_identification:_identify(src/ros2-system-monitor) by extension 'ignore_ament_install'
[1.419s] Level 1:colcon.colcon_core.package_identification:_identify(src/ros2-system-monitor) by extensions ['colcon_pkg']
[1.419s] Level 1:colcon.colcon_core.package_identification:_identify(src/ros2-system-monitor) by extension 'colcon_pkg'
[1.419s] Level 1:colcon.colcon_core.package_identification:_identify(src/ros2-system-monitor) by extensions ['colcon_meta']
[1.420s] Level 1:colcon.colcon_core.package_identification:_identify(src/ros2-system-monitor) by extension 'colcon_meta'
[1.420s] Level 1:colcon.colcon_core.package_identification:_identify(src/ros2-system-monitor) by extensions ['ros']
[1.420s] Level 1:colcon.colcon_core.package_identification:_identify(src/ros2-system-monitor) by extension 'ros'
[1.423s] DEBUG:colcon.colcon_core.package_identification:Package 'src/ros2-system-monitor' with type 'ros.ament_cmake' and name 'ros2_system_monitor'
[1.423s] Level 1:colcon.colcon_core.package_identification:_identify(src/ros2_temperature_tracker) by extensions ['ignore', 'ignore_ament_install']
[1.424s] Level 1:colcon.colcon_core.package_identification:_identify(src/ros2_temperature_tracker) by extension 'ignore'
[1.424s] Level 1:colcon.colcon_core.package_identification:_identify(src/ros2_temperature_tracker) by extension 'ignore_ament_install'
[1.424s] Level 1:colcon.colcon_core.package_identification:_identify(src/ros2_temperature_tracker) by extensions ['colcon_pkg']
[1.424s] Level 1:colcon.colcon_core.package_identification:_identify(src/ros2_temperature_tracker) by extension 'colcon_pkg'
[1.424s] Level 1:colcon.colcon_core.package_identification:_identify(src/ros2_temperature_tracker) by extensions ['colcon_meta']
[1.425s] Level 1:colcon.colcon_core.package_identification:_identify(src/ros2_temperature_tracker) by extension 'colcon_meta'
[1.425s] Level 1:colcon.colcon_core.package_identification:_identify(src/ros2_temperature_tracker) by extensions ['ros']
[1.425s] Level 1:colcon.colcon_core.package_identification:_identify(src/ros2_temperature_tracker) by extension 'ros'
[1.428s] DEBUG:colcon.colcon_core.package_identification:Package 'src/ros2_temperature_tracker' with type 'ros.ament_python' and name 'temperature_tracker'
[1.428s] Level 1:colcon.colcon_core.package_identification:_identify(src/rover_driver) by extensions ['ignore', 'ignore_ament_install']
[1.429s] Level 1:colcon.colcon_core.package_identification:_identify(src/rover_driver) by extension 'ignore'
[1.429s] Level 1:colcon.colcon_core.package_identification:_identify(src/rover_driver) by extension 'ignore_ament_install'
[1.429s] Level 1:colcon.colcon_core.package_identification:_identify(src/rover_driver) by extensions ['colcon_pkg']
[1.429s] Level 1:colcon.colcon_core.package_identification:_identify(src/rover_driver) by extension 'colcon_pkg'
[1.429s] Level 1:colcon.colcon_core.package_identification:_identify(src/rover_driver) by extensions ['colcon_meta']
[1.429s] Level 1:colcon.colcon_core.package_identification:_identify(src/rover_driver) by extension 'colcon_meta'
[1.430s] Level 1:colcon.colcon_core.package_identification:_identify(src/rover_driver) by extensions ['ros']
[1.430s] Level 1:colcon.colcon_core.package_identification:_identify(src/rover_driver) by extension 'ros'
[1.432s] DEBUG:colcon.colcon_core.package_identification:Package 'src/rover_driver' with type 'ros.ament_python' and name 'rover_driver'
[1.432s] Level 1:colcon.colcon_core.package_identification:_identify(src/sensehat_cpp) by extensions ['ignore', 'ignore_ament_install']
[1.433s] Level 1:colcon.colcon_core.package_identification:_identify(src/sensehat_cpp) by extension 'ignore'
[1.433s] Level 1:colcon.colcon_core.package_identification:_identify(src/sensehat_cpp) by extension 'ignore_ament_install'
[1.433s] Level 1:colcon.colcon_core.package_identification:_identify(src/sensehat_cpp) by extensions ['colcon_pkg']
[1.433s] Level 1:colcon.colcon_core.package_identification:_identify(src/sensehat_cpp) by extension 'colcon_pkg'
[1.433s] Level 1:colcon.colcon_core.package_identification:_identify(src/sensehat_cpp) by extensions ['colcon_meta']
[1.434s] Level 1:colcon.colcon_core.package_identification:_identify(src/sensehat_cpp) by extension 'colcon_meta'
[1.434s] Level 1:colcon.colcon_core.package_identification:_identify(src/sensehat_cpp) by extensions ['ros']
[1.434s] Level 1:colcon.colcon_core.package_identification:_identify(src/sensehat_cpp) by extension 'ros'
[1.437s] DEBUG:colcon.colcon_core.package_identification:Package 'src/sensehat_cpp' with type 'ros.ament_cmake' and name 'sensehat_cpp'
[1.437s] Level 1:colcon.colcon_core.package_identification:_identify(src/sensehat_ros) by extensions ['ignore', 'ignore_ament_install']
[1.438s] Level 1:colcon.colcon_core.package_identification:_identify(src/sensehat_ros) by extension 'ignore'
[1.438s] Level 1:colcon.colcon_core.package_identification:_identify(src/sensehat_ros) by extension 'ignore_ament_install'
[1.438s] Level 1:colcon.colcon_core.package_identification:_identify(src/sensehat_ros) by extensions ['colcon_pkg']
[1.438s] Level 1:colcon.colcon_core.package_identification:_identify(src/sensehat_ros) by extension 'colcon_pkg'
[1.438s] Level 1:colcon.colcon_core.package_identification:_identify(src/sensehat_ros) by extensions ['colcon_meta']
[1.439s] Level 1:colcon.colcon_core.package_identification:_identify(src/sensehat_ros) by extension 'colcon_meta'
[1.439s] Level 1:colcon.colcon_core.package_identification:_identify(src/sensehat_ros) by extensions ['ros']
[1.439s] Level 1:colcon.colcon_core.package_identification:_identify(src/sensehat_ros) by extension 'ros'
[1.442s] DEBUG:colcon.colcon_core.package_identification:Package 'src/sensehat_ros' with type 'ros.ament_python' and name 'sensehat_ros'
[1.442s] Level 1:colcon.colcon_core.package_discovery:discover_packages(recursive) using defaults
[1.443s] Level 1:colcon.colcon_core.package_discovery:discover_packages(ignore) discover
[1.443s] Level 1:colcon.colcon_core.package_discovery:discover_packages(ignore) using defaults
[1.443s] Level 1:colcon.colcon_core.package_discovery:discover_packages(path) discover
[1.443s] Level 1:colcon.colcon_core.package_discovery:discover_packages(path) using defaults
[1.534s] INFO:colcon.colcon_core.package_selection:Skipping not selected package 'autonomous_rover' in 'src/autonomous_rover'
[1.534s] INFO:colcon.colcon_core.package_selection:Skipping not selected package 'carto_localization' in 'src/carto_localization'
[1.534s] INFO:colcon.colcon_core.package_selection:Skipping not selected package 'ldlidar_stl_ros2' in 'src/ldlidar_stl_ros2'
[1.534s] INFO:colcon.colcon_core.package_selection:Skipping not selected package 'ros2_system_monitor' in 'src/ros2-system-monitor'
[1.534s] INFO:colcon.colcon_core.package_selection:Skipping not selected package 'rover_driver' in 'src/rover_driver'
[1.535s] INFO:colcon.colcon_core.package_selection:Skipping not selected package 'sensehat_cpp' in 'src/sensehat_cpp'
[1.535s] INFO:colcon.colcon_core.package_selection:Skipping not selected package 'sensehat_ros' in 'src/sensehat_ros'
[1.535s] INFO:colcon.colcon_core.package_selection:Skipping not selected package 'temperature_tracker' in 'src/ros2_temperature_tracker'
[1.536s] Level 1:colcon.colcon_core.package_discovery:discover_packages(prefix_path) check parameters
[1.537s] Level 1:colcon.colcon_core.package_discovery:discover_packages(prefix_path) discover
[1.550s] DEBUG:colcon.colcon_installed_package_information.package_discovery:Found 9 installed packages in /home/creampi/ros2_ws/install
[1.553s] DEBUG:colcon.colcon_installed_package_information.package_discovery:Found 9 installed packages in /home/creampi/ros2_ws/src/install
[1.564s] DEBUG:colcon.colcon_installed_package_information.package_discovery:Found 226 installed packages in /opt/ros/humble
[1.605s] Level 1:colcon.colcon_core.package_discovery:discover_packages(prefix_path) using defaults
[1.737s] Level 5:colcon.colcon_core.verb:set package 'arduino_bridge' build argument 'cmake_args' from command line to 'None'
[1.737s] Level 5:colcon.colcon_core.verb:set package 'arduino_bridge' build argument 'cmake_target' from command line to 'None'
[1.737s] Level 5:colcon.colcon_core.verb:set package 'arduino_bridge' build argument 'cmake_target_skip_unavailable' from command line to 'False'
[1.737s] Level 5:colcon.colcon_core.verb:set package 'arduino_bridge' build argument 'cmake_clean_cache' from command line to 'False'
[1.737s] Level 5:colcon.colcon_core.verb:set package 'arduino_bridge' build argument 'cmake_clean_first' from command line to 'False'
[1.737s] Level 5:colcon.colcon_core.verb:set package 'arduino_bridge' build argument 'cmake_force_configure' from command line to 'False'
[1.738s] Level 5:colcon.colcon_core.verb:set package 'arduino_bridge' build argument 'ament_cmake_args' from command line to 'None'
[1.738s] Level 5:colcon.colcon_core.verb:set package 'arduino_bridge' build argument 'catkin_cmake_args' from command line to 'None'
[1.738s] Level 5:colcon.colcon_core.verb:set package 'arduino_bridge' build argument 'catkin_skip_building_tests' from command line to 'False'
[1.738s] DEBUG:colcon.colcon_core.verb:Building package 'arduino_bridge' with the following arguments: {'ament_cmake_args': None, 'build_base': '/home/creampi/ros2_ws/build/arduino_bridge', 'catkin_cmake_args': None, 'catkin_skip_building_tests': False, 'cmake_args': None, 'cmake_clean_cache': False, 'cmake_clean_first': False, 'cmake_force_configure': False, 'cmake_target': None, 'cmake_target_skip_unavailable': False, 'install_base': '/home/creampi/ros2_ws/install/arduino_bridge', 'merge_install': False, 'path': '/home/creampi/ros2_ws/src/arduino_bridge', 'symlink_install': False, 'test_result_base': None}
[1.738s] INFO:colcon.colcon_core.executor:Executing jobs using 'parallel' executor
[1.741s] DEBUG:colcon.colcon_parallel_executor.executor.parallel:run_until_complete
[1.742s] INFO:colcon.colcon_ros.task.ament_python.build:Building ROS package in '/home/creampi/ros2_ws/src/arduino_bridge' with build type 'ament_python'
[1.743s] Level 1:colcon.colcon_core.shell:create_environment_hook('arduino_bridge', 'ament_prefix_path')
[1.754s] INFO:colcon.colcon_core.plugin_system:Skipping extension 'colcon_core.shell.bat': Not used on non-Windows systems
[1.755s] INFO:colcon.colcon_core.shell:Creating environment hook '/home/creampi/ros2_ws/install/arduino_bridge/share/arduino_bridge/hook/ament_prefix_path.ps1'
[1.758s] INFO:colcon.colcon_core.shell:Creating environment descriptor '/home/creampi/ros2_ws/install/arduino_bridge/share/arduino_bridge/hook/ament_prefix_path.dsv'
[1.761s] INFO:colcon.colcon_core.shell:Creating environment hook '/home/creampi/ros2_ws/install/arduino_bridge/share/arduino_bridge/hook/ament_prefix_path.sh'
[1.764s] INFO:colcon.colcon_core.shell:Skip shell extension 'powershell' for command environment: Not usable outside of PowerShell
[1.764s] DEBUG:colcon.colcon_core.shell:Skip shell extension 'dsv' for command environment
[3.089s] INFO:colcon.colcon_core.task.python.build:Building Python package in '/home/creampi/ros2_ws/src/arduino_bridge'
[3.090s] INFO:colcon.colcon_core.shell:Skip shell extension 'powershell' for command environment: Not usable outside of PowerShell
[3.090s] DEBUG:colcon.colcon_core.shell:Skip shell extension 'dsv' for command environment
[4.891s] DEBUG:colcon.colcon_core.event_handler.log_command:Invoking command in '/home/creampi/ros2_ws/build/arduino_bridge': PYTHONPATH=/home/creampi/ros2_ws/build/arduino_bridge/prefix_override:/usr/lib/python3/dist-packages/colcon_core/task/python/colcon_distutils_commands:/home/creampi/ros2_ws/install/arduino_bridge/lib/python3.10/site-packages:${PYTHONPATH} /usr/bin/python3 -W ignore:setup.py install is deprecated -W ignore:easy_install command is deprecated setup.py develop --uninstall --editable --build-directory /home/creampi/ros2_ws/build/arduino_bridge/build
[7.134s] DEBUG:colcon.colcon_core.event_handler.log_command:Invoked command in '/home/creampi/ros2_ws/build/arduino_bridge' returned '0': PYTHONPATH=/home/creampi/ros2_ws/build/arduino_bridge/prefix_override:/usr/lib/python3/dist-packages/colcon_core/task/python/colcon_distutils_commands:/home/creampi/ros2_ws/install/arduino_bridge/lib/python3.10/site-packages:${PYTHONPATH} /usr/bin/python3 -W ignore:setup.py install is deprecated -W ignore:easy_install command is deprecated setup.py develop --uninstall --editable --build-directory /home/creampi/ros2_ws/build/arduino_bridge/build
[7.144s] DEBUG:colcon.colcon_core.event_handler.log_command:Invoking command in '/home/creampi/ros2_ws/src/arduino_bridge': PYTHONPATH=/home/creampi/ros2_ws/build/arduino_bridge/prefix_override:/usr/lib/python3/dist-packages/colcon_core/task/python/colcon_distutils_commands:/home/creampi/ros2_ws/install/arduino_bridge/lib/python3.10/site-packages:${PYTHONPATH} /usr/bin/python3 -W ignore:setup.py install is deprecated -W ignore:easy_install command is deprecated setup.py egg_info --egg-base ../../build/arduino_bridge build --build-base /home/creampi/ros2_ws/build/arduino_bridge/build install --record /home/creampi/ros2_ws/build/arduino_bridge/install.log --single-version-externally-managed install_data --force
[8.536s] DEBUG:colcon.colcon_core.event_handler.log_command:Invoked command in '/home/creampi/ros2_ws/src/arduino_bridge' returned '0': PYTHONPATH=/home/creampi/ros2_ws/build/arduino_bridge/prefix_override:/usr/lib/python3/dist-packages/colcon_core/task/python/colcon_distutils_commands:/home/creampi/ros2_ws/install/arduino_bridge/lib/python3.10/site-packages:${PYTHONPATH} /usr/bin/python3 -W ignore:setup.py install is deprecated -W ignore:easy_install command is deprecated setup.py egg_info --egg-base ../../build/arduino_bridge build --build-base /home/creampi/ros2_ws/build/arduino_bridge/build install --record /home/creampi/ros2_ws/build/arduino_bridge/install.log --single-version-externally-managed install_data --force
[8.548s] Level 1:colcon.colcon_core.environment:checking '/home/creampi/ros2_ws/install/arduino_bridge' for CMake module files
[8.551s] Level 1:colcon.colcon_core.environment:checking '/home/creampi/ros2_ws/install/arduino_bridge' for CMake config files
[8.559s] Level 1:colcon.colcon_core.environment:checking '/home/creampi/ros2_ws/install/arduino_bridge/lib'
[8.560s] Level 1:colcon.colcon_core.environment:checking '/home/creampi/ros2_ws/install/arduino_bridge/bin'
[8.560s] Level 1:colcon.colcon_core.environment:checking '/home/creampi/ros2_ws/install/arduino_bridge/lib/pkgconfig/arduino_bridge.pc'
[8.561s] Level 1:colcon.colcon_core.environment:checking '/home/creampi/ros2_ws/install/arduino_bridge/lib/python3.10/site-packages'
[8.562s] Level 1:colcon.colcon_core.shell:create_environment_hook('arduino_bridge', 'pythonpath')
[8.563s] INFO:colcon.colcon_core.shell:Creating environment hook '/home/creampi/ros2_ws/install/arduino_bridge/share/arduino_bridge/hook/pythonpath.ps1'
[8.565s] INFO:colcon.colcon_core.shell:Creating environment descriptor '/home/creampi/ros2_ws/install/arduino_bridge/share/arduino_bridge/hook/pythonpath.dsv'
[8.567s] INFO:colcon.colcon_core.shell:Creating environment hook '/home/creampi/ros2_ws/install/arduino_bridge/share/arduino_bridge/hook/pythonpath.sh'
[8.570s] Level 1:colcon.colcon_core.environment:checking '/home/creampi/ros2_ws/install/arduino_bridge/bin'
[8.570s] Level 1:colcon.colcon_core.environment:create_environment_scripts_only(arduino_bridge)
[8.572s] INFO:colcon.colcon_core.shell:Creating package script '/home/creampi/ros2_ws/install/arduino_bridge/share/arduino_bridge/package.ps1'
[8.576s] INFO:colcon.colcon_core.shell:Creating package descriptor '/home/creampi/ros2_ws/install/arduino_bridge/share/arduino_bridge/package.dsv'
[8.578s] INFO:colcon.colcon_core.shell:Creating package script '/home/creampi/ros2_ws/install/arduino_bridge/share/arduino_bridge/package.sh'
[8.582s] INFO:colcon.colcon_core.shell:Creating package script '/home/creampi/ros2_ws/install/arduino_bridge/share/arduino_bridge/package.bash'
[8.586s] INFO:colcon.colcon_core.shell:Creating package script '/home/creampi/ros2_ws/install/arduino_bridge/share/arduino_bridge/package.zsh'
[8.589s] Level 1:colcon.colcon_core.environment:create_file_with_runtime_dependencies(/home/creampi/ros2_ws/install/arduino_bridge/share/colcon-core/packages/arduino_bridge)
[8.591s] DEBUG:colcon.colcon_parallel_executor.executor.parallel:closing loop
[8.592s] DEBUG:colcon.colcon_parallel_executor.executor.parallel:loop closed
[8.592s] DEBUG:colcon.colcon_parallel_executor.executor.parallel:run_until_complete finished with '0'
[8.592s] DEBUG:colcon.colcon_core.event_reactor:joining thread
[8.614s] INFO:colcon.colcon_core.plugin_system:Skipping extension 'colcon_notification.desktop_notification.notify_send': Could not find 'notify-send'
[8.614s] INFO:colcon.colcon_core.plugin_system:Skipping extension 'colcon_notification.desktop_notification.terminal_notifier': Not used on non-Darwin systems
[8.615s] INFO:colcon.colcon_core.plugin_system:Skipping extension 'colcon_notification.desktop_notification.win32': Not used on non-Windows systems
[8.615s] INFO:colcon.colcon_notification.desktop_notification:Sending desktop notification using 'notify2'
[8.618s] DEBUG:colcon.colcon_notification.desktop_notification.notify2:Failed to initialize notify2: org.freedesktop.DBus.Error.ServiceUnknown: The name org.freedesktop.Notifications was not provided by any .service files
[8.618s] DEBUG:colcon.colcon_core.event_reactor:joined thread
[8.619s] INFO:colcon.colcon_core.shell:Creating prefix script '/home/creampi/ros2_ws/install/local_setup.ps1'
[8.623s] INFO:colcon.colcon_core.shell:Creating prefix util module '/home/creampi/ros2_ws/install/_local_setup_util_ps1.py'
[8.630s] INFO:colcon.colcon_core.shell:Creating prefix chain script '/home/creampi/ros2_ws/install/setup.ps1'
[8.641s] INFO:colcon.colcon_core.shell:Creating prefix script '/home/creampi/ros2_ws/install/local_setup.sh'
[8.644s] INFO:colcon.colcon_core.shell:Creating prefix util module '/home/creampi/ros2_ws/install/_local_setup_util_sh.py'
[8.647s] INFO:colcon.colcon_core.shell:Creating prefix chain script '/home/creampi/ros2_ws/install/setup.sh'
[8.656s] INFO:colcon.colcon_core.shell:Creating prefix script '/home/creampi/ros2_ws/install/local_setup.bash'
[8.659s] INFO:colcon.colcon_core.shell:Creating prefix chain script '/home/creampi/ros2_ws/install/setup.bash'
[8.668s] INFO:colcon.colcon_core.shell:Creating prefix script '/home/creampi/ros2_ws/install/local_setup.zsh'
[8.670s] INFO:colcon.colcon_core.shell:Creating prefix chain script '/home/creampi/ros2_ws/install/setup.zsh'
