[0.061s] Invoking command in '/home/creampi/ros2_ws/build/autonomous_rover': CMAKE_PREFIX_PATH=/home/creampi/ros2_ws/install/ldlidar_stl_ros2:/home/creampi/ros2_ws/install/ros2_system_monitor:/home/creampi/ros2_ws/install/temperature_tracker:/home/creampi/ros2_ws/install/sensehat_ros:/home/creampi/ros2_ws/install/rover_driver:/home/creampi/ros2_ws/install/arduino_bridge:/opt/ros/humble:/home/creampi/ros2_ws/install/carto_localization:/home/creampi/ros2_ws/install/autonomous_rover /usr/bin/cmake --build /home/creampi/ros2_ws/build/autonomous_rover -- -j4 -l4
[0.259s] [35m[1mConsolidate compiler generated dependencies of target autonomous_node[0m
[0.364s] [ 50%] [32mBuilding CXX object CMakeFiles/autonomous_node.dir/src/autonomous_node.cpp.o[0m
[40.793s] [100%] [32m[1mLinking CXX executable autonomous_node[0m
[42.784s] [100%] Built target autonomous_node
[42.830s] Invoked command in '/home/creampi/ros2_ws/build/autonomous_rover' returned '0': CMAKE_PREFIX_PATH=/home/creampi/ros2_ws/install/ldlidar_stl_ros2:/home/creampi/ros2_ws/install/ros2_system_monitor:/home/creampi/ros2_ws/install/temperature_tracker:/home/creampi/ros2_ws/install/sensehat_ros:/home/creampi/ros2_ws/install/rover_driver:/home/creampi/ros2_ws/install/arduino_bridge:/opt/ros/humble:/home/creampi/ros2_ws/install/carto_localization:/home/creampi/ros2_ws/install/autonomous_rover /usr/bin/cmake --build /home/creampi/ros2_ws/build/autonomous_rover -- -j4 -l4
[42.870s] Invoking command in '/home/creampi/ros2_ws/build/autonomous_rover': CMAKE_PREFIX_PATH=/home/creampi/ros2_ws/install/ldlidar_stl_ros2:/home/creampi/ros2_ws/install/ros2_system_monitor:/home/creampi/ros2_ws/install/temperature_tracker:/home/creampi/ros2_ws/install/sensehat_ros:/home/creampi/ros2_ws/install/rover_driver:/home/creampi/ros2_ws/install/arduino_bridge:/opt/ros/humble:/home/creampi/ros2_ws/install/carto_localization:/home/creampi/ros2_ws/install/autonomous_rover /usr/bin/cmake --install /home/creampi/ros2_ws/build/autonomous_rover
[42.903s] -- Install configuration: ""
[42.907s] -- Execute custom install script
[42.908s] -- Up-to-date symlink: /home/creampi/ros2_ws/install/autonomous_rover/lib/autonomous_rover/autonomous_node
[42.910s] -- Up-to-date symlink: /home/creampi/ros2_ws/install/autonomous_rover/share/ament_index/resource_index/package_run_dependencies/autonomous_rover
[42.915s] -- Up-to-date symlink: /home/creampi/ros2_ws/install/autonomous_rover/share/ament_index/resource_index/parent_prefix_path/autonomous_rover
[42.916s] -- Up-to-date symlink: /home/creampi/ros2_ws/install/autonomous_rover/share/autonomous_rover/environment/ament_prefix_path.sh
[42.918s] -- Up-to-date symlink: /home/creampi/ros2_ws/install/autonomous_rover/share/autonomous_rover/environment/ament_prefix_path.dsv
[42.919s] -- Up-to-date symlink: /home/creampi/ros2_ws/install/autonomous_rover/share/autonomous_rover/environment/path.sh
[42.922s] -- Up-to-date symlink: /home/creampi/ros2_ws/install/autonomous_rover/share/autonomous_rover/environment/path.dsv
[42.929s] -- Up-to-date symlink: /home/creampi/ros2_ws/install/autonomous_rover/share/autonomous_rover/local_setup.bash
[42.932s] -- Up-to-date symlink: /home/creampi/ros2_ws/install/autonomous_rover/share/autonomous_rover/local_setup.sh
[42.935s] -- Up-to-date symlink: /home/creampi/ros2_ws/install/autonomous_rover/share/autonomous_rover/local_setup.zsh
[42.940s] -- Up-to-date symlink: /home/creampi/ros2_ws/install/autonomous_rover/share/autonomous_rover/local_setup.dsv
[42.956s] -- Symlinking: /home/creampi/ros2_ws/install/autonomous_rover/share/autonomous_rover/package.dsv
[42.968s] -- Up-to-date symlink: /home/creampi/ros2_ws/install/autonomous_rover/share/ament_index/resource_index/packages/autonomous_rover
[42.973s] -- Up-to-date symlink: /home/creampi/ros2_ws/install/autonomous_rover/share/autonomous_rover/cmake/autonomous_roverConfig.cmake
[42.974s] -- Up-to-date symlink: /home/creampi/ros2_ws/install/autonomous_rover/share/autonomous_rover/cmake/autonomous_roverConfig-version.cmake
[42.975s] -- Up-to-date symlink: /home/creampi/ros2_ws/install/autonomous_rover/share/autonomous_rover/package.xml
[42.982s] Invoked command in '/home/creampi/ros2_ws/build/autonomous_rover' returned '0': CMAKE_PREFIX_PATH=/home/creampi/ros2_ws/install/ldlidar_stl_ros2:/home/creampi/ros2_ws/install/ros2_system_monitor:/home/creampi/ros2_ws/install/temperature_tracker:/home/creampi/ros2_ws/install/sensehat_ros:/home/creampi/ros2_ws/install/rover_driver:/home/creampi/ros2_ws/install/arduino_bridge:/opt/ros/humble:/home/creampi/ros2_ws/install/carto_localization:/home/creampi/ros2_ws/install/autonomous_rover /usr/bin/cmake --install /home/creampi/ros2_ws/build/autonomous_rover
