[0.071s] Invoking command in '/home/creampi/ros2_ws/build/autonomous_rover': CMAKE_PREFIX_PATH=/home/creampi/ros2_ws/install/sensehat_cpp:/home/creampi/ros2_ws/install/ros2_system_monitor:/home/creampi/ros2_ws/install/ldlidar_stl_ros2:/home/creampi/ros2_ws/install/temperature_tracker:/home/creampi/ros2_ws/install/sensehat_ros:/home/creampi/ros2_ws/install/rover_driver:/home/creampi/ros2_ws/install/arduino_bridge:/home/creampi/ros2_ws/src/install/temperature_tracker:/home/creampi/ros2_ws/src/install/sensehat_ros:/home/creampi/ros2_ws/src/install/rover_driver:/home/creampi/ros2_ws/src/install/arduino_bridge:/opt/ros/humble:/home/creampi/ros2_ws/install/carto_localization:/home/creampi/ros2_ws/install/autonomous_rover:/home/creampi/ros2_ws/src/install/sensehat_cpp:/home/creampi/ros2_ws/src/install/ros2_system_monitor:/home/creampi/ros2_ws/src/install/ldlidar_stl_ros2:/home/creampi/ros2_ws/src/install/carto_localization:/home/creampi/ros2_ws/src/install/autonomous_rover /usr/bin/cmake --build /home/creampi/ros2_ws/build/autonomous_rover -- -j4 -l4
[0.346s] [35m[1mConsolidate compiler generated dependencies of target autonomous_node[0m
[0.468s] [ 50%] [32mBuilding CXX object CMakeFiles/autonomous_node.dir/src/autonomous_node.cpp.o[0m
[14.794s] [01m[K/home/creampi/ros2_ws/src/autonomous_rover/src/autonomous_node.cpp:[m[K In member function ‘[01m[Kvoid Autopilot::publish_cmd()[m[K’:
[14.796s] [01m[K/home/creampi/ros2_ws/src/autonomous_rover/src/autonomous_node.cpp:71:17:[m[K [01;35m[Kwarning: [m[Kunused variable ‘[01m[Kdiagonal_limit[m[K’ [[01;35m[K]8;;https://gcc.gnu.org/onlinedocs/gcc/Warning-Options.html#index-Wunused-variable-Wunused-variable]8;;[m[K]
[14.797s]    71 |     const float [01;35m[Kdiagonal_limit[m[K = 0.35;
[14.798s]       |                 [01;35m[K^~~~~~~~~~~~~~[m[K
[45.379s] [100%] [32m[1mLinking CXX executable autonomous_node[0m
[47.647s] [100%] Built target autonomous_node
[47.701s] Invoked command in '/home/creampi/ros2_ws/build/autonomous_rover' returned '0': CMAKE_PREFIX_PATH=/home/creampi/ros2_ws/install/sensehat_cpp:/home/creampi/ros2_ws/install/ros2_system_monitor:/home/creampi/ros2_ws/install/ldlidar_stl_ros2:/home/creampi/ros2_ws/install/temperature_tracker:/home/creampi/ros2_ws/install/sensehat_ros:/home/creampi/ros2_ws/install/rover_driver:/home/creampi/ros2_ws/install/arduino_bridge:/home/creampi/ros2_ws/src/install/temperature_tracker:/home/creampi/ros2_ws/src/install/sensehat_ros:/home/creampi/ros2_ws/src/install/rover_driver:/home/creampi/ros2_ws/src/install/arduino_bridge:/opt/ros/humble:/home/creampi/ros2_ws/install/carto_localization:/home/creampi/ros2_ws/install/autonomous_rover:/home/creampi/ros2_ws/src/install/sensehat_cpp:/home/creampi/ros2_ws/src/install/ros2_system_monitor:/home/creampi/ros2_ws/src/install/ldlidar_stl_ros2:/home/creampi/ros2_ws/src/install/carto_localization:/home/creampi/ros2_ws/src/install/autonomous_rover /usr/bin/cmake --build /home/creampi/ros2_ws/build/autonomous_rover -- -j4 -l4
[47.779s] Invoking command in '/home/creampi/ros2_ws/build/autonomous_rover': CMAKE_PREFIX_PATH=/home/creampi/ros2_ws/install/sensehat_cpp:/home/creampi/ros2_ws/install/ros2_system_monitor:/home/creampi/ros2_ws/install/ldlidar_stl_ros2:/home/creampi/ros2_ws/install/temperature_tracker:/home/creampi/ros2_ws/install/sensehat_ros:/home/creampi/ros2_ws/install/rover_driver:/home/creampi/ros2_ws/install/arduino_bridge:/home/creampi/ros2_ws/src/install/temperature_tracker:/home/creampi/ros2_ws/src/install/sensehat_ros:/home/creampi/ros2_ws/src/install/rover_driver:/home/creampi/ros2_ws/src/install/arduino_bridge:/opt/ros/humble:/home/creampi/ros2_ws/install/carto_localization:/home/creampi/ros2_ws/install/autonomous_rover:/home/creampi/ros2_ws/src/install/sensehat_cpp:/home/creampi/ros2_ws/src/install/ros2_system_monitor:/home/creampi/ros2_ws/src/install/ldlidar_stl_ros2:/home/creampi/ros2_ws/src/install/carto_localization:/home/creampi/ros2_ws/src/install/autonomous_rover /usr/bin/cmake --install /home/creampi/ros2_ws/build/autonomous_rover
[47.832s] -- Install configuration: ""
[47.836s] -- Execute custom install script
[47.840s] -- Up-to-date symlink: /home/creampi/ros2_ws/install/autonomous_rover/lib/autonomous_rover/autonomous_node
[47.843s] -- Up-to-date symlink: /home/creampi/ros2_ws/install/autonomous_rover/share/ament_index/resource_index/package_run_dependencies/autonomous_rover
[47.846s] -- Up-to-date symlink: /home/creampi/ros2_ws/install/autonomous_rover/share/ament_index/resource_index/parent_prefix_path/autonomous_rover
[47.850s] -- Up-to-date symlink: /home/creampi/ros2_ws/install/autonomous_rover/share/autonomous_rover/environment/ament_prefix_path.sh
[47.852s] -- Up-to-date symlink: /home/creampi/ros2_ws/install/autonomous_rover/share/autonomous_rover/environment/ament_prefix_path.dsv
[47.855s] -- Up-to-date symlink: /home/creampi/ros2_ws/install/autonomous_rover/share/autonomous_rover/environment/path.sh
[47.858s] -- Up-to-date symlink: /home/creampi/ros2_ws/install/autonomous_rover/share/autonomous_rover/environment/path.dsv
[47.861s] -- Up-to-date symlink: /home/creampi/ros2_ws/install/autonomous_rover/share/autonomous_rover/local_setup.bash
[47.864s] -- Up-to-date symlink: /home/creampi/ros2_ws/install/autonomous_rover/share/autonomous_rover/local_setup.sh
[47.867s] -- Up-to-date symlink: /home/creampi/ros2_ws/install/autonomous_rover/share/autonomous_rover/local_setup.zsh
[47.872s] -- Up-to-date symlink: /home/creampi/ros2_ws/install/autonomous_rover/share/autonomous_rover/local_setup.dsv
[47.877s] -- Symlinking: /home/creampi/ros2_ws/install/autonomous_rover/share/autonomous_rover/package.dsv
[47.943s] -- Up-to-date symlink: /home/creampi/ros2_ws/install/autonomous_rover/share/ament_index/resource_index/packages/autonomous_rover
[47.946s] -- Up-to-date symlink: /home/creampi/ros2_ws/install/autonomous_rover/share/autonomous_rover/cmake/autonomous_roverConfig.cmake
[47.953s] -- Up-to-date symlink: /home/creampi/ros2_ws/install/autonomous_rover/share/autonomous_rover/cmake/autonomous_roverConfig-version.cmake
[47.954s] -- Up-to-date symlink: /home/creampi/ros2_ws/install/autonomous_rover/share/autonomous_rover/package.xml
[47.975s] Invoked command in '/home/creampi/ros2_ws/build/autonomous_rover' returned '0': CMAKE_PREFIX_PATH=/home/creampi/ros2_ws/install/sensehat_cpp:/home/creampi/ros2_ws/install/ros2_system_monitor:/home/creampi/ros2_ws/install/ldlidar_stl_ros2:/home/creampi/ros2_ws/install/temperature_tracker:/home/creampi/ros2_ws/install/sensehat_ros:/home/creampi/ros2_ws/install/rover_driver:/home/creampi/ros2_ws/install/arduino_bridge:/home/creampi/ros2_ws/src/install/temperature_tracker:/home/creampi/ros2_ws/src/install/sensehat_ros:/home/creampi/ros2_ws/src/install/rover_driver:/home/creampi/ros2_ws/src/install/arduino_bridge:/opt/ros/humble:/home/creampi/ros2_ws/install/carto_localization:/home/creampi/ros2_ws/install/autonomous_rover:/home/creampi/ros2_ws/src/install/sensehat_cpp:/home/creampi/ros2_ws/src/install/ros2_system_monitor:/home/creampi/ros2_ws/src/install/ldlidar_stl_ros2:/home/creampi/ros2_ws/src/install/carto_localization:/home/creampi/ros2_ws/src/install/autonomous_rover /usr/bin/cmake --install /home/creampi/ros2_ws/build/autonomous_rover
