[0.906s] DEBUG:colcon:Command line arguments: ['/usr/bin/colcon', 'build', '--packages-select', 'autonomous_rover']
[0.907s] DEBUG:colcon:Parsed command line arguments: Namespace(log_base=None, log_level=None, verb_name='build', build_base='build', install_base='install', merge_install=False, symlink_install=False, test_result_base=None, continue_on_error=False, executor='parallel', parallel_workers=4, event_handlers=None, ignore_user_meta=False, metas=['./colcon.meta'], base_paths=['.'], packages_ignore=None, packages_ignore_regex=None, paths=None, packages_up_to=None, packages_up_to_regex=None, packages_above=None, packages_above_and_dependencies=None, packages_above_depth=None, packages_select_by_dep=None, packages_skip_by_dep=None, packages_skip_up_to=None, packages_select_build_failed=False, packages_skip_build_finished=False, packages_select_test_failures=False, packages_skip_test_passed=False, packages_select=['autonomous_rover'], packages_skip=None, packages_select_regex=None, packages_skip_regex=None, packages_start=None, packages_end=None, allow_overriding=[], cmake_args=None, cmake_target=None, cmake_target_skip_unavailable=False, cmake_clean_cache=False, cmake_clean_first=False, cmake_force_configure=False, ament_cmake_args=None, catkin_cmake_args=None, catkin_skip_building_tests=False, verb_parser=<colcon_defaults.argument_parser.defaults.DefaultArgumentsDecorator object at 0xffff90061870>, verb_extension=<colcon_core.verb.build.BuildVerb object at 0xffff901c7370>, main=<bound method BuildVerb.main of <colcon_core.verb.build.BuildVerb object at 0xffff901c7370>>)
[2.086s] Level 1:colcon.colcon_core.package_discovery:discover_packages(colcon_meta) check parameters
[2.087s] Level 1:colcon.colcon_core.package_discovery:discover_packages(recursive) check parameters
[2.087s] Level 1:colcon.colcon_core.package_discovery:discover_packages(ignore) check parameters
[2.087s] Level 1:colcon.colcon_core.package_discovery:discover_packages(path) check parameters
[2.088s] Level 1:colcon.colcon_core.package_discovery:discover_packages(colcon_meta) discover
[2.088s] Level 1:colcon.colcon_core.package_discovery:discover_packages(recursive) discover
[2.088s] INFO:colcon.colcon_core.package_discovery:Crawling recursively for packages in '/home/creampi/ros2_ws'
[2.089s] Level 1:colcon.colcon_core.package_identification:_identify(.) by extensions ['ignore', 'ignore_ament_install']
[2.090s] Level 1:colcon.colcon_core.package_identification:_identify(.) by extension 'ignore'
[2.090s] Level 1:colcon.colcon_core.package_identification:_identify(.) by extension 'ignore_ament_install'
[2.091s] Level 1:colcon.colcon_core.package_identification:_identify(.) by extensions ['colcon_pkg']
[2.091s] Level 1:colcon.colcon_core.package_identification:_identify(.) by extension 'colcon_pkg'
[2.091s] Level 1:colcon.colcon_core.package_identification:_identify(.) by extensions ['colcon_meta']
[2.092s] Level 1:colcon.colcon_core.package_identification:_identify(.) by extension 'colcon_meta'
[2.092s] Level 1:colcon.colcon_core.package_identification:_identify(.) by extensions ['ros']
[2.092s] Level 1:colcon.colcon_core.package_identification:_identify(.) by extension 'ros'
[2.166s] Level 1:colcon.colcon_core.package_identification:_identify(.) by extensions ['cmake', 'python']
[2.166s] Level 1:colcon.colcon_core.package_identification:_identify(.) by extension 'cmake'
[2.166s] Level 1:colcon.colcon_core.package_identification:_identify(.) by extension 'python'
[2.167s] Level 1:colcon.colcon_core.package_identification:_identify(.) by extensions ['python_setup_py']
[2.167s] Level 1:colcon.colcon_core.package_identification:_identify(.) by extension 'python_setup_py'
[2.168s] Level 1:colcon.colcon_core.package_identification:_identify(build) by extensions ['ignore', 'ignore_ament_install']
[2.168s] Level 1:colcon.colcon_core.package_identification:_identify(build) by extension 'ignore'
[2.168s] Level 1:colcon.colcon_core.package_identification:_identify(build) ignored
[2.169s] Level 1:colcon.colcon_core.package_identification:_identify(install) by extensions ['ignore', 'ignore_ament_install']
[2.170s] Level 1:colcon.colcon_core.package_identification:_identify(install) by extension 'ignore'
[2.170s] Level 1:colcon.colcon_core.package_identification:_identify(install) ignored
[2.171s] Level 1:colcon.colcon_core.package_identification:_identify(log) by extensions ['ignore', 'ignore_ament_install']
[2.172s] Level 1:colcon.colcon_core.package_identification:_identify(log) by extension 'ignore'
[2.172s] Level 1:colcon.colcon_core.package_identification:_identify(log) ignored
[2.173s] Level 1:colcon.colcon_core.package_identification:_identify(src) by extensions ['ignore', 'ignore_ament_install']
[2.173s] Level 1:colcon.colcon_core.package_identification:_identify(src) by extension 'ignore'
[2.174s] Level 1:colcon.colcon_core.package_identification:_identify(src) by extension 'ignore_ament_install'
[2.174s] Level 1:colcon.colcon_core.package_identification:_identify(src) by extensions ['colcon_pkg']
[2.174s] Level 1:colcon.colcon_core.package_identification:_identify(src) by extension 'colcon_pkg'
[2.174s] Level 1:colcon.colcon_core.package_identification:_identify(src) by extensions ['colcon_meta']
[2.174s] Level 1:colcon.colcon_core.package_identification:_identify(src) by extension 'colcon_meta'
[2.175s] Level 1:colcon.colcon_core.package_identification:_identify(src) by extensions ['ros']
[2.175s] Level 1:colcon.colcon_core.package_identification:_identify(src) by extension 'ros'
[2.175s] Level 1:colcon.colcon_core.package_identification:_identify(src) by extensions ['cmake', 'python']
[2.176s] Level 1:colcon.colcon_core.package_identification:_identify(src) by extension 'cmake'
[2.176s] Level 1:colcon.colcon_core.package_identification:_identify(src) by extension 'python'
[2.176s] Level 1:colcon.colcon_core.package_identification:_identify(src) by extensions ['python_setup_py']
[2.177s] Level 1:colcon.colcon_core.package_identification:_identify(src) by extension 'python_setup_py'
[2.177s] Level 1:colcon.colcon_core.package_identification:_identify(src/Smarte-Systemer---Rover) by extensions ['ignore', 'ignore_ament_install']
[2.178s] Level 1:colcon.colcon_core.package_identification:_identify(src/Smarte-Systemer---Rover) by extension 'ignore'
[2.178s] Level 1:colcon.colcon_core.package_identification:_identify(src/Smarte-Systemer---Rover) by extension 'ignore_ament_install'
[2.179s] Level 1:colcon.colcon_core.package_identification:_identify(src/Smarte-Systemer---Rover) by extensions ['colcon_pkg']
[2.179s] Level 1:colcon.colcon_core.package_identification:_identify(src/Smarte-Systemer---Rover) by extension 'colcon_pkg'
[2.179s] Level 1:colcon.colcon_core.package_identification:_identify(src/Smarte-Systemer---Rover) by extensions ['colcon_meta']
[2.180s] Level 1:colcon.colcon_core.package_identification:_identify(src/Smarte-Systemer---Rover) by extension 'colcon_meta'
[2.180s] Level 1:colcon.colcon_core.package_identification:_identify(src/Smarte-Systemer---Rover) by extensions ['ros']
[2.180s] Level 1:colcon.colcon_core.package_identification:_identify(src/Smarte-Systemer---Rover) by extension 'ros'
[2.181s] Level 1:colcon.colcon_core.package_identification:_identify(src/Smarte-Systemer---Rover) by extensions ['cmake', 'python']
[2.181s] Level 1:colcon.colcon_core.package_identification:_identify(src/Smarte-Systemer---Rover) by extension 'cmake'
[2.181s] Level 1:colcon.colcon_core.package_identification:_identify(src/Smarte-Systemer---Rover) by extension 'python'
[2.182s] Level 1:colcon.colcon_core.package_identification:_identify(src/Smarte-Systemer---Rover) by extensions ['python_setup_py']
[2.182s] Level 1:colcon.colcon_core.package_identification:_identify(src/Smarte-Systemer---Rover) by extension 'python_setup_py'
[2.182s] Level 1:colcon.colcon_core.package_identification:_identify(src/Smarte-Systemer---Rover/build) by extensions ['ignore', 'ignore_ament_install']
[2.183s] Level 1:colcon.colcon_core.package_identification:_identify(src/Smarte-Systemer---Rover/build) by extension 'ignore'
[2.183s] Level 1:colcon.colcon_core.package_identification:_identify(src/Smarte-Systemer---Rover/build) ignored
[2.184s] Level 1:colcon.colcon_core.package_identification:_identify(src/Smarte-Systemer---Rover/hypersonic_micro_bit) by extensions ['ignore', 'ignore_ament_install']
[2.184s] Level 1:colcon.colcon_core.package_identification:_identify(src/Smarte-Systemer---Rover/hypersonic_micro_bit) by extension 'ignore'
[2.185s] Level 1:colcon.colcon_core.package_identification:_identify(src/Smarte-Systemer---Rover/hypersonic_micro_bit) by extension 'ignore_ament_install'
[2.185s] Level 1:colcon.colcon_core.package_identification:_identify(src/Smarte-Systemer---Rover/hypersonic_micro_bit) by extensions ['colcon_pkg']
[2.186s] Level 1:colcon.colcon_core.package_identification:_identify(src/Smarte-Systemer---Rover/hypersonic_micro_bit) by extension 'colcon_pkg'
[2.186s] Level 1:colcon.colcon_core.package_identification:_identify(src/Smarte-Systemer---Rover/hypersonic_micro_bit) by extensions ['colcon_meta']
[2.186s] Level 1:colcon.colcon_core.package_identification:_identify(src/Smarte-Systemer---Rover/hypersonic_micro_bit) by extension 'colcon_meta'
[2.187s] Level 1:colcon.colcon_core.package_identification:_identify(src/Smarte-Systemer---Rover/hypersonic_micro_bit) by extensions ['ros']
[2.187s] Level 1:colcon.colcon_core.package_identification:_identify(src/Smarte-Systemer---Rover/hypersonic_micro_bit) by extension 'ros'
[2.187s] Level 1:colcon.colcon_core.package_identification:_identify(src/Smarte-Systemer---Rover/hypersonic_micro_bit) by extensions ['cmake', 'python']
[2.188s] Level 1:colcon.colcon_core.package_identification:_identify(src/Smarte-Systemer---Rover/hypersonic_micro_bit) by extension 'cmake'
[2.188s] Level 1:colcon.colcon_core.package_identification:_identify(src/Smarte-Systemer---Rover/hypersonic_micro_bit) by extension 'python'
[2.188s] Level 1:colcon.colcon_core.package_identification:_identify(src/Smarte-Systemer---Rover/hypersonic_micro_bit) by extensions ['python_setup_py']
[2.188s] Level 1:colcon.colcon_core.package_identification:_identify(src/Smarte-Systemer---Rover/hypersonic_micro_bit) by extension 'python_setup_py'
[2.189s] Level 1:colcon.colcon_core.package_identification:_identify(src/Smarte-Systemer---Rover/hypersonic_micro_bit/include) by extensions ['ignore', 'ignore_ament_install']
[2.190s] Level 1:colcon.colcon_core.package_identification:_identify(src/Smarte-Systemer---Rover/hypersonic_micro_bit/include) by extension 'ignore'
[2.190s] Level 1:colcon.colcon_core.package_identification:_identify(src/Smarte-Systemer---Rover/hypersonic_micro_bit/include) by extension 'ignore_ament_install'
[2.191s] Level 1:colcon.colcon_core.package_identification:_identify(src/Smarte-Systemer---Rover/hypersonic_micro_bit/include) by extensions ['colcon_pkg']
[2.191s] Level 1:colcon.colcon_core.package_identification:_identify(src/Smarte-Systemer---Rover/hypersonic_micro_bit/include) by extension 'colcon_pkg'
[2.191s] Level 1:colcon.colcon_core.package_identification:_identify(src/Smarte-Systemer---Rover/hypersonic_micro_bit/include) by extensions ['colcon_meta']
[2.192s] Level 1:colcon.colcon_core.package_identification:_identify(src/Smarte-Systemer---Rover/hypersonic_micro_bit/include) by extension 'colcon_meta'
[2.192s] Level 1:colcon.colcon_core.package_identification:_identify(src/Smarte-Systemer---Rover/hypersonic_micro_bit/include) by extensions ['ros']
[2.192s] Level 1:colcon.colcon_core.package_identification:_identify(src/Smarte-Systemer---Rover/hypersonic_micro_bit/include) by extension 'ros'
[2.193s] Level 1:colcon.colcon_core.package_identification:_identify(src/Smarte-Systemer---Rover/hypersonic_micro_bit/include) by extensions ['cmake', 'python']
[2.193s] Level 1:colcon.colcon_core.package_identification:_identify(src/Smarte-Systemer---Rover/hypersonic_micro_bit/include) by extension 'cmake'
[2.193s] Level 1:colcon.colcon_core.package_identification:_identify(src/Smarte-Systemer---Rover/hypersonic_micro_bit/include) by extension 'python'
[2.194s] Level 1:colcon.colcon_core.package_identification:_identify(src/Smarte-Systemer---Rover/hypersonic_micro_bit/include) by extensions ['python_setup_py']
[2.194s] Level 1:colcon.colcon_core.package_identification:_identify(src/Smarte-Systemer---Rover/hypersonic_micro_bit/include) by extension 'python_setup_py'
[2.195s] Level 1:colcon.colcon_core.package_identification:_identify(src/Smarte-Systemer---Rover/hypersonic_micro_bit/include/hardware) by extensions ['ignore', 'ignore_ament_install']
[2.195s] Level 1:colcon.colcon_core.package_identification:_identify(src/Smarte-Systemer---Rover/hypersonic_micro_bit/include/hardware) by extension 'ignore'
[2.196s] Level 1:colcon.colcon_core.package_identification:_identify(src/Smarte-Systemer---Rover/hypersonic_micro_bit/include/hardware) by extension 'ignore_ament_install'
[2.196s] Level 1:colcon.colcon_core.package_identification:_identify(src/Smarte-Systemer---Rover/hypersonic_micro_bit/include/hardware) by extensions ['colcon_pkg']
[2.196s] Level 1:colcon.colcon_core.package_identification:_identify(src/Smarte-Systemer---Rover/hypersonic_micro_bit/include/hardware) by extension 'colcon_pkg'
[2.196s] Level 1:colcon.colcon_core.package_identification:_identify(src/Smarte-Systemer---Rover/hypersonic_micro_bit/include/hardware) by extensions ['colcon_meta']
[2.197s] Level 1:colcon.colcon_core.package_identification:_identify(src/Smarte-Systemer---Rover/hypersonic_micro_bit/include/hardware) by extension 'colcon_meta'
[2.197s] Level 1:colcon.colcon_core.package_identification:_identify(src/Smarte-Systemer---Rover/hypersonic_micro_bit/include/hardware) by extensions ['ros']
[2.197s] Level 1:colcon.colcon_core.package_identification:_identify(src/Smarte-Systemer---Rover/hypersonic_micro_bit/include/hardware) by extension 'ros'
[2.198s] Level 1:colcon.colcon_core.package_identification:_identify(src/Smarte-Systemer---Rover/hypersonic_micro_bit/include/hardware) by extensions ['cmake', 'python']
[2.198s] Level 1:colcon.colcon_core.package_identification:_identify(src/Smarte-Systemer---Rover/hypersonic_micro_bit/include/hardware) by extension 'cmake'
[2.198s] Level 1:colcon.colcon_core.package_identification:_identify(src/Smarte-Systemer---Rover/hypersonic_micro_bit/include/hardware) by extension 'python'
[2.198s] Level 1:colcon.colcon_core.package_identification:_identify(src/Smarte-Systemer---Rover/hypersonic_micro_bit/include/hardware) by extensions ['python_setup_py']
[2.198s] Level 1:colcon.colcon_core.package_identification:_identify(src/Smarte-Systemer---Rover/hypersonic_micro_bit/include/hardware) by extension 'python_setup_py'
[2.199s] Level 1:colcon.colcon_core.package_identification:_identify(src/Smarte-Systemer---Rover/hypersonic_micro_bit/include/logic) by extensions ['ignore', 'ignore_ament_install']
[2.200s] Level 1:colcon.colcon_core.package_identification:_identify(src/Smarte-Systemer---Rover/hypersonic_micro_bit/include/logic) by extension 'ignore'
[2.200s] Level 1:colcon.colcon_core.package_identification:_identify(src/Smarte-Systemer---Rover/hypersonic_micro_bit/include/logic) by extension 'ignore_ament_install'
[2.200s] Level 1:colcon.colcon_core.package_identification:_identify(src/Smarte-Systemer---Rover/hypersonic_micro_bit/include/logic) by extensions ['colcon_pkg']
[2.201s] Level 1:colcon.colcon_core.package_identification:_identify(src/Smarte-Systemer---Rover/hypersonic_micro_bit/include/logic) by extension 'colcon_pkg'
[2.201s] Level 1:colcon.colcon_core.package_identification:_identify(src/Smarte-Systemer---Rover/hypersonic_micro_bit/include/logic) by extensions ['colcon_meta']
[2.201s] Level 1:colcon.colcon_core.package_identification:_identify(src/Smarte-Systemer---Rover/hypersonic_micro_bit/include/logic) by extension 'colcon_meta'
[2.201s] Level 1:colcon.colcon_core.package_identification:_identify(src/Smarte-Systemer---Rover/hypersonic_micro_bit/include/logic) by extensions ['ros']
[2.202s] Level 1:colcon.colcon_core.package_identification:_identify(src/Smarte-Systemer---Rover/hypersonic_micro_bit/include/logic) by extension 'ros'
[2.202s] Level 1:colcon.colcon_core.package_identification:_identify(src/Smarte-Systemer---Rover/hypersonic_micro_bit/include/logic) by extensions ['cmake', 'python']
[2.203s] Level 1:colcon.colcon_core.package_identification:_identify(src/Smarte-Systemer---Rover/hypersonic_micro_bit/include/logic) by extension 'cmake'
[2.203s] Level 1:colcon.colcon_core.package_identification:_identify(src/Smarte-Systemer---Rover/hypersonic_micro_bit/include/logic) by extension 'python'
[2.203s] Level 1:colcon.colcon_core.package_identification:_identify(src/Smarte-Systemer---Rover/hypersonic_micro_bit/include/logic) by extensions ['python_setup_py']
[2.203s] Level 1:colcon.colcon_core.package_identification:_identify(src/Smarte-Systemer---Rover/hypersonic_micro_bit/include/logic) by extension 'python_setup_py'
[2.204s] Level 1:colcon.colcon_core.package_identification:_identify(src/Smarte-Systemer---Rover/hypersonic_micro_bit/lib) by extensions ['ignore', 'ignore_ament_install']
[2.205s] Level 1:colcon.colcon_core.package_identification:_identify(src/Smarte-Systemer---Rover/hypersonic_micro_bit/lib) by extension 'ignore'
[2.207s] Level 1:colcon.colcon_core.package_identification:_identify(src/Smarte-Systemer---Rover/hypersonic_micro_bit/lib) by extension 'ignore_ament_install'
[2.208s] Level 1:colcon.colcon_core.package_identification:_identify(src/Smarte-Systemer---Rover/hypersonic_micro_bit/lib) by extensions ['colcon_pkg']
[2.209s] Level 1:colcon.colcon_core.package_identification:_identify(src/Smarte-Systemer---Rover/hypersonic_micro_bit/lib) by extension 'colcon_pkg'
[2.210s] Level 1:colcon.colcon_core.package_identification:_identify(src/Smarte-Systemer---Rover/hypersonic_micro_bit/lib) by extensions ['colcon_meta']
[2.211s] Level 1:colcon.colcon_core.package_identification:_identify(src/Smarte-Systemer---Rover/hypersonic_micro_bit/lib) by extension 'colcon_meta'
[2.212s] Level 1:colcon.colcon_core.package_identification:_identify(src/Smarte-Systemer---Rover/hypersonic_micro_bit/lib) by extensions ['ros']
[2.213s] Level 1:colcon.colcon_core.package_identification:_identify(src/Smarte-Systemer---Rover/hypersonic_micro_bit/lib) by extension 'ros'
[2.215s] Level 1:colcon.colcon_core.package_identification:_identify(src/Smarte-Systemer---Rover/hypersonic_micro_bit/lib) by extensions ['cmake', 'python']
[2.215s] Level 1:colcon.colcon_core.package_identification:_identify(src/Smarte-Systemer---Rover/hypersonic_micro_bit/lib) by extension 'cmake'
[2.216s] Level 1:colcon.colcon_core.package_identification:_identify(src/Smarte-Systemer---Rover/hypersonic_micro_bit/lib) by extension 'python'
[2.216s] Level 1:colcon.colcon_core.package_identification:_identify(src/Smarte-Systemer---Rover/hypersonic_micro_bit/lib) by extensions ['python_setup_py']
[2.216s] Level 1:colcon.colcon_core.package_identification:_identify(src/Smarte-Systemer---Rover/hypersonic_micro_bit/lib) by extension 'python_setup_py'
[2.217s] Level 1:colcon.colcon_core.package_identification:_identify(src/Smarte-Systemer---Rover/hypersonic_micro_bit/src) by extensions ['ignore', 'ignore_ament_install']
[2.218s] Level 1:colcon.colcon_core.package_identification:_identify(src/Smarte-Systemer---Rover/hypersonic_micro_bit/src) by extension 'ignore'
[2.218s] Level 1:colcon.colcon_core.package_identification:_identify(src/Smarte-Systemer---Rover/hypersonic_micro_bit/src) by extension 'ignore_ament_install'
[2.218s] Level 1:colcon.colcon_core.package_identification:_identify(src/Smarte-Systemer---Rover/hypersonic_micro_bit/src) by extensions ['colcon_pkg']
[2.219s] Level 1:colcon.colcon_core.package_identification:_identify(src/Smarte-Systemer---Rover/hypersonic_micro_bit/src) by extension 'colcon_pkg'
[2.219s] Level 1:colcon.colcon_core.package_identification:_identify(src/Smarte-Systemer---Rover/hypersonic_micro_bit/src) by extensions ['colcon_meta']
[2.219s] Level 1:colcon.colcon_core.package_identification:_identify(src/Smarte-Systemer---Rover/hypersonic_micro_bit/src) by extension 'colcon_meta'
[2.220s] Level 1:colcon.colcon_core.package_identification:_identify(src/Smarte-Systemer---Rover/hypersonic_micro_bit/src) by extensions ['ros']
[2.220s] Level 1:colcon.colcon_core.package_identification:_identify(src/Smarte-Systemer---Rover/hypersonic_micro_bit/src) by extension 'ros'
[2.220s] Level 1:colcon.colcon_core.package_identification:_identify(src/Smarte-Systemer---Rover/hypersonic_micro_bit/src) by extensions ['cmake', 'python']
[2.221s] Level 1:colcon.colcon_core.package_identification:_identify(src/Smarte-Systemer---Rover/hypersonic_micro_bit/src) by extension 'cmake'
[2.221s] Level 1:colcon.colcon_core.package_identification:_identify(src/Smarte-Systemer---Rover/hypersonic_micro_bit/src) by extension 'python'
[2.221s] Level 1:colcon.colcon_core.package_identification:_identify(src/Smarte-Systemer---Rover/hypersonic_micro_bit/src) by extensions ['python_setup_py']
[2.221s] Level 1:colcon.colcon_core.package_identification:_identify(src/Smarte-Systemer---Rover/hypersonic_micro_bit/src) by extension 'python_setup_py'
[2.222s] Level 1:colcon.colcon_core.package_identification:_identify(src/Smarte-Systemer---Rover/hypersonic_micro_bit/src/hardware) by extensions ['ignore', 'ignore_ament_install']
[2.223s] Level 1:colcon.colcon_core.package_identification:_identify(src/Smarte-Systemer---Rover/hypersonic_micro_bit/src/hardware) by extension 'ignore'
[2.223s] Level 1:colcon.colcon_core.package_identification:_identify(src/Smarte-Systemer---Rover/hypersonic_micro_bit/src/hardware) by extension 'ignore_ament_install'
[2.223s] Level 1:colcon.colcon_core.package_identification:_identify(src/Smarte-Systemer---Rover/hypersonic_micro_bit/src/hardware) by extensions ['colcon_pkg']
[2.223s] Level 1:colcon.colcon_core.package_identification:_identify(src/Smarte-Systemer---Rover/hypersonic_micro_bit/src/hardware) by extension 'colcon_pkg'
[2.224s] Level 1:colcon.colcon_core.package_identification:_identify(src/Smarte-Systemer---Rover/hypersonic_micro_bit/src/hardware) by extensions ['colcon_meta']
[2.224s] Level 1:colcon.colcon_core.package_identification:_identify(src/Smarte-Systemer---Rover/hypersonic_micro_bit/src/hardware) by extension 'colcon_meta'
[2.225s] Level 1:colcon.colcon_core.package_identification:_identify(src/Smarte-Systemer---Rover/hypersonic_micro_bit/src/hardware) by extensions ['ros']
[2.226s] Level 1:colcon.colcon_core.package_identification:_identify(src/Smarte-Systemer---Rover/hypersonic_micro_bit/src/hardware) by extension 'ros'
[2.227s] Level 1:colcon.colcon_core.package_identification:_identify(src/Smarte-Systemer---Rover/hypersonic_micro_bit/src/hardware) by extensions ['cmake', 'python']
[2.228s] Level 1:colcon.colcon_core.package_identification:_identify(src/Smarte-Systemer---Rover/hypersonic_micro_bit/src/hardware) by extension 'cmake'
[2.229s] Level 1:colcon.colcon_core.package_identification:_identify(src/Smarte-Systemer---Rover/hypersonic_micro_bit/src/hardware) by extension 'python'
[2.229s] Level 1:colcon.colcon_core.package_identification:_identify(src/Smarte-Systemer---Rover/hypersonic_micro_bit/src/hardware) by extensions ['python_setup_py']
[2.230s] Level 1:colcon.colcon_core.package_identification:_identify(src/Smarte-Systemer---Rover/hypersonic_micro_bit/src/hardware) by extension 'python_setup_py'
[2.231s] Level 1:colcon.colcon_core.package_identification:_identify(src/Smarte-Systemer---Rover/hypersonic_micro_bit/test) by extensions ['ignore', 'ignore_ament_install']
[2.231s] Level 1:colcon.colcon_core.package_identification:_identify(src/Smarte-Systemer---Rover/hypersonic_micro_bit/test) by extension 'ignore'
[2.232s] Level 1:colcon.colcon_core.package_identification:_identify(src/Smarte-Systemer---Rover/hypersonic_micro_bit/test) by extension 'ignore_ament_install'
[2.233s] Level 1:colcon.colcon_core.package_identification:_identify(src/Smarte-Systemer---Rover/hypersonic_micro_bit/test) by extensions ['colcon_pkg']
[2.233s] Level 1:colcon.colcon_core.package_identification:_identify(src/Smarte-Systemer---Rover/hypersonic_micro_bit/test) by extension 'colcon_pkg'
[2.234s] Level 1:colcon.colcon_core.package_identification:_identify(src/Smarte-Systemer---Rover/hypersonic_micro_bit/test) by extensions ['colcon_meta']
[2.234s] Level 1:colcon.colcon_core.package_identification:_identify(src/Smarte-Systemer---Rover/hypersonic_micro_bit/test) by extension 'colcon_meta'
[2.234s] Level 1:colcon.colcon_core.package_identification:_identify(src/Smarte-Systemer---Rover/hypersonic_micro_bit/test) by extensions ['ros']
[2.235s] Level 1:colcon.colcon_core.package_identification:_identify(src/Smarte-Systemer---Rover/hypersonic_micro_bit/test) by extension 'ros'
[2.236s] Level 1:colcon.colcon_core.package_identification:_identify(src/Smarte-Systemer---Rover/hypersonic_micro_bit/test) by extensions ['cmake', 'python']
[2.237s] Level 1:colcon.colcon_core.package_identification:_identify(src/Smarte-Systemer---Rover/hypersonic_micro_bit/test) by extension 'cmake'
[2.237s] Level 1:colcon.colcon_core.package_identification:_identify(src/Smarte-Systemer---Rover/hypersonic_micro_bit/test) by extension 'python'
[2.238s] Level 1:colcon.colcon_core.package_identification:_identify(src/Smarte-Systemer---Rover/hypersonic_micro_bit/test) by extensions ['python_setup_py']
[2.239s] Level 1:colcon.colcon_core.package_identification:_identify(src/Smarte-Systemer---Rover/hypersonic_micro_bit/test) by extension 'python_setup_py'
[2.240s] Level 1:colcon.colcon_core.package_identification:_identify(src/Smarte-Systemer---Rover/install) by extensions ['ignore', 'ignore_ament_install']
[2.240s] Level 1:colcon.colcon_core.package_identification:_identify(src/Smarte-Systemer---Rover/install) by extension 'ignore'
[2.240s] Level 1:colcon.colcon_core.package_identification:_identify(src/Smarte-Systemer---Rover/install) ignored
[2.241s] Level 1:colcon.colcon_core.package_identification:_identify(src/Smarte-Systemer---Rover/log) by extensions ['ignore', 'ignore_ament_install']
[2.242s] Level 1:colcon.colcon_core.package_identification:_identify(src/Smarte-Systemer---Rover/log) by extension 'ignore'
[2.242s] Level 1:colcon.colcon_core.package_identification:_identify(src/Smarte-Systemer---Rover/log) ignored
[2.243s] Level 1:colcon.colcon_core.package_identification:_identify(src/Smarte-Systemer---Rover/min_sens_best_practice) by extensions ['ignore', 'ignore_ament_install']
[2.244s] Level 1:colcon.colcon_core.package_identification:_identify(src/Smarte-Systemer---Rover/min_sens_best_practice) by extension 'ignore'
[2.244s] Level 1:colcon.colcon_core.package_identification:_identify(src/Smarte-Systemer---Rover/min_sens_best_practice) by extension 'ignore_ament_install'
[2.245s] Level 1:colcon.colcon_core.package_identification:_identify(src/Smarte-Systemer---Rover/min_sens_best_practice) by extensions ['colcon_pkg']
[2.245s] Level 1:colcon.colcon_core.package_identification:_identify(src/Smarte-Systemer---Rover/min_sens_best_practice) by extension 'colcon_pkg'
[2.245s] Level 1:colcon.colcon_core.package_identification:_identify(src/Smarte-Systemer---Rover/min_sens_best_practice) by extensions ['colcon_meta']
[2.245s] Level 1:colcon.colcon_core.package_identification:_identify(src/Smarte-Systemer---Rover/min_sens_best_practice) by extension 'colcon_meta'
[2.245s] Level 1:colcon.colcon_core.package_identification:_identify(src/Smarte-Systemer---Rover/min_sens_best_practice) by extensions ['ros']
[2.245s] Level 1:colcon.colcon_core.package_identification:_identify(src/Smarte-Systemer---Rover/min_sens_best_practice) by extension 'ros'
[2.246s] Level 1:colcon.colcon_core.package_identification:_identify(src/Smarte-Systemer---Rover/min_sens_best_practice) by extensions ['cmake', 'python']
[2.246s] Level 1:colcon.colcon_core.package_identification:_identify(src/Smarte-Systemer---Rover/min_sens_best_practice) by extension 'cmake'
[2.246s] Level 1:colcon.colcon_core.package_identification:_identify(src/Smarte-Systemer---Rover/min_sens_best_practice) by extension 'python'
[2.247s] Level 1:colcon.colcon_core.package_identification:_identify(src/Smarte-Systemer---Rover/min_sens_best_practice) by extensions ['python_setup_py']
[2.247s] Level 1:colcon.colcon_core.package_identification:_identify(src/Smarte-Systemer---Rover/min_sens_best_practice) by extension 'python_setup_py'
[2.248s] Level 1:colcon.colcon_core.package_identification:_identify(src/Smarte-Systemer---Rover/min_sens_best_practice/include) by extensions ['ignore', 'ignore_ament_install']
[2.248s] Level 1:colcon.colcon_core.package_identification:_identify(src/Smarte-Systemer---Rover/min_sens_best_practice/include) by extension 'ignore'
[2.248s] Level 1:colcon.colcon_core.package_identification:_identify(src/Smarte-Systemer---Rover/min_sens_best_practice/include) by extension 'ignore_ament_install'
[2.249s] Level 1:colcon.colcon_core.package_identification:_identify(src/Smarte-Systemer---Rover/min_sens_best_practice/include) by extensions ['colcon_pkg']
[2.249s] Level 1:colcon.colcon_core.package_identification:_identify(src/Smarte-Systemer---Rover/min_sens_best_practice/include) by extension 'colcon_pkg'
[2.249s] Level 1:colcon.colcon_core.package_identification:_identify(src/Smarte-Systemer---Rover/min_sens_best_practice/include) by extensions ['colcon_meta']
[2.249s] Level 1:colcon.colcon_core.package_identification:_identify(src/Smarte-Systemer---Rover/min_sens_best_practice/include) by extension 'colcon_meta'
[2.250s] Level 1:colcon.colcon_core.package_identification:_identify(src/Smarte-Systemer---Rover/min_sens_best_practice/include) by extensions ['ros']
[2.250s] Level 1:colcon.colcon_core.package_identification:_identify(src/Smarte-Systemer---Rover/min_sens_best_practice/include) by extension 'ros'
[2.251s] Level 1:colcon.colcon_core.package_identification:_identify(src/Smarte-Systemer---Rover/min_sens_best_practice/include) by extensions ['cmake', 'python']
[2.251s] Level 1:colcon.colcon_core.package_identification:_identify(src/Smarte-Systemer---Rover/min_sens_best_practice/include) by extension 'cmake'
[2.251s] Level 1:colcon.colcon_core.package_identification:_identify(src/Smarte-Systemer---Rover/min_sens_best_practice/include) by extension 'python'
[2.252s] Level 1:colcon.colcon_core.package_identification:_identify(src/Smarte-Systemer---Rover/min_sens_best_practice/include) by extensions ['python_setup_py']
[2.252s] Level 1:colcon.colcon_core.package_identification:_identify(src/Smarte-Systemer---Rover/min_sens_best_practice/include) by extension 'python_setup_py'
[2.253s] Level 1:colcon.colcon_core.package_identification:_identify(src/Smarte-Systemer---Rover/min_sens_best_practice/lib) by extensions ['ignore', 'ignore_ament_install']
[2.253s] Level 1:colcon.colcon_core.package_identification:_identify(src/Smarte-Systemer---Rover/min_sens_best_practice/lib) by extension 'ignore'
[2.254s] Level 1:colcon.colcon_core.package_identification:_identify(src/Smarte-Systemer---Rover/min_sens_best_practice/lib) by extension 'ignore_ament_install'
[2.254s] Level 1:colcon.colcon_core.package_identification:_identify(src/Smarte-Systemer---Rover/min_sens_best_practice/lib) by extensions ['colcon_pkg']
[2.254s] Level 1:colcon.colcon_core.package_identification:_identify(src/Smarte-Systemer---Rover/min_sens_best_practice/lib) by extension 'colcon_pkg'
[2.254s] Level 1:colcon.colcon_core.package_identification:_identify(src/Smarte-Systemer---Rover/min_sens_best_practice/lib) by extensions ['colcon_meta']
[2.255s] Level 1:colcon.colcon_core.package_identification:_identify(src/Smarte-Systemer---Rover/min_sens_best_practice/lib) by extension 'colcon_meta'
[2.255s] Level 1:colcon.colcon_core.package_identification:_identify(src/Smarte-Systemer---Rover/min_sens_best_practice/lib) by extensions ['ros']
[2.255s] Level 1:colcon.colcon_core.package_identification:_identify(src/Smarte-Systemer---Rover/min_sens_best_practice/lib) by extension 'ros'
[2.256s] Level 1:colcon.colcon_core.package_identification:_identify(src/Smarte-Systemer---Rover/min_sens_best_practice/lib) by extensions ['cmake', 'python']
[2.256s] Level 1:colcon.colcon_core.package_identification:_identify(src/Smarte-Systemer---Rover/min_sens_best_practice/lib) by extension 'cmake'
[2.256s] Level 1:colcon.colcon_core.package_identification:_identify(src/Smarte-Systemer---Rover/min_sens_best_practice/lib) by extension 'python'
[2.256s] Level 1:colcon.colcon_core.package_identification:_identify(src/Smarte-Systemer---Rover/min_sens_best_practice/lib) by extensions ['python_setup_py']
[2.256s] Level 1:colcon.colcon_core.package_identification:_identify(src/Smarte-Systemer---Rover/min_sens_best_practice/lib) by extension 'python_setup_py'
[2.257s] Level 1:colcon.colcon_core.package_identification:_identify(src/Smarte-Systemer---Rover/min_sens_best_practice/src) by extensions ['ignore', 'ignore_ament_install']
[2.258s] Level 1:colcon.colcon_core.package_identification:_identify(src/Smarte-Systemer---Rover/min_sens_best_practice/src) by extension 'ignore'
[2.258s] Level 1:colcon.colcon_core.package_identification:_identify(src/Smarte-Systemer---Rover/min_sens_best_practice/src) by extension 'ignore_ament_install'
[2.258s] Level 1:colcon.colcon_core.package_identification:_identify(src/Smarte-Systemer---Rover/min_sens_best_practice/src) by extensions ['colcon_pkg']
[2.258s] Level 1:colcon.colcon_core.package_identification:_identify(src/Smarte-Systemer---Rover/min_sens_best_practice/src) by extension 'colcon_pkg'
[2.259s] Level 1:colcon.colcon_core.package_identification:_identify(src/Smarte-Systemer---Rover/min_sens_best_practice/src) by extensions ['colcon_meta']
[2.259s] Level 1:colcon.colcon_core.package_identification:_identify(src/Smarte-Systemer---Rover/min_sens_best_practice/src) by extension 'colcon_meta'
[2.259s] Level 1:colcon.colcon_core.package_identification:_identify(src/Smarte-Systemer---Rover/min_sens_best_practice/src) by extensions ['ros']
[2.259s] Level 1:colcon.colcon_core.package_identification:_identify(src/Smarte-Systemer---Rover/min_sens_best_practice/src) by extension 'ros'
[2.260s] Level 1:colcon.colcon_core.package_identification:_identify(src/Smarte-Systemer---Rover/min_sens_best_practice/src) by extensions ['cmake', 'python']
[2.260s] Level 1:colcon.colcon_core.package_identification:_identify(src/Smarte-Systemer---Rover/min_sens_best_practice/src) by extension 'cmake'
[2.260s] Level 1:colcon.colcon_core.package_identification:_identify(src/Smarte-Systemer---Rover/min_sens_best_practice/src) by extension 'python'
[2.261s] Level 1:colcon.colcon_core.package_identification:_identify(src/Smarte-Systemer---Rover/min_sens_best_practice/src) by extensions ['python_setup_py']
[2.261s] Level 1:colcon.colcon_core.package_identification:_identify(src/Smarte-Systemer---Rover/min_sens_best_practice/src) by extension 'python_setup_py'
[2.262s] Level 1:colcon.colcon_core.package_identification:_identify(src/Smarte-Systemer---Rover/min_sens_best_practice/src/actuators) by extensions ['ignore', 'ignore_ament_install']
[2.262s] Level 1:colcon.colcon_core.package_identification:_identify(src/Smarte-Systemer---Rover/min_sens_best_practice/src/actuators) by extension 'ignore'
[2.263s] Level 1:colcon.colcon_core.package_identification:_identify(src/Smarte-Systemer---Rover/min_sens_best_practice/src/actuators) by extension 'ignore_ament_install'
[2.263s] Level 1:colcon.colcon_core.package_identification:_identify(src/Smarte-Systemer---Rover/min_sens_best_practice/src/actuators) by extensions ['colcon_pkg']
[2.263s] Level 1:colcon.colcon_core.package_identification:_identify(src/Smarte-Systemer---Rover/min_sens_best_practice/src/actuators) by extension 'colcon_pkg'
[2.264s] Level 1:colcon.colcon_core.package_identification:_identify(src/Smarte-Systemer---Rover/min_sens_best_practice/src/actuators) by extensions ['colcon_meta']
[2.264s] Level 1:colcon.colcon_core.package_identification:_identify(src/Smarte-Systemer---Rover/min_sens_best_practice/src/actuators) by extension 'colcon_meta'
[2.264s] Level 1:colcon.colcon_core.package_identification:_identify(src/Smarte-Systemer---Rover/min_sens_best_practice/src/actuators) by extensions ['ros']
[2.264s] Level 1:colcon.colcon_core.package_identification:_identify(src/Smarte-Systemer---Rover/min_sens_best_practice/src/actuators) by extension 'ros'
[2.265s] Level 1:colcon.colcon_core.package_identification:_identify(src/Smarte-Systemer---Rover/min_sens_best_practice/src/actuators) by extensions ['cmake', 'python']
[2.265s] Level 1:colcon.colcon_core.package_identification:_identify(src/Smarte-Systemer---Rover/min_sens_best_practice/src/actuators) by extension 'cmake'
[2.265s] Level 1:colcon.colcon_core.package_identification:_identify(src/Smarte-Systemer---Rover/min_sens_best_practice/src/actuators) by extension 'python'
[2.266s] Level 1:colcon.colcon_core.package_identification:_identify(src/Smarte-Systemer---Rover/min_sens_best_practice/src/actuators) by extensions ['python_setup_py']
[2.266s] Level 1:colcon.colcon_core.package_identification:_identify(src/Smarte-Systemer---Rover/min_sens_best_practice/src/actuators) by extension 'python_setup_py'
[2.267s] Level 1:colcon.colcon_core.package_identification:_identify(src/Smarte-Systemer---Rover/min_sens_best_practice/src/controller) by extensions ['ignore', 'ignore_ament_install']
[2.267s] Level 1:colcon.colcon_core.package_identification:_identify(src/Smarte-Systemer---Rover/min_sens_best_practice/src/controller) by extension 'ignore'
[2.267s] Level 1:colcon.colcon_core.package_identification:_identify(src/Smarte-Systemer---Rover/min_sens_best_practice/src/controller) by extension 'ignore_ament_install'
[2.268s] Level 1:colcon.colcon_core.package_identification:_identify(src/Smarte-Systemer---Rover/min_sens_best_practice/src/controller) by extensions ['colcon_pkg']
[2.268s] Level 1:colcon.colcon_core.package_identification:_identify(src/Smarte-Systemer---Rover/min_sens_best_practice/src/controller) by extension 'colcon_pkg'
[2.268s] Level 1:colcon.colcon_core.package_identification:_identify(src/Smarte-Systemer---Rover/min_sens_best_practice/src/controller) by extensions ['colcon_meta']
[2.268s] Level 1:colcon.colcon_core.package_identification:_identify(src/Smarte-Systemer---Rover/min_sens_best_practice/src/controller) by extension 'colcon_meta'
[2.269s] Level 1:colcon.colcon_core.package_identification:_identify(src/Smarte-Systemer---Rover/min_sens_best_practice/src/controller) by extensions ['ros']
[2.269s] Level 1:colcon.colcon_core.package_identification:_identify(src/Smarte-Systemer---Rover/min_sens_best_practice/src/controller) by extension 'ros'
[2.270s] Level 1:colcon.colcon_core.package_identification:_identify(src/Smarte-Systemer---Rover/min_sens_best_practice/src/controller) by extensions ['cmake', 'python']
[2.270s] Level 1:colcon.colcon_core.package_identification:_identify(src/Smarte-Systemer---Rover/min_sens_best_practice/src/controller) by extension 'cmake'
[2.270s] Level 1:colcon.colcon_core.package_identification:_identify(src/Smarte-Systemer---Rover/min_sens_best_practice/src/controller) by extension 'python'
[2.270s] Level 1:colcon.colcon_core.package_identification:_identify(src/Smarte-Systemer---Rover/min_sens_best_practice/src/controller) by extensions ['python_setup_py']
[2.271s] Level 1:colcon.colcon_core.package_identification:_identify(src/Smarte-Systemer---Rover/min_sens_best_practice/src/controller) by extension 'python_setup_py'
[2.272s] Level 1:colcon.colcon_core.package_identification:_identify(src/Smarte-Systemer---Rover/min_sens_best_practice/src/sensors) by extensions ['ignore', 'ignore_ament_install']
[2.272s] Level 1:colcon.colcon_core.package_identification:_identify(src/Smarte-Systemer---Rover/min_sens_best_practice/src/sensors) by extension 'ignore'
[2.273s] Level 1:colcon.colcon_core.package_identification:_identify(src/Smarte-Systemer---Rover/min_sens_best_practice/src/sensors) by extension 'ignore_ament_install'
[2.273s] Level 1:colcon.colcon_core.package_identification:_identify(src/Smarte-Systemer---Rover/min_sens_best_practice/src/sensors) by extensions ['colcon_pkg']
[2.274s] Level 1:colcon.colcon_core.package_identification:_identify(src/Smarte-Systemer---Rover/min_sens_best_practice/src/sensors) by extension 'colcon_pkg'
[2.274s] Level 1:colcon.colcon_core.package_identification:_identify(src/Smarte-Systemer---Rover/min_sens_best_practice/src/sensors) by extensions ['colcon_meta']
[2.275s] Level 1:colcon.colcon_core.package_identification:_identify(src/Smarte-Systemer---Rover/min_sens_best_practice/src/sensors) by extension 'colcon_meta'
[2.276s] Level 1:colcon.colcon_core.package_identification:_identify(src/Smarte-Systemer---Rover/min_sens_best_practice/src/sensors) by extensions ['ros']
[2.277s] Level 1:colcon.colcon_core.package_identification:_identify(src/Smarte-Systemer---Rover/min_sens_best_practice/src/sensors) by extension 'ros'
[2.278s] Level 1:colcon.colcon_core.package_identification:_identify(src/Smarte-Systemer---Rover/min_sens_best_practice/src/sensors) by extensions ['cmake', 'python']
[2.278s] Level 1:colcon.colcon_core.package_identification:_identify(src/Smarte-Systemer---Rover/min_sens_best_practice/src/sensors) by extension 'cmake'
[2.279s] Level 1:colcon.colcon_core.package_identification:_identify(src/Smarte-Systemer---Rover/min_sens_best_practice/src/sensors) by extension 'python'
[2.280s] Level 1:colcon.colcon_core.package_identification:_identify(src/Smarte-Systemer---Rover/min_sens_best_practice/src/sensors) by extensions ['python_setup_py']
[2.280s] Level 1:colcon.colcon_core.package_identification:_identify(src/Smarte-Systemer---Rover/min_sens_best_practice/src/sensors) by extension 'python_setup_py'
[2.281s] Level 1:colcon.colcon_core.package_identification:_identify(src/Smarte-Systemer---Rover/min_sens_best_practice/test) by extensions ['ignore', 'ignore_ament_install']
[2.282s] Level 1:colcon.colcon_core.package_identification:_identify(src/Smarte-Systemer---Rover/min_sens_best_practice/test) by extension 'ignore'
[2.282s] Level 1:colcon.colcon_core.package_identification:_identify(src/Smarte-Systemer---Rover/min_sens_best_practice/test) by extension 'ignore_ament_install'
[2.287s] Level 1:colcon.colcon_core.package_identification:_identify(src/Smarte-Systemer---Rover/min_sens_best_practice/test) by extensions ['colcon_pkg']
[2.287s] Level 1:colcon.colcon_core.package_identification:_identify(src/Smarte-Systemer---Rover/min_sens_best_practice/test) by extension 'colcon_pkg'
[2.290s] Level 1:colcon.colcon_core.package_identification:_identify(src/Smarte-Systemer---Rover/min_sens_best_practice/test) by extensions ['colcon_meta']
[2.291s] Level 1:colcon.colcon_core.package_identification:_identify(src/Smarte-Systemer---Rover/min_sens_best_practice/test) by extension 'colcon_meta'
[2.291s] Level 1:colcon.colcon_core.package_identification:_identify(src/Smarte-Systemer---Rover/min_sens_best_practice/test) by extensions ['ros']
[2.291s] Level 1:colcon.colcon_core.package_identification:_identify(src/Smarte-Systemer---Rover/min_sens_best_practice/test) by extension 'ros'
[2.292s] Level 1:colcon.colcon_core.package_identification:_identify(src/Smarte-Systemer---Rover/min_sens_best_practice/test) by extensions ['cmake', 'python']
[2.292s] Level 1:colcon.colcon_core.package_identification:_identify(src/Smarte-Systemer---Rover/min_sens_best_practice/test) by extension 'cmake'
[2.292s] Level 1:colcon.colcon_core.package_identification:_identify(src/Smarte-Systemer---Rover/min_sens_best_practice/test) by extension 'python'
[2.293s] Level 1:colcon.colcon_core.package_identification:_identify(src/Smarte-Systemer---Rover/min_sens_best_practice/test) by extensions ['python_setup_py']
[2.293s] Level 1:colcon.colcon_core.package_identification:_identify(src/Smarte-Systemer---Rover/min_sens_best_practice/test) by extension 'python_setup_py'
[2.293s] Level 1:colcon.colcon_core.package_identification:_identify(src/Smarte-Systemer---Rover/sensorer_arduino_best_practice) by extensions ['ignore', 'ignore_ament_install']
[2.294s] Level 1:colcon.colcon_core.package_identification:_identify(src/Smarte-Systemer---Rover/sensorer_arduino_best_practice) by extension 'ignore'
[2.294s] Level 1:colcon.colcon_core.package_identification:_identify(src/Smarte-Systemer---Rover/sensorer_arduino_best_practice) by extension 'ignore_ament_install'
[2.295s] Level 1:colcon.colcon_core.package_identification:_identify(src/Smarte-Systemer---Rover/sensorer_arduino_best_practice) by extensions ['colcon_pkg']
[2.295s] Level 1:colcon.colcon_core.package_identification:_identify(src/Smarte-Systemer---Rover/sensorer_arduino_best_practice) by extension 'colcon_pkg'
[2.295s] Level 1:colcon.colcon_core.package_identification:_identify(src/Smarte-Systemer---Rover/sensorer_arduino_best_practice) by extensions ['colcon_meta']
[2.295s] Level 1:colcon.colcon_core.package_identification:_identify(src/Smarte-Systemer---Rover/sensorer_arduino_best_practice) by extension 'colcon_meta'
[2.296s] Level 1:colcon.colcon_core.package_identification:_identify(src/Smarte-Systemer---Rover/sensorer_arduino_best_practice) by extensions ['ros']
[2.296s] Level 1:colcon.colcon_core.package_identification:_identify(src/Smarte-Systemer---Rover/sensorer_arduino_best_practice) by extension 'ros'
[2.297s] Level 1:colcon.colcon_core.package_identification:_identify(src/Smarte-Systemer---Rover/sensorer_arduino_best_practice) by extensions ['cmake', 'python']
[2.297s] Level 1:colcon.colcon_core.package_identification:_identify(src/Smarte-Systemer---Rover/sensorer_arduino_best_practice) by extension 'cmake'
[2.297s] Level 1:colcon.colcon_core.package_identification:_identify(src/Smarte-Systemer---Rover/sensorer_arduino_best_practice) by extension 'python'
[2.298s] Level 1:colcon.colcon_core.package_identification:_identify(src/Smarte-Systemer---Rover/sensorer_arduino_best_practice) by extensions ['python_setup_py']
[2.298s] Level 1:colcon.colcon_core.package_identification:_identify(src/Smarte-Systemer---Rover/sensorer_arduino_best_practice) by extension 'python_setup_py'
[2.299s] Level 1:colcon.colcon_core.package_identification:_identify(src/Smarte-Systemer---Rover/sensorer_arduino_best_practice/include) by extensions ['ignore', 'ignore_ament_install']
[2.299s] Level 1:colcon.colcon_core.package_identification:_identify(src/Smarte-Systemer---Rover/sensorer_arduino_best_practice/include) by extension 'ignore'
[2.300s] Level 1:colcon.colcon_core.package_identification:_identify(src/Smarte-Systemer---Rover/sensorer_arduino_best_practice/include) by extension 'ignore_ament_install'
[2.300s] Level 1:colcon.colcon_core.package_identification:_identify(src/Smarte-Systemer---Rover/sensorer_arduino_best_practice/include) by extensions ['colcon_pkg']
[2.301s] Level 1:colcon.colcon_core.package_identification:_identify(src/Smarte-Systemer---Rover/sensorer_arduino_best_practice/include) by extension 'colcon_pkg'
[2.301s] Level 1:colcon.colcon_core.package_identification:_identify(src/Smarte-Systemer---Rover/sensorer_arduino_best_practice/include) by extensions ['colcon_meta']
[2.301s] Level 1:colcon.colcon_core.package_identification:_identify(src/Smarte-Systemer---Rover/sensorer_arduino_best_practice/include) by extension 'colcon_meta'
[2.302s] Level 1:colcon.colcon_core.package_identification:_identify(src/Smarte-Systemer---Rover/sensorer_arduino_best_practice/include) by extensions ['ros']
[2.302s] Level 1:colcon.colcon_core.package_identification:_identify(src/Smarte-Systemer---Rover/sensorer_arduino_best_practice/include) by extension 'ros'
[2.303s] Level 1:colcon.colcon_core.package_identification:_identify(src/Smarte-Systemer---Rover/sensorer_arduino_best_practice/include) by extensions ['cmake', 'python']
[2.303s] Level 1:colcon.colcon_core.package_identification:_identify(src/Smarte-Systemer---Rover/sensorer_arduino_best_practice/include) by extension 'cmake'
[2.303s] Level 1:colcon.colcon_core.package_identification:_identify(src/Smarte-Systemer---Rover/sensorer_arduino_best_practice/include) by extension 'python'
[2.304s] Level 1:colcon.colcon_core.package_identification:_identify(src/Smarte-Systemer---Rover/sensorer_arduino_best_practice/include) by extensions ['python_setup_py']
[2.304s] Level 1:colcon.colcon_core.package_identification:_identify(src/Smarte-Systemer---Rover/sensorer_arduino_best_practice/include) by extension 'python_setup_py'
[2.305s] Level 1:colcon.colcon_core.package_identification:_identify(src/Smarte-Systemer---Rover/sensorer_arduino_best_practice/lib) by extensions ['ignore', 'ignore_ament_install']
[2.305s] Level 1:colcon.colcon_core.package_identification:_identify(src/Smarte-Systemer---Rover/sensorer_arduino_best_practice/lib) by extension 'ignore'
[2.306s] Level 1:colcon.colcon_core.package_identification:_identify(src/Smarte-Systemer---Rover/sensorer_arduino_best_practice/lib) by extension 'ignore_ament_install'
[2.306s] Level 1:colcon.colcon_core.package_identification:_identify(src/Smarte-Systemer---Rover/sensorer_arduino_best_practice/lib) by extensions ['colcon_pkg']
[2.306s] Level 1:colcon.colcon_core.package_identification:_identify(src/Smarte-Systemer---Rover/sensorer_arduino_best_practice/lib) by extension 'colcon_pkg'
[2.306s] Level 1:colcon.colcon_core.package_identification:_identify(src/Smarte-Systemer---Rover/sensorer_arduino_best_practice/lib) by extensions ['colcon_meta']
[2.307s] Level 1:colcon.colcon_core.package_identification:_identify(src/Smarte-Systemer---Rover/sensorer_arduino_best_practice/lib) by extension 'colcon_meta'
[2.308s] Level 1:colcon.colcon_core.package_identification:_identify(src/Smarte-Systemer---Rover/sensorer_arduino_best_practice/lib) by extensions ['ros']
[2.308s] Level 1:colcon.colcon_core.package_identification:_identify(src/Smarte-Systemer---Rover/sensorer_arduino_best_practice/lib) by extension 'ros'
[2.309s] Level 1:colcon.colcon_core.package_identification:_identify(src/Smarte-Systemer---Rover/sensorer_arduino_best_practice/lib) by extensions ['cmake', 'python']
[2.309s] Level 1:colcon.colcon_core.package_identification:_identify(src/Smarte-Systemer---Rover/sensorer_arduino_best_practice/lib) by extension 'cmake'
[2.310s] Level 1:colcon.colcon_core.package_identification:_identify(src/Smarte-Systemer---Rover/sensorer_arduino_best_practice/lib) by extension 'python'
[2.310s] Level 1:colcon.colcon_core.package_identification:_identify(src/Smarte-Systemer---Rover/sensorer_arduino_best_practice/lib) by extensions ['python_setup_py']
[2.310s] Level 1:colcon.colcon_core.package_identification:_identify(src/Smarte-Systemer---Rover/sensorer_arduino_best_practice/lib) by extension 'python_setup_py'
[2.311s] Level 1:colcon.colcon_core.package_identification:_identify(src/Smarte-Systemer---Rover/sensorer_arduino_best_practice/src) by extensions ['ignore', 'ignore_ament_install']
[2.312s] Level 1:colcon.colcon_core.package_identification:_identify(src/Smarte-Systemer---Rover/sensorer_arduino_best_practice/src) by extension 'ignore'
[2.313s] Level 1:colcon.colcon_core.package_identification:_identify(src/Smarte-Systemer---Rover/sensorer_arduino_best_practice/src) by extension 'ignore_ament_install'
[2.313s] Level 1:colcon.colcon_core.package_identification:_identify(src/Smarte-Systemer---Rover/sensorer_arduino_best_practice/src) by extensions ['colcon_pkg']
[2.313s] Level 1:colcon.colcon_core.package_identification:_identify(src/Smarte-Systemer---Rover/sensorer_arduino_best_practice/src) by extension 'colcon_pkg'
[2.314s] Level 1:colcon.colcon_core.package_identification:_identify(src/Smarte-Systemer---Rover/sensorer_arduino_best_practice/src) by extensions ['colcon_meta']
[2.314s] Level 1:colcon.colcon_core.package_identification:_identify(src/Smarte-Systemer---Rover/sensorer_arduino_best_practice/src) by extension 'colcon_meta'
[2.314s] Level 1:colcon.colcon_core.package_identification:_identify(src/Smarte-Systemer---Rover/sensorer_arduino_best_practice/src) by extensions ['ros']
[2.315s] Level 1:colcon.colcon_core.package_identification:_identify(src/Smarte-Systemer---Rover/sensorer_arduino_best_practice/src) by extension 'ros'
[2.315s] Level 1:colcon.colcon_core.package_identification:_identify(src/Smarte-Systemer---Rover/sensorer_arduino_best_practice/src) by extensions ['cmake', 'python']
[2.315s] Level 1:colcon.colcon_core.package_identification:_identify(src/Smarte-Systemer---Rover/sensorer_arduino_best_practice/src) by extension 'cmake'
[2.316s] Level 1:colcon.colcon_core.package_identification:_identify(src/Smarte-Systemer---Rover/sensorer_arduino_best_practice/src) by extension 'python'
[2.316s] Level 1:colcon.colcon_core.package_identification:_identify(src/Smarte-Systemer---Rover/sensorer_arduino_best_practice/src) by extensions ['python_setup_py']
[2.316s] Level 1:colcon.colcon_core.package_identification:_identify(src/Smarte-Systemer---Rover/sensorer_arduino_best_practice/src) by extension 'python_setup_py'
[2.317s] Level 1:colcon.colcon_core.package_identification:_identify(src/Smarte-Systemer---Rover/sensorer_arduino_best_practice/test) by extensions ['ignore', 'ignore_ament_install']
[2.318s] Level 1:colcon.colcon_core.package_identification:_identify(src/Smarte-Systemer---Rover/sensorer_arduino_best_practice/test) by extension 'ignore'
[2.319s] Level 1:colcon.colcon_core.package_identification:_identify(src/Smarte-Systemer---Rover/sensorer_arduino_best_practice/test) by extension 'ignore_ament_install'
[2.320s] Level 1:colcon.colcon_core.package_identification:_identify(src/Smarte-Systemer---Rover/sensorer_arduino_best_practice/test) by extensions ['colcon_pkg']
[2.320s] Level 1:colcon.colcon_core.package_identification:_identify(src/Smarte-Systemer---Rover/sensorer_arduino_best_practice/test) by extension 'colcon_pkg'
[2.320s] Level 1:colcon.colcon_core.package_identification:_identify(src/Smarte-Systemer---Rover/sensorer_arduino_best_practice/test) by extensions ['colcon_meta']
[2.321s] Level 1:colcon.colcon_core.package_identification:_identify(src/Smarte-Systemer---Rover/sensorer_arduino_best_practice/test) by extension 'colcon_meta'
[2.321s] Level 1:colcon.colcon_core.package_identification:_identify(src/Smarte-Systemer---Rover/sensorer_arduino_best_practice/test) by extensions ['ros']
[2.321s] Level 1:colcon.colcon_core.package_identification:_identify(src/Smarte-Systemer---Rover/sensorer_arduino_best_practice/test) by extension 'ros'
[2.322s] Level 1:colcon.colcon_core.package_identification:_identify(src/Smarte-Systemer---Rover/sensorer_arduino_best_practice/test) by extensions ['cmake', 'python']
[2.322s] Level 1:colcon.colcon_core.package_identification:_identify(src/Smarte-Systemer---Rover/sensorer_arduino_best_practice/test) by extension 'cmake'
[2.322s] Level 1:colcon.colcon_core.package_identification:_identify(src/Smarte-Systemer---Rover/sensorer_arduino_best_practice/test) by extension 'python'
[2.323s] Level 1:colcon.colcon_core.package_identification:_identify(src/Smarte-Systemer---Rover/sensorer_arduino_best_practice/test) by extensions ['python_setup_py']
[2.323s] Level 1:colcon.colcon_core.package_identification:_identify(src/Smarte-Systemer---Rover/sensorer_arduino_best_practice/test) by extension 'python_setup_py'
[2.323s] Level 1:colcon.colcon_core.package_identification:_identify(src/arduino_bridge) by extensions ['ignore', 'ignore_ament_install']
[2.324s] Level 1:colcon.colcon_core.package_identification:_identify(src/arduino_bridge) by extension 'ignore'
[2.324s] Level 1:colcon.colcon_core.package_identification:_identify(src/arduino_bridge) by extension 'ignore_ament_install'
[2.325s] Level 1:colcon.colcon_core.package_identification:_identify(src/arduino_bridge) by extensions ['colcon_pkg']
[2.325s] Level 1:colcon.colcon_core.package_identification:_identify(src/arduino_bridge) by extension 'colcon_pkg'
[2.325s] Level 1:colcon.colcon_core.package_identification:_identify(src/arduino_bridge) by extensions ['colcon_meta']
[2.326s] Level 1:colcon.colcon_core.package_identification:_identify(src/arduino_bridge) by extension 'colcon_meta'
[2.326s] Level 1:colcon.colcon_core.package_identification:_identify(src/arduino_bridge) by extensions ['ros']
[2.326s] Level 1:colcon.colcon_core.package_identification:_identify(src/arduino_bridge) by extension 'ros'
[2.336s] DEBUG:colcon.colcon_core.package_identification:Package 'src/arduino_bridge' with type 'ros.ament_python' and name 'arduino_bridge'
[2.337s] Level 1:colcon.colcon_core.package_identification:_identify(src/autonomous_rover) by extensions ['ignore', 'ignore_ament_install']
[2.337s] Level 1:colcon.colcon_core.package_identification:_identify(src/autonomous_rover) by extension 'ignore'
[2.338s] Level 1:colcon.colcon_core.package_identification:_identify(src/autonomous_rover) by extension 'ignore_ament_install'
[2.338s] Level 1:colcon.colcon_core.package_identification:_identify(src/autonomous_rover) by extensions ['colcon_pkg']
[2.338s] Level 1:colcon.colcon_core.package_identification:_identify(src/autonomous_rover) by extension 'colcon_pkg'
[2.338s] Level 1:colcon.colcon_core.package_identification:_identify(src/autonomous_rover) by extensions ['colcon_meta']
[2.339s] Level 1:colcon.colcon_core.package_identification:_identify(src/autonomous_rover) by extension 'colcon_meta'
[2.339s] Level 1:colcon.colcon_core.package_identification:_identify(src/autonomous_rover) by extensions ['ros']
[2.339s] Level 1:colcon.colcon_core.package_identification:_identify(src/autonomous_rover) by extension 'ros'
[2.342s] DEBUG:colcon.colcon_core.package_identification:Package 'src/autonomous_rover' with type 'ros.ament_cmake' and name 'autonomous_rover'
[2.343s] Level 1:colcon.colcon_core.package_identification:_identify(src/build) by extensions ['ignore', 'ignore_ament_install']
[2.344s] Level 1:colcon.colcon_core.package_identification:_identify(src/build) by extension 'ignore'
[2.344s] Level 1:colcon.colcon_core.package_identification:_identify(src/build) ignored
[2.345s] Level 1:colcon.colcon_core.package_identification:_identify(src/carto_localization) by extensions ['ignore', 'ignore_ament_install']
[2.345s] Level 1:colcon.colcon_core.package_identification:_identify(src/carto_localization) by extension 'ignore'
[2.346s] Level 1:colcon.colcon_core.package_identification:_identify(src/carto_localization) by extension 'ignore_ament_install'
[2.346s] Level 1:colcon.colcon_core.package_identification:_identify(src/carto_localization) by extensions ['colcon_pkg']
[2.347s] Level 1:colcon.colcon_core.package_identification:_identify(src/carto_localization) by extension 'colcon_pkg'
[2.347s] Level 1:colcon.colcon_core.package_identification:_identify(src/carto_localization) by extensions ['colcon_meta']
[2.347s] Level 1:colcon.colcon_core.package_identification:_identify(src/carto_localization) by extension 'colcon_meta'
[2.347s] Level 1:colcon.colcon_core.package_identification:_identify(src/carto_localization) by extensions ['ros']
[2.348s] Level 1:colcon.colcon_core.package_identification:_identify(src/carto_localization) by extension 'ros'
[2.350s] DEBUG:colcon.colcon_core.package_identification:Package 'src/carto_localization' with type 'ros.catkin' and name 'carto_localization'
[2.351s] Level 1:colcon.colcon_core.package_identification:_identify(src/install) by extensions ['ignore', 'ignore_ament_install']
[2.352s] Level 1:colcon.colcon_core.package_identification:_identify(src/install) by extension 'ignore'
[2.352s] Level 1:colcon.colcon_core.package_identification:_identify(src/install) ignored
[2.354s] Level 1:colcon.colcon_core.package_identification:_identify(src/ldlidar_stl_ros2) by extensions ['ignore', 'ignore_ament_install']
[2.356s] Level 1:colcon.colcon_core.package_identification:_identify(src/ldlidar_stl_ros2) by extension 'ignore'
[2.356s] Level 1:colcon.colcon_core.package_identification:_identify(src/ldlidar_stl_ros2) by extension 'ignore_ament_install'
[2.357s] Level 1:colcon.colcon_core.package_identification:_identify(src/ldlidar_stl_ros2) by extensions ['colcon_pkg']
[2.357s] Level 1:colcon.colcon_core.package_identification:_identify(src/ldlidar_stl_ros2) by extension 'colcon_pkg'
[2.357s] Level 1:colcon.colcon_core.package_identification:_identify(src/ldlidar_stl_ros2) by extensions ['colcon_meta']
[2.357s] Level 1:colcon.colcon_core.package_identification:_identify(src/ldlidar_stl_ros2) by extension 'colcon_meta'
[2.358s] Level 1:colcon.colcon_core.package_identification:_identify(src/ldlidar_stl_ros2) by extensions ['ros']
[2.358s] Level 1:colcon.colcon_core.package_identification:_identify(src/ldlidar_stl_ros2) by extension 'ros'
[2.361s] DEBUG:colcon.colcon_core.package_identification:Package 'src/ldlidar_stl_ros2' with type 'ros.ament_cmake' and name 'ldlidar_stl_ros2'
[2.363s] Level 1:colcon.colcon_core.package_identification:_identify(src/log) by extensions ['ignore', 'ignore_ament_install']
[2.364s] Level 1:colcon.colcon_core.package_identification:_identify(src/log) by extension 'ignore'
[2.364s] Level 1:colcon.colcon_core.package_identification:_identify(src/log) ignored
[2.365s] Level 1:colcon.colcon_core.package_identification:_identify(src/ros2-system-monitor) by extensions ['ignore', 'ignore_ament_install']
[2.366s] Level 1:colcon.colcon_core.package_identification:_identify(src/ros2-system-monitor) by extension 'ignore'
[2.366s] Level 1:colcon.colcon_core.package_identification:_identify(src/ros2-system-monitor) by extension 'ignore_ament_install'
[2.366s] Level 1:colcon.colcon_core.package_identification:_identify(src/ros2-system-monitor) by extensions ['colcon_pkg']
[2.366s] Level 1:colcon.colcon_core.package_identification:_identify(src/ros2-system-monitor) by extension 'colcon_pkg'
[2.367s] Level 1:colcon.colcon_core.package_identification:_identify(src/ros2-system-monitor) by extensions ['colcon_meta']
[2.367s] Level 1:colcon.colcon_core.package_identification:_identify(src/ros2-system-monitor) by extension 'colcon_meta'
[2.369s] Level 1:colcon.colcon_core.package_identification:_identify(src/ros2-system-monitor) by extensions ['ros']
[2.369s] Level 1:colcon.colcon_core.package_identification:_identify(src/ros2-system-monitor) by extension 'ros'
[2.372s] DEBUG:colcon.colcon_core.package_identification:Package 'src/ros2-system-monitor' with type 'ros.ament_cmake' and name 'ros2_system_monitor'
[2.373s] Level 1:colcon.colcon_core.package_identification:_identify(src/ros2_temperature_tracker) by extensions ['ignore', 'ignore_ament_install']
[2.373s] Level 1:colcon.colcon_core.package_identification:_identify(src/ros2_temperature_tracker) by extension 'ignore'
[2.374s] Level 1:colcon.colcon_core.package_identification:_identify(src/ros2_temperature_tracker) by extension 'ignore_ament_install'
[2.374s] Level 1:colcon.colcon_core.package_identification:_identify(src/ros2_temperature_tracker) by extensions ['colcon_pkg']
[2.374s] Level 1:colcon.colcon_core.package_identification:_identify(src/ros2_temperature_tracker) by extension 'colcon_pkg'
[2.375s] Level 1:colcon.colcon_core.package_identification:_identify(src/ros2_temperature_tracker) by extensions ['colcon_meta']
[2.375s] Level 1:colcon.colcon_core.package_identification:_identify(src/ros2_temperature_tracker) by extension 'colcon_meta'
[2.375s] Level 1:colcon.colcon_core.package_identification:_identify(src/ros2_temperature_tracker) by extensions ['ros']
[2.376s] Level 1:colcon.colcon_core.package_identification:_identify(src/ros2_temperature_tracker) by extension 'ros'
[2.379s] DEBUG:colcon.colcon_core.package_identification:Package 'src/ros2_temperature_tracker' with type 'ros.ament_python' and name 'temperature_tracker'
[2.380s] Level 1:colcon.colcon_core.package_identification:_identify(src/rover_driver) by extensions ['ignore', 'ignore_ament_install']
[2.380s] Level 1:colcon.colcon_core.package_identification:_identify(src/rover_driver) by extension 'ignore'
[2.380s] Level 1:colcon.colcon_core.package_identification:_identify(src/rover_driver) by extension 'ignore_ament_install'
[2.381s] Level 1:colcon.colcon_core.package_identification:_identify(src/rover_driver) by extensions ['colcon_pkg']
[2.381s] Level 1:colcon.colcon_core.package_identification:_identify(src/rover_driver) by extension 'colcon_pkg'
[2.381s] Level 1:colcon.colcon_core.package_identification:_identify(src/rover_driver) by extensions ['colcon_meta']
[2.381s] Level 1:colcon.colcon_core.package_identification:_identify(src/rover_driver) by extension 'colcon_meta'
[2.382s] Level 1:colcon.colcon_core.package_identification:_identify(src/rover_driver) by extensions ['ros']
[2.382s] Level 1:colcon.colcon_core.package_identification:_identify(src/rover_driver) by extension 'ros'
[2.385s] DEBUG:colcon.colcon_core.package_identification:Package 'src/rover_driver' with type 'ros.ament_python' and name 'rover_driver'
[2.385s] Level 1:colcon.colcon_core.package_identification:_identify(src/sensehat_cpp) by extensions ['ignore', 'ignore_ament_install']
[2.386s] Level 1:colcon.colcon_core.package_identification:_identify(src/sensehat_cpp) by extension 'ignore'
[2.386s] Level 1:colcon.colcon_core.package_identification:_identify(src/sensehat_cpp) by extension 'ignore_ament_install'
[2.387s] Level 1:colcon.colcon_core.package_identification:_identify(src/sensehat_cpp) by extensions ['colcon_pkg']
[2.387s] Level 1:colcon.colcon_core.package_identification:_identify(src/sensehat_cpp) by extension 'colcon_pkg'
[2.387s] Level 1:colcon.colcon_core.package_identification:_identify(src/sensehat_cpp) by extensions ['colcon_meta']
[2.387s] Level 1:colcon.colcon_core.package_identification:_identify(src/sensehat_cpp) by extension 'colcon_meta'
[2.388s] Level 1:colcon.colcon_core.package_identification:_identify(src/sensehat_cpp) by extensions ['ros']
[2.388s] Level 1:colcon.colcon_core.package_identification:_identify(src/sensehat_cpp) by extension 'ros'
[2.391s] DEBUG:colcon.colcon_core.package_identification:Package 'src/sensehat_cpp' with type 'ros.ament_cmake' and name 'sensehat_cpp'
[2.392s] Level 1:colcon.colcon_core.package_identification:_identify(src/sensehat_ros) by extensions ['ignore', 'ignore_ament_install']
[2.393s] Level 1:colcon.colcon_core.package_identification:_identify(src/sensehat_ros) by extension 'ignore'
[2.393s] Level 1:colcon.colcon_core.package_identification:_identify(src/sensehat_ros) by extension 'ignore_ament_install'
[2.393s] Level 1:colcon.colcon_core.package_identification:_identify(src/sensehat_ros) by extensions ['colcon_pkg']
[2.394s] Level 1:colcon.colcon_core.package_identification:_identify(src/sensehat_ros) by extension 'colcon_pkg'
[2.394s] Level 1:colcon.colcon_core.package_identification:_identify(src/sensehat_ros) by extensions ['colcon_meta']
[2.394s] Level 1:colcon.colcon_core.package_identification:_identify(src/sensehat_ros) by extension 'colcon_meta'
[2.395s] Level 1:colcon.colcon_core.package_identification:_identify(src/sensehat_ros) by extensions ['ros']
[2.395s] Level 1:colcon.colcon_core.package_identification:_identify(src/sensehat_ros) by extension 'ros'
[2.399s] DEBUG:colcon.colcon_core.package_identification:Package 'src/sensehat_ros' with type 'ros.ament_python' and name 'sensehat_ros'
[2.399s] Level 1:colcon.colcon_core.package_discovery:discover_packages(recursive) using defaults
[2.400s] Level 1:colcon.colcon_core.package_discovery:discover_packages(ignore) discover
[2.400s] Level 1:colcon.colcon_core.package_discovery:discover_packages(ignore) using defaults
[2.400s] Level 1:colcon.colcon_core.package_discovery:discover_packages(path) discover
[2.400s] Level 1:colcon.colcon_core.package_discovery:discover_packages(path) using defaults
[2.544s] INFO:colcon.colcon_core.package_selection:Skipping not selected package 'arduino_bridge' in 'src/arduino_bridge'
[2.544s] INFO:colcon.colcon_core.package_selection:Skipping not selected package 'carto_localization' in 'src/carto_localization'
[2.544s] INFO:colcon.colcon_core.package_selection:Skipping not selected package 'ldlidar_stl_ros2' in 'src/ldlidar_stl_ros2'
[2.544s] INFO:colcon.colcon_core.package_selection:Skipping not selected package 'ros2_system_monitor' in 'src/ros2-system-monitor'
[2.544s] INFO:colcon.colcon_core.package_selection:Skipping not selected package 'rover_driver' in 'src/rover_driver'
[2.544s] INFO:colcon.colcon_core.package_selection:Skipping not selected package 'sensehat_cpp' in 'src/sensehat_cpp'
[2.545s] INFO:colcon.colcon_core.package_selection:Skipping not selected package 'sensehat_ros' in 'src/sensehat_ros'
[2.545s] INFO:colcon.colcon_core.package_selection:Skipping not selected package 'temperature_tracker' in 'src/ros2_temperature_tracker'
[2.547s] Level 1:colcon.colcon_core.package_discovery:discover_packages(prefix_path) check parameters
[2.547s] Level 1:colcon.colcon_core.package_discovery:discover_packages(prefix_path) discover
[2.564s] DEBUG:colcon.colcon_installed_package_information.package_discovery:Found 9 installed packages in /home/creampi/ros2_ws/install
[2.569s] DEBUG:colcon.colcon_installed_package_information.package_discovery:Found 9 installed packages in /home/creampi/ros2_ws/src/install
[2.581s] DEBUG:colcon.colcon_installed_package_information.package_discovery:Found 226 installed packages in /opt/ros/humble
[2.632s] Level 1:colcon.colcon_core.package_discovery:discover_packages(prefix_path) using defaults
[2.816s] Level 5:colcon.colcon_core.verb:set package 'autonomous_rover' build argument 'cmake_args' from command line to 'None'
[2.816s] Level 5:colcon.colcon_core.verb:set package 'autonomous_rover' build argument 'cmake_target' from command line to 'None'
[2.817s] Level 5:colcon.colcon_core.verb:set package 'autonomous_rover' build argument 'cmake_target_skip_unavailable' from command line to 'False'
[2.817s] Level 5:colcon.colcon_core.verb:set package 'autonomous_rover' build argument 'cmake_clean_cache' from command line to 'False'
[2.817s] Level 5:colcon.colcon_core.verb:set package 'autonomous_rover' build argument 'cmake_clean_first' from command line to 'False'
[2.817s] Level 5:colcon.colcon_core.verb:set package 'autonomous_rover' build argument 'cmake_force_configure' from command line to 'False'
[2.817s] Level 5:colcon.colcon_core.verb:set package 'autonomous_rover' build argument 'ament_cmake_args' from command line to 'None'
[2.817s] Level 5:colcon.colcon_core.verb:set package 'autonomous_rover' build argument 'catkin_cmake_args' from command line to 'None'
[2.817s] Level 5:colcon.colcon_core.verb:set package 'autonomous_rover' build argument 'catkin_skip_building_tests' from command line to 'False'
[2.818s] DEBUG:colcon.colcon_core.verb:Building package 'autonomous_rover' with the following arguments: {'ament_cmake_args': None, 'build_base': '/home/creampi/ros2_ws/build/autonomous_rover', 'catkin_cmake_args': None, 'catkin_skip_building_tests': False, 'cmake_args': None, 'cmake_clean_cache': False, 'cmake_clean_first': False, 'cmake_force_configure': False, 'cmake_target': None, 'cmake_target_skip_unavailable': False, 'install_base': '/home/creampi/ros2_ws/install/autonomous_rover', 'merge_install': False, 'path': '/home/creampi/ros2_ws/src/autonomous_rover', 'symlink_install': False, 'test_result_base': None}
[2.819s] INFO:colcon.colcon_core.executor:Executing jobs using 'parallel' executor
[2.824s] DEBUG:colcon.colcon_parallel_executor.executor.parallel:run_until_complete
[2.825s] INFO:colcon.colcon_ros.task.ament_cmake.build:Building ROS package in '/home/creampi/ros2_ws/src/autonomous_rover' with build type 'ament_cmake'
[2.826s] INFO:colcon.colcon_cmake.task.cmake.build:Building CMake package in '/home/creampi/ros2_ws/src/autonomous_rover'
[2.849s] INFO:colcon.colcon_core.plugin_system:Skipping extension 'colcon_core.shell.bat': Not used on non-Windows systems
[2.851s] INFO:colcon.colcon_core.shell:Skip shell extension 'powershell' for command environment: Not usable outside of PowerShell
[2.851s] DEBUG:colcon.colcon_core.shell:Skip shell extension 'dsv' for command environment
[2.937s] DEBUG:colcon.colcon_core.event_handler.log_command:Invoking command in '/home/creampi/ros2_ws/build/autonomous_rover': CMAKE_PREFIX_PATH=/home/creampi/ros2_ws/install/sensehat_cpp:/home/creampi/ros2_ws/install/ros2_system_monitor:/home/creampi/ros2_ws/install/ldlidar_stl_ros2:/home/creampi/ros2_ws/install/temperature_tracker:/home/creampi/ros2_ws/install/sensehat_ros:/home/creampi/ros2_ws/install/rover_driver:/home/creampi/ros2_ws/install/arduino_bridge:/home/creampi/ros2_ws/src/install/temperature_tracker:/home/creampi/ros2_ws/src/install/sensehat_ros:/home/creampi/ros2_ws/src/install/rover_driver:/home/creampi/ros2_ws/src/install/arduino_bridge:/opt/ros/humble:/home/creampi/ros2_ws/install/carto_localization:/home/creampi/ros2_ws/install/autonomous_rover:/home/creampi/ros2_ws/src/install/sensehat_cpp:/home/creampi/ros2_ws/src/install/ros2_system_monitor:/home/creampi/ros2_ws/src/install/ldlidar_stl_ros2:/home/creampi/ros2_ws/src/install/carto_localization:/home/creampi/ros2_ws/src/install/autonomous_rover /usr/bin/cmake --build /home/creampi/ros2_ws/build/autonomous_rover -- -j4 -l4
[54.323s] DEBUG:colcon.colcon_core.event_handler.log_command:Invoked command in '/home/creampi/ros2_ws/build/autonomous_rover' returned '0': CMAKE_PREFIX_PATH=/home/creampi/ros2_ws/install/sensehat_cpp:/home/creampi/ros2_ws/install/ros2_system_monitor:/home/creampi/ros2_ws/install/ldlidar_stl_ros2:/home/creampi/ros2_ws/install/temperature_tracker:/home/creampi/ros2_ws/install/sensehat_ros:/home/creampi/ros2_ws/install/rover_driver:/home/creampi/ros2_ws/install/arduino_bridge:/home/creampi/ros2_ws/src/install/temperature_tracker:/home/creampi/ros2_ws/src/install/sensehat_ros:/home/creampi/ros2_ws/src/install/rover_driver:/home/creampi/ros2_ws/src/install/arduino_bridge:/opt/ros/humble:/home/creampi/ros2_ws/install/carto_localization:/home/creampi/ros2_ws/install/autonomous_rover:/home/creampi/ros2_ws/src/install/sensehat_cpp:/home/creampi/ros2_ws/src/install/ros2_system_monitor:/home/creampi/ros2_ws/src/install/ldlidar_stl_ros2:/home/creampi/ros2_ws/src/install/carto_localization:/home/creampi/ros2_ws/src/install/autonomous_rover /usr/bin/cmake --build /home/creampi/ros2_ws/build/autonomous_rover -- -j4 -l4
[54.423s] DEBUG:colcon.colcon_core.event_handler.log_command:Invoking command in '/home/creampi/ros2_ws/build/autonomous_rover': CMAKE_PREFIX_PATH=/home/creampi/ros2_ws/install/sensehat_cpp:/home/creampi/ros2_ws/install/ros2_system_monitor:/home/creampi/ros2_ws/install/ldlidar_stl_ros2:/home/creampi/ros2_ws/install/temperature_tracker:/home/creampi/ros2_ws/install/sensehat_ros:/home/creampi/ros2_ws/install/rover_driver:/home/creampi/ros2_ws/install/arduino_bridge:/home/creampi/ros2_ws/src/install/temperature_tracker:/home/creampi/ros2_ws/src/install/sensehat_ros:/home/creampi/ros2_ws/src/install/rover_driver:/home/creampi/ros2_ws/src/install/arduino_bridge:/opt/ros/humble:/home/creampi/ros2_ws/install/carto_localization:/home/creampi/ros2_ws/install/autonomous_rover:/home/creampi/ros2_ws/src/install/sensehat_cpp:/home/creampi/ros2_ws/src/install/ros2_system_monitor:/home/creampi/ros2_ws/src/install/ldlidar_stl_ros2:/home/creampi/ros2_ws/src/install/carto_localization:/home/creampi/ros2_ws/src/install/autonomous_rover /usr/bin/cmake --install /home/creampi/ros2_ws/build/autonomous_rover
[54.633s] Level 1:colcon.colcon_core.environment:create_environment_scripts_only(autonomous_rover)
[54.639s] DEBUG:colcon.colcon_core.event_handler.log_command:Invoked command in '/home/creampi/ros2_ws/build/autonomous_rover' returned '0': CMAKE_PREFIX_PATH=/home/creampi/ros2_ws/install/sensehat_cpp:/home/creampi/ros2_ws/install/ros2_system_monitor:/home/creampi/ros2_ws/install/ldlidar_stl_ros2:/home/creampi/ros2_ws/install/temperature_tracker:/home/creampi/ros2_ws/install/sensehat_ros:/home/creampi/ros2_ws/install/rover_driver:/home/creampi/ros2_ws/install/arduino_bridge:/home/creampi/ros2_ws/src/install/temperature_tracker:/home/creampi/ros2_ws/src/install/sensehat_ros:/home/creampi/ros2_ws/src/install/rover_driver:/home/creampi/ros2_ws/src/install/arduino_bridge:/opt/ros/humble:/home/creampi/ros2_ws/install/carto_localization:/home/creampi/ros2_ws/install/autonomous_rover:/home/creampi/ros2_ws/src/install/sensehat_cpp:/home/creampi/ros2_ws/src/install/ros2_system_monitor:/home/creampi/ros2_ws/src/install/ldlidar_stl_ros2:/home/creampi/ros2_ws/src/install/carto_localization:/home/creampi/ros2_ws/src/install/autonomous_rover /usr/bin/cmake --install /home/creampi/ros2_ws/build/autonomous_rover
[54.659s] Level 1:colcon.colcon_core.environment:checking '/home/creampi/ros2_ws/install/autonomous_rover' for CMake module files
[54.665s] Level 1:colcon.colcon_core.environment:checking '/home/creampi/ros2_ws/install/autonomous_rover' for CMake config files
[54.668s] Level 1:colcon.colcon_core.shell:create_environment_hook('autonomous_rover', 'cmake_prefix_path')
[54.669s] INFO:colcon.colcon_core.shell:Creating environment hook '/home/creampi/ros2_ws/install/autonomous_rover/share/autonomous_rover/hook/cmake_prefix_path.ps1'
[54.681s] INFO:colcon.colcon_core.shell:Creating environment descriptor '/home/creampi/ros2_ws/install/autonomous_rover/share/autonomous_rover/hook/cmake_prefix_path.dsv'
[54.686s] INFO:colcon.colcon_core.shell:Creating environment hook '/home/creampi/ros2_ws/install/autonomous_rover/share/autonomous_rover/hook/cmake_prefix_path.sh'
[54.693s] Level 1:colcon.colcon_core.environment:checking '/home/creampi/ros2_ws/install/autonomous_rover/lib'
[54.695s] Level 1:colcon.colcon_core.environment:checking '/home/creampi/ros2_ws/install/autonomous_rover/bin'
[54.696s] Level 1:colcon.colcon_core.environment:checking '/home/creampi/ros2_ws/install/autonomous_rover/lib/pkgconfig/autonomous_rover.pc'
[54.698s] Level 1:colcon.colcon_core.environment:checking '/home/creampi/ros2_ws/install/autonomous_rover/lib/python3.10/site-packages'
[54.700s] Level 1:colcon.colcon_core.environment:checking '/home/creampi/ros2_ws/install/autonomous_rover/bin'
[54.702s] INFO:colcon.colcon_core.shell:Creating package script '/home/creampi/ros2_ws/install/autonomous_rover/share/autonomous_rover/package.ps1'
[54.709s] INFO:colcon.colcon_core.shell:Creating package descriptor '/home/creampi/ros2_ws/install/autonomous_rover/share/autonomous_rover/package.dsv'
[54.715s] INFO:colcon.colcon_core.shell:Creating package script '/home/creampi/ros2_ws/install/autonomous_rover/share/autonomous_rover/package.sh'
[54.720s] INFO:colcon.colcon_core.shell:Creating package script '/home/creampi/ros2_ws/install/autonomous_rover/share/autonomous_rover/package.bash'
[54.728s] INFO:colcon.colcon_core.shell:Creating package script '/home/creampi/ros2_ws/install/autonomous_rover/share/autonomous_rover/package.zsh'
[54.733s] Level 1:colcon.colcon_core.environment:create_file_with_runtime_dependencies(/home/creampi/ros2_ws/install/autonomous_rover/share/colcon-core/packages/autonomous_rover)
[54.740s] Level 1:colcon.colcon_core.environment:create_environment_scripts_only(autonomous_rover)
[54.743s] Level 1:colcon.colcon_core.environment:checking '/home/creampi/ros2_ws/install/autonomous_rover' for CMake module files
[54.747s] Level 1:colcon.colcon_core.environment:checking '/home/creampi/ros2_ws/install/autonomous_rover' for CMake config files
[54.751s] Level 1:colcon.colcon_core.shell:create_environment_hook('autonomous_rover', 'cmake_prefix_path')
[54.752s] INFO:colcon.colcon_core.shell:Creating environment hook '/home/creampi/ros2_ws/install/autonomous_rover/share/autonomous_rover/hook/cmake_prefix_path.ps1'
[54.758s] INFO:colcon.colcon_core.shell:Creating environment descriptor '/home/creampi/ros2_ws/install/autonomous_rover/share/autonomous_rover/hook/cmake_prefix_path.dsv'
[54.761s] INFO:colcon.colcon_core.shell:Creating environment hook '/home/creampi/ros2_ws/install/autonomous_rover/share/autonomous_rover/hook/cmake_prefix_path.sh'
[54.768s] Level 1:colcon.colcon_core.environment:checking '/home/creampi/ros2_ws/install/autonomous_rover/lib'
[54.769s] Level 1:colcon.colcon_core.environment:checking '/home/creampi/ros2_ws/install/autonomous_rover/bin'
[54.770s] Level 1:colcon.colcon_core.environment:checking '/home/creampi/ros2_ws/install/autonomous_rover/lib/pkgconfig/autonomous_rover.pc'
[54.771s] Level 1:colcon.colcon_core.environment:checking '/home/creampi/ros2_ws/install/autonomous_rover/lib/python3.10/site-packages'
[54.773s] Level 1:colcon.colcon_core.environment:checking '/home/creampi/ros2_ws/install/autonomous_rover/bin'
[54.775s] INFO:colcon.colcon_core.shell:Creating package script '/home/creampi/ros2_ws/install/autonomous_rover/share/autonomous_rover/package.ps1'
[54.780s] INFO:colcon.colcon_core.shell:Creating package descriptor '/home/creampi/ros2_ws/install/autonomous_rover/share/autonomous_rover/package.dsv'
[54.784s] INFO:colcon.colcon_core.shell:Creating package script '/home/creampi/ros2_ws/install/autonomous_rover/share/autonomous_rover/package.sh'
[54.789s] INFO:colcon.colcon_core.shell:Creating package script '/home/creampi/ros2_ws/install/autonomous_rover/share/autonomous_rover/package.bash'
[54.794s] INFO:colcon.colcon_core.shell:Creating package script '/home/creampi/ros2_ws/install/autonomous_rover/share/autonomous_rover/package.zsh'
[54.797s] Level 1:colcon.colcon_core.environment:create_file_with_runtime_dependencies(/home/creampi/ros2_ws/install/autonomous_rover/share/colcon-core/packages/autonomous_rover)
[54.803s] DEBUG:colcon.colcon_parallel_executor.executor.parallel:closing loop
[54.804s] DEBUG:colcon.colcon_parallel_executor.executor.parallel:loop closed
[54.805s] DEBUG:colcon.colcon_parallel_executor.executor.parallel:run_until_complete finished with '0'
[54.806s] DEBUG:colcon.colcon_core.event_reactor:joining thread
[54.840s] INFO:colcon.colcon_core.plugin_system:Skipping extension 'colcon_notification.desktop_notification.notify_send': Could not find 'notify-send'
[54.841s] INFO:colcon.colcon_core.plugin_system:Skipping extension 'colcon_notification.desktop_notification.terminal_notifier': Not used on non-Darwin systems
[54.842s] INFO:colcon.colcon_core.plugin_system:Skipping extension 'colcon_notification.desktop_notification.win32': Not used on non-Windows systems
[54.843s] INFO:colcon.colcon_notification.desktop_notification:Sending desktop notification using 'notify2'
[54.849s] DEBUG:colcon.colcon_notification.desktop_notification.notify2:Failed to initialize notify2: org.freedesktop.DBus.Error.ServiceUnknown: The name org.freedesktop.Notifications was not provided by any .service files
[54.849s] DEBUG:colcon.colcon_core.event_reactor:joined thread
[54.851s] INFO:colcon.colcon_core.shell:Creating prefix script '/home/creampi/ros2_ws/install/local_setup.ps1'
[54.858s] INFO:colcon.colcon_core.shell:Creating prefix util module '/home/creampi/ros2_ws/install/_local_setup_util_ps1.py'
[54.868s] INFO:colcon.colcon_core.shell:Creating prefix chain script '/home/creampi/ros2_ws/install/setup.ps1'
[54.885s] INFO:colcon.colcon_core.shell:Creating prefix script '/home/creampi/ros2_ws/install/local_setup.sh'
[54.891s] INFO:colcon.colcon_core.shell:Creating prefix util module '/home/creampi/ros2_ws/install/_local_setup_util_sh.py'
[54.897s] INFO:colcon.colcon_core.shell:Creating prefix chain script '/home/creampi/ros2_ws/install/setup.sh'
[54.912s] INFO:colcon.colcon_core.shell:Creating prefix script '/home/creampi/ros2_ws/install/local_setup.bash'
[54.916s] INFO:colcon.colcon_core.shell:Creating prefix chain script '/home/creampi/ros2_ws/install/setup.bash'
[54.930s] INFO:colcon.colcon_core.shell:Creating prefix script '/home/creampi/ros2_ws/install/local_setup.zsh'
[54.935s] INFO:colcon.colcon_core.shell:Creating prefix chain script '/home/creampi/ros2_ws/install/setup.zsh'
