[0.918s] DEBUG:colcon:Command line arguments: ['/usr/bin/colcon', 'build']
[0.919s] DEBUG:colcon:Parsed command line arguments: Namespace(log_base=None, log_level=None, verb_name='build', build_base='build', install_base='install', merge_install=False, symlink_install=False, test_result_base=None, continue_on_error=False, executor='parallel', parallel_workers=4, event_handlers=None, ignore_user_meta=False, metas=['./colcon.meta'], base_paths=['.'], packages_ignore=None, packages_ignore_regex=None, paths=None, packages_up_to=None, packages_up_to_regex=None, packages_above=None, packages_above_and_dependencies=None, packages_above_depth=None, packages_select_by_dep=None, packages_skip_by_dep=None, packages_skip_up_to=None, packages_select_build_failed=False, packages_skip_build_finished=False, packages_select_test_failures=False, packages_skip_test_passed=False, packages_select=None, packages_skip=None, packages_select_regex=None, packages_skip_regex=None, packages_start=None, packages_end=None, allow_overriding=[], cmake_args=None, cmake_target=None, cmake_target_skip_unavailable=False, cmake_clean_cache=False, cmake_clean_first=False, cmake_force_configure=False, ament_cmake_args=None, catkin_cmake_args=None, catkin_skip_building_tests=False, verb_parser=<colcon_defaults.argument_parser.defaults.DefaultArgumentsDecorator object at 0xffff8e8f79a0>, verb_extension=<colcon_core.verb.build.BuildVerb object at 0xffff8ea293c0>, main=<bound method BuildVerb.main of <colcon_core.verb.build.BuildVerb object at 0xffff8ea293c0>>)
[1.990s] Level 1:colcon.colcon_core.package_discovery:discover_packages(colcon_meta) check parameters
[1.990s] Level 1:colcon.colcon_core.package_discovery:discover_packages(recursive) check parameters
[1.991s] Level 1:colcon.colcon_core.package_discovery:discover_packages(ignore) check parameters
[1.991s] Level 1:colcon.colcon_core.package_discovery:discover_packages(path) check parameters
[1.991s] Level 1:colcon.colcon_core.package_discovery:discover_packages(colcon_meta) discover
[1.991s] Level 1:colcon.colcon_core.package_discovery:discover_packages(recursive) discover
[1.991s] INFO:colcon.colcon_core.package_discovery:Crawling recursively for packages in '/home/creampi/ros2_ws/src'
[1.992s] Level 1:colcon.colcon_core.package_identification:_identify(.) by extensions ['ignore', 'ignore_ament_install']
[1.993s] Level 1:colcon.colcon_core.package_identification:_identify(.) by extension 'ignore'
[1.993s] Level 1:colcon.colcon_core.package_identification:_identify(.) by extension 'ignore_ament_install'
[1.993s] Level 1:colcon.colcon_core.package_identification:_identify(.) by extensions ['colcon_pkg']
[1.993s] Level 1:colcon.colcon_core.package_identification:_identify(.) by extension 'colcon_pkg'
[1.994s] Level 1:colcon.colcon_core.package_identification:_identify(.) by extensions ['colcon_meta']
[1.994s] Level 1:colcon.colcon_core.package_identification:_identify(.) by extension 'colcon_meta'
[1.994s] Level 1:colcon.colcon_core.package_identification:_identify(.) by extensions ['ros']
[1.994s] Level 1:colcon.colcon_core.package_identification:_identify(.) by extension 'ros'
[2.070s] Level 1:colcon.colcon_core.package_identification:_identify(.) by extensions ['cmake', 'python']
[2.070s] Level 1:colcon.colcon_core.package_identification:_identify(.) by extension 'cmake'
[2.070s] Level 1:colcon.colcon_core.package_identification:_identify(.) by extension 'python'
[2.070s] Level 1:colcon.colcon_core.package_identification:_identify(.) by extensions ['python_setup_py']
[2.071s] Level 1:colcon.colcon_core.package_identification:_identify(.) by extension 'python_setup_py'
[2.072s] Level 1:colcon.colcon_core.package_identification:_identify(Smarte-Systemer---Rover) by extensions ['ignore', 'ignore_ament_install']
[2.072s] Level 1:colcon.colcon_core.package_identification:_identify(Smarte-Systemer---Rover) by extension 'ignore'
[2.073s] Level 1:colcon.colcon_core.package_identification:_identify(Smarte-Systemer---Rover) by extension 'ignore_ament_install'
[2.073s] Level 1:colcon.colcon_core.package_identification:_identify(Smarte-Systemer---Rover) by extensions ['colcon_pkg']
[2.073s] Level 1:colcon.colcon_core.package_identification:_identify(Smarte-Systemer---Rover) by extension 'colcon_pkg'
[2.073s] Level 1:colcon.colcon_core.package_identification:_identify(Smarte-Systemer---Rover) by extensions ['colcon_meta']
[2.073s] Level 1:colcon.colcon_core.package_identification:_identify(Smarte-Systemer---Rover) by extension 'colcon_meta'
[2.074s] Level 1:colcon.colcon_core.package_identification:_identify(Smarte-Systemer---Rover) by extensions ['ros']
[2.074s] Level 1:colcon.colcon_core.package_identification:_identify(Smarte-Systemer---Rover) by extension 'ros'
[2.074s] Level 1:colcon.colcon_core.package_identification:_identify(Smarte-Systemer---Rover) by extensions ['cmake', 'python']
[2.074s] Level 1:colcon.colcon_core.package_identification:_identify(Smarte-Systemer---Rover) by extension 'cmake'
[2.075s] Level 1:colcon.colcon_core.package_identification:_identify(Smarte-Systemer---Rover) by extension 'python'
[2.075s] Level 1:colcon.colcon_core.package_identification:_identify(Smarte-Systemer---Rover) by extensions ['python_setup_py']
[2.075s] Level 1:colcon.colcon_core.package_identification:_identify(Smarte-Systemer---Rover) by extension 'python_setup_py'
[2.076s] Level 1:colcon.colcon_core.package_identification:_identify(Smarte-Systemer---Rover/build) by extensions ['ignore', 'ignore_ament_install']
[2.076s] Level 1:colcon.colcon_core.package_identification:_identify(Smarte-Systemer---Rover/build) by extension 'ignore'
[2.076s] Level 1:colcon.colcon_core.package_identification:_identify(Smarte-Systemer---Rover/build) ignored
[2.078s] Level 1:colcon.colcon_core.package_identification:_identify(Smarte-Systemer---Rover/hypersonic_micro_bit) by extensions ['ignore', 'ignore_ament_install']
[2.078s] Level 1:colcon.colcon_core.package_identification:_identify(Smarte-Systemer---Rover/hypersonic_micro_bit) by extension 'ignore'
[2.078s] Level 1:colcon.colcon_core.package_identification:_identify(Smarte-Systemer---Rover/hypersonic_micro_bit) by extension 'ignore_ament_install'
[2.078s] Level 1:colcon.colcon_core.package_identification:_identify(Smarte-Systemer---Rover/hypersonic_micro_bit) by extensions ['colcon_pkg']
[2.079s] Level 1:colcon.colcon_core.package_identification:_identify(Smarte-Systemer---Rover/hypersonic_micro_bit) by extension 'colcon_pkg'
[2.079s] Level 1:colcon.colcon_core.package_identification:_identify(Smarte-Systemer---Rover/hypersonic_micro_bit) by extensions ['colcon_meta']
[2.079s] Level 1:colcon.colcon_core.package_identification:_identify(Smarte-Systemer---Rover/hypersonic_micro_bit) by extension 'colcon_meta'
[2.079s] Level 1:colcon.colcon_core.package_identification:_identify(Smarte-Systemer---Rover/hypersonic_micro_bit) by extensions ['ros']
[2.079s] Level 1:colcon.colcon_core.package_identification:_identify(Smarte-Systemer---Rover/hypersonic_micro_bit) by extension 'ros'
[2.080s] Level 1:colcon.colcon_core.package_identification:_identify(Smarte-Systemer---Rover/hypersonic_micro_bit) by extensions ['cmake', 'python']
[2.080s] Level 1:colcon.colcon_core.package_identification:_identify(Smarte-Systemer---Rover/hypersonic_micro_bit) by extension 'cmake'
[2.080s] Level 1:colcon.colcon_core.package_identification:_identify(Smarte-Systemer---Rover/hypersonic_micro_bit) by extension 'python'
[2.080s] Level 1:colcon.colcon_core.package_identification:_identify(Smarte-Systemer---Rover/hypersonic_micro_bit) by extensions ['python_setup_py']
[2.080s] Level 1:colcon.colcon_core.package_identification:_identify(Smarte-Systemer---Rover/hypersonic_micro_bit) by extension 'python_setup_py'
[2.081s] Level 1:colcon.colcon_core.package_identification:_identify(Smarte-Systemer---Rover/hypersonic_micro_bit/include) by extensions ['ignore', 'ignore_ament_install']
[2.082s] Level 1:colcon.colcon_core.package_identification:_identify(Smarte-Systemer---Rover/hypersonic_micro_bit/include) by extension 'ignore'
[2.082s] Level 1:colcon.colcon_core.package_identification:_identify(Smarte-Systemer---Rover/hypersonic_micro_bit/include) by extension 'ignore_ament_install'
[2.082s] Level 1:colcon.colcon_core.package_identification:_identify(Smarte-Systemer---Rover/hypersonic_micro_bit/include) by extensions ['colcon_pkg']
[2.082s] Level 1:colcon.colcon_core.package_identification:_identify(Smarte-Systemer---Rover/hypersonic_micro_bit/include) by extension 'colcon_pkg'
[2.083s] Level 1:colcon.colcon_core.package_identification:_identify(Smarte-Systemer---Rover/hypersonic_micro_bit/include) by extensions ['colcon_meta']
[2.083s] Level 1:colcon.colcon_core.package_identification:_identify(Smarte-Systemer---Rover/hypersonic_micro_bit/include) by extension 'colcon_meta'
[2.083s] Level 1:colcon.colcon_core.package_identification:_identify(Smarte-Systemer---Rover/hypersonic_micro_bit/include) by extensions ['ros']
[2.083s] Level 1:colcon.colcon_core.package_identification:_identify(Smarte-Systemer---Rover/hypersonic_micro_bit/include) by extension 'ros'
[2.083s] Level 1:colcon.colcon_core.package_identification:_identify(Smarte-Systemer---Rover/hypersonic_micro_bit/include) by extensions ['cmake', 'python']
[2.084s] Level 1:colcon.colcon_core.package_identification:_identify(Smarte-Systemer---Rover/hypersonic_micro_bit/include) by extension 'cmake'
[2.084s] Level 1:colcon.colcon_core.package_identification:_identify(Smarte-Systemer---Rover/hypersonic_micro_bit/include) by extension 'python'
[2.084s] Level 1:colcon.colcon_core.package_identification:_identify(Smarte-Systemer---Rover/hypersonic_micro_bit/include) by extensions ['python_setup_py']
[2.084s] Level 1:colcon.colcon_core.package_identification:_identify(Smarte-Systemer---Rover/hypersonic_micro_bit/include) by extension 'python_setup_py'
[2.085s] Level 1:colcon.colcon_core.package_identification:_identify(Smarte-Systemer---Rover/hypersonic_micro_bit/include/hardware) by extensions ['ignore', 'ignore_ament_install']
[2.085s] Level 1:colcon.colcon_core.package_identification:_identify(Smarte-Systemer---Rover/hypersonic_micro_bit/include/hardware) by extension 'ignore'
[2.086s] Level 1:colcon.colcon_core.package_identification:_identify(Smarte-Systemer---Rover/hypersonic_micro_bit/include/hardware) by extension 'ignore_ament_install'
[2.086s] Level 1:colcon.colcon_core.package_identification:_identify(Smarte-Systemer---Rover/hypersonic_micro_bit/include/hardware) by extensions ['colcon_pkg']
[2.086s] Level 1:colcon.colcon_core.package_identification:_identify(Smarte-Systemer---Rover/hypersonic_micro_bit/include/hardware) by extension 'colcon_pkg'
[2.086s] Level 1:colcon.colcon_core.package_identification:_identify(Smarte-Systemer---Rover/hypersonic_micro_bit/include/hardware) by extensions ['colcon_meta']
[2.086s] Level 1:colcon.colcon_core.package_identification:_identify(Smarte-Systemer---Rover/hypersonic_micro_bit/include/hardware) by extension 'colcon_meta'
[2.087s] Level 1:colcon.colcon_core.package_identification:_identify(Smarte-Systemer---Rover/hypersonic_micro_bit/include/hardware) by extensions ['ros']
[2.087s] Level 1:colcon.colcon_core.package_identification:_identify(Smarte-Systemer---Rover/hypersonic_micro_bit/include/hardware) by extension 'ros'
[2.087s] Level 1:colcon.colcon_core.package_identification:_identify(Smarte-Systemer---Rover/hypersonic_micro_bit/include/hardware) by extensions ['cmake', 'python']
[2.087s] Level 1:colcon.colcon_core.package_identification:_identify(Smarte-Systemer---Rover/hypersonic_micro_bit/include/hardware) by extension 'cmake'
[2.088s] Level 1:colcon.colcon_core.package_identification:_identify(Smarte-Systemer---Rover/hypersonic_micro_bit/include/hardware) by extension 'python'
[2.088s] Level 1:colcon.colcon_core.package_identification:_identify(Smarte-Systemer---Rover/hypersonic_micro_bit/include/hardware) by extensions ['python_setup_py']
[2.088s] Level 1:colcon.colcon_core.package_identification:_identify(Smarte-Systemer---Rover/hypersonic_micro_bit/include/hardware) by extension 'python_setup_py'
[2.089s] Level 1:colcon.colcon_core.package_identification:_identify(Smarte-Systemer---Rover/hypersonic_micro_bit/include/logic) by extensions ['ignore', 'ignore_ament_install']
[2.089s] Level 1:colcon.colcon_core.package_identification:_identify(Smarte-Systemer---Rover/hypersonic_micro_bit/include/logic) by extension 'ignore'
[2.090s] Level 1:colcon.colcon_core.package_identification:_identify(Smarte-Systemer---Rover/hypersonic_micro_bit/include/logic) by extension 'ignore_ament_install'
[2.090s] Level 1:colcon.colcon_core.package_identification:_identify(Smarte-Systemer---Rover/hypersonic_micro_bit/include/logic) by extensions ['colcon_pkg']
[2.090s] Level 1:colcon.colcon_core.package_identification:_identify(Smarte-Systemer---Rover/hypersonic_micro_bit/include/logic) by extension 'colcon_pkg'
[2.090s] Level 1:colcon.colcon_core.package_identification:_identify(Smarte-Systemer---Rover/hypersonic_micro_bit/include/logic) by extensions ['colcon_meta']
[2.090s] Level 1:colcon.colcon_core.package_identification:_identify(Smarte-Systemer---Rover/hypersonic_micro_bit/include/logic) by extension 'colcon_meta'
[2.091s] Level 1:colcon.colcon_core.package_identification:_identify(Smarte-Systemer---Rover/hypersonic_micro_bit/include/logic) by extensions ['ros']
[2.091s] Level 1:colcon.colcon_core.package_identification:_identify(Smarte-Systemer---Rover/hypersonic_micro_bit/include/logic) by extension 'ros'
[2.091s] Level 1:colcon.colcon_core.package_identification:_identify(Smarte-Systemer---Rover/hypersonic_micro_bit/include/logic) by extensions ['cmake', 'python']
[2.091s] Level 1:colcon.colcon_core.package_identification:_identify(Smarte-Systemer---Rover/hypersonic_micro_bit/include/logic) by extension 'cmake'
[2.091s] Level 1:colcon.colcon_core.package_identification:_identify(Smarte-Systemer---Rover/hypersonic_micro_bit/include/logic) by extension 'python'
[2.092s] Level 1:colcon.colcon_core.package_identification:_identify(Smarte-Systemer---Rover/hypersonic_micro_bit/include/logic) by extensions ['python_setup_py']
[2.092s] Level 1:colcon.colcon_core.package_identification:_identify(Smarte-Systemer---Rover/hypersonic_micro_bit/include/logic) by extension 'python_setup_py'
[2.093s] Level 1:colcon.colcon_core.package_identification:_identify(Smarte-Systemer---Rover/hypersonic_micro_bit/lib) by extensions ['ignore', 'ignore_ament_install']
[2.093s] Level 1:colcon.colcon_core.package_identification:_identify(Smarte-Systemer---Rover/hypersonic_micro_bit/lib) by extension 'ignore'
[2.093s] Level 1:colcon.colcon_core.package_identification:_identify(Smarte-Systemer---Rover/hypersonic_micro_bit/lib) by extension 'ignore_ament_install'
[2.094s] Level 1:colcon.colcon_core.package_identification:_identify(Smarte-Systemer---Rover/hypersonic_micro_bit/lib) by extensions ['colcon_pkg']
[2.094s] Level 1:colcon.colcon_core.package_identification:_identify(Smarte-Systemer---Rover/hypersonic_micro_bit/lib) by extension 'colcon_pkg'
[2.094s] Level 1:colcon.colcon_core.package_identification:_identify(Smarte-Systemer---Rover/hypersonic_micro_bit/lib) by extensions ['colcon_meta']
[2.094s] Level 1:colcon.colcon_core.package_identification:_identify(Smarte-Systemer---Rover/hypersonic_micro_bit/lib) by extension 'colcon_meta'
[2.094s] Level 1:colcon.colcon_core.package_identification:_identify(Smarte-Systemer---Rover/hypersonic_micro_bit/lib) by extensions ['ros']
[2.094s] Level 1:colcon.colcon_core.package_identification:_identify(Smarte-Systemer---Rover/hypersonic_micro_bit/lib) by extension 'ros'
[2.095s] Level 1:colcon.colcon_core.package_identification:_identify(Smarte-Systemer---Rover/hypersonic_micro_bit/lib) by extensions ['cmake', 'python']
[2.095s] Level 1:colcon.colcon_core.package_identification:_identify(Smarte-Systemer---Rover/hypersonic_micro_bit/lib) by extension 'cmake'
[2.095s] Level 1:colcon.colcon_core.package_identification:_identify(Smarte-Systemer---Rover/hypersonic_micro_bit/lib) by extension 'python'
[2.095s] Level 1:colcon.colcon_core.package_identification:_identify(Smarte-Systemer---Rover/hypersonic_micro_bit/lib) by extensions ['python_setup_py']
[2.095s] Level 1:colcon.colcon_core.package_identification:_identify(Smarte-Systemer---Rover/hypersonic_micro_bit/lib) by extension 'python_setup_py'
[2.096s] Level 1:colcon.colcon_core.package_identification:_identify(Smarte-Systemer---Rover/hypersonic_micro_bit/src) by extensions ['ignore', 'ignore_ament_install']
[2.097s] Level 1:colcon.colcon_core.package_identification:_identify(Smarte-Systemer---Rover/hypersonic_micro_bit/src) by extension 'ignore'
[2.097s] Level 1:colcon.colcon_core.package_identification:_identify(Smarte-Systemer---Rover/hypersonic_micro_bit/src) by extension 'ignore_ament_install'
[2.097s] Level 1:colcon.colcon_core.package_identification:_identify(Smarte-Systemer---Rover/hypersonic_micro_bit/src) by extensions ['colcon_pkg']
[2.097s] Level 1:colcon.colcon_core.package_identification:_identify(Smarte-Systemer---Rover/hypersonic_micro_bit/src) by extension 'colcon_pkg'
[2.098s] Level 1:colcon.colcon_core.package_identification:_identify(Smarte-Systemer---Rover/hypersonic_micro_bit/src) by extensions ['colcon_meta']
[2.098s] Level 1:colcon.colcon_core.package_identification:_identify(Smarte-Systemer---Rover/hypersonic_micro_bit/src) by extension 'colcon_meta'
[2.098s] Level 1:colcon.colcon_core.package_identification:_identify(Smarte-Systemer---Rover/hypersonic_micro_bit/src) by extensions ['ros']
[2.098s] Level 1:colcon.colcon_core.package_identification:_identify(Smarte-Systemer---Rover/hypersonic_micro_bit/src) by extension 'ros'
[2.099s] Level 1:colcon.colcon_core.package_identification:_identify(Smarte-Systemer---Rover/hypersonic_micro_bit/src) by extensions ['cmake', 'python']
[2.099s] Level 1:colcon.colcon_core.package_identification:_identify(Smarte-Systemer---Rover/hypersonic_micro_bit/src) by extension 'cmake'
[2.099s] Level 1:colcon.colcon_core.package_identification:_identify(Smarte-Systemer---Rover/hypersonic_micro_bit/src) by extension 'python'
[2.099s] Level 1:colcon.colcon_core.package_identification:_identify(Smarte-Systemer---Rover/hypersonic_micro_bit/src) by extensions ['python_setup_py']
[2.099s] Level 1:colcon.colcon_core.package_identification:_identify(Smarte-Systemer---Rover/hypersonic_micro_bit/src) by extension 'python_setup_py'
[2.100s] Level 1:colcon.colcon_core.package_identification:_identify(Smarte-Systemer---Rover/hypersonic_micro_bit/src/hardware) by extensions ['ignore', 'ignore_ament_install']
[2.101s] Level 1:colcon.colcon_core.package_identification:_identify(Smarte-Systemer---Rover/hypersonic_micro_bit/src/hardware) by extension 'ignore'
[2.101s] Level 1:colcon.colcon_core.package_identification:_identify(Smarte-Systemer---Rover/hypersonic_micro_bit/src/hardware) by extension 'ignore_ament_install'
[2.101s] Level 1:colcon.colcon_core.package_identification:_identify(Smarte-Systemer---Rover/hypersonic_micro_bit/src/hardware) by extensions ['colcon_pkg']
[2.101s] Level 1:colcon.colcon_core.package_identification:_identify(Smarte-Systemer---Rover/hypersonic_micro_bit/src/hardware) by extension 'colcon_pkg'
[2.101s] Level 1:colcon.colcon_core.package_identification:_identify(Smarte-Systemer---Rover/hypersonic_micro_bit/src/hardware) by extensions ['colcon_meta']
[2.101s] Level 1:colcon.colcon_core.package_identification:_identify(Smarte-Systemer---Rover/hypersonic_micro_bit/src/hardware) by extension 'colcon_meta'
[2.102s] Level 1:colcon.colcon_core.package_identification:_identify(Smarte-Systemer---Rover/hypersonic_micro_bit/src/hardware) by extensions ['ros']
[2.102s] Level 1:colcon.colcon_core.package_identification:_identify(Smarte-Systemer---Rover/hypersonic_micro_bit/src/hardware) by extension 'ros'
[2.102s] Level 1:colcon.colcon_core.package_identification:_identify(Smarte-Systemer---Rover/hypersonic_micro_bit/src/hardware) by extensions ['cmake', 'python']
[2.102s] Level 1:colcon.colcon_core.package_identification:_identify(Smarte-Systemer---Rover/hypersonic_micro_bit/src/hardware) by extension 'cmake'
[2.103s] Level 1:colcon.colcon_core.package_identification:_identify(Smarte-Systemer---Rover/hypersonic_micro_bit/src/hardware) by extension 'python'
[2.103s] Level 1:colcon.colcon_core.package_identification:_identify(Smarte-Systemer---Rover/hypersonic_micro_bit/src/hardware) by extensions ['python_setup_py']
[2.103s] Level 1:colcon.colcon_core.package_identification:_identify(Smarte-Systemer---Rover/hypersonic_micro_bit/src/hardware) by extension 'python_setup_py'
[2.104s] Level 1:colcon.colcon_core.package_identification:_identify(Smarte-Systemer---Rover/hypersonic_micro_bit/test) by extensions ['ignore', 'ignore_ament_install']
[2.104s] Level 1:colcon.colcon_core.package_identification:_identify(Smarte-Systemer---Rover/hypersonic_micro_bit/test) by extension 'ignore'
[2.105s] Level 1:colcon.colcon_core.package_identification:_identify(Smarte-Systemer---Rover/hypersonic_micro_bit/test) by extension 'ignore_ament_install'
[2.105s] Level 1:colcon.colcon_core.package_identification:_identify(Smarte-Systemer---Rover/hypersonic_micro_bit/test) by extensions ['colcon_pkg']
[2.105s] Level 1:colcon.colcon_core.package_identification:_identify(Smarte-Systemer---Rover/hypersonic_micro_bit/test) by extension 'colcon_pkg'
[2.105s] Level 1:colcon.colcon_core.package_identification:_identify(Smarte-Systemer---Rover/hypersonic_micro_bit/test) by extensions ['colcon_meta']
[2.105s] Level 1:colcon.colcon_core.package_identification:_identify(Smarte-Systemer---Rover/hypersonic_micro_bit/test) by extension 'colcon_meta'
[2.105s] Level 1:colcon.colcon_core.package_identification:_identify(Smarte-Systemer---Rover/hypersonic_micro_bit/test) by extensions ['ros']
[2.106s] Level 1:colcon.colcon_core.package_identification:_identify(Smarte-Systemer---Rover/hypersonic_micro_bit/test) by extension 'ros'
[2.106s] Level 1:colcon.colcon_core.package_identification:_identify(Smarte-Systemer---Rover/hypersonic_micro_bit/test) by extensions ['cmake', 'python']
[2.106s] Level 1:colcon.colcon_core.package_identification:_identify(Smarte-Systemer---Rover/hypersonic_micro_bit/test) by extension 'cmake'
[2.106s] Level 1:colcon.colcon_core.package_identification:_identify(Smarte-Systemer---Rover/hypersonic_micro_bit/test) by extension 'python'
[2.107s] Level 1:colcon.colcon_core.package_identification:_identify(Smarte-Systemer---Rover/hypersonic_micro_bit/test) by extensions ['python_setup_py']
[2.107s] Level 1:colcon.colcon_core.package_identification:_identify(Smarte-Systemer---Rover/hypersonic_micro_bit/test) by extension 'python_setup_py'
[2.108s] Level 1:colcon.colcon_core.package_identification:_identify(Smarte-Systemer---Rover/install) by extensions ['ignore', 'ignore_ament_install']
[2.108s] Level 1:colcon.colcon_core.package_identification:_identify(Smarte-Systemer---Rover/install) by extension 'ignore'
[2.108s] Level 1:colcon.colcon_core.package_identification:_identify(Smarte-Systemer---Rover/install) ignored
[2.109s] Level 1:colcon.colcon_core.package_identification:_identify(Smarte-Systemer---Rover/log) by extensions ['ignore', 'ignore_ament_install']
[2.110s] Level 1:colcon.colcon_core.package_identification:_identify(Smarte-Systemer---Rover/log) by extension 'ignore'
[2.110s] Level 1:colcon.colcon_core.package_identification:_identify(Smarte-Systemer---Rover/log) ignored
[2.111s] Level 1:colcon.colcon_core.package_identification:_identify(Smarte-Systemer---Rover/min_sens_best_practice) by extensions ['ignore', 'ignore_ament_install']
[2.111s] Level 1:colcon.colcon_core.package_identification:_identify(Smarte-Systemer---Rover/min_sens_best_practice) by extension 'ignore'
[2.111s] Level 1:colcon.colcon_core.package_identification:_identify(Smarte-Systemer---Rover/min_sens_best_practice) by extension 'ignore_ament_install'
[2.112s] Level 1:colcon.colcon_core.package_identification:_identify(Smarte-Systemer---Rover/min_sens_best_practice) by extensions ['colcon_pkg']
[2.112s] Level 1:colcon.colcon_core.package_identification:_identify(Smarte-Systemer---Rover/min_sens_best_practice) by extension 'colcon_pkg'
[2.112s] Level 1:colcon.colcon_core.package_identification:_identify(Smarte-Systemer---Rover/min_sens_best_practice) by extensions ['colcon_meta']
[2.112s] Level 1:colcon.colcon_core.package_identification:_identify(Smarte-Systemer---Rover/min_sens_best_practice) by extension 'colcon_meta'
[2.112s] Level 1:colcon.colcon_core.package_identification:_identify(Smarte-Systemer---Rover/min_sens_best_practice) by extensions ['ros']
[2.113s] Level 1:colcon.colcon_core.package_identification:_identify(Smarte-Systemer---Rover/min_sens_best_practice) by extension 'ros'
[2.113s] Level 1:colcon.colcon_core.package_identification:_identify(Smarte-Systemer---Rover/min_sens_best_practice) by extensions ['cmake', 'python']
[2.113s] Level 1:colcon.colcon_core.package_identification:_identify(Smarte-Systemer---Rover/min_sens_best_practice) by extension 'cmake'
[2.113s] Level 1:colcon.colcon_core.package_identification:_identify(Smarte-Systemer---Rover/min_sens_best_practice) by extension 'python'
[2.113s] Level 1:colcon.colcon_core.package_identification:_identify(Smarte-Systemer---Rover/min_sens_best_practice) by extensions ['python_setup_py']
[2.114s] Level 1:colcon.colcon_core.package_identification:_identify(Smarte-Systemer---Rover/min_sens_best_practice) by extension 'python_setup_py'
[2.115s] Level 1:colcon.colcon_core.package_identification:_identify(Smarte-Systemer---Rover/min_sens_best_practice/include) by extensions ['ignore', 'ignore_ament_install']
[2.115s] Level 1:colcon.colcon_core.package_identification:_identify(Smarte-Systemer---Rover/min_sens_best_practice/include) by extension 'ignore'
[2.115s] Level 1:colcon.colcon_core.package_identification:_identify(Smarte-Systemer---Rover/min_sens_best_practice/include) by extension 'ignore_ament_install'
[2.116s] Level 1:colcon.colcon_core.package_identification:_identify(Smarte-Systemer---Rover/min_sens_best_practice/include) by extensions ['colcon_pkg']
[2.116s] Level 1:colcon.colcon_core.package_identification:_identify(Smarte-Systemer---Rover/min_sens_best_practice/include) by extension 'colcon_pkg'
[2.116s] Level 1:colcon.colcon_core.package_identification:_identify(Smarte-Systemer---Rover/min_sens_best_practice/include) by extensions ['colcon_meta']
[2.116s] Level 1:colcon.colcon_core.package_identification:_identify(Smarte-Systemer---Rover/min_sens_best_practice/include) by extension 'colcon_meta'
[2.116s] Level 1:colcon.colcon_core.package_identification:_identify(Smarte-Systemer---Rover/min_sens_best_practice/include) by extensions ['ros']
[2.116s] Level 1:colcon.colcon_core.package_identification:_identify(Smarte-Systemer---Rover/min_sens_best_practice/include) by extension 'ros'
[2.117s] Level 1:colcon.colcon_core.package_identification:_identify(Smarte-Systemer---Rover/min_sens_best_practice/include) by extensions ['cmake', 'python']
[2.117s] Level 1:colcon.colcon_core.package_identification:_identify(Smarte-Systemer---Rover/min_sens_best_practice/include) by extension 'cmake'
[2.117s] Level 1:colcon.colcon_core.package_identification:_identify(Smarte-Systemer---Rover/min_sens_best_practice/include) by extension 'python'
[2.117s] Level 1:colcon.colcon_core.package_identification:_identify(Smarte-Systemer---Rover/min_sens_best_practice/include) by extensions ['python_setup_py']
[2.117s] Level 1:colcon.colcon_core.package_identification:_identify(Smarte-Systemer---Rover/min_sens_best_practice/include) by extension 'python_setup_py'
[2.118s] Level 1:colcon.colcon_core.package_identification:_identify(Smarte-Systemer---Rover/min_sens_best_practice/lib) by extensions ['ignore', 'ignore_ament_install']
[2.119s] Level 1:colcon.colcon_core.package_identification:_identify(Smarte-Systemer---Rover/min_sens_best_practice/lib) by extension 'ignore'
[2.119s] Level 1:colcon.colcon_core.package_identification:_identify(Smarte-Systemer---Rover/min_sens_best_practice/lib) by extension 'ignore_ament_install'
[2.119s] Level 1:colcon.colcon_core.package_identification:_identify(Smarte-Systemer---Rover/min_sens_best_practice/lib) by extensions ['colcon_pkg']
[2.119s] Level 1:colcon.colcon_core.package_identification:_identify(Smarte-Systemer---Rover/min_sens_best_practice/lib) by extension 'colcon_pkg'
[2.120s] Level 1:colcon.colcon_core.package_identification:_identify(Smarte-Systemer---Rover/min_sens_best_practice/lib) by extensions ['colcon_meta']
[2.120s] Level 1:colcon.colcon_core.package_identification:_identify(Smarte-Systemer---Rover/min_sens_best_practice/lib) by extension 'colcon_meta'
[2.120s] Level 1:colcon.colcon_core.package_identification:_identify(Smarte-Systemer---Rover/min_sens_best_practice/lib) by extensions ['ros']
[2.120s] Level 1:colcon.colcon_core.package_identification:_identify(Smarte-Systemer---Rover/min_sens_best_practice/lib) by extension 'ros'
[2.120s] Level 1:colcon.colcon_core.package_identification:_identify(Smarte-Systemer---Rover/min_sens_best_practice/lib) by extensions ['cmake', 'python']
[2.121s] Level 1:colcon.colcon_core.package_identification:_identify(Smarte-Systemer---Rover/min_sens_best_practice/lib) by extension 'cmake'
[2.121s] Level 1:colcon.colcon_core.package_identification:_identify(Smarte-Systemer---Rover/min_sens_best_practice/lib) by extension 'python'
[2.121s] Level 1:colcon.colcon_core.package_identification:_identify(Smarte-Systemer---Rover/min_sens_best_practice/lib) by extensions ['python_setup_py']
[2.121s] Level 1:colcon.colcon_core.package_identification:_identify(Smarte-Systemer---Rover/min_sens_best_practice/lib) by extension 'python_setup_py'
[2.122s] Level 1:colcon.colcon_core.package_identification:_identify(Smarte-Systemer---Rover/min_sens_best_practice/src) by extensions ['ignore', 'ignore_ament_install']
[2.123s] Level 1:colcon.colcon_core.package_identification:_identify(Smarte-Systemer---Rover/min_sens_best_practice/src) by extension 'ignore'
[2.123s] Level 1:colcon.colcon_core.package_identification:_identify(Smarte-Systemer---Rover/min_sens_best_practice/src) by extension 'ignore_ament_install'
[2.123s] Level 1:colcon.colcon_core.package_identification:_identify(Smarte-Systemer---Rover/min_sens_best_practice/src) by extensions ['colcon_pkg']
[2.123s] Level 1:colcon.colcon_core.package_identification:_identify(Smarte-Systemer---Rover/min_sens_best_practice/src) by extension 'colcon_pkg'
[2.123s] Level 1:colcon.colcon_core.package_identification:_identify(Smarte-Systemer---Rover/min_sens_best_practice/src) by extensions ['colcon_meta']
[2.124s] Level 1:colcon.colcon_core.package_identification:_identify(Smarte-Systemer---Rover/min_sens_best_practice/src) by extension 'colcon_meta'
[2.124s] Level 1:colcon.colcon_core.package_identification:_identify(Smarte-Systemer---Rover/min_sens_best_practice/src) by extensions ['ros']
[2.124s] Level 1:colcon.colcon_core.package_identification:_identify(Smarte-Systemer---Rover/min_sens_best_practice/src) by extension 'ros'
[2.124s] Level 1:colcon.colcon_core.package_identification:_identify(Smarte-Systemer---Rover/min_sens_best_practice/src) by extensions ['cmake', 'python']
[2.124s] Level 1:colcon.colcon_core.package_identification:_identify(Smarte-Systemer---Rover/min_sens_best_practice/src) by extension 'cmake'
[2.125s] Level 1:colcon.colcon_core.package_identification:_identify(Smarte-Systemer---Rover/min_sens_best_practice/src) by extension 'python'
[2.125s] Level 1:colcon.colcon_core.package_identification:_identify(Smarte-Systemer---Rover/min_sens_best_practice/src) by extensions ['python_setup_py']
[2.125s] Level 1:colcon.colcon_core.package_identification:_identify(Smarte-Systemer---Rover/min_sens_best_practice/src) by extension 'python_setup_py'
[2.126s] Level 1:colcon.colcon_core.package_identification:_identify(Smarte-Systemer---Rover/min_sens_best_practice/src/actuators) by extensions ['ignore', 'ignore_ament_install']
[2.126s] Level 1:colcon.colcon_core.package_identification:_identify(Smarte-Systemer---Rover/min_sens_best_practice/src/actuators) by extension 'ignore'
[2.127s] Level 1:colcon.colcon_core.package_identification:_identify(Smarte-Systemer---Rover/min_sens_best_practice/src/actuators) by extension 'ignore_ament_install'
[2.127s] Level 1:colcon.colcon_core.package_identification:_identify(Smarte-Systemer---Rover/min_sens_best_practice/src/actuators) by extensions ['colcon_pkg']
[2.127s] Level 1:colcon.colcon_core.package_identification:_identify(Smarte-Systemer---Rover/min_sens_best_practice/src/actuators) by extension 'colcon_pkg'
[2.127s] Level 1:colcon.colcon_core.package_identification:_identify(Smarte-Systemer---Rover/min_sens_best_practice/src/actuators) by extensions ['colcon_meta']
[2.127s] Level 1:colcon.colcon_core.package_identification:_identify(Smarte-Systemer---Rover/min_sens_best_practice/src/actuators) by extension 'colcon_meta'
[2.128s] Level 1:colcon.colcon_core.package_identification:_identify(Smarte-Systemer---Rover/min_sens_best_practice/src/actuators) by extensions ['ros']
[2.128s] Level 1:colcon.colcon_core.package_identification:_identify(Smarte-Systemer---Rover/min_sens_best_practice/src/actuators) by extension 'ros'
[2.128s] Level 1:colcon.colcon_core.package_identification:_identify(Smarte-Systemer---Rover/min_sens_best_practice/src/actuators) by extensions ['cmake', 'python']
[2.128s] Level 1:colcon.colcon_core.package_identification:_identify(Smarte-Systemer---Rover/min_sens_best_practice/src/actuators) by extension 'cmake'
[2.128s] Level 1:colcon.colcon_core.package_identification:_identify(Smarte-Systemer---Rover/min_sens_best_practice/src/actuators) by extension 'python'
[2.129s] Level 1:colcon.colcon_core.package_identification:_identify(Smarte-Systemer---Rover/min_sens_best_practice/src/actuators) by extensions ['python_setup_py']
[2.129s] Level 1:colcon.colcon_core.package_identification:_identify(Smarte-Systemer---Rover/min_sens_best_practice/src/actuators) by extension 'python_setup_py'
[2.130s] Level 1:colcon.colcon_core.package_identification:_identify(Smarte-Systemer---Rover/min_sens_best_practice/src/controller) by extensions ['ignore', 'ignore_ament_install']
[2.130s] Level 1:colcon.colcon_core.package_identification:_identify(Smarte-Systemer---Rover/min_sens_best_practice/src/controller) by extension 'ignore'
[2.130s] Level 1:colcon.colcon_core.package_identification:_identify(Smarte-Systemer---Rover/min_sens_best_practice/src/controller) by extension 'ignore_ament_install'
[2.131s] Level 1:colcon.colcon_core.package_identification:_identify(Smarte-Systemer---Rover/min_sens_best_practice/src/controller) by extensions ['colcon_pkg']
[2.131s] Level 1:colcon.colcon_core.package_identification:_identify(Smarte-Systemer---Rover/min_sens_best_practice/src/controller) by extension 'colcon_pkg'
[2.131s] Level 1:colcon.colcon_core.package_identification:_identify(Smarte-Systemer---Rover/min_sens_best_practice/src/controller) by extensions ['colcon_meta']
[2.131s] Level 1:colcon.colcon_core.package_identification:_identify(Smarte-Systemer---Rover/min_sens_best_practice/src/controller) by extension 'colcon_meta'
[2.131s] Level 1:colcon.colcon_core.package_identification:_identify(Smarte-Systemer---Rover/min_sens_best_practice/src/controller) by extensions ['ros']
[2.132s] Level 1:colcon.colcon_core.package_identification:_identify(Smarte-Systemer---Rover/min_sens_best_practice/src/controller) by extension 'ros'
[2.132s] Level 1:colcon.colcon_core.package_identification:_identify(Smarte-Systemer---Rover/min_sens_best_practice/src/controller) by extensions ['cmake', 'python']
[2.132s] Level 1:colcon.colcon_core.package_identification:_identify(Smarte-Systemer---Rover/min_sens_best_practice/src/controller) by extension 'cmake'
[2.132s] Level 1:colcon.colcon_core.package_identification:_identify(Smarte-Systemer---Rover/min_sens_best_practice/src/controller) by extension 'python'
[2.132s] Level 1:colcon.colcon_core.package_identification:_identify(Smarte-Systemer---Rover/min_sens_best_practice/src/controller) by extensions ['python_setup_py']
[2.133s] Level 1:colcon.colcon_core.package_identification:_identify(Smarte-Systemer---Rover/min_sens_best_practice/src/controller) by extension 'python_setup_py'
[2.134s] Level 1:colcon.colcon_core.package_identification:_identify(Smarte-Systemer---Rover/min_sens_best_practice/src/sensors) by extensions ['ignore', 'ignore_ament_install']
[2.134s] Level 1:colcon.colcon_core.package_identification:_identify(Smarte-Systemer---Rover/min_sens_best_practice/src/sensors) by extension 'ignore'
[2.134s] Level 1:colcon.colcon_core.package_identification:_identify(Smarte-Systemer---Rover/min_sens_best_practice/src/sensors) by extension 'ignore_ament_install'
[2.135s] Level 1:colcon.colcon_core.package_identification:_identify(Smarte-Systemer---Rover/min_sens_best_practice/src/sensors) by extensions ['colcon_pkg']
[2.135s] Level 1:colcon.colcon_core.package_identification:_identify(Smarte-Systemer---Rover/min_sens_best_practice/src/sensors) by extension 'colcon_pkg'
[2.135s] Level 1:colcon.colcon_core.package_identification:_identify(Smarte-Systemer---Rover/min_sens_best_practice/src/sensors) by extensions ['colcon_meta']
[2.135s] Level 1:colcon.colcon_core.package_identification:_identify(Smarte-Systemer---Rover/min_sens_best_practice/src/sensors) by extension 'colcon_meta'
[2.135s] Level 1:colcon.colcon_core.package_identification:_identify(Smarte-Systemer---Rover/min_sens_best_practice/src/sensors) by extensions ['ros']
[2.135s] Level 1:colcon.colcon_core.package_identification:_identify(Smarte-Systemer---Rover/min_sens_best_practice/src/sensors) by extension 'ros'
[2.136s] Level 1:colcon.colcon_core.package_identification:_identify(Smarte-Systemer---Rover/min_sens_best_practice/src/sensors) by extensions ['cmake', 'python']
[2.136s] Level 1:colcon.colcon_core.package_identification:_identify(Smarte-Systemer---Rover/min_sens_best_practice/src/sensors) by extension 'cmake'
[2.136s] Level 1:colcon.colcon_core.package_identification:_identify(Smarte-Systemer---Rover/min_sens_best_practice/src/sensors) by extension 'python'
[2.136s] Level 1:colcon.colcon_core.package_identification:_identify(Smarte-Systemer---Rover/min_sens_best_practice/src/sensors) by extensions ['python_setup_py']
[2.136s] Level 1:colcon.colcon_core.package_identification:_identify(Smarte-Systemer---Rover/min_sens_best_practice/src/sensors) by extension 'python_setup_py'
[2.137s] Level 1:colcon.colcon_core.package_identification:_identify(Smarte-Systemer---Rover/min_sens_best_practice/test) by extensions ['ignore', 'ignore_ament_install']
[2.138s] Level 1:colcon.colcon_core.package_identification:_identify(Smarte-Systemer---Rover/min_sens_best_practice/test) by extension 'ignore'
[2.138s] Level 1:colcon.colcon_core.package_identification:_identify(Smarte-Systemer---Rover/min_sens_best_practice/test) by extension 'ignore_ament_install'
[2.138s] Level 1:colcon.colcon_core.package_identification:_identify(Smarte-Systemer---Rover/min_sens_best_practice/test) by extensions ['colcon_pkg']
[2.138s] Level 1:colcon.colcon_core.package_identification:_identify(Smarte-Systemer---Rover/min_sens_best_practice/test) by extension 'colcon_pkg'
[2.139s] Level 1:colcon.colcon_core.package_identification:_identify(Smarte-Systemer---Rover/min_sens_best_practice/test) by extensions ['colcon_meta']
[2.139s] Level 1:colcon.colcon_core.package_identification:_identify(Smarte-Systemer---Rover/min_sens_best_practice/test) by extension 'colcon_meta'
[2.139s] Level 1:colcon.colcon_core.package_identification:_identify(Smarte-Systemer---Rover/min_sens_best_practice/test) by extensions ['ros']
[2.139s] Level 1:colcon.colcon_core.package_identification:_identify(Smarte-Systemer---Rover/min_sens_best_practice/test) by extension 'ros'
[2.140s] Level 1:colcon.colcon_core.package_identification:_identify(Smarte-Systemer---Rover/min_sens_best_practice/test) by extensions ['cmake', 'python']
[2.140s] Level 1:colcon.colcon_core.package_identification:_identify(Smarte-Systemer---Rover/min_sens_best_practice/test) by extension 'cmake'
[2.140s] Level 1:colcon.colcon_core.package_identification:_identify(Smarte-Systemer---Rover/min_sens_best_practice/test) by extension 'python'
[2.140s] Level 1:colcon.colcon_core.package_identification:_identify(Smarte-Systemer---Rover/min_sens_best_practice/test) by extensions ['python_setup_py']
[2.140s] Level 1:colcon.colcon_core.package_identification:_identify(Smarte-Systemer---Rover/min_sens_best_practice/test) by extension 'python_setup_py'
[2.141s] Level 1:colcon.colcon_core.package_identification:_identify(Smarte-Systemer---Rover/sensorer_arduino_best_practice) by extensions ['ignore', 'ignore_ament_install']
[2.141s] Level 1:colcon.colcon_core.package_identification:_identify(Smarte-Systemer---Rover/sensorer_arduino_best_practice) by extension 'ignore'
[2.142s] Level 1:colcon.colcon_core.package_identification:_identify(Smarte-Systemer---Rover/sensorer_arduino_best_practice) by extension 'ignore_ament_install'
[2.142s] Level 1:colcon.colcon_core.package_identification:_identify(Smarte-Systemer---Rover/sensorer_arduino_best_practice) by extensions ['colcon_pkg']
[2.142s] Level 1:colcon.colcon_core.package_identification:_identify(Smarte-Systemer---Rover/sensorer_arduino_best_practice) by extension 'colcon_pkg'
[2.142s] Level 1:colcon.colcon_core.package_identification:_identify(Smarte-Systemer---Rover/sensorer_arduino_best_practice) by extensions ['colcon_meta']
[2.142s] Level 1:colcon.colcon_core.package_identification:_identify(Smarte-Systemer---Rover/sensorer_arduino_best_practice) by extension 'colcon_meta'
[2.143s] Level 1:colcon.colcon_core.package_identification:_identify(Smarte-Systemer---Rover/sensorer_arduino_best_practice) by extensions ['ros']
[2.143s] Level 1:colcon.colcon_core.package_identification:_identify(Smarte-Systemer---Rover/sensorer_arduino_best_practice) by extension 'ros'
[2.143s] Level 1:colcon.colcon_core.package_identification:_identify(Smarte-Systemer---Rover/sensorer_arduino_best_practice) by extensions ['cmake', 'python']
[2.143s] Level 1:colcon.colcon_core.package_identification:_identify(Smarte-Systemer---Rover/sensorer_arduino_best_practice) by extension 'cmake'
[2.144s] Level 1:colcon.colcon_core.package_identification:_identify(Smarte-Systemer---Rover/sensorer_arduino_best_practice) by extension 'python'
[2.144s] Level 1:colcon.colcon_core.package_identification:_identify(Smarte-Systemer---Rover/sensorer_arduino_best_practice) by extensions ['python_setup_py']
[2.144s] Level 1:colcon.colcon_core.package_identification:_identify(Smarte-Systemer---Rover/sensorer_arduino_best_practice) by extension 'python_setup_py'
[2.145s] Level 1:colcon.colcon_core.package_identification:_identify(Smarte-Systemer---Rover/sensorer_arduino_best_practice/include) by extensions ['ignore', 'ignore_ament_install']
[2.145s] Level 1:colcon.colcon_core.package_identification:_identify(Smarte-Systemer---Rover/sensorer_arduino_best_practice/include) by extension 'ignore'
[2.146s] Level 1:colcon.colcon_core.package_identification:_identify(Smarte-Systemer---Rover/sensorer_arduino_best_practice/include) by extension 'ignore_ament_install'
[2.146s] Level 1:colcon.colcon_core.package_identification:_identify(Smarte-Systemer---Rover/sensorer_arduino_best_practice/include) by extensions ['colcon_pkg']
[2.146s] Level 1:colcon.colcon_core.package_identification:_identify(Smarte-Systemer---Rover/sensorer_arduino_best_practice/include) by extension 'colcon_pkg'
[2.146s] Level 1:colcon.colcon_core.package_identification:_identify(Smarte-Systemer---Rover/sensorer_arduino_best_practice/include) by extensions ['colcon_meta']
[2.146s] Level 1:colcon.colcon_core.package_identification:_identify(Smarte-Systemer---Rover/sensorer_arduino_best_practice/include) by extension 'colcon_meta'
[2.147s] Level 1:colcon.colcon_core.package_identification:_identify(Smarte-Systemer---Rover/sensorer_arduino_best_practice/include) by extensions ['ros']
[2.147s] Level 1:colcon.colcon_core.package_identification:_identify(Smarte-Systemer---Rover/sensorer_arduino_best_practice/include) by extension 'ros'
[2.147s] Level 1:colcon.colcon_core.package_identification:_identify(Smarte-Systemer---Rover/sensorer_arduino_best_practice/include) by extensions ['cmake', 'python']
[2.147s] Level 1:colcon.colcon_core.package_identification:_identify(Smarte-Systemer---Rover/sensorer_arduino_best_practice/include) by extension 'cmake'
[2.147s] Level 1:colcon.colcon_core.package_identification:_identify(Smarte-Systemer---Rover/sensorer_arduino_best_practice/include) by extension 'python'
[2.148s] Level 1:colcon.colcon_core.package_identification:_identify(Smarte-Systemer---Rover/sensorer_arduino_best_practice/include) by extensions ['python_setup_py']
[2.148s] Level 1:colcon.colcon_core.package_identification:_identify(Smarte-Systemer---Rover/sensorer_arduino_best_practice/include) by extension 'python_setup_py'
[2.149s] Level 1:colcon.colcon_core.package_identification:_identify(Smarte-Systemer---Rover/sensorer_arduino_best_practice/lib) by extensions ['ignore', 'ignore_ament_install']
[2.149s] Level 1:colcon.colcon_core.package_identification:_identify(Smarte-Systemer---Rover/sensorer_arduino_best_practice/lib) by extension 'ignore'
[2.149s] Level 1:colcon.colcon_core.package_identification:_identify(Smarte-Systemer---Rover/sensorer_arduino_best_practice/lib) by extension 'ignore_ament_install'
[2.149s] Level 1:colcon.colcon_core.package_identification:_identify(Smarte-Systemer---Rover/sensorer_arduino_best_practice/lib) by extensions ['colcon_pkg']
[2.150s] Level 1:colcon.colcon_core.package_identification:_identify(Smarte-Systemer---Rover/sensorer_arduino_best_practice/lib) by extension 'colcon_pkg'
[2.150s] Level 1:colcon.colcon_core.package_identification:_identify(Smarte-Systemer---Rover/sensorer_arduino_best_practice/lib) by extensions ['colcon_meta']
[2.150s] Level 1:colcon.colcon_core.package_identification:_identify(Smarte-Systemer---Rover/sensorer_arduino_best_practice/lib) by extension 'colcon_meta'
[2.150s] Level 1:colcon.colcon_core.package_identification:_identify(Smarte-Systemer---Rover/sensorer_arduino_best_practice/lib) by extensions ['ros']
[2.150s] Level 1:colcon.colcon_core.package_identification:_identify(Smarte-Systemer---Rover/sensorer_arduino_best_practice/lib) by extension 'ros'
[2.151s] Level 1:colcon.colcon_core.package_identification:_identify(Smarte-Systemer---Rover/sensorer_arduino_best_practice/lib) by extensions ['cmake', 'python']
[2.151s] Level 1:colcon.colcon_core.package_identification:_identify(Smarte-Systemer---Rover/sensorer_arduino_best_practice/lib) by extension 'cmake'
[2.151s] Level 1:colcon.colcon_core.package_identification:_identify(Smarte-Systemer---Rover/sensorer_arduino_best_practice/lib) by extension 'python'
[2.151s] Level 1:colcon.colcon_core.package_identification:_identify(Smarte-Systemer---Rover/sensorer_arduino_best_practice/lib) by extensions ['python_setup_py']
[2.151s] Level 1:colcon.colcon_core.package_identification:_identify(Smarte-Systemer---Rover/sensorer_arduino_best_practice/lib) by extension 'python_setup_py'
[2.152s] Level 1:colcon.colcon_core.package_identification:_identify(Smarte-Systemer---Rover/sensorer_arduino_best_practice/src) by extensions ['ignore', 'ignore_ament_install']
[2.153s] Level 1:colcon.colcon_core.package_identification:_identify(Smarte-Systemer---Rover/sensorer_arduino_best_practice/src) by extension 'ignore'
[2.153s] Level 1:colcon.colcon_core.package_identification:_identify(Smarte-Systemer---Rover/sensorer_arduino_best_practice/src) by extension 'ignore_ament_install'
[2.153s] Level 1:colcon.colcon_core.package_identification:_identify(Smarte-Systemer---Rover/sensorer_arduino_best_practice/src) by extensions ['colcon_pkg']
[2.153s] Level 1:colcon.colcon_core.package_identification:_identify(Smarte-Systemer---Rover/sensorer_arduino_best_practice/src) by extension 'colcon_pkg'
[2.154s] Level 1:colcon.colcon_core.package_identification:_identify(Smarte-Systemer---Rover/sensorer_arduino_best_practice/src) by extensions ['colcon_meta']
[2.154s] Level 1:colcon.colcon_core.package_identification:_identify(Smarte-Systemer---Rover/sensorer_arduino_best_practice/src) by extension 'colcon_meta'
[2.154s] Level 1:colcon.colcon_core.package_identification:_identify(Smarte-Systemer---Rover/sensorer_arduino_best_practice/src) by extensions ['ros']
[2.154s] Level 1:colcon.colcon_core.package_identification:_identify(Smarte-Systemer---Rover/sensorer_arduino_best_practice/src) by extension 'ros'
[2.155s] Level 1:colcon.colcon_core.package_identification:_identify(Smarte-Systemer---Rover/sensorer_arduino_best_practice/src) by extensions ['cmake', 'python']
[2.155s] Level 1:colcon.colcon_core.package_identification:_identify(Smarte-Systemer---Rover/sensorer_arduino_best_practice/src) by extension 'cmake'
[2.155s] Level 1:colcon.colcon_core.package_identification:_identify(Smarte-Systemer---Rover/sensorer_arduino_best_practice/src) by extension 'python'
[2.155s] Level 1:colcon.colcon_core.package_identification:_identify(Smarte-Systemer---Rover/sensorer_arduino_best_practice/src) by extensions ['python_setup_py']
[2.155s] Level 1:colcon.colcon_core.package_identification:_identify(Smarte-Systemer---Rover/sensorer_arduino_best_practice/src) by extension 'python_setup_py'
[2.156s] Level 1:colcon.colcon_core.package_identification:_identify(Smarte-Systemer---Rover/sensorer_arduino_best_practice/test) by extensions ['ignore', 'ignore_ament_install']
[2.157s] Level 1:colcon.colcon_core.package_identification:_identify(Smarte-Systemer---Rover/sensorer_arduino_best_practice/test) by extension 'ignore'
[2.157s] Level 1:colcon.colcon_core.package_identification:_identify(Smarte-Systemer---Rover/sensorer_arduino_best_practice/test) by extension 'ignore_ament_install'
[2.157s] Level 1:colcon.colcon_core.package_identification:_identify(Smarte-Systemer---Rover/sensorer_arduino_best_practice/test) by extensions ['colcon_pkg']
[2.157s] Level 1:colcon.colcon_core.package_identification:_identify(Smarte-Systemer---Rover/sensorer_arduino_best_practice/test) by extension 'colcon_pkg'
[2.157s] Level 1:colcon.colcon_core.package_identification:_identify(Smarte-Systemer---Rover/sensorer_arduino_best_practice/test) by extensions ['colcon_meta']
[2.157s] Level 1:colcon.colcon_core.package_identification:_identify(Smarte-Systemer---Rover/sensorer_arduino_best_practice/test) by extension 'colcon_meta'
[2.158s] Level 1:colcon.colcon_core.package_identification:_identify(Smarte-Systemer---Rover/sensorer_arduino_best_practice/test) by extensions ['ros']
[2.158s] Level 1:colcon.colcon_core.package_identification:_identify(Smarte-Systemer---Rover/sensorer_arduino_best_practice/test) by extension 'ros'
[2.158s] Level 1:colcon.colcon_core.package_identification:_identify(Smarte-Systemer---Rover/sensorer_arduino_best_practice/test) by extensions ['cmake', 'python']
[2.158s] Level 1:colcon.colcon_core.package_identification:_identify(Smarte-Systemer---Rover/sensorer_arduino_best_practice/test) by extension 'cmake'
[2.159s] Level 1:colcon.colcon_core.package_identification:_identify(Smarte-Systemer---Rover/sensorer_arduino_best_practice/test) by extension 'python'
[2.159s] Level 1:colcon.colcon_core.package_identification:_identify(Smarte-Systemer---Rover/sensorer_arduino_best_practice/test) by extensions ['python_setup_py']
[2.159s] Level 1:colcon.colcon_core.package_identification:_identify(Smarte-Systemer---Rover/sensorer_arduino_best_practice/test) by extension 'python_setup_py'
[2.160s] Level 1:colcon.colcon_core.package_identification:_identify(arduino_bridge) by extensions ['ignore', 'ignore_ament_install']
[2.160s] Level 1:colcon.colcon_core.package_identification:_identify(arduino_bridge) by extension 'ignore'
[2.160s] Level 1:colcon.colcon_core.package_identification:_identify(arduino_bridge) by extension 'ignore_ament_install'
[2.161s] Level 1:colcon.colcon_core.package_identification:_identify(arduino_bridge) by extensions ['colcon_pkg']
[2.161s] Level 1:colcon.colcon_core.package_identification:_identify(arduino_bridge) by extension 'colcon_pkg'
[2.161s] Level 1:colcon.colcon_core.package_identification:_identify(arduino_bridge) by extensions ['colcon_meta']
[2.161s] Level 1:colcon.colcon_core.package_identification:_identify(arduino_bridge) by extension 'colcon_meta'
[2.161s] Level 1:colcon.colcon_core.package_identification:_identify(arduino_bridge) by extensions ['ros']
[2.161s] Level 1:colcon.colcon_core.package_identification:_identify(arduino_bridge) by extension 'ros'
[2.173s] DEBUG:colcon.colcon_core.package_identification:Package 'arduino_bridge' with type 'ros.ament_python' and name 'arduino_bridge'
[2.174s] Level 1:colcon.colcon_core.package_identification:_identify(build) by extensions ['ignore', 'ignore_ament_install']
[2.175s] Level 1:colcon.colcon_core.package_identification:_identify(build) by extension 'ignore'
[2.175s] Level 1:colcon.colcon_core.package_identification:_identify(build) ignored
[2.175s] Level 1:colcon.colcon_core.package_identification:_identify(install) by extensions ['ignore', 'ignore_ament_install']
[2.175s] Level 1:colcon.colcon_core.package_identification:_identify(install) by extension 'ignore'
[2.176s] Level 1:colcon.colcon_core.package_identification:_identify(install) ignored
[2.176s] Level 1:colcon.colcon_core.package_identification:_identify(ldlidar_stl_ros2) by extensions ['ignore', 'ignore_ament_install']
[2.177s] Level 1:colcon.colcon_core.package_identification:_identify(ldlidar_stl_ros2) by extension 'ignore'
[2.177s] Level 1:colcon.colcon_core.package_identification:_identify(ldlidar_stl_ros2) by extension 'ignore_ament_install'
[2.177s] Level 1:colcon.colcon_core.package_identification:_identify(ldlidar_stl_ros2) by extensions ['colcon_pkg']
[2.177s] Level 1:colcon.colcon_core.package_identification:_identify(ldlidar_stl_ros2) by extension 'colcon_pkg'
[2.177s] Level 1:colcon.colcon_core.package_identification:_identify(ldlidar_stl_ros2) by extensions ['colcon_meta']
[2.178s] Level 1:colcon.colcon_core.package_identification:_identify(ldlidar_stl_ros2) by extension 'colcon_meta'
[2.178s] Level 1:colcon.colcon_core.package_identification:_identify(ldlidar_stl_ros2) by extensions ['ros']
[2.178s] Level 1:colcon.colcon_core.package_identification:_identify(ldlidar_stl_ros2) by extension 'ros'
[2.181s] DEBUG:colcon.colcon_core.package_identification:Package 'ldlidar_stl_ros2' with type 'ros.ament_cmake' and name 'ldlidar_stl_ros2'
[2.182s] Level 1:colcon.colcon_core.package_identification:_identify(log) by extensions ['ignore', 'ignore_ament_install']
[2.182s] Level 1:colcon.colcon_core.package_identification:_identify(log) by extension 'ignore'
[2.183s] Level 1:colcon.colcon_core.package_identification:_identify(log) ignored
[2.184s] Level 1:colcon.colcon_core.package_identification:_identify(ros2_temperature_tracker) by extensions ['ignore', 'ignore_ament_install']
[2.184s] Level 1:colcon.colcon_core.package_identification:_identify(ros2_temperature_tracker) by extension 'ignore'
[2.184s] Level 1:colcon.colcon_core.package_identification:_identify(ros2_temperature_tracker) by extension 'ignore_ament_install'
[2.185s] Level 1:colcon.colcon_core.package_identification:_identify(ros2_temperature_tracker) by extensions ['colcon_pkg']
[2.185s] Level 1:colcon.colcon_core.package_identification:_identify(ros2_temperature_tracker) by extension 'colcon_pkg'
[2.185s] Level 1:colcon.colcon_core.package_identification:_identify(ros2_temperature_tracker) by extensions ['colcon_meta']
[2.185s] Level 1:colcon.colcon_core.package_identification:_identify(ros2_temperature_tracker) by extension 'colcon_meta'
[2.185s] Level 1:colcon.colcon_core.package_identification:_identify(ros2_temperature_tracker) by extensions ['ros']
[2.185s] Level 1:colcon.colcon_core.package_identification:_identify(ros2_temperature_tracker) by extension 'ros'
[2.189s] DEBUG:colcon.colcon_core.package_identification:Package 'ros2_temperature_tracker' with type 'ros.ament_python' and name 'temperature_tracker'
[2.190s] Level 1:colcon.colcon_core.package_identification:_identify(rover_driver) by extensions ['ignore', 'ignore_ament_install']
[2.190s] Level 1:colcon.colcon_core.package_identification:_identify(rover_driver) by extension 'ignore'
[2.191s] Level 1:colcon.colcon_core.package_identification:_identify(rover_driver) by extension 'ignore_ament_install'
[2.191s] Level 1:colcon.colcon_core.package_identification:_identify(rover_driver) by extensions ['colcon_pkg']
[2.191s] Level 1:colcon.colcon_core.package_identification:_identify(rover_driver) by extension 'colcon_pkg'
[2.191s] Level 1:colcon.colcon_core.package_identification:_identify(rover_driver) by extensions ['colcon_meta']
[2.191s] Level 1:colcon.colcon_core.package_identification:_identify(rover_driver) by extension 'colcon_meta'
[2.191s] Level 1:colcon.colcon_core.package_identification:_identify(rover_driver) by extensions ['ros']
[2.192s] Level 1:colcon.colcon_core.package_identification:_identify(rover_driver) by extension 'ros'
[2.193s] DEBUG:colcon.colcon_core.package_identification:Package 'rover_driver' with type 'ros.ament_python' and name 'rover_driver'
[2.195s] Level 1:colcon.colcon_core.package_identification:_identify(sensehat_cpp) by extensions ['ignore', 'ignore_ament_install']
[2.195s] Level 1:colcon.colcon_core.package_identification:_identify(sensehat_cpp) by extension 'ignore'
[2.195s] Level 1:colcon.colcon_core.package_identification:_identify(sensehat_cpp) by extension 'ignore_ament_install'
[2.196s] Level 1:colcon.colcon_core.package_identification:_identify(sensehat_cpp) by extensions ['colcon_pkg']
[2.196s] Level 1:colcon.colcon_core.package_identification:_identify(sensehat_cpp) by extension 'colcon_pkg'
[2.196s] Level 1:colcon.colcon_core.package_identification:_identify(sensehat_cpp) by extensions ['colcon_meta']
[2.196s] Level 1:colcon.colcon_core.package_identification:_identify(sensehat_cpp) by extension 'colcon_meta'
[2.196s] Level 1:colcon.colcon_core.package_identification:_identify(sensehat_cpp) by extensions ['ros']
[2.196s] Level 1:colcon.colcon_core.package_identification:_identify(sensehat_cpp) by extension 'ros'
[2.200s] DEBUG:colcon.colcon_core.package_identification:Package 'sensehat_cpp' with type 'ros.ament_cmake' and name 'sensehat_cpp'
[2.201s] Level 1:colcon.colcon_core.package_identification:_identify(sensehat_ros) by extensions ['ignore', 'ignore_ament_install']
[2.201s] Level 1:colcon.colcon_core.package_identification:_identify(sensehat_ros) by extension 'ignore'
[2.202s] Level 1:colcon.colcon_core.package_identification:_identify(sensehat_ros) by extension 'ignore_ament_install'
[2.202s] Level 1:colcon.colcon_core.package_identification:_identify(sensehat_ros) by extensions ['colcon_pkg']
[2.202s] Level 1:colcon.colcon_core.package_identification:_identify(sensehat_ros) by extension 'colcon_pkg'
[2.202s] Level 1:colcon.colcon_core.package_identification:_identify(sensehat_ros) by extensions ['colcon_meta']
[2.202s] Level 1:colcon.colcon_core.package_identification:_identify(sensehat_ros) by extension 'colcon_meta'
[2.203s] Level 1:colcon.colcon_core.package_identification:_identify(sensehat_ros) by extensions ['ros']
[2.203s] Level 1:colcon.colcon_core.package_identification:_identify(sensehat_ros) by extension 'ros'
[2.207s] DEBUG:colcon.colcon_core.package_identification:Package 'sensehat_ros' with type 'ros.ament_python' and name 'sensehat_ros'
[2.207s] Level 1:colcon.colcon_core.package_discovery:discover_packages(recursive) using defaults
[2.207s] Level 1:colcon.colcon_core.package_discovery:discover_packages(ignore) discover
[2.207s] Level 1:colcon.colcon_core.package_discovery:discover_packages(ignore) using defaults
[2.207s] Level 1:colcon.colcon_core.package_discovery:discover_packages(path) discover
[2.207s] Level 1:colcon.colcon_core.package_discovery:discover_packages(path) using defaults
[2.320s] Level 1:colcon.colcon_core.package_discovery:discover_packages(prefix_path) check parameters
[2.320s] Level 1:colcon.colcon_core.package_discovery:discover_packages(prefix_path) discover
[2.335s] DEBUG:colcon.colcon_installed_package_information.package_discovery:Found 4 installed packages in /home/creampi/ros2_ws/install
[2.343s] DEBUG:colcon.colcon_installed_package_information.package_discovery:Found 190 installed packages in /opt/ros/humble
[2.348s] Level 1:colcon.colcon_core.package_discovery:discover_packages(prefix_path) using defaults
[2.514s] Level 5:colcon.colcon_core.verb:set package 'arduino_bridge' build argument 'cmake_args' from command line to 'None'
[2.515s] Level 5:colcon.colcon_core.verb:set package 'arduino_bridge' build argument 'cmake_target' from command line to 'None'
[2.515s] Level 5:colcon.colcon_core.verb:set package 'arduino_bridge' build argument 'cmake_target_skip_unavailable' from command line to 'False'
[2.515s] Level 5:colcon.colcon_core.verb:set package 'arduino_bridge' build argument 'cmake_clean_cache' from command line to 'False'
[2.515s] Level 5:colcon.colcon_core.verb:set package 'arduino_bridge' build argument 'cmake_clean_first' from command line to 'False'
[2.515s] Level 5:colcon.colcon_core.verb:set package 'arduino_bridge' build argument 'cmake_force_configure' from command line to 'False'
[2.515s] Level 5:colcon.colcon_core.verb:set package 'arduino_bridge' build argument 'ament_cmake_args' from command line to 'None'
[2.515s] Level 5:colcon.colcon_core.verb:set package 'arduino_bridge' build argument 'catkin_cmake_args' from command line to 'None'
[2.515s] Level 5:colcon.colcon_core.verb:set package 'arduino_bridge' build argument 'catkin_skip_building_tests' from command line to 'False'
[2.516s] DEBUG:colcon.colcon_core.verb:Building package 'arduino_bridge' with the following arguments: {'ament_cmake_args': None, 'build_base': '/home/creampi/ros2_ws/src/build/arduino_bridge', 'catkin_cmake_args': None, 'catkin_skip_building_tests': False, 'cmake_args': None, 'cmake_clean_cache': False, 'cmake_clean_first': False, 'cmake_force_configure': False, 'cmake_target': None, 'cmake_target_skip_unavailable': False, 'install_base': '/home/creampi/ros2_ws/src/install/arduino_bridge', 'merge_install': False, 'path': '/home/creampi/ros2_ws/src/arduino_bridge', 'symlink_install': False, 'test_result_base': None}
[2.517s] Level 5:colcon.colcon_core.verb:set package 'ldlidar_stl_ros2' build argument 'cmake_args' from command line to 'None'
[2.517s] Level 5:colcon.colcon_core.verb:set package 'ldlidar_stl_ros2' build argument 'cmake_target' from command line to 'None'
[2.517s] Level 5:colcon.colcon_core.verb:set package 'ldlidar_stl_ros2' build argument 'cmake_target_skip_unavailable' from command line to 'False'
[2.517s] Level 5:colcon.colcon_core.verb:set package 'ldlidar_stl_ros2' build argument 'cmake_clean_cache' from command line to 'False'
[2.517s] Level 5:colcon.colcon_core.verb:set package 'ldlidar_stl_ros2' build argument 'cmake_clean_first' from command line to 'False'
[2.518s] Level 5:colcon.colcon_core.verb:set package 'ldlidar_stl_ros2' build argument 'cmake_force_configure' from command line to 'False'
[2.518s] Level 5:colcon.colcon_core.verb:set package 'ldlidar_stl_ros2' build argument 'ament_cmake_args' from command line to 'None'
[2.518s] Level 5:colcon.colcon_core.verb:set package 'ldlidar_stl_ros2' build argument 'catkin_cmake_args' from command line to 'None'
[2.518s] Level 5:colcon.colcon_core.verb:set package 'ldlidar_stl_ros2' build argument 'catkin_skip_building_tests' from command line to 'False'
[2.518s] DEBUG:colcon.colcon_core.verb:Building package 'ldlidar_stl_ros2' with the following arguments: {'ament_cmake_args': None, 'build_base': '/home/creampi/ros2_ws/src/build/ldlidar_stl_ros2', 'catkin_cmake_args': None, 'catkin_skip_building_tests': False, 'cmake_args': None, 'cmake_clean_cache': False, 'cmake_clean_first': False, 'cmake_force_configure': False, 'cmake_target': None, 'cmake_target_skip_unavailable': False, 'install_base': '/home/creampi/ros2_ws/src/install/ldlidar_stl_ros2', 'merge_install': False, 'path': '/home/creampi/ros2_ws/src/ldlidar_stl_ros2', 'symlink_install': False, 'test_result_base': None}
[2.519s] Level 5:colcon.colcon_core.verb:set package 'rover_driver' build argument 'cmake_args' from command line to 'None'
[2.519s] Level 5:colcon.colcon_core.verb:set package 'rover_driver' build argument 'cmake_target' from command line to 'None'
[2.520s] Level 5:colcon.colcon_core.verb:set package 'rover_driver' build argument 'cmake_target_skip_unavailable' from command line to 'False'
[2.520s] Level 5:colcon.colcon_core.verb:set package 'rover_driver' build argument 'cmake_clean_cache' from command line to 'False'
[2.520s] Level 5:colcon.colcon_core.verb:set package 'rover_driver' build argument 'cmake_clean_first' from command line to 'False'
[2.520s] Level 5:colcon.colcon_core.verb:set package 'rover_driver' build argument 'cmake_force_configure' from command line to 'False'
[2.520s] Level 5:colcon.colcon_core.verb:set package 'rover_driver' build argument 'ament_cmake_args' from command line to 'None'
[2.520s] Level 5:colcon.colcon_core.verb:set package 'rover_driver' build argument 'catkin_cmake_args' from command line to 'None'
[2.520s] Level 5:colcon.colcon_core.verb:set package 'rover_driver' build argument 'catkin_skip_building_tests' from command line to 'False'
[2.520s] DEBUG:colcon.colcon_core.verb:Building package 'rover_driver' with the following arguments: {'ament_cmake_args': None, 'build_base': '/home/creampi/ros2_ws/src/build/rover_driver', 'catkin_cmake_args': None, 'catkin_skip_building_tests': False, 'cmake_args': None, 'cmake_clean_cache': False, 'cmake_clean_first': False, 'cmake_force_configure': False, 'cmake_target': None, 'cmake_target_skip_unavailable': False, 'install_base': '/home/creampi/ros2_ws/src/install/rover_driver', 'merge_install': False, 'path': '/home/creampi/ros2_ws/src/rover_driver', 'symlink_install': False, 'test_result_base': None}
[2.522s] Level 5:colcon.colcon_core.verb:set package 'sensehat_cpp' build argument 'cmake_args' from command line to 'None'
[2.522s] Level 5:colcon.colcon_core.verb:set package 'sensehat_cpp' build argument 'cmake_target' from command line to 'None'
[2.522s] Level 5:colcon.colcon_core.verb:set package 'sensehat_cpp' build argument 'cmake_target_skip_unavailable' from command line to 'False'
[2.522s] Level 5:colcon.colcon_core.verb:set package 'sensehat_cpp' build argument 'cmake_clean_cache' from command line to 'False'
[2.522s] Level 5:colcon.colcon_core.verb:set package 'sensehat_cpp' build argument 'cmake_clean_first' from command line to 'False'
[2.522s] Level 5:colcon.colcon_core.verb:set package 'sensehat_cpp' build argument 'cmake_force_configure' from command line to 'False'
[2.522s] Level 5:colcon.colcon_core.verb:set package 'sensehat_cpp' build argument 'ament_cmake_args' from command line to 'None'
[2.522s] Level 5:colcon.colcon_core.verb:set package 'sensehat_cpp' build argument 'catkin_cmake_args' from command line to 'None'
[2.523s] Level 5:colcon.colcon_core.verb:set package 'sensehat_cpp' build argument 'catkin_skip_building_tests' from command line to 'False'
[2.523s] DEBUG:colcon.colcon_core.verb:Building package 'sensehat_cpp' with the following arguments: {'ament_cmake_args': None, 'build_base': '/home/creampi/ros2_ws/src/build/sensehat_cpp', 'catkin_cmake_args': None, 'catkin_skip_building_tests': False, 'cmake_args': None, 'cmake_clean_cache': False, 'cmake_clean_first': False, 'cmake_force_configure': False, 'cmake_target': None, 'cmake_target_skip_unavailable': False, 'install_base': '/home/creampi/ros2_ws/src/install/sensehat_cpp', 'merge_install': False, 'path': '/home/creampi/ros2_ws/src/sensehat_cpp', 'symlink_install': False, 'test_result_base': None}
[2.524s] Level 5:colcon.colcon_core.verb:set package 'sensehat_ros' build argument 'cmake_args' from command line to 'None'
[2.524s] Level 5:colcon.colcon_core.verb:set package 'sensehat_ros' build argument 'cmake_target' from command line to 'None'
[2.524s] Level 5:colcon.colcon_core.verb:set package 'sensehat_ros' build argument 'cmake_target_skip_unavailable' from command line to 'False'
[2.524s] Level 5:colcon.colcon_core.verb:set package 'sensehat_ros' build argument 'cmake_clean_cache' from command line to 'False'
[2.524s] Level 5:colcon.colcon_core.verb:set package 'sensehat_ros' build argument 'cmake_clean_first' from command line to 'False'
[2.524s] Level 5:colcon.colcon_core.verb:set package 'sensehat_ros' build argument 'cmake_force_configure' from command line to 'False'
[2.525s] Level 5:colcon.colcon_core.verb:set package 'sensehat_ros' build argument 'ament_cmake_args' from command line to 'None'
[2.525s] Level 5:colcon.colcon_core.verb:set package 'sensehat_ros' build argument 'catkin_cmake_args' from command line to 'None'
[2.525s] Level 5:colcon.colcon_core.verb:set package 'sensehat_ros' build argument 'catkin_skip_building_tests' from command line to 'False'
[2.525s] DEBUG:colcon.colcon_core.verb:Building package 'sensehat_ros' with the following arguments: {'ament_cmake_args': None, 'build_base': '/home/creampi/ros2_ws/src/build/sensehat_ros', 'catkin_cmake_args': None, 'catkin_skip_building_tests': False, 'cmake_args': None, 'cmake_clean_cache': False, 'cmake_clean_first': False, 'cmake_force_configure': False, 'cmake_target': None, 'cmake_target_skip_unavailable': False, 'install_base': '/home/creampi/ros2_ws/src/install/sensehat_ros', 'merge_install': False, 'path': '/home/creampi/ros2_ws/src/sensehat_ros', 'symlink_install': False, 'test_result_base': None}
[2.526s] Level 5:colcon.colcon_core.verb:set package 'temperature_tracker' build argument 'cmake_args' from command line to 'None'
[2.527s] Level 5:colcon.colcon_core.verb:set package 'temperature_tracker' build argument 'cmake_target' from command line to 'None'
[2.527s] Level 5:colcon.colcon_core.verb:set package 'temperature_tracker' build argument 'cmake_target_skip_unavailable' from command line to 'False'
[2.527s] Level 5:colcon.colcon_core.verb:set package 'temperature_tracker' build argument 'cmake_clean_cache' from command line to 'False'
[2.527s] Level 5:colcon.colcon_core.verb:set package 'temperature_tracker' build argument 'cmake_clean_first' from command line to 'False'
[2.527s] Level 5:colcon.colcon_core.verb:set package 'temperature_tracker' build argument 'cmake_force_configure' from command line to 'False'
[2.527s] Level 5:colcon.colcon_core.verb:set package 'temperature_tracker' build argument 'ament_cmake_args' from command line to 'None'
[2.527s] Level 5:colcon.colcon_core.verb:set package 'temperature_tracker' build argument 'catkin_cmake_args' from command line to 'None'
[2.527s] Level 5:colcon.colcon_core.verb:set package 'temperature_tracker' build argument 'catkin_skip_building_tests' from command line to 'False'
[2.527s] DEBUG:colcon.colcon_core.verb:Building package 'temperature_tracker' with the following arguments: {'ament_cmake_args': None, 'build_base': '/home/creampi/ros2_ws/src/build/temperature_tracker', 'catkin_cmake_args': None, 'catkin_skip_building_tests': False, 'cmake_args': None, 'cmake_clean_cache': False, 'cmake_clean_first': False, 'cmake_force_configure': False, 'cmake_target': None, 'cmake_target_skip_unavailable': False, 'install_base': '/home/creampi/ros2_ws/src/install/temperature_tracker', 'merge_install': False, 'path': '/home/creampi/ros2_ws/src/ros2_temperature_tracker', 'symlink_install': False, 'test_result_base': None}
[2.528s] INFO:colcon.colcon_core.executor:Executing jobs using 'parallel' executor
[2.531s] DEBUG:colcon.colcon_parallel_executor.executor.parallel:run_until_complete
[2.532s] INFO:colcon.colcon_ros.task.ament_python.build:Building ROS package in '/home/creampi/ros2_ws/src/arduino_bridge' with build type 'ament_python'
[2.533s] Level 1:colcon.colcon_core.shell:create_environment_hook('arduino_bridge', 'ament_prefix_path')
[2.553s] INFO:colcon.colcon_core.plugin_system:Skipping extension 'colcon_core.shell.bat': Not used on non-Windows systems
[2.554s] INFO:colcon.colcon_core.shell:Creating environment hook '/home/creampi/ros2_ws/src/install/arduino_bridge/share/arduino_bridge/hook/ament_prefix_path.ps1'
[2.559s] INFO:colcon.colcon_core.shell:Creating environment descriptor '/home/creampi/ros2_ws/src/install/arduino_bridge/share/arduino_bridge/hook/ament_prefix_path.dsv'
[2.562s] INFO:colcon.colcon_core.shell:Creating environment hook '/home/creampi/ros2_ws/src/install/arduino_bridge/share/arduino_bridge/hook/ament_prefix_path.sh'
[2.566s] INFO:colcon.colcon_core.shell:Skip shell extension 'powershell' for command environment: Not usable outside of PowerShell
[2.566s] DEBUG:colcon.colcon_core.shell:Skip shell extension 'dsv' for command environment
[2.583s] INFO:colcon.colcon_ros.task.ament_cmake.build:Building ROS package in '/home/creampi/ros2_ws/src/ldlidar_stl_ros2' with build type 'ament_cmake'
[2.584s] INFO:colcon.colcon_cmake.task.cmake.build:Building CMake package in '/home/creampi/ros2_ws/src/ldlidar_stl_ros2'
[2.585s] INFO:colcon.colcon_core.shell:Skip shell extension 'powershell' for command environment: Not usable outside of PowerShell
[2.586s] DEBUG:colcon.colcon_core.shell:Skip shell extension 'dsv' for command environment
[2.602s] INFO:colcon.colcon_ros.task.ament_python.build:Building ROS package in '/home/creampi/ros2_ws/src/rover_driver' with build type 'ament_python'
[2.603s] Level 1:colcon.colcon_core.shell:create_environment_hook('rover_driver', 'ament_prefix_path')
[2.604s] INFO:colcon.colcon_core.shell:Creating environment hook '/home/creampi/ros2_ws/src/install/rover_driver/share/rover_driver/hook/ament_prefix_path.ps1'
[2.607s] INFO:colcon.colcon_core.shell:Creating environment descriptor '/home/creampi/ros2_ws/src/install/rover_driver/share/rover_driver/hook/ament_prefix_path.dsv'
[2.609s] INFO:colcon.colcon_core.shell:Creating environment hook '/home/creampi/ros2_ws/src/install/rover_driver/share/rover_driver/hook/ament_prefix_path.sh'
[2.612s] INFO:colcon.colcon_core.shell:Skip shell extension 'powershell' for command environment: Not usable outside of PowerShell
[2.612s] DEBUG:colcon.colcon_core.shell:Skip shell extension 'dsv' for command environment
[2.628s] INFO:colcon.colcon_ros.task.ament_cmake.build:Building ROS package in '/home/creampi/ros2_ws/src/sensehat_cpp' with build type 'ament_cmake'
[2.628s] INFO:colcon.colcon_cmake.task.cmake.build:Building CMake package in '/home/creampi/ros2_ws/src/sensehat_cpp'
[2.630s] INFO:colcon.colcon_core.shell:Skip shell extension 'powershell' for command environment: Not usable outside of PowerShell
[2.630s] DEBUG:colcon.colcon_core.shell:Skip shell extension 'dsv' for command environment
[3.769s] INFO:colcon.colcon_core.task.python.build:Building Python package in '/home/creampi/ros2_ws/src/arduino_bridge'
[3.770s] INFO:colcon.colcon_core.shell:Skip shell extension 'powershell' for command environment: Not usable outside of PowerShell
[3.771s] DEBUG:colcon.colcon_core.shell:Skip shell extension 'dsv' for command environment
[3.793s] DEBUG:colcon.colcon_core.event_handler.log_command:Invoking command in '/home/creampi/ros2_ws/src/build/ldlidar_stl_ros2': CMAKE_PREFIX_PATH=${CMAKE_PREFIX_PATH}:/home/creampi/ros2_ws/install/temperature_tracker:/home/creampi/ros2_ws/install/sensehat_ros:/home/creampi/ros2_ws/install/arduino_bridge:/opt/ros/humble /usr/bin/cmake /home/creampi/ros2_ws/src/ldlidar_stl_ros2 -DCMAKE_INSTALL_PREFIX=/home/creampi/ros2_ws/src/install/ldlidar_stl_ros2
[5.008s] INFO:colcon.colcon_core.task.python.build:Building Python package in '/home/creampi/ros2_ws/src/rover_driver'
[5.010s] INFO:colcon.colcon_core.shell:Skip shell extension 'powershell' for command environment: Not usable outside of PowerShell
[5.010s] DEBUG:colcon.colcon_core.shell:Skip shell extension 'dsv' for command environment
[5.048s] DEBUG:colcon.colcon_core.event_handler.log_command:Invoking command in '/home/creampi/ros2_ws/src/build/sensehat_cpp': CMAKE_PREFIX_PATH=${CMAKE_PREFIX_PATH}:/home/creampi/ros2_ws/install/temperature_tracker:/home/creampi/ros2_ws/install/sensehat_ros:/home/creampi/ros2_ws/install/arduino_bridge:/opt/ros/humble /usr/bin/cmake /home/creampi/ros2_ws/src/sensehat_cpp -DCMAKE_INSTALL_PREFIX=/home/creampi/ros2_ws/src/install/sensehat_cpp
[8.148s] DEBUG:colcon.colcon_core.event_handler.log_command:Invoking command in '/home/creampi/ros2_ws/src/arduino_bridge': PYTHONPATH=/home/creampi/ros2_ws/src/build/arduino_bridge/prefix_override:/usr/lib/python3/dist-packages/colcon_core/task/python/colcon_distutils_commands:/home/creampi/ros2_ws/src/install/arduino_bridge/lib/python3.10/site-packages:${PYTHONPATH} /usr/bin/python3 -W ignore:setup.py install is deprecated -W ignore:easy_install command is deprecated setup.py egg_info --egg-base ../build/arduino_bridge build --build-base /home/creampi/ros2_ws/src/build/arduino_bridge/build install --record /home/creampi/ros2_ws/src/build/arduino_bridge/install.log --single-version-externally-managed install_data
[8.177s] DEBUG:colcon.colcon_core.event_handler.log_command:Invoking command in '/home/creampi/ros2_ws/src/rover_driver': PYTHONPATH=/home/creampi/ros2_ws/src/build/rover_driver/prefix_override:/usr/lib/python3/dist-packages/colcon_core/task/python/colcon_distutils_commands:/home/creampi/ros2_ws/src/install/rover_driver/lib/python3.10/site-packages:${PYTHONPATH} /usr/bin/python3 -W ignore:setup.py install is deprecated -W ignore:easy_install command is deprecated setup.py egg_info --egg-base ../build/rover_driver build --build-base /home/creampi/ros2_ws/src/build/rover_driver/build install --record /home/creampi/ros2_ws/src/build/rover_driver/install.log --single-version-externally-managed install_data
[9.942s] DEBUG:colcon.colcon_core.event_handler.log_command:Invoked command in '/home/creampi/ros2_ws/src/arduino_bridge' returned '0': PYTHONPATH=/home/creampi/ros2_ws/src/build/arduino_bridge/prefix_override:/usr/lib/python3/dist-packages/colcon_core/task/python/colcon_distutils_commands:/home/creampi/ros2_ws/src/install/arduino_bridge/lib/python3.10/site-packages:${PYTHONPATH} /usr/bin/python3 -W ignore:setup.py install is deprecated -W ignore:easy_install command is deprecated setup.py egg_info --egg-base ../build/arduino_bridge build --build-base /home/creampi/ros2_ws/src/build/arduino_bridge/build install --record /home/creampi/ros2_ws/src/build/arduino_bridge/install.log --single-version-externally-managed install_data
[10.114s] Level 1:colcon.colcon_core.environment:checking '/home/creampi/ros2_ws/src/install/arduino_bridge' for CMake module files
[10.116s] Level 1:colcon.colcon_core.environment:checking '/home/creampi/ros2_ws/src/install/arduino_bridge' for CMake config files
[10.121s] Level 1:colcon.colcon_core.environment:checking '/home/creampi/ros2_ws/src/install/arduino_bridge/lib'
[10.121s] Level 1:colcon.colcon_core.environment:checking '/home/creampi/ros2_ws/src/install/arduino_bridge/bin'
[10.122s] Level 1:colcon.colcon_core.environment:checking '/home/creampi/ros2_ws/src/install/arduino_bridge/lib/pkgconfig/arduino_bridge.pc'
[10.123s] Level 1:colcon.colcon_core.environment:checking '/home/creampi/ros2_ws/src/install/arduino_bridge/lib/python3.10/site-packages'
[10.123s] Level 1:colcon.colcon_core.shell:create_environment_hook('arduino_bridge', 'pythonpath')
[10.124s] INFO:colcon.colcon_core.shell:Creating environment hook '/home/creampi/ros2_ws/src/install/arduino_bridge/share/arduino_bridge/hook/pythonpath.ps1'
[10.126s] INFO:colcon.colcon_core.shell:Creating environment descriptor '/home/creampi/ros2_ws/src/install/arduino_bridge/share/arduino_bridge/hook/pythonpath.dsv'
[10.127s] INFO:colcon.colcon_core.shell:Creating environment hook '/home/creampi/ros2_ws/src/install/arduino_bridge/share/arduino_bridge/hook/pythonpath.sh'
[10.130s] Level 1:colcon.colcon_core.environment:checking '/home/creampi/ros2_ws/src/install/arduino_bridge/bin'
[10.130s] Level 1:colcon.colcon_core.environment:create_environment_scripts_only(arduino_bridge)
[10.132s] INFO:colcon.colcon_core.shell:Creating package script '/home/creampi/ros2_ws/src/install/arduino_bridge/share/arduino_bridge/package.ps1'
[10.136s] INFO:colcon.colcon_core.shell:Creating package descriptor '/home/creampi/ros2_ws/src/install/arduino_bridge/share/arduino_bridge/package.dsv'
[10.139s] INFO:colcon.colcon_core.shell:Creating package script '/home/creampi/ros2_ws/src/install/arduino_bridge/share/arduino_bridge/package.sh'
[10.143s] INFO:colcon.colcon_core.shell:Creating package script '/home/creampi/ros2_ws/src/install/arduino_bridge/share/arduino_bridge/package.bash'
[10.148s] INFO:colcon.colcon_core.shell:Creating package script '/home/creampi/ros2_ws/src/install/arduino_bridge/share/arduino_bridge/package.zsh'
[10.152s] Level 1:colcon.colcon_core.environment:create_file_with_runtime_dependencies(/home/creampi/ros2_ws/src/install/arduino_bridge/share/colcon-core/packages/arduino_bridge)
[10.156s] INFO:colcon.colcon_ros.task.ament_python.build:Building ROS package in '/home/creampi/ros2_ws/src/sensehat_ros' with build type 'ament_python'
[10.157s] Level 1:colcon.colcon_core.shell:create_environment_hook('sensehat_ros', 'ament_prefix_path')
[10.158s] INFO:colcon.colcon_core.shell:Creating environment hook '/home/creampi/ros2_ws/src/install/sensehat_ros/share/sensehat_ros/hook/ament_prefix_path.ps1'
[10.163s] INFO:colcon.colcon_core.shell:Creating environment descriptor '/home/creampi/ros2_ws/src/install/sensehat_ros/share/sensehat_ros/hook/ament_prefix_path.dsv'
[10.165s] INFO:colcon.colcon_core.shell:Creating environment hook '/home/creampi/ros2_ws/src/install/sensehat_ros/share/sensehat_ros/hook/ament_prefix_path.sh'
[10.168s] INFO:colcon.colcon_core.shell:Skip shell extension 'powershell' for command environment: Not usable outside of PowerShell
[10.168s] DEBUG:colcon.colcon_core.shell:Skip shell extension 'dsv' for command environment
[10.188s] Level 1:colcon.colcon_core.environment:checking '/home/creampi/ros2_ws/src/install/rover_driver' for CMake module files
[10.192s] Level 1:colcon.colcon_core.environment:checking '/home/creampi/ros2_ws/src/install/rover_driver' for CMake config files
[10.193s] DEBUG:colcon.colcon_core.event_handler.log_command:Invoked command in '/home/creampi/ros2_ws/src/rover_driver' returned '0': PYTHONPATH=/home/creampi/ros2_ws/src/build/rover_driver/prefix_override:/usr/lib/python3/dist-packages/colcon_core/task/python/colcon_distutils_commands:/home/creampi/ros2_ws/src/install/rover_driver/lib/python3.10/site-packages:${PYTHONPATH} /usr/bin/python3 -W ignore:setup.py install is deprecated -W ignore:easy_install command is deprecated setup.py egg_info --egg-base ../build/rover_driver build --build-base /home/creampi/ros2_ws/src/build/rover_driver/build install --record /home/creampi/ros2_ws/src/build/rover_driver/install.log --single-version-externally-managed install_data
[10.197s] Level 1:colcon.colcon_core.environment:checking '/home/creampi/ros2_ws/src/install/rover_driver/lib'
[10.198s] Level 1:colcon.colcon_core.environment:checking '/home/creampi/ros2_ws/src/install/rover_driver/bin'
[10.199s] Level 1:colcon.colcon_core.environment:checking '/home/creampi/ros2_ws/src/install/rover_driver/lib/pkgconfig/rover_driver.pc'
[10.200s] Level 1:colcon.colcon_core.environment:checking '/home/creampi/ros2_ws/src/install/rover_driver/lib/python3.10/site-packages'
[10.200s] Level 1:colcon.colcon_core.shell:create_environment_hook('rover_driver', 'pythonpath')
[10.201s] INFO:colcon.colcon_core.shell:Creating environment hook '/home/creampi/ros2_ws/src/install/rover_driver/share/rover_driver/hook/pythonpath.ps1'
[10.204s] INFO:colcon.colcon_core.shell:Creating environment descriptor '/home/creampi/ros2_ws/src/install/rover_driver/share/rover_driver/hook/pythonpath.dsv'
[10.207s] INFO:colcon.colcon_core.shell:Creating environment hook '/home/creampi/ros2_ws/src/install/rover_driver/share/rover_driver/hook/pythonpath.sh'
[10.210s] Level 1:colcon.colcon_core.environment:checking '/home/creampi/ros2_ws/src/install/rover_driver/bin'
[10.211s] Level 1:colcon.colcon_core.environment:create_environment_scripts_only(rover_driver)
[10.212s] INFO:colcon.colcon_core.shell:Creating package script '/home/creampi/ros2_ws/src/install/rover_driver/share/rover_driver/package.ps1'
[10.215s] INFO:colcon.colcon_core.shell:Creating package descriptor '/home/creampi/ros2_ws/src/install/rover_driver/share/rover_driver/package.dsv'
[10.218s] INFO:colcon.colcon_core.shell:Creating package script '/home/creampi/ros2_ws/src/install/rover_driver/share/rover_driver/package.sh'
[10.220s] INFO:colcon.colcon_core.shell:Creating package script '/home/creampi/ros2_ws/src/install/rover_driver/share/rover_driver/package.bash'
[10.222s] INFO:colcon.colcon_core.shell:Creating package script '/home/creampi/ros2_ws/src/install/rover_driver/share/rover_driver/package.zsh'
[10.224s] Level 1:colcon.colcon_core.environment:create_file_with_runtime_dependencies(/home/creampi/ros2_ws/src/install/rover_driver/share/colcon-core/packages/rover_driver)
[10.228s] INFO:colcon.colcon_ros.task.ament_python.build:Building ROS package in '/home/creampi/ros2_ws/src/ros2_temperature_tracker' with build type 'ament_python'
[10.229s] Level 1:colcon.colcon_core.shell:create_environment_hook('temperature_tracker', 'ament_prefix_path')
[10.230s] INFO:colcon.colcon_core.shell:Creating environment hook '/home/creampi/ros2_ws/src/install/temperature_tracker/share/temperature_tracker/hook/ament_prefix_path.ps1'
[10.233s] INFO:colcon.colcon_core.shell:Creating environment descriptor '/home/creampi/ros2_ws/src/install/temperature_tracker/share/temperature_tracker/hook/ament_prefix_path.dsv'
[10.235s] INFO:colcon.colcon_core.shell:Creating environment hook '/home/creampi/ros2_ws/src/install/temperature_tracker/share/temperature_tracker/hook/ament_prefix_path.sh'
[10.238s] INFO:colcon.colcon_core.shell:Skip shell extension 'powershell' for command environment: Not usable outside of PowerShell
[10.239s] DEBUG:colcon.colcon_core.shell:Skip shell extension 'dsv' for command environment
[11.583s] INFO:colcon.colcon_core.task.python.build:Building Python package in '/home/creampi/ros2_ws/src/sensehat_ros'
[11.584s] INFO:colcon.colcon_core.shell:Skip shell extension 'powershell' for command environment: Not usable outside of PowerShell
[11.584s] DEBUG:colcon.colcon_core.shell:Skip shell extension 'dsv' for command environment
[13.116s] INFO:colcon.colcon_core.task.python.build:Building Python package in '/home/creampi/ros2_ws/src/ros2_temperature_tracker'
[13.118s] INFO:colcon.colcon_core.shell:Skip shell extension 'powershell' for command environment: Not usable outside of PowerShell
[13.118s] DEBUG:colcon.colcon_core.shell:Skip shell extension 'dsv' for command environment
[13.584s] DEBUG:colcon.colcon_core.event_handler.log_command:Invoked command in '/home/creampi/ros2_ws/src/build/sensehat_cpp' returned '0': CMAKE_PREFIX_PATH=${CMAKE_PREFIX_PATH}:/home/creampi/ros2_ws/install/temperature_tracker:/home/creampi/ros2_ws/install/sensehat_ros:/home/creampi/ros2_ws/install/arduino_bridge:/opt/ros/humble /usr/bin/cmake /home/creampi/ros2_ws/src/sensehat_cpp -DCMAKE_INSTALL_PREFIX=/home/creampi/ros2_ws/src/install/sensehat_cpp
[13.587s] DEBUG:colcon.colcon_core.event_handler.log_command:Invoking command in '/home/creampi/ros2_ws/src/build/sensehat_cpp': CMAKE_PREFIX_PATH=${CMAKE_PREFIX_PATH}:/home/creampi/ros2_ws/install/temperature_tracker:/home/creampi/ros2_ws/install/sensehat_ros:/home/creampi/ros2_ws/install/arduino_bridge:/opt/ros/humble /usr/bin/cmake --build /home/creampi/ros2_ws/src/build/sensehat_cpp -- -j4 -l4
[14.126s] DEBUG:colcon.colcon_core.event_handler.log_command:Invoked command in '/home/creampi/ros2_ws/src/build/ldlidar_stl_ros2' returned '0': CMAKE_PREFIX_PATH=${CMAKE_PREFIX_PATH}:/home/creampi/ros2_ws/install/temperature_tracker:/home/creampi/ros2_ws/install/sensehat_ros:/home/creampi/ros2_ws/install/arduino_bridge:/opt/ros/humble /usr/bin/cmake /home/creampi/ros2_ws/src/ldlidar_stl_ros2 -DCMAKE_INSTALL_PREFIX=/home/creampi/ros2_ws/src/install/ldlidar_stl_ros2
[14.127s] DEBUG:colcon.colcon_core.event_handler.log_command:Invoking command in '/home/creampi/ros2_ws/src/build/ldlidar_stl_ros2': CMAKE_PREFIX_PATH=${CMAKE_PREFIX_PATH}:/home/creampi/ros2_ws/install/temperature_tracker:/home/creampi/ros2_ws/install/sensehat_ros:/home/creampi/ros2_ws/install/arduino_bridge:/opt/ros/humble /usr/bin/cmake --build /home/creampi/ros2_ws/src/build/ldlidar_stl_ros2 -- -j4 -l4
[15.463s] DEBUG:colcon.colcon_core.event_handler.log_command:Invoking command in '/home/creampi/ros2_ws/src/sensehat_ros': PYTHONPATH=/home/creampi/ros2_ws/src/build/sensehat_ros/prefix_override:/usr/lib/python3/dist-packages/colcon_core/task/python/colcon_distutils_commands:/home/creampi/ros2_ws/src/install/sensehat_ros/lib/python3.10/site-packages:${PYTHONPATH} /usr/bin/python3 -W ignore:setup.py install is deprecated -W ignore:easy_install command is deprecated setup.py egg_info --egg-base ../build/sensehat_ros build --build-base /home/creampi/ros2_ws/src/build/sensehat_ros/build install --record /home/creampi/ros2_ws/src/build/sensehat_ros/install.log --single-version-externally-managed install_data
[16.405s] DEBUG:colcon.colcon_core.event_handler.log_command:Invoking command in '/home/creampi/ros2_ws/src/ros2_temperature_tracker': PYTHONPATH=/home/creampi/ros2_ws/src/build/temperature_tracker/prefix_override:/usr/lib/python3/dist-packages/colcon_core/task/python/colcon_distutils_commands:/home/creampi/ros2_ws/src/install/temperature_tracker/lib/python3.10/site-packages:${PYTHONPATH} /usr/bin/python3 -W ignore:setup.py install is deprecated -W ignore:easy_install command is deprecated setup.py egg_info --egg-base ../build/temperature_tracker build --build-base /home/creampi/ros2_ws/src/build/temperature_tracker/build install --record /home/creampi/ros2_ws/src/build/temperature_tracker/install.log --single-version-externally-managed install_data
[18.966s] Level 1:colcon.colcon_core.environment:checking '/home/creampi/ros2_ws/src/install/sensehat_ros' for CMake module files
[18.970s] Level 1:colcon.colcon_core.environment:checking '/home/creampi/ros2_ws/src/install/sensehat_ros' for CMake config files
[18.972s] DEBUG:colcon.colcon_core.event_handler.log_command:Invoked command in '/home/creampi/ros2_ws/src/sensehat_ros' returned '0': PYTHONPATH=/home/creampi/ros2_ws/src/build/sensehat_ros/prefix_override:/usr/lib/python3/dist-packages/colcon_core/task/python/colcon_distutils_commands:/home/creampi/ros2_ws/src/install/sensehat_ros/lib/python3.10/site-packages:${PYTHONPATH} /usr/bin/python3 -W ignore:setup.py install is deprecated -W ignore:easy_install command is deprecated setup.py egg_info --egg-base ../build/sensehat_ros build --build-base /home/creampi/ros2_ws/src/build/sensehat_ros/build install --record /home/creampi/ros2_ws/src/build/sensehat_ros/install.log --single-version-externally-managed install_data
[18.988s] Level 1:colcon.colcon_core.environment:checking '/home/creampi/ros2_ws/src/install/sensehat_ros/lib'
[18.989s] Level 1:colcon.colcon_core.environment:checking '/home/creampi/ros2_ws/src/install/sensehat_ros/bin'
[18.991s] Level 1:colcon.colcon_core.environment:checking '/home/creampi/ros2_ws/src/install/sensehat_ros/lib/pkgconfig/sensehat_ros.pc'
[18.992s] Level 1:colcon.colcon_core.environment:checking '/home/creampi/ros2_ws/src/install/sensehat_ros/lib/python3.10/site-packages'
[18.993s] Level 1:colcon.colcon_core.shell:create_environment_hook('sensehat_ros', 'pythonpath')
[19.002s] INFO:colcon.colcon_core.shell:Creating environment hook '/home/creampi/ros2_ws/src/install/sensehat_ros/share/sensehat_ros/hook/pythonpath.ps1'
[19.006s] INFO:colcon.colcon_core.shell:Creating environment descriptor '/home/creampi/ros2_ws/src/install/sensehat_ros/share/sensehat_ros/hook/pythonpath.dsv'
[19.010s] INFO:colcon.colcon_core.shell:Creating environment hook '/home/creampi/ros2_ws/src/install/sensehat_ros/share/sensehat_ros/hook/pythonpath.sh'
[19.020s] Level 1:colcon.colcon_core.environment:checking '/home/creampi/ros2_ws/src/install/sensehat_ros/bin'
[19.021s] Level 1:colcon.colcon_core.environment:create_environment_scripts_only(sensehat_ros)
[19.028s] INFO:colcon.colcon_core.shell:Creating package script '/home/creampi/ros2_ws/src/install/sensehat_ros/share/sensehat_ros/package.ps1'
[19.033s] INFO:colcon.colcon_core.shell:Creating package descriptor '/home/creampi/ros2_ws/src/install/sensehat_ros/share/sensehat_ros/package.dsv'
[19.049s] INFO:colcon.colcon_core.shell:Creating package script '/home/creampi/ros2_ws/src/install/sensehat_ros/share/sensehat_ros/package.sh'
[19.054s] INFO:colcon.colcon_core.shell:Creating package script '/home/creampi/ros2_ws/src/install/sensehat_ros/share/sensehat_ros/package.bash'
[19.065s] INFO:colcon.colcon_core.shell:Creating package script '/home/creampi/ros2_ws/src/install/sensehat_ros/share/sensehat_ros/package.zsh'
[19.067s] Level 1:colcon.colcon_core.environment:create_file_with_runtime_dependencies(/home/creampi/ros2_ws/src/install/sensehat_ros/share/colcon-core/packages/sensehat_ros)
[20.281s] Level 1:colcon.colcon_core.environment:checking '/home/creampi/ros2_ws/src/install/temperature_tracker' for CMake module files
[20.285s] Level 1:colcon.colcon_core.environment:checking '/home/creampi/ros2_ws/src/install/temperature_tracker' for CMake config files
[20.288s] DEBUG:colcon.colcon_core.event_handler.log_command:Invoked command in '/home/creampi/ros2_ws/src/ros2_temperature_tracker' returned '0': PYTHONPATH=/home/creampi/ros2_ws/src/build/temperature_tracker/prefix_override:/usr/lib/python3/dist-packages/colcon_core/task/python/colcon_distutils_commands:/home/creampi/ros2_ws/src/install/temperature_tracker/lib/python3.10/site-packages:${PYTHONPATH} /usr/bin/python3 -W ignore:setup.py install is deprecated -W ignore:easy_install command is deprecated setup.py egg_info --egg-base ../build/temperature_tracker build --build-base /home/creampi/ros2_ws/src/build/temperature_tracker/build install --record /home/creampi/ros2_ws/src/build/temperature_tracker/install.log --single-version-externally-managed install_data
[20.294s] Level 1:colcon.colcon_core.environment:checking '/home/creampi/ros2_ws/src/install/temperature_tracker/lib'
[20.296s] Level 1:colcon.colcon_core.environment:checking '/home/creampi/ros2_ws/src/install/temperature_tracker/bin'
[20.296s] Level 1:colcon.colcon_core.environment:checking '/home/creampi/ros2_ws/src/install/temperature_tracker/lib/pkgconfig/temperature_tracker.pc'
[20.311s] Level 1:colcon.colcon_core.environment:checking '/home/creampi/ros2_ws/src/install/temperature_tracker/lib/python3.10/site-packages'
[20.312s] Level 1:colcon.colcon_core.shell:create_environment_hook('temperature_tracker', 'pythonpath')
[20.313s] INFO:colcon.colcon_core.shell:Creating environment hook '/home/creampi/ros2_ws/src/install/temperature_tracker/share/temperature_tracker/hook/pythonpath.ps1'
[20.316s] INFO:colcon.colcon_core.shell:Creating environment descriptor '/home/creampi/ros2_ws/src/install/temperature_tracker/share/temperature_tracker/hook/pythonpath.dsv'
[20.333s] INFO:colcon.colcon_core.shell:Creating environment hook '/home/creampi/ros2_ws/src/install/temperature_tracker/share/temperature_tracker/hook/pythonpath.sh'
[20.340s] Level 1:colcon.colcon_core.environment:checking '/home/creampi/ros2_ws/src/install/temperature_tracker/bin'
[20.341s] Level 1:colcon.colcon_core.environment:create_environment_scripts_only(temperature_tracker)
[20.344s] INFO:colcon.colcon_core.shell:Creating package script '/home/creampi/ros2_ws/src/install/temperature_tracker/share/temperature_tracker/package.ps1'
[20.350s] INFO:colcon.colcon_core.shell:Creating package descriptor '/home/creampi/ros2_ws/src/install/temperature_tracker/share/temperature_tracker/package.dsv'
[20.371s] INFO:colcon.colcon_core.shell:Creating package script '/home/creampi/ros2_ws/src/install/temperature_tracker/share/temperature_tracker/package.sh'
[20.376s] INFO:colcon.colcon_core.shell:Creating package script '/home/creampi/ros2_ws/src/install/temperature_tracker/share/temperature_tracker/package.bash'
[20.380s] INFO:colcon.colcon_core.shell:Creating package script '/home/creampi/ros2_ws/src/install/temperature_tracker/share/temperature_tracker/package.zsh'
[20.396s] Level 1:colcon.colcon_core.environment:create_file_with_runtime_dependencies(/home/creampi/ros2_ws/src/install/temperature_tracker/share/colcon-core/packages/temperature_tracker)
                                                                                                                                                                                                                                                                                                                                                                                                                                                                                                                                                                                                                                                                                                                                                                                                                                                                                                                                                                                                                                                                                                                                                                                                                                                                                                                                                                                                                                                                                                                                    