[3.681s] Invoking command in '/home/creampi/ros2_ws/src/build/ldlidar_stl_ros2': CMAKE_PREFIX_PATH=/home/creampi/ros2_ws/src/install/sensehat_cpp:/home/creampi/ros2_ws/src/install/ldlidar_stl_ros2:/home/creampi/ros2_ws/install/sensehat_cpp:/home/creampi/ros2_ws/install/ros2_system_monitor:/home/creampi/ros2_ws/install/ldlidar_stl_ros2:/home/creampi/ros2_ws/src/install/temperature_tracker:/home/creampi/ros2_ws/src/install/sensehat_ros:/home/creampi/ros2_ws/src/install/rover_driver:/home/creampi/ros2_ws/src/install/arduino_bridge:/home/creampi/ros2_ws/install/temperature_tracker:/home/creampi/ros2_ws/install/sensehat_ros:/home/creampi/ros2_ws/install/rover_driver:/home/creampi/ros2_ws/install/arduino_bridge:/opt/ros/humble:/home/creampi/ros2_ws/install/carto_localization:/home/creampi/ros2_ws/install/autonomous_rover /usr/bin/cmake --build /home/creampi/ros2_ws/src/build/ldlidar_stl_ros2 -- -j4 -l4
[4.585s] [100%] Built target ldlidar_stl_ros2_node
[4.716s] Invoked command in '/home/creampi/ros2_ws/src/build/ldlidar_stl_ros2' returned '0': CMAKE_PREFIX_PATH=/home/creampi/ros2_ws/src/install/sensehat_cpp:/home/creampi/ros2_ws/src/install/ldlidar_stl_ros2:/home/creampi/ros2_ws/install/sensehat_cpp:/home/creampi/ros2_ws/install/ros2_system_monitor:/home/creampi/ros2_ws/install/ldlidar_stl_ros2:/home/creampi/ros2_ws/src/install/temperature_tracker:/home/creampi/ros2_ws/src/install/sensehat_ros:/home/creampi/ros2_ws/src/install/rover_driver:/home/creampi/ros2_ws/src/install/arduino_bridge:/home/creampi/ros2_ws/install/temperature_tracker:/home/creampi/ros2_ws/install/sensehat_ros:/home/creampi/ros2_ws/install/rover_driver:/home/creampi/ros2_ws/install/arduino_bridge:/opt/ros/humble:/home/creampi/ros2_ws/install/carto_localization:/home/creampi/ros2_ws/install/autonomous_rover /usr/bin/cmake --build /home/creampi/ros2_ws/src/build/ldlidar_stl_ros2 -- -j4 -l4
[4.874s] Invoking command in '/home/creampi/ros2_ws/src/build/ldlidar_stl_ros2': CMAKE_PREFIX_PATH=/home/creampi/ros2_ws/src/install/sensehat_cpp:/home/creampi/ros2_ws/src/install/ldlidar_stl_ros2:/home/creampi/ros2_ws/install/sensehat_cpp:/home/creampi/ros2_ws/install/ros2_system_monitor:/home/creampi/ros2_ws/install/ldlidar_stl_ros2:/home/creampi/ros2_ws/src/install/temperature_tracker:/home/creampi/ros2_ws/src/install/sensehat_ros:/home/creampi/ros2_ws/src/install/rover_driver:/home/creampi/ros2_ws/src/install/arduino_bridge:/home/creampi/ros2_ws/install/temperature_tracker:/home/creampi/ros2_ws/install/sensehat_ros:/home/creampi/ros2_ws/install/rover_driver:/home/creampi/ros2_ws/install/arduino_bridge:/opt/ros/humble:/home/creampi/ros2_ws/install/carto_localization:/home/creampi/ros2_ws/install/autonomous_rover /usr/bin/cmake --install /home/creampi/ros2_ws/src/build/ldlidar_stl_ros2
[5.055s] -- Install configuration: ""
[5.065s] -- Up-to-date: /home/creampi/ros2_ws/src/install/ldlidar_stl_ros2/lib/ldlidar_stl_ros2/ldlidar_stl_ros2_node
[5.071s] -- Up-to-date: /home/creampi/ros2_ws/src/install/ldlidar_stl_ros2/share/ldlidar_stl_ros2//launch
[5.079s] -- Up-to-date: /home/creampi/ros2_ws/src/install/ldlidar_stl_ros2/share/ldlidar_stl_ros2//launch/viewer_stl27l.launch.py
[5.086s] -- Up-to-date: /home/creampi/ros2_ws/src/install/ldlidar_stl_ros2/share/ldlidar_stl_ros2//launch/viewer_ld19.launch.py
[5.092s] -- Up-to-date: /home/creampi/ros2_ws/src/install/ldlidar_stl_ros2/share/ldlidar_stl_ros2//launch/ld06.launch.py
[5.099s] -- Up-to-date: /home/creampi/ros2_ws/src/install/ldlidar_stl_ros2/share/ldlidar_stl_ros2//launch/__pycache__
[5.103s] -- Up-to-date: /home/creampi/ros2_ws/src/install/ldlidar_stl_ros2/share/ldlidar_stl_ros2//launch/__pycache__/ldlidar_uart.launch.cpython-310.pyc
[5.112s] -- Up-to-date: /home/creampi/ros2_ws/src/install/ldlidar_stl_ros2/share/ldlidar_stl_ros2//launch/ld19.launch.py
[5.115s] -- Up-to-date: /home/creampi/ros2_ws/src/install/ldlidar_stl_ros2/share/ldlidar_stl_ros2//launch/ldlidar_uart.launch.py
[5.118s] -- Up-to-date: /home/creampi/ros2_ws/src/install/ldlidar_stl_ros2/share/ldlidar_stl_ros2//launch/viewer_ld06.launch.py
[5.122s] -- Up-to-date: /home/creampi/ros2_ws/src/install/ldlidar_stl_ros2/share/ldlidar_stl_ros2//launch/stl27l.launch.py
[5.137s] -- Up-to-date: /home/creampi/ros2_ws/src/install/ldlidar_stl_ros2/share/ldlidar_stl_ros2//rviz2
[5.142s] -- Up-to-date: /home/creampi/ros2_ws/src/install/ldlidar_stl_ros2/share/ldlidar_stl_ros2//rviz2/ldlidar.rviz
[5.145s] -- Up-to-date: /home/creampi/ros2_ws/src/install/ldlidar_stl_ros2/share/ament_index/resource_index/package_run_dependencies/ldlidar_stl_ros2
[5.155s] -- Up-to-date: /home/creampi/ros2_ws/src/install/ldlidar_stl_ros2/share/ament_index/resource_index/parent_prefix_path/ldlidar_stl_ros2
[5.157s] -- Up-to-date: /home/creampi/ros2_ws/src/install/ldlidar_stl_ros2/share/ldlidar_stl_ros2/environment/ament_prefix_path.sh
[5.161s] -- Up-to-date: /home/creampi/ros2_ws/src/install/ldlidar_stl_ros2/share/ldlidar_stl_ros2/environment/ament_prefix_path.dsv
[5.163s] -- Up-to-date: /home/creampi/ros2_ws/src/install/ldlidar_stl_ros2/share/ldlidar_stl_ros2/environment/path.sh
[5.181s] -- Up-to-date: /home/creampi/ros2_ws/src/install/ldlidar_stl_ros2/share/ldlidar_stl_ros2/environment/path.dsv
[5.183s] -- Up-to-date: /home/creampi/ros2_ws/src/install/ldlidar_stl_ros2/share/ldlidar_stl_ros2/local_setup.bash
[5.185s] -- Up-to-date: /home/creampi/ros2_ws/src/install/ldlidar_stl_ros2/share/ldlidar_stl_ros2/local_setup.sh
[5.194s] -- Up-to-date: /home/creampi/ros2_ws/src/install/ldlidar_stl_ros2/share/ldlidar_stl_ros2/local_setup.zsh
[5.196s] -- Up-to-date: /home/creampi/ros2_ws/src/install/ldlidar_stl_ros2/share/ldlidar_stl_ros2/local_setup.dsv
[5.197s] -- Installing: /home/creampi/ros2_ws/src/install/ldlidar_stl_ros2/share/ldlidar_stl_ros2/package.dsv
[5.198s] -- Up-to-date: /home/creampi/ros2_ws/src/install/ldlidar_stl_ros2/share/ament_index/resource_index/packages/ldlidar_stl_ros2
[5.199s] -- Up-to-date: /home/creampi/ros2_ws/src/install/ldlidar_stl_ros2/share/ldlidar_stl_ros2/cmake/ldlidar_stl_ros2Config.cmake
[5.201s] -- Up-to-date: /home/creampi/ros2_ws/src/install/ldlidar_stl_ros2/share/ldlidar_stl_ros2/cmake/ldlidar_stl_ros2Config-version.cmake
[5.206s] -- Up-to-date: /home/creampi/ros2_ws/src/install/ldlidar_stl_ros2/share/ldlidar_stl_ros2/package.xml
[5.228s] Invoked command in '/home/creampi/ros2_ws/src/build/ldlidar_stl_ros2' returned '0': CMAKE_PREFIX_PATH=/home/creampi/ros2_ws/src/install/sensehat_cpp:/home/creampi/ros2_ws/src/install/ldlidar_stl_ros2:/home/creampi/ros2_ws/install/sensehat_cpp:/home/creampi/ros2_ws/install/ros2_system_monitor:/home/creampi/ros2_ws/install/ldlidar_stl_ros2:/home/creampi/ros2_ws/src/install/temperature_tracker:/home/creampi/ros2_ws/src/install/sensehat_ros:/home/creampi/ros2_ws/src/install/rover_driver:/home/creampi/ros2_ws/src/install/arduino_bridge:/home/creampi/ros2_ws/install/temperature_tracker:/home/creampi/ros2_ws/install/sensehat_ros:/home/creampi/ros2_ws/install/rover_driver:/home/creampi/ros2_ws/install/arduino_bridge:/opt/ros/humble:/home/creampi/ros2_ws/install/carto_localization:/home/creampi/ros2_ws/install/autonomous_rover /usr/bin/cmake --install /home/creampi/ros2_ws/src/build/ldlidar_stl_ros2
