running develop
running egg_info
creating rover_driver.egg-info
writing rover_driver.egg-info/PKG-INFO
writing dependency_links to rover_driver.egg-info/dependency_links.txt
writing entry points to rover_driver.egg-info/entry_points.txt
writing requirements to rover_driver.egg-info/requires.txt
writing top-level names to rover_driver.egg-info/top_level.txt
writing manifest file 'rover_driver.egg-info/SOURCES.txt'
reading manifest file 'rover_driver.egg-info/SOURCES.txt'
writing manifest file 'rover_driver.egg-info/SOURCES.txt'
running build_ext
Creating /home/creampi/ros2_ws/src/rover_driver/install/rover_driver/lib/python3.10/site-packages/rover-driver.egg-link (link to .)
Installing imu_publisher script to /home/creampi/ros2_ws/src/rover_driver/install/rover_driver/lib/rover_driver
Installing motor_driver script to /home/creampi/ros2_ws/src/rover_driver/install/rover_driver/lib/rover_driver
Installing test_publisher script to /home/creampi/ros2_ws/src/rover_driver/install/rover_driver/lib/rover_driver

Installed /home/creampi/ros2_ws/src/rover_driver/build/rover_driver
running symlink_data
creating /home/creampi/ros2_ws/src/rover_driver/install/rover_driver/share/ament_index
creating /home/creampi/ros2_ws/src/rover_driver/install/rover_driver/share/ament_index/resource_index
creating /home/creampi/ros2_ws/src/rover_driver/install/rover_driver/share/ament_index/resource_index/packages
symbolically linking /home/creampi/ros2_ws/src/rover_driver/build/rover_driver/resource/rover_driver -> /home/creampi/ros2_ws/src/rover_driver/install/rover_driver/share/ament_index/resource_index/packages
symbolically linking /home/creampi/ros2_ws/src/rover_driver/build/rover_driver/package.xml -> /home/creampi/ros2_ws/src/rover_driver/install/rover_driver/share/rover_driver
creating /home/creampi/ros2_ws/src/rover_driver/install/rover_driver/share/rover_driver/launch
symbolically linking /home/creampi/ros2_ws/src/rover_driver/build/rover_driver/launch/rover.launch.py -> /home/creampi/ros2_ws/src/rover_driver/install/rover_driver/share/rover_driver/launch
