[3.423s] Invoking command in '/home/creampi/ros2_ws/src/rover_driver/build/rover_driver': PYTHONPATH=/home/creampi/ros2_ws/src/rover_driver/build/rover_driver/prefix_override:/usr/lib/python3/dist-packages/colcon_core/task/python/colcon_distutils_commands:/home/creampi/ros2_ws/src/rover_driver/install/rover_driver/lib/python3.10/site-packages:${PYTHONPATH} /usr/bin/python3 -W ignore:setup.py install is deprecated -W ignore:easy_install command is deprecated setup.py develop --editable --build-directory /home/creampi/ros2_ws/src/rover_driver/build/rover_driver/build --no-deps symlink_data
[5.182s] running develop
[6.779s] running egg_info
[6.781s] creating rover_driver.egg-info
[6.782s] writing rover_driver.egg-info/PKG-INFO
[6.793s] writing dependency_links to rover_driver.egg-info/dependency_links.txt
[6.794s] writing entry points to rover_driver.egg-info/entry_points.txt
[6.794s] writing requirements to rover_driver.egg-info/requires.txt
[6.795s] writing top-level names to rover_driver.egg-info/top_level.txt
[6.796s] writing manifest file 'rover_driver.egg-info/SOURCES.txt'
[6.803s] reading manifest file 'rover_driver.egg-info/SOURCES.txt'
[6.806s] writing manifest file 'rover_driver.egg-info/SOURCES.txt'
[6.815s] running build_ext
[6.817s] Creating /home/creampi/ros2_ws/src/rover_driver/install/rover_driver/lib/python3.10/site-packages/rover-driver.egg-link (link to .)
[6.822s] Installing imu_publisher script to /home/creampi/ros2_ws/src/rover_driver/install/rover_driver/lib/rover_driver
[6.824s] Installing motor_driver script to /home/creampi/ros2_ws/src/rover_driver/install/rover_driver/lib/rover_driver
[6.826s] Installing test_publisher script to /home/creampi/ros2_ws/src/rover_driver/install/rover_driver/lib/rover_driver
[6.829s] 
[6.830s] Installed /home/creampi/ros2_ws/src/rover_driver/build/rover_driver
[6.831s] running symlink_data
[6.832s] creating /home/creampi/ros2_ws/src/rover_driver/install/rover_driver/share/ament_index
[6.833s] creating /home/creampi/ros2_ws/src/rover_driver/install/rover_driver/share/ament_index/resource_index
[6.834s] creating /home/creampi/ros2_ws/src/rover_driver/install/rover_driver/share/ament_index/resource_index/packages
[6.836s] symbolically linking /home/creampi/ros2_ws/src/rover_driver/build/rover_driver/resource/rover_driver -> /home/creampi/ros2_ws/src/rover_driver/install/rover_driver/share/ament_index/resource_index/packages
[6.838s] symbolically linking /home/creampi/ros2_ws/src/rover_driver/build/rover_driver/package.xml -> /home/creampi/ros2_ws/src/rover_driver/install/rover_driver/share/rover_driver
[6.841s] creating /home/creampi/ros2_ws/src/rover_driver/install/rover_driver/share/rover_driver/launch
[6.844s] symbolically linking /home/creampi/ros2_ws/src/rover_driver/build/rover_driver/launch/rover.launch.py -> /home/creampi/ros2_ws/src/rover_driver/install/rover_driver/share/rover_driver/launch
[7.018s] Invoked command in '/home/creampi/ros2_ws/src/rover_driver/build/rover_driver' returned '0': PYTHONPATH=/home/creampi/ros2_ws/src/rover_driver/build/rover_driver/prefix_override:/usr/lib/python3/dist-packages/colcon_core/task/python/colcon_distutils_commands:/home/creampi/ros2_ws/src/rover_driver/install/rover_driver/lib/python3.10/site-packages:${PYTHONPATH} /usr/bin/python3 -W ignore:setup.py install is deprecated -W ignore:easy_install command is deprecated setup.py develop --editable --build-directory /home/creampi/ros2_ws/src/rover_driver/build/rover_driver/build --no-deps symlink_data
