running egg_info
writing ../build/rover_driver/rover_driver.egg-info/PKG-INFO
writing dependency_links to ../build/rover_driver/rover_driver.egg-info/dependency_links.txt
writing entry points to ../build/rover_driver/rover_driver.egg-info/entry_points.txt
writing requirements to ../build/rover_driver/rover_driver.egg-info/requires.txt
writing top-level names to ../build/rover_driver/rover_driver.egg-info/top_level.txt
reading manifest file '../build/rover_driver/rover_driver.egg-info/SOURCES.txt'
writing manifest file '../build/rover_driver/rover_driver.egg-info/SOURCES.txt'
running build
running build_py
copying rover_driver/motor_driver.py -> /home/creampi/ros2_ws/src/build/rover_driver/build/lib/rover_driver
running install
running install_lib
copying /home/creampi/ros2_ws/src/build/rover_driver/build/lib/rover_driver/motor_driver.py -> /home/creampi/ros2_ws/src/install/rover_driver/lib/python3.10/site-packages/rover_driver
byte-compiling /home/creampi/ros2_ws/src/install/rover_driver/lib/python3.10/site-packages/rover_driver/motor_driver.py to motor_driver.cpython-310.pyc
running install_data
running install_egg_info
removing '/home/creampi/ros2_ws/src/install/rover_driver/lib/python3.10/site-packages/rover_driver-0.0.0-py3.10.egg-info' (and everything under it)
Copying ../build/rover_driver/rover_driver.egg-info to /home/creampi/ros2_ws/src/install/rover_driver/lib/python3.10/site-packages/rover_driver-0.0.0-py3.10.egg-info
running install_scripts
Installing imu_publisher script to /home/creampi/ros2_ws/src/install/rover_driver/lib/rover_driver
Installing motor_driver script to /home/creampi/ros2_ws/src/install/rover_driver/lib/rover_driver
Installing test_publisher script to /home/creampi/ros2_ws/src/install/rover_driver/lib/rover_driver
writing list of installed files to '/home/creampi/ros2_ws/src/build/rover_driver/install.log'
