[ 50%] [32mBuilding CXX object CMakeFiles/sensehat_node.dir/src/sensehat_node.cpp.o[0m
[100%] [32m[1mLinking CXX executable sensehat_node[0m
[100%] Built target sensehat_node
-- Install configuration: ""
-- Execute custom install script
-- Symlinking: /home/creampi/ros2_ws/install/sensehat_cpp/lib/sensehat_cpp/sensehat_node
-- Symlinking: /home/creampi/ros2_ws/install/sensehat_cpp/share/ament_index/resource_index/package_run_dependencies/sensehat_cpp
-- Symlinking: /home/creampi/ros2_ws/install/sensehat_cpp/share/ament_index/resource_index/parent_prefix_path/sensehat_cpp
-- Symlinking: /home/creampi/ros2_ws/install/sensehat_cpp/share/sensehat_cpp/environment/ament_prefix_path.sh
-- Symlinking: /home/creampi/ros2_ws/install/sensehat_cpp/share/sensehat_cpp/environment/ament_prefix_path.dsv
-- Symlinking: /home/creampi/ros2_ws/install/sensehat_cpp/share/sensehat_cpp/environment/path.sh
-- Symlinking: /home/creampi/ros2_ws/install/sensehat_cpp/share/sensehat_cpp/environment/path.dsv
-- Symlinking: /home/creampi/ros2_ws/install/sensehat_cpp/share/sensehat_cpp/local_setup.bash
-- Symlinking: /home/creampi/ros2_ws/install/sensehat_cpp/share/sensehat_cpp/local_setup.sh
-- Symlinking: /home/creampi/ros2_ws/install/sensehat_cpp/share/sensehat_cpp/local_setup.zsh
-- Symlinking: /home/creampi/ros2_ws/install/sensehat_cpp/share/sensehat_cpp/local_setup.dsv
-- Symlinking: /home/creampi/ros2_ws/install/sensehat_cpp/share/sensehat_cpp/package.dsv
-- Symlinking: /home/creampi/ros2_ws/install/sensehat_cpp/share/ament_index/resource_index/packages/sensehat_cpp
-- Symlinking: /home/creampi/ros2_ws/install/sensehat_cpp/share/sensehat_cpp/cmake/sensehat_cppConfig.cmake
-- Symlinking: /home/creampi/ros2_ws/install/sensehat_cpp/share/sensehat_cpp/cmake/sensehat_cppConfig-version.cmake
-- Symlinking: /home/creampi/ros2_ws/install/sensehat_cpp/share/sensehat_cpp/package.xml
