running develop
running egg_info
creating temperature_tracker.egg-info
writing temperature_tracker.egg-info/PKG-INFO
writing dependency_links to temperature_tracker.egg-info/dependency_links.txt
writing entry points to temperature_tracker.egg-info/entry_points.txt
writing requirements to temperature_tracker.egg-info/requires.txt
writing top-level names to temperature_tracker.egg-info/top_level.txt
writing manifest file 'temperature_tracker.egg-info/SOURCES.txt'
reading manifest file 'temperature_tracker.egg-info/SOURCES.txt'
writing manifest file 'temperature_tracker.egg-info/SOURCES.txt'
running build_ext
Creating /home/creampi/ros2_ws/install/temperature_tracker/lib/python3.10/site-packages/temperature-tracker.egg-link (link to .)
Installing temperature_tracker script to /home/creampi/ros2_ws/install/temperature_tracker/lib/temperature_tracker

Installed /home/creampi/ros2_ws/build/temperature_tracker
running symlink_data
creating /home/creampi/ros2_ws/install/temperature_tracker/share/ament_index
creating /home/creampi/ros2_ws/install/temperature_tracker/share/ament_index/resource_index
creating /home/creampi/ros2_ws/install/temperature_tracker/share/ament_index/resource_index/packages
symbolically linking /home/creampi/ros2_ws/build/temperature_tracker/resource/temperature_tracker -> /home/creampi/ros2_ws/install/temperature_tracker/share/ament_index/resource_index/packages
symbolically linking /home/creampi/ros2_ws/build/temperature_tracker/package.xml -> /home/creampi/ros2_ws/install/temperature_tracker/share/temperature_tracker
