[11.011s] Invoking command in '/home/creampi/ros2_ws/build/temperature_tracker': PYTHONPATH=/home/creampi/ros2_ws/build/temperature_tracker/prefix_override:/usr/lib/python3/dist-packages/colcon_core/task/python/colcon_distutils_commands:/home/creampi/ros2_ws/install/temperature_tracker/lib/python3.10/site-packages:${PYTHONPATH} /usr/bin/python3 -W ignore:setup.py install is deprecated -W ignore:easy_install command is deprecated setup.py develop --editable --build-directory /home/creampi/ros2_ws/build/temperature_tracker/build --no-deps symlink_data
[14.754s] running develop
[18.394s] running egg_info
[18.402s] creating temperature_tracker.egg-info
[18.409s] writing temperature_tracker.egg-info/PKG-INFO
[18.416s] writing dependency_links to temperature_tracker.egg-info/dependency_links.txt
[18.422s] writing entry points to temperature_tracker.egg-info/entry_points.txt
[18.429s] writing requirements to temperature_tracker.egg-info/requires.txt
[18.435s] writing top-level names to temperature_tracker.egg-info/top_level.txt
[18.440s] writing manifest file 'temperature_tracker.egg-info/SOURCES.txt'
[18.447s] reading manifest file 'temperature_tracker.egg-info/SOURCES.txt'
[18.452s] writing manifest file 'temperature_tracker.egg-info/SOURCES.txt'
[18.460s] running build_ext
[18.466s] Creating /home/creampi/ros2_ws/install/temperature_tracker/lib/python3.10/site-packages/temperature-tracker.egg-link (link to .)
[18.476s] Installing temperature_tracker script to /home/creampi/ros2_ws/install/temperature_tracker/lib/temperature_tracker
[18.487s] 
[18.494s] Installed /home/creampi/ros2_ws/build/temperature_tracker
[18.502s] running symlink_data
[18.509s] creating /home/creampi/ros2_ws/install/temperature_tracker/share/ament_index
[18.518s] creating /home/creampi/ros2_ws/install/temperature_tracker/share/ament_index/resource_index
[18.526s] creating /home/creampi/ros2_ws/install/temperature_tracker/share/ament_index/resource_index/packages
[18.537s] symbolically linking /home/creampi/ros2_ws/build/temperature_tracker/resource/temperature_tracker -> /home/creampi/ros2_ws/install/temperature_tracker/share/ament_index/resource_index/packages
[18.547s] symbolically linking /home/creampi/ros2_ws/build/temperature_tracker/package.xml -> /home/creampi/ros2_ws/install/temperature_tracker/share/temperature_tracker
[18.856s] Invoked command in '/home/creampi/ros2_ws/build/temperature_tracker' returned '0': PYTHONPATH=/home/creampi/ros2_ws/build/temperature_tracker/prefix_override:/usr/lib/python3/dist-packages/colcon_core/task/python/colcon_distutils_commands:/home/creampi/ros2_ws/install/temperature_tracker/lib/python3.10/site-packages:${PYTHONPATH} /usr/bin/python3 -W ignore:setup.py install is deprecated -W ignore:easy_install command is deprecated setup.py develop --editable --build-directory /home/creampi/ros2_ws/build/temperature_tracker/build --no-deps symlink_data
