[0.631s] DEBUG:colcon:Command line arguments: ['/usr/bin/colcon', 'build', '--symlink-install']
[0.632s] DEBUG:colcon:Parsed command line arguments: Namespace(log_base=None, log_level=None, verb_name='build', build_base='build', install_base='install', merge_install=False, symlink_install=True, test_result_base=None, continue_on_error=False, executor='parallel', parallel_workers=4, event_handlers=None, ignore_user_meta=False, metas=['./colcon.meta'], base_paths=['.'], packages_ignore=None, packages_ignore_regex=None, paths=None, packages_up_to=None, packages_up_to_regex=None, packages_above=None, packages_above_and_dependencies=None, packages_above_depth=None, packages_select_by_dep=None, packages_skip_by_dep=None, packages_skip_up_to=None, packages_select_build_failed=False, packages_skip_build_finished=False, packages_select_test_failures=False, packages_skip_test_passed=False, packages_select=None, packages_skip=None, packages_select_regex=None, packages_skip_regex=None, packages_start=None, packages_end=None, allow_overriding=[], cmake_args=None, cmake_target=None, cmake_target_skip_unavailable=False, cmake_clean_cache=False, cmake_clean_first=False, cmake_force_configure=False, ament_cmake_args=None, catkin_cmake_args=None, catkin_skip_building_tests=False, verb_parser=<colcon_defaults.argument_parser.defaults.DefaultArgumentsDecorator object at 0xffff8bdd4970>, verb_extension=<colcon_core.verb.build.BuildVerb object at 0xffff8bf463e0>, main=<bound method BuildVerb.main of <colcon_core.verb.build.BuildVerb object at 0xffff8bf463e0>>)
[1.683s] Level 1:colcon.colcon_core.package_discovery:discover_packages(colcon_meta) check parameters
[1.683s] Level 1:colcon.colcon_core.package_discovery:discover_packages(recursive) check parameters
[1.683s] Level 1:colcon.colcon_core.package_discovery:discover_packages(ignore) check parameters
[1.684s] Level 1:colcon.colcon_core.package_discovery:discover_packages(path) check parameters
[1.684s] Level 1:colcon.colcon_core.package_discovery:discover_packages(colcon_meta) discover
[1.684s] Level 1:colcon.colcon_core.package_discovery:discover_packages(recursive) discover
[1.684s] INFO:colcon.colcon_core.package_discovery:Crawling recursively for packages in '/home/creampi/ros2_ws/src/rover_driver'
[1.685s] Level 1:colcon.colcon_core.package_identification:_identify(.) by extensions ['ignore', 'ignore_ament_install']
[1.686s] Level 1:colcon.colcon_core.package_identification:_identify(.) by extension 'ignore'
[1.687s] Level 1:colcon.colcon_core.package_identification:_identify(.) by extension 'ignore_ament_install'
[1.688s] Level 1:colcon.colcon_core.package_identification:_identify(.) by extensions ['colcon_pkg']
[1.688s] Level 1:colcon.colcon_core.package_identification:_identify(.) by extension 'colcon_pkg'
[1.689s] Level 1:colcon.colcon_core.package_identification:_identify(.) by extensions ['colcon_meta']
[1.689s] Level 1:colcon.colcon_core.package_identification:_identify(.) by extension 'colcon_meta'
[1.689s] Level 1:colcon.colcon_core.package_identification:_identify(.) by extensions ['ros']
[1.690s] Level 1:colcon.colcon_core.package_identification:_identify(.) by extension 'ros'
[1.766s] DEBUG:colcon.colcon_core.package_identification:Package '.' with type 'ros.ament_python' and name 'rover_driver'
[1.766s] Level 1:colcon.colcon_core.package_discovery:discover_packages(recursive) using defaults
[1.767s] Level 1:colcon.colcon_core.package_discovery:discover_packages(ignore) discover
[1.767s] Level 1:colcon.colcon_core.package_discovery:discover_packages(ignore) using defaults
[1.767s] Level 1:colcon.colcon_core.package_discovery:discover_packages(path) discover
[1.767s] Level 1:colcon.colcon_core.package_discovery:discover_packages(path) using defaults
[1.879s] Level 1:colcon.colcon_core.package_discovery:discover_packages(prefix_path) check parameters
[1.879s] Level 1:colcon.colcon_core.package_discovery:discover_packages(prefix_path) discover
[1.892s] DEBUG:colcon.colcon_installed_package_information.package_discovery:Found 1 installed packages in /home/creampi/ros2_ws/src/rover_driver/install
[1.896s] DEBUG:colcon.colcon_installed_package_information.package_discovery:Found 6 installed packages in /home/creampi/ros2_ws/install
[1.905s] DEBUG:colcon.colcon_installed_package_information.package_discovery:Found 196 installed packages in /opt/ros/humble
[1.911s] Level 1:colcon.colcon_core.package_discovery:discover_packages(prefix_path) using defaults
[2.137s] Level 5:colcon.colcon_core.verb:set package 'rover_driver' build argument 'cmake_args' from command line to 'None'
[2.137s] Level 5:colcon.colcon_core.verb:set package 'rover_driver' build argument 'cmake_target' from command line to 'None'
[2.138s] Level 5:colcon.colcon_core.verb:set package 'rover_driver' build argument 'cmake_target_skip_unavailable' from command line to 'False'
[2.138s] Level 5:colcon.colcon_core.verb:set package 'rover_driver' build argument 'cmake_clean_cache' from command line to 'False'
[2.138s] Level 5:colcon.colcon_core.verb:set package 'rover_driver' build argument 'cmake_clean_first' from command line to 'False'
[2.138s] Level 5:colcon.colcon_core.verb:set package 'rover_driver' build argument 'cmake_force_configure' from command line to 'False'
[2.138s] Level 5:colcon.colcon_core.verb:set package 'rover_driver' build argument 'ament_cmake_args' from command line to 'None'
[2.138s] Level 5:colcon.colcon_core.verb:set package 'rover_driver' build argument 'catkin_cmake_args' from command line to 'None'
[2.138s] Level 5:colcon.colcon_core.verb:set package 'rover_driver' build argument 'catkin_skip_building_tests' from command line to 'False'
[2.139s] DEBUG:colcon.colcon_core.verb:Building package 'rover_driver' with the following arguments: {'ament_cmake_args': None, 'build_base': '/home/creampi/ros2_ws/src/rover_driver/build/rover_driver', 'catkin_cmake_args': None, 'catkin_skip_building_tests': False, 'cmake_args': None, 'cmake_clean_cache': False, 'cmake_clean_first': False, 'cmake_force_configure': False, 'cmake_target': None, 'cmake_target_skip_unavailable': False, 'install_base': '/home/creampi/ros2_ws/src/rover_driver/install/rover_driver', 'merge_install': False, 'path': '/home/creampi/ros2_ws/src/rover_driver', 'symlink_install': True, 'test_result_base': None}
[2.140s] INFO:colcon.colcon_core.executor:Executing jobs using 'parallel' executor
[2.144s] DEBUG:colcon.colcon_parallel_executor.executor.parallel:run_until_complete
[2.145s] INFO:colcon.colcon_ros.task.ament_python.build:Building ROS package in '/home/creampi/ros2_ws/src/rover_driver' with build type 'ament_python'
[2.146s] Level 1:colcon.colcon_core.shell:create_environment_hook('rover_driver', 'ament_prefix_path')
[2.159s] INFO:colcon.colcon_core.plugin_system:Skipping extension 'colcon_core.shell.bat': Not used on non-Windows systems
[2.160s] INFO:colcon.colcon_core.shell:Creating environment hook '/home/creampi/ros2_ws/src/rover_driver/install/rover_driver/share/rover_driver/hook/ament_prefix_path.ps1'
[2.164s] INFO:colcon.colcon_core.shell:Creating environment descriptor '/home/creampi/ros2_ws/src/rover_driver/install/rover_driver/share/rover_driver/hook/ament_prefix_path.dsv'
[2.167s] INFO:colcon.colcon_core.shell:Creating environment hook '/home/creampi/ros2_ws/src/rover_driver/install/rover_driver/share/rover_driver/hook/ament_prefix_path.sh'
[2.172s] INFO:colcon.colcon_core.shell:Skip shell extension 'powershell' for command environment: Not usable outside of PowerShell
[2.172s] DEBUG:colcon.colcon_core.shell:Skip shell extension 'dsv' for command environment
[3.633s] INFO:colcon.colcon_core.task.python.build:Building Python package in '/home/creampi/ros2_ws/src/rover_driver'
[3.635s] INFO:colcon.colcon_core.shell:Skip shell extension 'powershell' for command environment: Not usable outside of PowerShell
[3.635s] DEBUG:colcon.colcon_core.shell:Skip shell extension 'dsv' for command environment
[5.613s] DEBUG:colcon.colcon_core.event_handler.log_command:Invoking command in '/home/creampi/ros2_ws/src/rover_driver/build/rover_driver': PYTHONPATH=/home/creampi/ros2_ws/src/rover_driver/build/rover_driver/prefix_override:/usr/lib/python3/dist-packages/colcon_core/task/python/colcon_distutils_commands:/home/creampi/ros2_ws/src/rover_driver/install/rover_driver/lib/python3.10/site-packages:${PYTHONPATH} /usr/bin/python3 -W ignore:setup.py install is deprecated -W ignore:easy_install command is deprecated setup.py develop --editable --build-directory /home/creampi/ros2_ws/src/rover_driver/build/rover_driver/build --no-deps symlink_data
[8.110s] Level 1:colcon.colcon_core.shell:create_environment_hook('rover_driver', 'pythonpath_develop')
[8.112s] INFO:colcon.colcon_core.shell:Creating environment hook '/home/creampi/ros2_ws/src/rover_driver/build/rover_driver/share/rover_driver/hook/pythonpath_develop.ps1'
[8.113s] DEBUG:colcon.colcon_core.event_handler.log_command:Invoked command in '/home/creampi/ros2_ws/src/rover_driver/build/rover_driver' returned '0': PYTHONPATH=/home/creampi/ros2_ws/src/rover_driver/build/rover_driver/prefix_override:/usr/lib/python3/dist-packages/colcon_core/task/python/colcon_distutils_commands:/home/creampi/ros2_ws/src/rover_driver/install/rover_driver/lib/python3.10/site-packages:${PYTHONPATH} /usr/bin/python3 -W ignore:setup.py install is deprecated -W ignore:easy_install command is deprecated setup.py develop --editable --build-directory /home/creampi/ros2_ws/src/rover_driver/build/rover_driver/build --no-deps symlink_data
[8.116s] INFO:colcon.colcon_core.shell:Creating environment descriptor '/home/creampi/ros2_ws/src/rover_driver/build/rover_driver/share/rover_driver/hook/pythonpath_develop.dsv'
[8.118s] INFO:colcon.colcon_core.shell:Creating environment hook '/home/creampi/ros2_ws/src/rover_driver/build/rover_driver/share/rover_driver/hook/pythonpath_develop.sh'
[8.137s] Level 1:colcon.colcon_core.environment:checking '/home/creampi/ros2_ws/src/rover_driver/install/rover_driver' for CMake module files
[8.140s] Level 1:colcon.colcon_core.environment:checking '/home/creampi/ros2_ws/src/rover_driver/install/rover_driver' for CMake config files
[8.147s] Level 1:colcon.colcon_core.environment:checking '/home/creampi/ros2_ws/src/rover_driver/install/rover_driver/lib'
[8.150s] Level 1:colcon.colcon_core.environment:checking '/home/creampi/ros2_ws/src/rover_driver/install/rover_driver/bin'
[8.150s] Level 1:colcon.colcon_core.environment:checking '/home/creampi/ros2_ws/src/rover_driver/install/rover_driver/lib/pkgconfig/rover_driver.pc'
[8.152s] Level 1:colcon.colcon_core.environment:checking '/home/creampi/ros2_ws/src/rover_driver/install/rover_driver/lib/python3.10/site-packages'
[8.152s] Level 1:colcon.colcon_core.shell:create_environment_hook('rover_driver', 'pythonpath')
[8.153s] INFO:colcon.colcon_core.shell:Creating environment hook '/home/creampi/ros2_ws/src/rover_driver/install/rover_driver/share/rover_driver/hook/pythonpath.ps1'
[8.156s] INFO:colcon.colcon_core.shell:Creating environment descriptor '/home/creampi/ros2_ws/src/rover_driver/install/rover_driver/share/rover_driver/hook/pythonpath.dsv'
[8.158s] INFO:colcon.colcon_core.shell:Creating environment hook '/home/creampi/ros2_ws/src/rover_driver/install/rover_driver/share/rover_driver/hook/pythonpath.sh'
[8.162s] Level 1:colcon.colcon_core.environment:checking '/home/creampi/ros2_ws/src/rover_driver/install/rover_driver/bin'
[8.163s] Level 1:colcon.colcon_core.environment:create_environment_scripts_only(rover_driver)
[8.165s] INFO:colcon.colcon_core.shell:Creating package script '/home/creampi/ros2_ws/src/rover_driver/install/rover_driver/share/rover_driver/package.ps1'
[8.169s] INFO:colcon.colcon_core.shell:Creating package descriptor '/home/creampi/ros2_ws/src/rover_driver/install/rover_driver/share/rover_driver/package.dsv'
[8.173s] INFO:colcon.colcon_core.shell:Creating package script '/home/creampi/ros2_ws/src/rover_driver/install/rover_driver/share/rover_driver/package.sh'
[8.177s] INFO:colcon.colcon_core.shell:Creating package script '/home/creampi/ros2_ws/src/rover_driver/install/rover_driver/share/rover_driver/package.bash'
[8.182s] INFO:colcon.colcon_core.shell:Creating package script '/home/creampi/ros2_ws/src/rover_driver/install/rover_driver/share/rover_driver/package.zsh'
[8.186s] Level 1:colcon.colcon_core.environment:create_file_with_runtime_dependencies(/home/creampi/ros2_ws/src/rover_driver/install/rover_driver/share/colcon-core/packages/rover_driver)
[8.188s] DEBUG:colcon.colcon_parallel_executor.executor.parallel:closing loop
[8.189s] DEBUG:colcon.colcon_parallel_executor.executor.parallel:loop closed
[8.190s] DEBUG:colcon.colcon_parallel_executor.executor.parallel:run_until_complete finished with '0'
[8.190s] DEBUG:colcon.colcon_core.event_reactor:joining thread
[8.220s] INFO:colcon.colcon_core.plugin_system:Skipping extension 'colcon_notification.desktop_notification.notify_send': Could not find 'notify-send'
[8.220s] INFO:colcon.colcon_core.plugin_system:Skipping extension 'colcon_notification.desktop_notification.terminal_notifier': Not used on non-Darwin systems
[8.221s] INFO:colcon.colcon_core.plugin_system:Skipping extension 'colcon_notification.desktop_notification.win32': Not used on non-Windows systems
[8.221s] INFO:colcon.colcon_notification.desktop_notification:Sending desktop notification using 'notify2'
[8.225s] DEBUG:colcon.colcon_notification.desktop_notification.notify2:Failed to initialize notify2: org.freedesktop.DBus.Error.ServiceUnknown: The name org.freedesktop.Notifications was not provided by any .service files
[8.225s] DEBUG:colcon.colcon_core.event_reactor:joined thread
[8.227s] INFO:colcon.colcon_core.shell:Creating prefix script '/home/creampi/ros2_ws/src/rover_driver/install/local_setup.ps1'
[8.232s] INFO:colcon.colcon_core.shell:Creating prefix util module '/home/creampi/ros2_ws/src/rover_driver/install/_local_setup_util_ps1.py'
[8.241s] INFO:colcon.colcon_core.shell:Creating prefix chain script '/home/creampi/ros2_ws/src/rover_driver/install/setup.ps1'
[8.250s] INFO:colcon.colcon_core.shell:Creating prefix script '/home/creampi/ros2_ws/src/rover_driver/install/local_setup.sh'
[8.254s] INFO:colcon.colcon_core.shell:Creating prefix util module '/home/creampi/ros2_ws/src/rover_driver/install/_local_setup_util_sh.py'
[8.257s] INFO:colcon.colcon_core.shell:Creating prefix chain script '/home/creampi/ros2_ws/src/rover_driver/install/setup.sh'
[8.264s] INFO:colcon.colcon_core.shell:Creating prefix script '/home/creampi/ros2_ws/src/rover_driver/install/local_setup.bash'
[8.267s] INFO:colcon.colcon_core.shell:Creating prefix chain script '/home/creampi/ros2_ws/src/rover_driver/install/setup.bash'
[8.276s] INFO:colcon.colcon_core.shell:Creating prefix script '/home/creampi/ros2_ws/src/rover_driver/install/local_setup.zsh'
[8.280s] INFO:colcon.colcon_core.shell:Creating prefix chain script '/home/creampi/ros2_ws/src/rover_driver/install/setup.zsh'
