-- The C compiler identification is GNU 11.4.0
-- The CXX compiler identification is GNU 11.4.0
-- Detecting C compiler ABI info
-- Detecting C compiler ABI info - done
-- Check for working C compiler: /usr/bin/cc - skipped
-- Detecting C compile features
-- Detecting C compile features - done
-- Detecting CXX compiler ABI info
-- Detecting CXX compiler ABI info - done
-- Check for working CXX compiler: /usr/bin/c++ - skipped
-- Detecting CXX compile features
-- Detecting CXX compile features - done
-- Found ament_cmake_auto: 1.3.12 (/opt/ros/humble/share/ament_cmake_auto/cmake)
-- Found Python3: /usr/bin/python3 (found version "3.10.12") found components: Interpreter 
-- Found ament_lint_auto: 0.12.14 (/opt/ros/humble/share/ament_lint_auto/cmake)
-- Added test 'flake8' to check Python code syntax and style conventions
-- Added test 'mypy' to statically type check Python code.
-- Added test 'lint_cmake' to check CMake code style
-- Added test 'pep257' to check Python code against some of the docstring style conventions in PEP 257
-- Configuring done
-- Generating done
-- Build files have been written to: /home/creampi/ros2_ws/src/build/ros2_system_monitor
Built target ament_cmake_python_copy_ros2_system_monitor
running egg_info
creating ros2_system_monitor.egg-info
writing ros2_system_monitor.egg-info/PKG-INFO
writing dependency_links to ros2_system_monitor.egg-info/dependency_links.txt
writing top-level names to ros2_system_monitor.egg-info/top_level.txt
writing manifest file 'ros2_system_monitor.egg-info/SOURCES.txt'
reading manifest file 'ros2_system_monitor.egg-info/SOURCES.txt'
writing manifest file 'ros2_system_monitor.egg-info/SOURCES.txt'
Built target ament_cmake_python_build_ros2_system_monitor_egg
-- Install configuration: ""
-- Installing: /home/creampi/ros2_ws/src/install/ros2_system_monitor/share/ros2_system_monitor/environment/pythonpath.sh
-- Installing: /home/creampi/ros2_ws/src/install/ros2_system_monitor/share/ros2_system_monitor/environment/pythonpath.dsv
-- Installing: /home/creampi/ros2_ws/src/install/ros2_system_monitor/local/lib/python3.10/dist-packages/ros2_system_monitor-0.2.2-py3.10.egg-info
-- Installing: /home/creampi/ros2_ws/src/install/ros2_system_monitor/local/lib/python3.10/dist-packages/ros2_system_monitor-0.2.2-py3.10.egg-info/PKG-INFO
-- Installing: /home/creampi/ros2_ws/src/install/ros2_system_monitor/local/lib/python3.10/dist-packages/ros2_system_monitor-0.2.2-py3.10.egg-info/top_level.txt
-- Installing: /home/creampi/ros2_ws/src/install/ros2_system_monitor/local/lib/python3.10/dist-packages/ros2_system_monitor-0.2.2-py3.10.egg-info/SOURCES.txt
-- Installing: /home/creampi/ros2_ws/src/install/ros2_system_monitor/local/lib/python3.10/dist-packages/ros2_system_monitor-0.2.2-py3.10.egg-info/dependency_links.txt
-- Installing: /home/creampi/ros2_ws/src/install/ros2_system_monitor/local/lib/python3.10/dist-packages/ros2_system_monitor
-- Installing: /home/creampi/ros2_ws/src/install/ros2_system_monitor/local/lib/python3.10/dist-packages/ros2_system_monitor/__init__.py
-- Installing: /home/creampi/ros2_ws/src/install/ros2_system_monitor/local/lib/python3.10/dist-packages/ros2_system_monitor/net_monitor.py
-- Installing: /home/creampi/ros2_ws/src/install/ros2_system_monitor/local/lib/python3.10/dist-packages/ros2_system_monitor/cpu_monitor.py
-- Installing: /home/creampi/ros2_ws/src/install/ros2_system_monitor/local/lib/python3.10/dist-packages/ros2_system_monitor/ntp_monitor.py
-- Installing: /home/creampi/ros2_ws/src/install/ros2_system_monitor/local/lib/python3.10/dist-packages/ros2_system_monitor/mem_monitor.py
-- Installing: /home/creampi/ros2_ws/src/install/ros2_system_monitor/local/lib/python3.10/dist-packages/ros2_system_monitor/hdd_monitor.py
-- Installing: /home/creampi/ros2_ws/src/install/ros2_system_monitor/local/lib/python3.10/dist-packages/ros2_system_monitor/utilities.py
Listing '/home/creampi/ros2_ws/src/install/ros2_system_monitor/local/lib/python3.10/dist-packages/ros2_system_monitor'...
Compiling '/home/creampi/ros2_ws/src/install/ros2_system_monitor/local/lib/python3.10/dist-packages/ros2_system_monitor/__init__.py'...
Compiling '/home/creampi/ros2_ws/src/install/ros2_system_monitor/local/lib/python3.10/dist-packages/ros2_system_monitor/cpu_monitor.py'...
Compiling '/home/creampi/ros2_ws/src/install/ros2_system_monitor/local/lib/python3.10/dist-packages/ros2_system_monitor/hdd_monitor.py'...
Compiling '/home/creampi/ros2_ws/src/install/ros2_system_monitor/local/lib/python3.10/dist-packages/ros2_system_monitor/mem_monitor.py'...
Compiling '/home/creampi/ros2_ws/src/install/ros2_system_monitor/local/lib/python3.10/dist-packages/ros2_system_monitor/net_monitor.py'...
Compiling '/home/creampi/ros2_ws/src/install/ros2_system_monitor/local/lib/python3.10/dist-packages/ros2_system_monitor/ntp_monitor.py'...
Compiling '/home/creampi/ros2_ws/src/install/ros2_system_monitor/local/lib/python3.10/dist-packages/ros2_system_monitor/utilities.py'...
-- Installing: /home/creampi/ros2_ws/src/install/ros2_system_monitor/share/ros2_system_monitor/config
-- Installing: /home/creampi/ros2_ws/src/install/ros2_system_monitor/share/ros2_system_monitor/config/system_monitor.yaml
-- Installing: /home/creampi/ros2_ws/src/install/ros2_system_monitor/share/ros2_system_monitor/scripts
-- Installing: /home/creampi/ros2_ws/src/install/ros2_system_monitor/share/ros2_system_monitor/scripts/ntp_monitor_node.py
-- Installing: /home/creampi/ros2_ws/src/install/ros2_system_monitor/share/ros2_system_monitor/scripts/mem_monitor_node.py
-- Installing: /home/creampi/ros2_ws/src/install/ros2_system_monitor/share/ros2_system_monitor/scripts/cpu_monitor_node.py
-- Installing: /home/creampi/ros2_ws/src/install/ros2_system_monitor/share/ros2_system_monitor/scripts/hdd_monitor_node.py
-- Installing: /home/creampi/ros2_ws/src/install/ros2_system_monitor/share/ros2_system_monitor/scripts/net_monitor_node.py
-- Installing: /home/creampi/ros2_ws/src/install/ros2_system_monitor/share/ros2_system_monitor/launch
-- Installing: /home/creampi/ros2_ws/src/install/ros2_system_monitor/share/ros2_system_monitor/launch/system_monitor.launch.py
-- Installing: /home/creampi/ros2_ws/src/install/ros2_system_monitor/lib/ros2_system_monitor/cpu_monitor_node.py
-- Installing: /home/creampi/ros2_ws/src/install/ros2_system_monitor/lib/ros2_system_monitor/hdd_monitor_node.py
-- Installing: /home/creampi/ros2_ws/src/install/ros2_system_monitor/lib/ros2_system_monitor/mem_monitor_node.py
-- Installing: /home/creampi/ros2_ws/src/install/ros2_system_monitor/lib/ros2_system_monitor/net_monitor_node.py
-- Installing: /home/creampi/ros2_ws/src/install/ros2_system_monitor/lib/ros2_system_monitor/ntp_monitor_node.py
-- Installing: /home/creampi/ros2_ws/src/install/ros2_system_monitor/share/ament_index/resource_index/package_run_dependencies/ros2_system_monitor
-- Installing: /home/creampi/ros2_ws/src/install/ros2_system_monitor/share/ament_index/resource_index/parent_prefix_path/ros2_system_monitor
-- Installing: /home/creampi/ros2_ws/src/install/ros2_system_monitor/share/ros2_system_monitor/environment/ament_prefix_path.sh
-- Installing: /home/creampi/ros2_ws/src/install/ros2_system_monitor/share/ros2_system_monitor/environment/ament_prefix_path.dsv
-- Installing: /home/creampi/ros2_ws/src/install/ros2_system_monitor/share/ros2_system_monitor/environment/path.sh
-- Installing: /home/creampi/ros2_ws/src/install/ros2_system_monitor/share/ros2_system_monitor/environment/path.dsv
-- Installing: /home/creampi/ros2_ws/src/install/ros2_system_monitor/share/ros2_system_monitor/local_setup.bash
-- Installing: /home/creampi/ros2_ws/src/install/ros2_system_monitor/share/ros2_system_monitor/local_setup.sh
-- Installing: /home/creampi/ros2_ws/src/install/ros2_system_monitor/share/ros2_system_monitor/local_setup.zsh
-- Installing: /home/creampi/ros2_ws/src/install/ros2_system_monitor/share/ros2_system_monitor/local_setup.dsv
-- Installing: /home/creampi/ros2_ws/src/install/ros2_system_monitor/share/ros2_system_monitor/package.dsv
-- Installing: /home/creampi/ros2_ws/src/install/ros2_system_monitor/share/ament_index/resource_index/packages/ros2_system_monitor
-- Installing: /home/creampi/ros2_ws/src/install/ros2_system_monitor/share/ros2_system_monitor/cmake/ros2_system_monitorConfig.cmake
-- Installing: /home/creampi/ros2_ws/src/install/ros2_system_monitor/share/ros2_system_monitor/cmake/ros2_system_monitorConfig-version.cmake
-- Installing: /home/creampi/ros2_ws/src/install/ros2_system_monitor/share/ros2_system_monitor/package.xml
