[5.801s] Invoking command in '/home/creampi/ros2_ws/src/build/sensehat_cpp': CMAKE_PREFIX_PATH=/home/creampi/ros2_ws/src/install/sensehat_cpp:/home/creampi/ros2_ws/src/install/ldlidar_stl_ros2:/home/creampi/ros2_ws/install/sensehat_cpp:/home/creampi/ros2_ws/install/ros2_system_monitor:/home/creampi/ros2_ws/install/ldlidar_stl_ros2:/home/creampi/ros2_ws/src/install/temperature_tracker:/home/creampi/ros2_ws/src/install/sensehat_ros:/home/creampi/ros2_ws/src/install/rover_driver:/home/creampi/ros2_ws/src/install/arduino_bridge:/home/creampi/ros2_ws/install/temperature_tracker:/home/creampi/ros2_ws/install/sensehat_ros:/home/creampi/ros2_ws/install/rover_driver:/home/creampi/ros2_ws/install/arduino_bridge:/opt/ros/humble:/home/creampi/ros2_ws/install/carto_localization:/home/creampi/ros2_ws/install/autonomous_rover /usr/bin/cmake --build /home/creampi/ros2_ws/src/build/sensehat_cpp -- -j4 -l4
[6.658s] [35m[1mConsolidate compiler generated dependencies of target sensehat_node[0m
[6.976s] [100%] Built target sensehat_node
[7.220s] Invoked command in '/home/creampi/ros2_ws/src/build/sensehat_cpp' returned '0': CMAKE_PREFIX_PATH=/home/creampi/ros2_ws/src/install/sensehat_cpp:/home/creampi/ros2_ws/src/install/ldlidar_stl_ros2:/home/creampi/ros2_ws/install/sensehat_cpp:/home/creampi/ros2_ws/install/ros2_system_monitor:/home/creampi/ros2_ws/install/ldlidar_stl_ros2:/home/creampi/ros2_ws/src/install/temperature_tracker:/home/creampi/ros2_ws/src/install/sensehat_ros:/home/creampi/ros2_ws/src/install/rover_driver:/home/creampi/ros2_ws/src/install/arduino_bridge:/home/creampi/ros2_ws/install/temperature_tracker:/home/creampi/ros2_ws/install/sensehat_ros:/home/creampi/ros2_ws/install/rover_driver:/home/creampi/ros2_ws/install/arduino_bridge:/opt/ros/humble:/home/creampi/ros2_ws/install/carto_localization:/home/creampi/ros2_ws/install/autonomous_rover /usr/bin/cmake --build /home/creampi/ros2_ws/src/build/sensehat_cpp -- -j4 -l4
[7.233s] Invoking command in '/home/creampi/ros2_ws/src/build/sensehat_cpp': CMAKE_PREFIX_PATH=/home/creampi/ros2_ws/src/install/sensehat_cpp:/home/creampi/ros2_ws/src/install/ldlidar_stl_ros2:/home/creampi/ros2_ws/install/sensehat_cpp:/home/creampi/ros2_ws/install/ros2_system_monitor:/home/creampi/ros2_ws/install/ldlidar_stl_ros2:/home/creampi/ros2_ws/src/install/temperature_tracker:/home/creampi/ros2_ws/src/install/sensehat_ros:/home/creampi/ros2_ws/src/install/rover_driver:/home/creampi/ros2_ws/src/install/arduino_bridge:/home/creampi/ros2_ws/install/temperature_tracker:/home/creampi/ros2_ws/install/sensehat_ros:/home/creampi/ros2_ws/install/rover_driver:/home/creampi/ros2_ws/install/arduino_bridge:/opt/ros/humble:/home/creampi/ros2_ws/install/carto_localization:/home/creampi/ros2_ws/install/autonomous_rover /usr/bin/cmake --install /home/creampi/ros2_ws/src/build/sensehat_cpp
[7.414s] -- Install configuration: ""
[7.427s] -- Up-to-date: /home/creampi/ros2_ws/src/install/sensehat_cpp/lib/sensehat_cpp/sensehat_node
[7.433s] -- Up-to-date: /home/creampi/ros2_ws/src/install/sensehat_cpp/share/ament_index/resource_index/package_run_dependencies/sensehat_cpp
[7.438s] -- Up-to-date: /home/creampi/ros2_ws/src/install/sensehat_cpp/share/ament_index/resource_index/parent_prefix_path/sensehat_cpp
[7.442s] -- Up-to-date: /home/creampi/ros2_ws/src/install/sensehat_cpp/share/sensehat_cpp/environment/ament_prefix_path.sh
[7.446s] -- Up-to-date: /home/creampi/ros2_ws/src/install/sensehat_cpp/share/sensehat_cpp/environment/ament_prefix_path.dsv
[7.450s] -- Up-to-date: /home/creampi/ros2_ws/src/install/sensehat_cpp/share/sensehat_cpp/environment/path.sh
[7.469s] -- Up-to-date: /home/creampi/ros2_ws/src/install/sensehat_cpp/share/sensehat_cpp/environment/path.dsv
[7.473s] -- Up-to-date: /home/creampi/ros2_ws/src/install/sensehat_cpp/share/sensehat_cpp/local_setup.bash
[7.475s] -- Up-to-date: /home/creampi/ros2_ws/src/install/sensehat_cpp/share/sensehat_cpp/local_setup.sh
[7.477s] -- Up-to-date: /home/creampi/ros2_ws/src/install/sensehat_cpp/share/sensehat_cpp/local_setup.zsh
[7.479s] -- Up-to-date: /home/creampi/ros2_ws/src/install/sensehat_cpp/share/sensehat_cpp/local_setup.dsv
[7.480s] -- Installing: /home/creampi/ros2_ws/src/install/sensehat_cpp/share/sensehat_cpp/package.dsv
[7.496s] -- Up-to-date: /home/creampi/ros2_ws/src/install/sensehat_cpp/share/ament_index/resource_index/packages/sensehat_cpp
[7.499s] -- Up-to-date: /home/creampi/ros2_ws/src/install/sensehat_cpp/share/sensehat_cpp/cmake/sensehat_cppConfig.cmake
[7.501s] -- Up-to-date: /home/creampi/ros2_ws/src/install/sensehat_cpp/share/sensehat_cpp/cmake/sensehat_cppConfig-version.cmake
[7.502s] -- Up-to-date: /home/creampi/ros2_ws/src/install/sensehat_cpp/share/sensehat_cpp/package.xml
[7.562s] Invoked command in '/home/creampi/ros2_ws/src/build/sensehat_cpp' returned '0': CMAKE_PREFIX_PATH=/home/creampi/ros2_ws/src/install/sensehat_cpp:/home/creampi/ros2_ws/src/install/ldlidar_stl_ros2:/home/creampi/ros2_ws/install/sensehat_cpp:/home/creampi/ros2_ws/install/ros2_system_monitor:/home/creampi/ros2_ws/install/ldlidar_stl_ros2:/home/creampi/ros2_ws/src/install/temperature_tracker:/home/creampi/ros2_ws/src/install/sensehat_ros:/home/creampi/ros2_ws/src/install/rover_driver:/home/creampi/ros2_ws/src/install/arduino_bridge:/home/creampi/ros2_ws/install/temperature_tracker:/home/creampi/ros2_ws/install/sensehat_ros:/home/creampi/ros2_ws/install/rover_driver:/home/creampi/ros2_ws/install/arduino_bridge:/opt/ros/humble:/home/creampi/ros2_ws/install/carto_localization:/home/creampi/ros2_ws/install/autonomous_rover /usr/bin/cmake --install /home/creampi/ros2_ws/src/build/sensehat_cpp
