[0.134s] Invoking command in '/home/creampi/ros2_ws/src/build/ros2_system_monitor': CMAKE_PREFIX_PATH=/home/creampi/ros2_ws/src/install/sensehat_cpp:/home/creampi/ros2_ws/src/install/ldlidar_stl_ros2:/home/creampi/ros2_ws/install/sensehat_cpp:/home/creampi/ros2_ws/install/ros2_system_monitor:/home/creampi/ros2_ws/install/ldlidar_stl_ros2:/home/creampi/ros2_ws/src/install/temperature_tracker:/home/creampi/ros2_ws/src/install/sensehat_ros:/home/creampi/ros2_ws/src/install/rover_driver:/home/creampi/ros2_ws/src/install/arduino_bridge:/home/creampi/ros2_ws/install/temperature_tracker:/home/creampi/ros2_ws/install/sensehat_ros:/home/creampi/ros2_ws/install/rover_driver:/home/creampi/ros2_ws/install/arduino_bridge:/opt/ros/humble:/home/creampi/ros2_ws/install/carto_localization:/home/creampi/ros2_ws/install/autonomous_rover /usr/bin/cmake /home/creampi/ros2_ws/src/ros2-system-monitor -DCMAKE_INSTALL_PREFIX=/home/creampi/ros2_ws/src/install/ros2_system_monitor
[1.472s] -- The C compiler identification is GNU 11.4.0
[2.799s] -- The CXX compiler identification is GNU 11.4.0
[2.916s] -- Detecting C compiler ABI info
[4.211s] -- Detecting C compiler ABI info - done
[4.317s] -- Check for working C compiler: /usr/bin/cc - skipped
[4.330s] -- Detecting C compile features
[4.340s] -- Detecting C compile features - done
[4.405s] -- Detecting CXX compiler ABI info
[6.535s] -- Detecting CXX compiler ABI info - done
[6.644s] -- Check for working CXX compiler: /usr/bin/c++ - skipped
[6.653s] -- Detecting CXX compile features
[6.663s] -- Detecting CXX compile features - done
[6.844s] -- Found ament_cmake_auto: 1.3.12 (/opt/ros/humble/share/ament_cmake_auto/cmake)
[11.853s] -- Found Python3: /usr/bin/python3 (found version "3.10.12") found components: Interpreter 
[16.766s] -- Found ament_lint_auto: 0.12.14 (/opt/ros/humble/share/ament_lint_auto/cmake)
[17.504s] -- Added test 'flake8' to check Python code syntax and style conventions
[17.533s] -- Added test 'mypy' to statically type check Python code.
[17.583s] -- Added test 'lint_cmake' to check CMake code style
[17.617s] -- Added test 'pep257' to check Python code against some of the docstring style conventions in PEP 257
[17.651s] -- Configuring done
[17.802s] -- Generating done
[17.839s] -- Build files have been written to: /home/creampi/ros2_ws/src/build/ros2_system_monitor
[19.925s] Invoked command in '/home/creampi/ros2_ws/src/build/ros2_system_monitor' returned '0': CMAKE_PREFIX_PATH=/home/creampi/ros2_ws/src/install/sensehat_cpp:/home/creampi/ros2_ws/src/install/ldlidar_stl_ros2:/home/creampi/ros2_ws/install/sensehat_cpp:/home/creampi/ros2_ws/install/ros2_system_monitor:/home/creampi/ros2_ws/install/ldlidar_stl_ros2:/home/creampi/ros2_ws/src/install/temperature_tracker:/home/creampi/ros2_ws/src/install/sensehat_ros:/home/creampi/ros2_ws/src/install/rover_driver:/home/creampi/ros2_ws/src/install/arduino_bridge:/home/creampi/ros2_ws/install/temperature_tracker:/home/creampi/ros2_ws/install/sensehat_ros:/home/creampi/ros2_ws/install/rover_driver:/home/creampi/ros2_ws/install/arduino_bridge:/opt/ros/humble:/home/creampi/ros2_ws/install/carto_localization:/home/creampi/ros2_ws/install/autonomous_rover /usr/bin/cmake /home/creampi/ros2_ws/src/ros2-system-monitor -DCMAKE_INSTALL_PREFIX=/home/creampi/ros2_ws/src/install/ros2_system_monitor
[19.959s] Invoking command in '/home/creampi/ros2_ws/src/build/ros2_system_monitor': CMAKE_PREFIX_PATH=/home/creampi/ros2_ws/src/install/sensehat_cpp:/home/creampi/ros2_ws/src/install/ldlidar_stl_ros2:/home/creampi/ros2_ws/install/sensehat_cpp:/home/creampi/ros2_ws/install/ros2_system_monitor:/home/creampi/ros2_ws/install/ldlidar_stl_ros2:/home/creampi/ros2_ws/src/install/temperature_tracker:/home/creampi/ros2_ws/src/install/sensehat_ros:/home/creampi/ros2_ws/src/install/rover_driver:/home/creampi/ros2_ws/src/install/arduino_bridge:/home/creampi/ros2_ws/install/temperature_tracker:/home/creampi/ros2_ws/install/sensehat_ros:/home/creampi/ros2_ws/install/rover_driver:/home/creampi/ros2_ws/install/arduino_bridge:/opt/ros/humble:/home/creampi/ros2_ws/install/carto_localization:/home/creampi/ros2_ws/install/autonomous_rover /usr/bin/cmake --build /home/creampi/ros2_ws/src/build/ros2_system_monitor -- -j4 -l4
[21.197s] Built target ament_cmake_python_copy_ros2_system_monitor
[26.993s] running egg_info
[27.027s] creating ros2_system_monitor.egg-info
[27.038s] writing ros2_system_monitor.egg-info/PKG-INFO
[27.039s] writing dependency_links to ros2_system_monitor.egg-info/dependency_links.txt
[27.046s] writing top-level names to ros2_system_monitor.egg-info/top_level.txt
[27.048s] writing manifest file 'ros2_system_monitor.egg-info/SOURCES.txt'
[27.138s] reading manifest file 'ros2_system_monitor.egg-info/SOURCES.txt'
[27.163s] writing manifest file 'ros2_system_monitor.egg-info/SOURCES.txt'
[27.699s] Built target ament_cmake_python_build_ros2_system_monitor_egg
[28.512s] Invoked command in '/home/creampi/ros2_ws/src/build/ros2_system_monitor' returned '0': CMAKE_PREFIX_PATH=/home/creampi/ros2_ws/src/install/sensehat_cpp:/home/creampi/ros2_ws/src/install/ldlidar_stl_ros2:/home/creampi/ros2_ws/install/sensehat_cpp:/home/creampi/ros2_ws/install/ros2_system_monitor:/home/creampi/ros2_ws/install/ldlidar_stl_ros2:/home/creampi/ros2_ws/src/install/temperature_tracker:/home/creampi/ros2_ws/src/install/sensehat_ros:/home/creampi/ros2_ws/src/install/rover_driver:/home/creampi/ros2_ws/src/install/arduino_bridge:/home/creampi/ros2_ws/install/temperature_tracker:/home/creampi/ros2_ws/install/sensehat_ros:/home/creampi/ros2_ws/install/rover_driver:/home/creampi/ros2_ws/install/arduino_bridge:/opt/ros/humble:/home/creampi/ros2_ws/install/carto_localization:/home/creampi/ros2_ws/install/autonomous_rover /usr/bin/cmake --build /home/creampi/ros2_ws/src/build/ros2_system_monitor -- -j4 -l4
[28.530s] Invoking command in '/home/creampi/ros2_ws/src/build/ros2_system_monitor': CMAKE_PREFIX_PATH=/home/creampi/ros2_ws/src/install/sensehat_cpp:/home/creampi/ros2_ws/src/install/ldlidar_stl_ros2:/home/creampi/ros2_ws/install/sensehat_cpp:/home/creampi/ros2_ws/install/ros2_system_monitor:/home/creampi/ros2_ws/install/ldlidar_stl_ros2:/home/creampi/ros2_ws/src/install/temperature_tracker:/home/creampi/ros2_ws/src/install/sensehat_ros:/home/creampi/ros2_ws/src/install/rover_driver:/home/creampi/ros2_ws/src/install/arduino_bridge:/home/creampi/ros2_ws/install/temperature_tracker:/home/creampi/ros2_ws/install/sensehat_ros:/home/creampi/ros2_ws/install/rover_driver:/home/creampi/ros2_ws/install/arduino_bridge:/opt/ros/humble:/home/creampi/ros2_ws/install/carto_localization:/home/creampi/ros2_ws/install/autonomous_rover /usr/bin/cmake --install /home/creampi/ros2_ws/src/build/ros2_system_monitor
[28.660s] -- Install configuration: ""
[28.661s] -- Installing: /home/creampi/ros2_ws/src/install/ros2_system_monitor/share/ros2_system_monitor/environment/pythonpath.sh
[28.675s] -- Installing: /home/creampi/ros2_ws/src/install/ros2_system_monitor/share/ros2_system_monitor/environment/pythonpath.dsv
[28.677s] -- Installing: /home/creampi/ros2_ws/src/install/ros2_system_monitor/local/lib/python3.10/dist-packages/ros2_system_monitor-0.2.2-py3.10.egg-info
[28.683s] -- Installing: /home/creampi/ros2_ws/src/install/ros2_system_monitor/local/lib/python3.10/dist-packages/ros2_system_monitor-0.2.2-py3.10.egg-info/PKG-INFO
[28.687s] -- Installing: /home/creampi/ros2_ws/src/install/ros2_system_monitor/local/lib/python3.10/dist-packages/ros2_system_monitor-0.2.2-py3.10.egg-info/top_level.txt
[28.725s] -- Installing: /home/creampi/ros2_ws/src/install/ros2_system_monitor/local/lib/python3.10/dist-packages/ros2_system_monitor-0.2.2-py3.10.egg-info/SOURCES.txt
[28.729s] -- Installing: /home/creampi/ros2_ws/src/install/ros2_system_monitor/local/lib/python3.10/dist-packages/ros2_system_monitor-0.2.2-py3.10.egg-info/dependency_links.txt
[28.730s] -- Installing: /home/creampi/ros2_ws/src/install/ros2_system_monitor/local/lib/python3.10/dist-packages/ros2_system_monitor
[28.732s] -- Installing: /home/creampi/ros2_ws/src/install/ros2_system_monitor/local/lib/python3.10/dist-packages/ros2_system_monitor/__init__.py
[28.733s] -- Installing: /home/creampi/ros2_ws/src/install/ros2_system_monitor/local/lib/python3.10/dist-packages/ros2_system_monitor/net_monitor.py
[28.734s] -- Installing: /home/creampi/ros2_ws/src/install/ros2_system_monitor/local/lib/python3.10/dist-packages/ros2_system_monitor/cpu_monitor.py
[28.735s] -- Installing: /home/creampi/ros2_ws/src/install/ros2_system_monitor/local/lib/python3.10/dist-packages/ros2_system_monitor/ntp_monitor.py
[28.758s] -- Installing: /home/creampi/ros2_ws/src/install/ros2_system_monitor/local/lib/python3.10/dist-packages/ros2_system_monitor/mem_monitor.py
[28.760s] -- Installing: /home/creampi/ros2_ws/src/install/ros2_system_monitor/local/lib/python3.10/dist-packages/ros2_system_monitor/hdd_monitor.py
[28.761s] -- Installing: /home/creampi/ros2_ws/src/install/ros2_system_monitor/local/lib/python3.10/dist-packages/ros2_system_monitor/utilities.py
[29.413s] Listing '/home/creampi/ros2_ws/src/install/ros2_system_monitor/local/lib/python3.10/dist-packages/ros2_system_monitor'...
[29.415s] Compiling '/home/creampi/ros2_ws/src/install/ros2_system_monitor/local/lib/python3.10/dist-packages/ros2_system_monitor/__init__.py'...
[29.416s] Compiling '/home/creampi/ros2_ws/src/install/ros2_system_monitor/local/lib/python3.10/dist-packages/ros2_system_monitor/cpu_monitor.py'...
[29.423s] Compiling '/home/creampi/ros2_ws/src/install/ros2_system_monitor/local/lib/python3.10/dist-packages/ros2_system_monitor/hdd_monitor.py'...
[29.424s] Compiling '/home/creampi/ros2_ws/src/install/ros2_system_monitor/local/lib/python3.10/dist-packages/ros2_system_monitor/mem_monitor.py'...
[29.430s] Compiling '/home/creampi/ros2_ws/src/install/ros2_system_monitor/local/lib/python3.10/dist-packages/ros2_system_monitor/net_monitor.py'...
[29.431s] Compiling '/home/creampi/ros2_ws/src/install/ros2_system_monitor/local/lib/python3.10/dist-packages/ros2_system_monitor/ntp_monitor.py'...
[29.432s] Compiling '/home/creampi/ros2_ws/src/install/ros2_system_monitor/local/lib/python3.10/dist-packages/ros2_system_monitor/utilities.py'...
[29.508s] -- Installing: /home/creampi/ros2_ws/src/install/ros2_system_monitor/share/ros2_system_monitor/config
[29.509s] -- Installing: /home/creampi/ros2_ws/src/install/ros2_system_monitor/share/ros2_system_monitor/config/system_monitor.yaml
[29.518s] -- Installing: /home/creampi/ros2_ws/src/install/ros2_system_monitor/share/ros2_system_monitor/scripts
[29.525s] -- Installing: /home/creampi/ros2_ws/src/install/ros2_system_monitor/share/ros2_system_monitor/scripts/ntp_monitor_node.py
[29.533s] -- Installing: /home/creampi/ros2_ws/src/install/ros2_system_monitor/share/ros2_system_monitor/scripts/mem_monitor_node.py
[29.540s] -- Installing: /home/creampi/ros2_ws/src/install/ros2_system_monitor/share/ros2_system_monitor/scripts/cpu_monitor_node.py
[29.550s] -- Installing: /home/creampi/ros2_ws/src/install/ros2_system_monitor/share/ros2_system_monitor/scripts/hdd_monitor_node.py
[29.557s] -- Installing: /home/creampi/ros2_ws/src/install/ros2_system_monitor/share/ros2_system_monitor/scripts/net_monitor_node.py
[29.565s] -- Installing: /home/creampi/ros2_ws/src/install/ros2_system_monitor/share/ros2_system_monitor/launch
[29.571s] -- Installing: /home/creampi/ros2_ws/src/install/ros2_system_monitor/share/ros2_system_monitor/launch/system_monitor.launch.py
[29.583s] -- Installing: /home/creampi/ros2_ws/src/install/ros2_system_monitor/lib/ros2_system_monitor/cpu_monitor_node.py
[29.601s] -- Installing: /home/creampi/ros2_ws/src/install/ros2_system_monitor/lib/ros2_system_monitor/hdd_monitor_node.py
[29.608s] -- Installing: /home/creampi/ros2_ws/src/install/ros2_system_monitor/lib/ros2_system_monitor/mem_monitor_node.py
[29.618s] -- Installing: /home/creampi/ros2_ws/src/install/ros2_system_monitor/lib/ros2_system_monitor/net_monitor_node.py
[29.628s] -- Installing: /home/creampi/ros2_ws/src/install/ros2_system_monitor/lib/ros2_system_monitor/ntp_monitor_node.py
[29.639s] -- Installing: /home/creampi/ros2_ws/src/install/ros2_system_monitor/share/ament_index/resource_index/package_run_dependencies/ros2_system_monitor
[29.656s] -- Installing: /home/creampi/ros2_ws/src/install/ros2_system_monitor/share/ament_index/resource_index/parent_prefix_path/ros2_system_monitor
[29.665s] -- Installing: /home/creampi/ros2_ws/src/install/ros2_system_monitor/share/ros2_system_monitor/environment/ament_prefix_path.sh
[29.671s] -- Installing: /home/creampi/ros2_ws/src/install/ros2_system_monitor/share/ros2_system_monitor/environment/ament_prefix_path.dsv
[29.678s] -- Installing: /home/creampi/ros2_ws/src/install/ros2_system_monitor/share/ros2_system_monitor/environment/path.sh
[29.685s] -- Installing: /home/creampi/ros2_ws/src/install/ros2_system_monitor/share/ros2_system_monitor/environment/path.dsv
[29.691s] -- Installing: /home/creampi/ros2_ws/src/install/ros2_system_monitor/share/ros2_system_monitor/local_setup.bash
[29.698s] -- Installing: /home/creampi/ros2_ws/src/install/ros2_system_monitor/share/ros2_system_monitor/local_setup.sh
[29.704s] -- Installing: /home/creampi/ros2_ws/src/install/ros2_system_monitor/share/ros2_system_monitor/local_setup.zsh
[29.712s] -- Installing: /home/creampi/ros2_ws/src/install/ros2_system_monitor/share/ros2_system_monitor/local_setup.dsv
[29.716s] -- Installing: /home/creampi/ros2_ws/src/install/ros2_system_monitor/share/ros2_system_monitor/package.dsv
[29.721s] -- Installing: /home/creampi/ros2_ws/src/install/ros2_system_monitor/share/ament_index/resource_index/packages/ros2_system_monitor
[29.726s] -- Installing: /home/creampi/ros2_ws/src/install/ros2_system_monitor/share/ros2_system_monitor/cmake/ros2_system_monitorConfig.cmake
[29.729s] -- Installing: /home/creampi/ros2_ws/src/install/ros2_system_monitor/share/ros2_system_monitor/cmake/ros2_system_monitorConfig-version.cmake
[29.733s] -- Installing: /home/creampi/ros2_ws/src/install/ros2_system_monitor/share/ros2_system_monitor/package.xml
[29.758s] Invoked command in '/home/creampi/ros2_ws/src/build/ros2_system_monitor' returned '0': CMAKE_PREFIX_PATH=/home/creampi/ros2_ws/src/install/sensehat_cpp:/home/creampi/ros2_ws/src/install/ldlidar_stl_ros2:/home/creampi/ros2_ws/install/sensehat_cpp:/home/creampi/ros2_ws/install/ros2_system_monitor:/home/creampi/ros2_ws/install/ldlidar_stl_ros2:/home/creampi/ros2_ws/src/install/temperature_tracker:/home/creampi/ros2_ws/src/install/sensehat_ros:/home/creampi/ros2_ws/src/install/rover_driver:/home/creampi/ros2_ws/src/install/arduino_bridge:/home/creampi/ros2_ws/install/temperature_tracker:/home/creampi/ros2_ws/install/sensehat_ros:/home/creampi/ros2_ws/install/rover_driver:/home/creampi/ros2_ws/install/arduino_bridge:/opt/ros/humble:/home/creampi/ros2_ws/install/carto_localization:/home/creampi/ros2_ws/install/autonomous_rover /usr/bin/cmake --install /home/creampi/ros2_ws/src/build/ros2_system_monitor
