[2.691s] Invoking command in '/home/creampi/ros2_ws/build/ldlidar_stl_ros2': CMAKE_PREFIX_PATH=/home/creampi/ros2_ws/install/ros2_system_monitor:/home/creampi/ros2_ws/install/ldlidar_stl_ros2:/home/creampi/ros2_ws/install/carto_localization:/home/creampi/ros2_ws/install/autonomous_rover:/home/creampi/ros2_ws/src/install/sensehat_cpp:/home/creampi/ros2_ws/src/install/ros2_system_monitor:/home/creampi/ros2_ws/src/install/ldlidar_stl_ros2:/home/creampi/ros2_ws/install/sensehat_ros:/home/creampi/ros2_ws/install/rover_driver:/home/creampi/ros2_ws/install/arduino_bridge:/home/creampi/ros2_ws/src/install/temperature_tracker:/home/creampi/ros2_ws/src/install/sensehat_ros:/home/creampi/ros2_ws/src/install/rover_driver:/home/creampi/ros2_ws/src/install/arduino_bridge:/opt/ros/humble:/home/creampi/ros2_ws/src/install/carto_localization:/home/creampi/ros2_ws/src/install/autonomous_rover /usr/bin/cmake /home/creampi/ros2_ws/src/ldlidar_stl_ros2 -DAMENT_CMAKE_SYMLINK_INSTALL=1 -DCMAKE_INSTALL_PREFIX=/home/creampi/ros2_ws/install/ldlidar_stl_ros2
[4.093s] -- The C compiler identification is GNU 11.4.0
[4.848s] -- The CXX compiler identification is GNU 11.4.0
[4.911s] -- Detecting C compiler ABI info
[5.591s] -- Detecting C compiler ABI info - done
[5.642s] -- Check for working C compiler: /usr/bin/cc - skipped
[5.644s] -- Detecting C compile features
[5.649s] -- Detecting C compile features - done
[5.693s] -- Detecting CXX compiler ABI info
[6.331s] -- Detecting CXX compiler ABI info - done
[6.381s] -- Check for working CXX compiler: /usr/bin/c++ - skipped
[6.383s] -- Detecting CXX compile features
[6.385s] -- Detecting CXX compile features - done
[6.429s] -- Found ament_cmake: 1.3.12 (/opt/ros/humble/share/ament_cmake/cmake)
[8.214s] -- Found Python3: /usr/bin/python3 (found version "3.10.12") found components: Interpreter 
[9.011s] -- Override CMake install command with custom implementation using symlinks instead of copying resources
[9.749s] -- Found rclcpp: 16.0.15 (/opt/ros/humble/share/rclcpp/cmake)
[10.805s] -- Found rosidl_generator_c: 3.1.7 (/opt/ros/humble/share/rosidl_generator_c/cmake)
[10.895s] -- Found rosidl_adapter: 3.1.7 (/opt/ros/humble/share/rosidl_adapter/cmake)
[11.003s] -- Found rosidl_generator_cpp: 3.1.7 (/opt/ros/humble/share/rosidl_generator_cpp/cmake)
[11.336s] -- Using all available rosidl_typesupport_c: rosidl_typesupport_fastrtps_c;rosidl_typesupport_introspection_c
[11.602s] -- Using all available rosidl_typesupport_cpp: rosidl_typesupport_fastrtps_cpp;rosidl_typesupport_introspection_cpp
[12.451s] -- Found rmw_implementation_cmake: 6.1.2 (/opt/ros/humble/share/rmw_implementation_cmake/cmake)
[12.556s] -- Found rmw_fastrtps_cpp: 6.2.8 (/opt/ros/humble/share/rmw_fastrtps_cpp/cmake)
[13.989s] -- Found OpenSSL: /usr/lib/aarch64-linux-gnu/libcrypto.so (found version "3.0.2")  
[14.716s] -- Found FastRTPS: /opt/ros/humble/include  
[16.190s] -- Using RMW implementation 'rmw_fastrtps_cpp' as default
[16.636s] -- Looking for pthread.h
[17.523s] -- Looking for pthread.h - found
[17.532s] -- Performing Test CMAKE_HAVE_LIBC_PTHREAD
[19.387s] -- Performing Test CMAKE_HAVE_LIBC_PTHREAD - Success
[19.407s] -- Found Threads: TRUE  
[20.592s] -- Found sensor_msgs: 4.9.0 (/opt/ros/humble/share/sensor_msgs/cmake)
[20.940s] -- Found ament_lint_auto: 0.12.14 (/opt/ros/humble/share/ament_lint_auto/cmake)
[23.037s] -- Added test 'copyright' to check source files copyright and LICENSE
[23.250s] -- Added test 'cppcheck' to perform static code analysis on C / C++ code
[23.255s] -- Configured cppcheck include dirs: /home/creampi/ros2_ws/src/ldlidar_stl_ros2/include;/home/creampi/ros2_ws/src/ldlidar_stl_ros2/ldlidar_driver/include/core;/home/creampi/ros2_ws/src/ldlidar_stl_ros2/ldlidar_driver/include/dataprocess;/home/creampi/ros2_ws/src/ldlidar_stl_ros2/ldlidar_driver/include/filter;/home/creampi/ros2_ws/src/ldlidar_stl_ros2/ldlidar_driver/include/logger;/home/creampi/ros2_ws/src/ldlidar_stl_ros2/ldlidar_driver/include/networkcom;/home/creampi/ros2_ws/src/ldlidar_stl_ros2/ldlidar_driver/include/serialcom
[23.256s] -- Configured cppcheck exclude dirs and/or files: 
[23.467s] -- Added test 'cpplint' to check C / C++ code against the Google style
[23.470s] -- Configured cpplint exclude dirs and/or files: 
[23.494s] -- Added test 'flake8' to check Python code syntax and style conventions
[23.520s] -- Added test 'lint_cmake' to check CMake code style
[23.540s] -- Added test 'pep257' to check Python code against some of the docstring style conventions in PEP 257
[23.649s] -- Added test 'uncrustify' to check C / C++ code style
[23.652s] -- Configured uncrustify additional arguments: 
[23.670s] -- Added test 'xmllint' to check XML markup files
[23.740s] -- Configuring done
[24.011s] -- Generating done
[24.119s] -- Build files have been written to: /home/creampi/ros2_ws/build/ldlidar_stl_ros2
[24.318s] Invoked command in '/home/creampi/ros2_ws/build/ldlidar_stl_ros2' returned '0': CMAKE_PREFIX_PATH=/home/creampi/ros2_ws/install/ros2_system_monitor:/home/creampi/ros2_ws/install/ldlidar_stl_ros2:/home/creampi/ros2_ws/install/carto_localization:/home/creampi/ros2_ws/install/autonomous_rover:/home/creampi/ros2_ws/src/install/sensehat_cpp:/home/creampi/ros2_ws/src/install/ros2_system_monitor:/home/creampi/ros2_ws/src/install/ldlidar_stl_ros2:/home/creampi/ros2_ws/install/sensehat_ros:/home/creampi/ros2_ws/install/rover_driver:/home/creampi/ros2_ws/install/arduino_bridge:/home/creampi/ros2_ws/src/install/temperature_tracker:/home/creampi/ros2_ws/src/install/sensehat_ros:/home/creampi/ros2_ws/src/install/rover_driver:/home/creampi/ros2_ws/src/install/arduino_bridge:/opt/ros/humble:/home/creampi/ros2_ws/src/install/carto_localization:/home/creampi/ros2_ws/src/install/autonomous_rover /usr/bin/cmake /home/creampi/ros2_ws/src/ldlidar_stl_ros2 -DAMENT_CMAKE_SYMLINK_INSTALL=1 -DCMAKE_INSTALL_PREFIX=/home/creampi/ros2_ws/install/ldlidar_stl_ros2
[24.321s] Invoking command in '/home/creampi/ros2_ws/build/ldlidar_stl_ros2': CMAKE_PREFIX_PATH=/home/creampi/ros2_ws/install/ros2_system_monitor:/home/creampi/ros2_ws/install/ldlidar_stl_ros2:/home/creampi/ros2_ws/install/carto_localization:/home/creampi/ros2_ws/install/autonomous_rover:/home/creampi/ros2_ws/src/install/sensehat_cpp:/home/creampi/ros2_ws/src/install/ros2_system_monitor:/home/creampi/ros2_ws/src/install/ldlidar_stl_ros2:/home/creampi/ros2_ws/install/sensehat_ros:/home/creampi/ros2_ws/install/rover_driver:/home/creampi/ros2_ws/install/arduino_bridge:/home/creampi/ros2_ws/src/install/temperature_tracker:/home/creampi/ros2_ws/src/install/sensehat_ros:/home/creampi/ros2_ws/src/install/rover_driver:/home/creampi/ros2_ws/src/install/arduino_bridge:/opt/ros/humble:/home/creampi/ros2_ws/src/install/carto_localization:/home/creampi/ros2_ws/src/install/autonomous_rover /usr/bin/cmake --build /home/creampi/ros2_ws/build/ldlidar_stl_ros2 -- -j4 -l4
[24.933s] [ 12%] [32mBuilding CXX object CMakeFiles/ldlidar_stl_ros2_node.dir/src/demo.cpp.o[0m
[24.938s] [ 25%] [32mBuilding CXX object CMakeFiles/ldlidar_stl_ros2_node.dir/ldlidar_driver/src/core/ldlidar_driver.cpp.o[0m
