-- Found ament_cmake: 1.3.12 (/opt/ros/humble/share/ament_cmake/cmake)
-- Configuring done
-- Generating done
-- Build files have been written to: /home/creampi/ros2_ws/build/carto_localization
-- Install configuration: ""
-- Up-to-date: /home/creampi/ros2_ws/install/carto_localization/share/carto_localization/launch
-- Up-to-date: /home/creampi/ros2_ws/install/carto_localization/share/carto_localization/launch/cartographer_localization.launch.py
-- Up-to-date: /home/creampi/ros2_ws/install/carto_localization/share/carto_localization/launch/tf.launch.py
-- Up-to-date: /home/creampi/ros2_ws/install/carto_localization/share/carto_localization/config
-- Up-to-date: /home/creampi/ros2_ws/install/carto_localization/share/carto_localization/config/cartographer_localization.lua
-- Up-to-date: /home/creampi/ros2_ws/install/carto_localization/share/ament_index/resource_index/package_run_dependencies/carto_localization
-- Up-to-date: /home/creampi/ros2_ws/install/carto_localization/share/ament_index/resource_index/parent_prefix_path/carto_localization
-- Up-to-date: /home/creampi/ros2_ws/install/carto_localization/share/carto_localization/environment/ament_prefix_path.sh
-- Installing: /home/creampi/ros2_ws/install/carto_localization/share/carto_localization/environment/ament_prefix_path.dsv
-- Up-to-date: /home/creampi/ros2_ws/install/carto_localization/share/carto_localization/environment/path.sh
-- Installing: /home/creampi/ros2_ws/install/carto_localization/share/carto_localization/environment/path.dsv
-- Up-to-date: /home/creampi/ros2_ws/install/carto_localization/share/carto_localization/local_setup.bash
-- Up-to-date: /home/creampi/ros2_ws/install/carto_localization/share/carto_localization/local_setup.sh
-- Up-to-date: /home/creampi/ros2_ws/install/carto_localization/share/carto_localization/local_setup.zsh
-- Installing: /home/creampi/ros2_ws/install/carto_localization/share/carto_localization/local_setup.dsv
-- Installing: /home/creampi/ros2_ws/install/carto_localization/share/carto_localization/package.dsv
-- Up-to-date: /home/creampi/ros2_ws/install/carto_localization/share/ament_index/resource_index/packages/carto_localization
-- Up-to-date: /home/creampi/ros2_ws/install/carto_localization/share/carto_localization/cmake/carto_localizationConfig.cmake
-- Up-to-date: /home/creampi/ros2_ws/install/carto_localization/share/carto_localization/cmake/carto_localizationConfig-version.cmake
-- Up-to-date: /home/creampi/ros2_ws/install/carto_localization/share/carto_localization/package.xml
