[1.755s] Invoking command in '/home/creampi/ros2_ws/build/carto_localization': /usr/bin/cmake /home/creampi/ros2_ws/src/carto_localization -DCATKIN_INSTALL_INTO_PREFIX_ROOT=0 -DCATKIN_SYMLINK_INSTALL=ON -DCMAKE_INSTALL_PREFIX=/home/creampi/ros2_ws/install/carto_localization
[1.874s] -- Found ament_cmake: 1.3.12 (/opt/ros/humble/share/ament_cmake/cmake)
[4.595s] -- Configuring done
[4.705s] -- Generating done
[4.853s] -- Build files have been written to: /home/creampi/ros2_ws/build/carto_localization
[4.910s] Invoked command in '/home/creampi/ros2_ws/build/carto_localization' returned '0': /usr/bin/cmake /home/creampi/ros2_ws/src/carto_localization -DCATKIN_INSTALL_INTO_PREFIX_ROOT=0 -DCATKIN_SYMLINK_INSTALL=ON -DCMAKE_INSTALL_PREFIX=/home/creampi/ros2_ws/install/carto_localization
[4.917s] Invoking command in '/home/creampi/ros2_ws/build/carto_localization': /usr/bin/cmake --build /home/creampi/ros2_ws/build/carto_localization -- -j4 -l4
[5.233s] Invoked command in '/home/creampi/ros2_ws/build/carto_localization' returned '0': /usr/bin/cmake --build /home/creampi/ros2_ws/build/carto_localization -- -j4 -l4
[5.384s] Invoking command in '/home/creampi/ros2_ws/build/carto_localization': /usr/bin/cmake --install /home/creampi/ros2_ws/build/carto_localization
[5.600s] -- Install configuration: ""
[5.602s] -- Up-to-date: /home/creampi/ros2_ws/install/carto_localization/share/carto_localization/launch
[5.606s] -- Up-to-date: /home/creampi/ros2_ws/install/carto_localization/share/carto_localization/launch/cartographer_localization.launch.py
[5.609s] -- Up-to-date: /home/creampi/ros2_ws/install/carto_localization/share/carto_localization/launch/tf.launch.py
[5.611s] -- Up-to-date: /home/creampi/ros2_ws/install/carto_localization/share/carto_localization/config
[5.613s] -- Up-to-date: /home/creampi/ros2_ws/install/carto_localization/share/carto_localization/config/cartographer_localization.lua
[5.616s] -- Up-to-date: /home/creampi/ros2_ws/install/carto_localization/share/ament_index/resource_index/package_run_dependencies/carto_localization
[5.619s] -- Up-to-date: /home/creampi/ros2_ws/install/carto_localization/share/ament_index/resource_index/parent_prefix_path/carto_localization
[5.622s] -- Up-to-date: /home/creampi/ros2_ws/install/carto_localization/share/carto_localization/environment/ament_prefix_path.sh
[5.624s] -- Installing: /home/creampi/ros2_ws/install/carto_localization/share/carto_localization/environment/ament_prefix_path.dsv
[5.636s] -- Up-to-date: /home/creampi/ros2_ws/install/carto_localization/share/carto_localization/environment/path.sh
[5.637s] -- Installing: /home/creampi/ros2_ws/install/carto_localization/share/carto_localization/environment/path.dsv
[5.650s] -- Up-to-date: /home/creampi/ros2_ws/install/carto_localization/share/carto_localization/local_setup.bash
[5.656s] -- Up-to-date: /home/creampi/ros2_ws/install/carto_localization/share/carto_localization/local_setup.sh
[5.659s] -- Up-to-date: /home/creampi/ros2_ws/install/carto_localization/share/carto_localization/local_setup.zsh
[5.663s] -- Installing: /home/creampi/ros2_ws/install/carto_localization/share/carto_localization/local_setup.dsv
[5.674s] -- Installing: /home/creampi/ros2_ws/install/carto_localization/share/carto_localization/package.dsv
[5.685s] -- Up-to-date: /home/creampi/ros2_ws/install/carto_localization/share/ament_index/resource_index/packages/carto_localization
[5.692s] -- Up-to-date: /home/creampi/ros2_ws/install/carto_localization/share/carto_localization/cmake/carto_localizationConfig.cmake
[5.695s] -- Up-to-date: /home/creampi/ros2_ws/install/carto_localization/share/carto_localization/cmake/carto_localizationConfig-version.cmake
[5.699s] -- Up-to-date: /home/creampi/ros2_ws/install/carto_localization/share/carto_localization/package.xml
[5.735s] Invoked command in '/home/creampi/ros2_ws/build/carto_localization' returned '0': /usr/bin/cmake --install /home/creampi/ros2_ws/build/carto_localization
