[0.836s] DEBUG:colcon:Command line arguments: ['/usr/bin/colcon', 'build', '--packages-select', 'autonomous_rover']
[0.837s] DEBUG:colcon:Parsed command line arguments: Namespace(log_base=None, log_level=None, verb_name='build', build_base='build', install_base='install', merge_install=False, symlink_install=False, test_result_base=None, continue_on_error=False, executor='parallel', parallel_workers=4, event_handlers=None, ignore_user_meta=False, metas=['./colcon.meta'], base_paths=['.'], packages_ignore=None, packages_ignore_regex=None, paths=None, packages_up_to=None, packages_up_to_regex=None, packages_above=None, packages_above_and_dependencies=None, packages_above_depth=None, packages_select_by_dep=None, packages_skip_by_dep=None, packages_skip_up_to=None, packages_select_build_failed=False, packages_skip_build_finished=False, packages_select_test_failures=False, packages_skip_test_passed=False, packages_select=['autonomous_rover'], packages_skip=None, packages_select_regex=None, packages_skip_regex=None, packages_start=None, packages_end=None, allow_overriding=[], cmake_args=None, cmake_target=None, cmake_target_skip_unavailable=False, cmake_clean_cache=False, cmake_clean_first=False, cmake_force_configure=False, ament_cmake_args=None, catkin_cmake_args=None, catkin_skip_building_tests=False, verb_parser=<colcon_defaults.argument_parser.defaults.DefaultArgumentsDecorator object at 0xffffb0001870>, verb_extension=<colcon_core.verb.build.BuildVerb object at 0xffffb0187370>, main=<bound method BuildVerb.main of <colcon_core.verb.build.BuildVerb object at 0xffffb0187370>>)
[2.300s] Level 1:colcon.colcon_core.package_discovery:discover_packages(colcon_meta) check parameters
[2.301s] Level 1:colcon.colcon_core.package_discovery:discover_packages(recursive) check parameters
[2.302s] Level 1:colcon.colcon_core.package_discovery:discover_packages(ignore) check parameters
[2.302s] Level 1:colcon.colcon_core.package_discovery:discover_packages(path) check parameters
[2.302s] Level 1:colcon.colcon_core.package_discovery:discover_packages(colcon_meta) discover
[2.302s] Level 1:colcon.colcon_core.package_discovery:discover_packages(recursive) discover
[2.302s] INFO:colcon.colcon_core.package_discovery:Crawling recursively for packages in '/home/creampi/ros2_ws'
[2.303s] Level 1:colcon.colcon_core.package_identification:_identify(.) by extensions ['ignore', 'ignore_ament_install']
[2.304s] Level 1:colcon.colcon_core.package_identification:_identify(.) by extension 'ignore'
[2.304s] Level 1:colcon.colcon_core.package_identification:_identify(.) by extension 'ignore_ament_install'
[2.305s] Level 1:colcon.colcon_core.package_identification:_identify(.) by extensions ['colcon_pkg']
[2.305s] Level 1:colcon.colcon_core.package_identification:_identify(.) by extension 'colcon_pkg'
[2.305s] Level 1:colcon.colcon_core.package_identification:_identify(.) by extensions ['colcon_meta']
[2.305s] Level 1:colcon.colcon_core.package_identification:_identify(.) by extension 'colcon_meta'
[2.306s] Level 1:colcon.colcon_core.package_identification:_identify(.) by extensions ['ros']
[2.306s] Level 1:colcon.colcon_core.package_identification:_identify(.) by extension 'ros'
[2.366s] Level 1:colcon.colcon_core.package_identification:_identify(.) by extensions ['cmake', 'python']
[2.366s] Level 1:colcon.colcon_core.package_identification:_identify(.) by extension 'cmake'
[2.366s] Level 1:colcon.colcon_core.package_identification:_identify(.) by extension 'python'
[2.366s] Level 1:colcon.colcon_core.package_identification:_identify(.) by extensions ['python_setup_py']
[2.367s] Level 1:colcon.colcon_core.package_identification:_identify(.) by extension 'python_setup_py'
[2.367s] Level 1:colcon.colcon_core.package_identification:_identify(build) by extensions ['ignore', 'ignore_ament_install']
[2.368s] Level 1:colcon.colcon_core.package_identification:_identify(build) by extension 'ignore'
[2.368s] Level 1:colcon.colcon_core.package_identification:_identify(build) ignored
[2.369s] Level 1:colcon.colcon_core.package_identification:_identify(install) by extensions ['ignore', 'ignore_ament_install']
[2.370s] Level 1:colcon.colcon_core.package_identification:_identify(install) by extension 'ignore'
[2.370s] Level 1:colcon.colcon_core.package_identification:_identify(install) ignored
[2.371s] Level 1:colcon.colcon_core.package_identification:_identify(log) by extensions ['ignore', 'ignore_ament_install']
[2.372s] Level 1:colcon.colcon_core.package_identification:_identify(log) by extension 'ignore'
[2.372s] Level 1:colcon.colcon_core.package_identification:_identify(log) ignored
[2.373s] Level 1:colcon.colcon_core.package_identification:_identify(src) by extensions ['ignore', 'ignore_ament_install']
[2.373s] Level 1:colcon.colcon_core.package_identification:_identify(src) by extension 'ignore'
[2.374s] Level 1:colcon.colcon_core.package_identification:_identify(src) by extension 'ignore_ament_install'
[2.374s] Level 1:colcon.colcon_core.package_identification:_identify(src) by extensions ['colcon_pkg']
[2.375s] Level 1:colcon.colcon_core.package_identification:_identify(src) by extension 'colcon_pkg'
[2.375s] Level 1:colcon.colcon_core.package_identification:_identify(src) by extensions ['colcon_meta']
[2.375s] Level 1:colcon.colcon_core.package_identification:_identify(src) by extension 'colcon_meta'
[2.375s] Level 1:colcon.colcon_core.package_identification:_identify(src) by extensions ['ros']
[2.376s] Level 1:colcon.colcon_core.package_identification:_identify(src) by extension 'ros'
[2.376s] Level 1:colcon.colcon_core.package_identification:_identify(src) by extensions ['cmake', 'python']
[2.377s] Level 1:colcon.colcon_core.package_identification:_identify(src) by extension 'cmake'
[2.377s] Level 1:colcon.colcon_core.package_identification:_identify(src) by extension 'python'
[2.378s] Level 1:colcon.colcon_core.package_identification:_identify(src) by extensions ['python_setup_py']
[2.380s] Level 1:colcon.colcon_core.package_identification:_identify(src) by extension 'python_setup_py'
[2.381s] Level 1:colcon.colcon_core.package_identification:_identify(src/Smarte-Systemer---Rover) by extensions ['ignore', 'ignore_ament_install']
[2.382s] Level 1:colcon.colcon_core.package_identification:_identify(src/Smarte-Systemer---Rover) by extension 'ignore'
[2.383s] Level 1:colcon.colcon_core.package_identification:_identify(src/Smarte-Systemer---Rover) by extension 'ignore_ament_install'
[2.383s] Level 1:colcon.colcon_core.package_identification:_identify(src/Smarte-Systemer---Rover) by extensions ['colcon_pkg']
[2.383s] Level 1:colcon.colcon_core.package_identification:_identify(src/Smarte-Systemer---Rover) by extension 'colcon_pkg'
[2.383s] Level 1:colcon.colcon_core.package_identification:_identify(src/Smarte-Systemer---Rover) by extensions ['colcon_meta']
[2.383s] Level 1:colcon.colcon_core.package_identification:_identify(src/Smarte-Systemer---Rover) by extension 'colcon_meta'
[2.384s] Level 1:colcon.colcon_core.package_identification:_identify(src/Smarte-Systemer---Rover) by extensions ['ros']
[2.384s] Level 1:colcon.colcon_core.package_identification:_identify(src/Smarte-Systemer---Rover) by extension 'ros'
[2.384s] Level 1:colcon.colcon_core.package_identification:_identify(src/Smarte-Systemer---Rover) by extensions ['cmake', 'python']
[2.384s] Level 1:colcon.colcon_core.package_identification:_identify(src/Smarte-Systemer---Rover) by extension 'cmake'
[2.385s] Level 1:colcon.colcon_core.package_identification:_identify(src/Smarte-Systemer---Rover) by extension 'python'
[2.385s] Level 1:colcon.colcon_core.package_identification:_identify(src/Smarte-Systemer---Rover) by extensions ['python_setup_py']
[2.385s] Level 1:colcon.colcon_core.package_identification:_identify(src/Smarte-Systemer---Rover) by extension 'python_setup_py'
[2.386s] Level 1:colcon.colcon_core.package_identification:_identify(src/Smarte-Systemer---Rover/build) by extensions ['ignore', 'ignore_ament_install']
[2.386s] Level 1:colcon.colcon_core.package_identification:_identify(src/Smarte-Systemer---Rover/build) by extension 'ignore'
[2.387s] Level 1:colcon.colcon_core.package_identification:_identify(src/Smarte-Systemer---Rover/build) ignored
[2.387s] Level 1:colcon.colcon_core.package_identification:_identify(src/Smarte-Systemer---Rover/hypersonic_micro_bit) by extensions ['ignore', 'ignore_ament_install']
[2.388s] Level 1:colcon.colcon_core.package_identification:_identify(src/Smarte-Systemer---Rover/hypersonic_micro_bit) by extension 'ignore'
[2.388s] Level 1:colcon.colcon_core.package_identification:_identify(src/Smarte-Systemer---Rover/hypersonic_micro_bit) by extension 'ignore_ament_install'
[2.388s] Level 1:colcon.colcon_core.package_identification:_identify(src/Smarte-Systemer---Rover/hypersonic_micro_bit) by extensions ['colcon_pkg']
[2.389s] Level 1:colcon.colcon_core.package_identification:_identify(src/Smarte-Systemer---Rover/hypersonic_micro_bit) by extension 'colcon_pkg'
[2.389s] Level 1:colcon.colcon_core.package_identification:_identify(src/Smarte-Systemer---Rover/hypersonic_micro_bit) by extensions ['colcon_meta']
[2.389s] Level 1:colcon.colcon_core.package_identification:_identify(src/Smarte-Systemer---Rover/hypersonic_micro_bit) by extension 'colcon_meta'
[2.390s] Level 1:colcon.colcon_core.package_identification:_identify(src/Smarte-Systemer---Rover/hypersonic_micro_bit) by extensions ['ros']
[2.390s] Level 1:colcon.colcon_core.package_identification:_identify(src/Smarte-Systemer---Rover/hypersonic_micro_bit) by extension 'ros'
[2.391s] Level 1:colcon.colcon_core.package_identification:_identify(src/Smarte-Systemer---Rover/hypersonic_micro_bit) by extensions ['cmake', 'python']
[2.391s] Level 1:colcon.colcon_core.package_identification:_identify(src/Smarte-Systemer---Rover/hypersonic_micro_bit) by extension 'cmake'
[2.391s] Level 1:colcon.colcon_core.package_identification:_identify(src/Smarte-Systemer---Rover/hypersonic_micro_bit) by extension 'python'
[2.392s] Level 1:colcon.colcon_core.package_identification:_identify(src/Smarte-Systemer---Rover/hypersonic_micro_bit) by extensions ['python_setup_py']
[2.392s] Level 1:colcon.colcon_core.package_identification:_identify(src/Smarte-Systemer---Rover/hypersonic_micro_bit) by extension 'python_setup_py'
[2.393s] Level 1:colcon.colcon_core.package_identification:_identify(src/Smarte-Systemer---Rover/hypersonic_micro_bit/include) by extensions ['ignore', 'ignore_ament_install']
[2.394s] Level 1:colcon.colcon_core.package_identification:_identify(src/Smarte-Systemer---Rover/hypersonic_micro_bit/include) by extension 'ignore'
[2.394s] Level 1:colcon.colcon_core.package_identification:_identify(src/Smarte-Systemer---Rover/hypersonic_micro_bit/include) by extension 'ignore_ament_install'
[2.394s] Level 1:colcon.colcon_core.package_identification:_identify(src/Smarte-Systemer---Rover/hypersonic_micro_bit/include) by extensions ['colcon_pkg']
[2.395s] Level 1:colcon.colcon_core.package_identification:_identify(src/Smarte-Systemer---Rover/hypersonic_micro_bit/include) by extension 'colcon_pkg'
[2.395s] Level 1:colcon.colcon_core.package_identification:_identify(src/Smarte-Systemer---Rover/hypersonic_micro_bit/include) by extensions ['colcon_meta']
[2.395s] Level 1:colcon.colcon_core.package_identification:_identify(src/Smarte-Systemer---Rover/hypersonic_micro_bit/include) by extension 'colcon_meta'
[2.396s] Level 1:colcon.colcon_core.package_identification:_identify(src/Smarte-Systemer---Rover/hypersonic_micro_bit/include) by extensions ['ros']
[2.396s] Level 1:colcon.colcon_core.package_identification:_identify(src/Smarte-Systemer---Rover/hypersonic_micro_bit/include) by extension 'ros'
[2.396s] Level 1:colcon.colcon_core.package_identification:_identify(src/Smarte-Systemer---Rover/hypersonic_micro_bit/include) by extensions ['cmake', 'python']
[2.397s] Level 1:colcon.colcon_core.package_identification:_identify(src/Smarte-Systemer---Rover/hypersonic_micro_bit/include) by extension 'cmake'
[2.397s] Level 1:colcon.colcon_core.package_identification:_identify(src/Smarte-Systemer---Rover/hypersonic_micro_bit/include) by extension 'python'
[2.397s] Level 1:colcon.colcon_core.package_identification:_identify(src/Smarte-Systemer---Rover/hypersonic_micro_bit/include) by extensions ['python_setup_py']
[2.398s] Level 1:colcon.colcon_core.package_identification:_identify(src/Smarte-Systemer---Rover/hypersonic_micro_bit/include) by extension 'python_setup_py'
[2.398s] Level 1:colcon.colcon_core.package_identification:_identify(src/Smarte-Systemer---Rover/hypersonic_micro_bit/include/hardware) by extensions ['ignore', 'ignore_ament_install']
[2.399s] Level 1:colcon.colcon_core.package_identification:_identify(src/Smarte-Systemer---Rover/hypersonic_micro_bit/include/hardware) by extension 'ignore'
[2.399s] Level 1:colcon.colcon_core.package_identification:_identify(src/Smarte-Systemer---Rover/hypersonic_micro_bit/include/hardware) by extension 'ignore_ament_install'
[2.400s] Level 1:colcon.colcon_core.package_identification:_identify(src/Smarte-Systemer---Rover/hypersonic_micro_bit/include/hardware) by extensions ['colcon_pkg']
[2.400s] Level 1:colcon.colcon_core.package_identification:_identify(src/Smarte-Systemer---Rover/hypersonic_micro_bit/include/hardware) by extension 'colcon_pkg'
[2.400s] Level 1:colcon.colcon_core.package_identification:_identify(src/Smarte-Systemer---Rover/hypersonic_micro_bit/include/hardware) by extensions ['colcon_meta']
[2.400s] Level 1:colcon.colcon_core.package_identification:_identify(src/Smarte-Systemer---Rover/hypersonic_micro_bit/include/hardware) by extension 'colcon_meta'
[2.401s] Level 1:colcon.colcon_core.package_identification:_identify(src/Smarte-Systemer---Rover/hypersonic_micro_bit/include/hardware) by extensions ['ros']
[2.401s] Level 1:colcon.colcon_core.package_identification:_identify(src/Smarte-Systemer---Rover/hypersonic_micro_bit/include/hardware) by extension 'ros'
[2.401s] Level 1:colcon.colcon_core.package_identification:_identify(src/Smarte-Systemer---Rover/hypersonic_micro_bit/include/hardware) by extensions ['cmake', 'python']
[2.401s] Level 1:colcon.colcon_core.package_identification:_identify(src/Smarte-Systemer---Rover/hypersonic_micro_bit/include/hardware) by extension 'cmake'
[2.402s] Level 1:colcon.colcon_core.package_identification:_identify(src/Smarte-Systemer---Rover/hypersonic_micro_bit/include/hardware) by extension 'python'
[2.403s] Level 1:colcon.colcon_core.package_identification:_identify(src/Smarte-Systemer---Rover/hypersonic_micro_bit/include/hardware) by extensions ['python_setup_py']
[2.404s] Level 1:colcon.colcon_core.package_identification:_identify(src/Smarte-Systemer---Rover/hypersonic_micro_bit/include/hardware) by extension 'python_setup_py'
[2.404s] Level 1:colcon.colcon_core.package_identification:_identify(src/Smarte-Systemer---Rover/hypersonic_micro_bit/include/logic) by extensions ['ignore', 'ignore_ament_install']
[2.405s] Level 1:colcon.colcon_core.package_identification:_identify(src/Smarte-Systemer---Rover/hypersonic_micro_bit/include/logic) by extension 'ignore'
[2.405s] Level 1:colcon.colcon_core.package_identification:_identify(src/Smarte-Systemer---Rover/hypersonic_micro_bit/include/logic) by extension 'ignore_ament_install'
[2.406s] Level 1:colcon.colcon_core.package_identification:_identify(src/Smarte-Systemer---Rover/hypersonic_micro_bit/include/logic) by extensions ['colcon_pkg']
[2.406s] Level 1:colcon.colcon_core.package_identification:_identify(src/Smarte-Systemer---Rover/hypersonic_micro_bit/include/logic) by extension 'colcon_pkg'
[2.406s] Level 1:colcon.colcon_core.package_identification:_identify(src/Smarte-Systemer---Rover/hypersonic_micro_bit/include/logic) by extensions ['colcon_meta']
[2.406s] Level 1:colcon.colcon_core.package_identification:_identify(src/Smarte-Systemer---Rover/hypersonic_micro_bit/include/logic) by extension 'colcon_meta'
[2.407s] Level 1:colcon.colcon_core.package_identification:_identify(src/Smarte-Systemer---Rover/hypersonic_micro_bit/include/logic) by extensions ['ros']
[2.407s] Level 1:colcon.colcon_core.package_identification:_identify(src/Smarte-Systemer---Rover/hypersonic_micro_bit/include/logic) by extension 'ros'
[2.407s] Level 1:colcon.colcon_core.package_identification:_identify(src/Smarte-Systemer---Rover/hypersonic_micro_bit/include/logic) by extensions ['cmake', 'python']
[2.408s] Level 1:colcon.colcon_core.package_identification:_identify(src/Smarte-Systemer---Rover/hypersonic_micro_bit/include/logic) by extension 'cmake'
[2.408s] Level 1:colcon.colcon_core.package_identification:_identify(src/Smarte-Systemer---Rover/hypersonic_micro_bit/include/logic) by extension 'python'
[2.408s] Level 1:colcon.colcon_core.package_identification:_identify(src/Smarte-Systemer---Rover/hypersonic_micro_bit/include/logic) by extensions ['python_setup_py']
[2.408s] Level 1:colcon.colcon_core.package_identification:_identify(src/Smarte-Systemer---Rover/hypersonic_micro_bit/include/logic) by extension 'python_setup_py'
[2.409s] Level 1:colcon.colcon_core.package_identification:_identify(src/Smarte-Systemer---Rover/hypersonic_micro_bit/lib) by extensions ['ignore', 'ignore_ament_install']
[2.410s] Level 1:colcon.colcon_core.package_identification:_identify(src/Smarte-Systemer---Rover/hypersonic_micro_bit/lib) by extension 'ignore'
[2.410s] Level 1:colcon.colcon_core.package_identification:_identify(src/Smarte-Systemer---Rover/hypersonic_micro_bit/lib) by extension 'ignore_ament_install'
[2.411s] Level 1:colcon.colcon_core.package_identification:_identify(src/Smarte-Systemer---Rover/hypersonic_micro_bit/lib) by extensions ['colcon_pkg']
[2.411s] Level 1:colcon.colcon_core.package_identification:_identify(src/Smarte-Systemer---Rover/hypersonic_micro_bit/lib) by extension 'colcon_pkg'
[2.412s] Level 1:colcon.colcon_core.package_identification:_identify(src/Smarte-Systemer---Rover/hypersonic_micro_bit/lib) by extensions ['colcon_meta']
[2.412s] Level 1:colcon.colcon_core.package_identification:_identify(src/Smarte-Systemer---Rover/hypersonic_micro_bit/lib) by extension 'colcon_meta'
[2.413s] Level 1:colcon.colcon_core.package_identification:_identify(src/Smarte-Systemer---Rover/hypersonic_micro_bit/lib) by extensions ['ros']
[2.413s] Level 1:colcon.colcon_core.package_identification:_identify(src/Smarte-Systemer---Rover/hypersonic_micro_bit/lib) by extension 'ros'
[2.414s] Level 1:colcon.colcon_core.package_identification:_identify(src/Smarte-Systemer---Rover/hypersonic_micro_bit/lib) by extensions ['cmake', 'python']
[2.414s] Level 1:colcon.colcon_core.package_identification:_identify(src/Smarte-Systemer---Rover/hypersonic_micro_bit/lib) by extension 'cmake'
[2.415s] Level 1:colcon.colcon_core.package_identification:_identify(src/Smarte-Systemer---Rover/hypersonic_micro_bit/lib) by extension 'python'
[2.416s] Level 1:colcon.colcon_core.package_identification:_identify(src/Smarte-Systemer---Rover/hypersonic_micro_bit/lib) by extensions ['python_setup_py']
[2.416s] Level 1:colcon.colcon_core.package_identification:_identify(src/Smarte-Systemer---Rover/hypersonic_micro_bit/lib) by extension 'python_setup_py'
[2.417s] Level 1:colcon.colcon_core.package_identification:_identify(src/Smarte-Systemer---Rover/hypersonic_micro_bit/src) by extensions ['ignore', 'ignore_ament_install']
[2.417s] Level 1:colcon.colcon_core.package_identification:_identify(src/Smarte-Systemer---Rover/hypersonic_micro_bit/src) by extension 'ignore'
[2.418s] Level 1:colcon.colcon_core.package_identification:_identify(src/Smarte-Systemer---Rover/hypersonic_micro_bit/src) by extension 'ignore_ament_install'
[2.418s] Level 1:colcon.colcon_core.package_identification:_identify(src/Smarte-Systemer---Rover/hypersonic_micro_bit/src) by extensions ['colcon_pkg']
[2.418s] Level 1:colcon.colcon_core.package_identification:_identify(src/Smarte-Systemer---Rover/hypersonic_micro_bit/src) by extension 'colcon_pkg'
[2.419s] Level 1:colcon.colcon_core.package_identification:_identify(src/Smarte-Systemer---Rover/hypersonic_micro_bit/src) by extensions ['colcon_meta']
[2.419s] Level 1:colcon.colcon_core.package_identification:_identify(src/Smarte-Systemer---Rover/hypersonic_micro_bit/src) by extension 'colcon_meta'
[2.419s] Level 1:colcon.colcon_core.package_identification:_identify(src/Smarte-Systemer---Rover/hypersonic_micro_bit/src) by extensions ['ros']
[2.419s] Level 1:colcon.colcon_core.package_identification:_identify(src/Smarte-Systemer---Rover/hypersonic_micro_bit/src) by extension 'ros'
[2.420s] Level 1:colcon.colcon_core.package_identification:_identify(src/Smarte-Systemer---Rover/hypersonic_micro_bit/src) by extensions ['cmake', 'python']
[2.420s] Level 1:colcon.colcon_core.package_identification:_identify(src/Smarte-Systemer---Rover/hypersonic_micro_bit/src) by extension 'cmake'
[2.420s] Level 1:colcon.colcon_core.package_identification:_identify(src/Smarte-Systemer---Rover/hypersonic_micro_bit/src) by extension 'python'
[2.421s] Level 1:colcon.colcon_core.package_identification:_identify(src/Smarte-Systemer---Rover/hypersonic_micro_bit/src) by extensions ['python_setup_py']
[2.421s] Level 1:colcon.colcon_core.package_identification:_identify(src/Smarte-Systemer---Rover/hypersonic_micro_bit/src) by extension 'python_setup_py'
[2.422s] Level 1:colcon.colcon_core.package_identification:_identify(src/Smarte-Systemer---Rover/hypersonic_micro_bit/src/hardware) by extensions ['ignore', 'ignore_ament_install']
[2.423s] Level 1:colcon.colcon_core.package_identification:_identify(src/Smarte-Systemer---Rover/hypersonic_micro_bit/src/hardware) by extension 'ignore'
[2.424s] Level 1:colcon.colcon_core.package_identification:_identify(src/Smarte-Systemer---Rover/hypersonic_micro_bit/src/hardware) by extension 'ignore_ament_install'
[2.424s] Level 1:colcon.colcon_core.package_identification:_identify(src/Smarte-Systemer---Rover/hypersonic_micro_bit/src/hardware) by extensions ['colcon_pkg']
[2.424s] Level 1:colcon.colcon_core.package_identification:_identify(src/Smarte-Systemer---Rover/hypersonic_micro_bit/src/hardware) by extension 'colcon_pkg'
[2.425s] Level 1:colcon.colcon_core.package_identification:_identify(src/Smarte-Systemer---Rover/hypersonic_micro_bit/src/hardware) by extensions ['colcon_meta']
[2.425s] Level 1:colcon.colcon_core.package_identification:_identify(src/Smarte-Systemer---Rover/hypersonic_micro_bit/src/hardware) by extension 'colcon_meta'
[2.425s] Level 1:colcon.colcon_core.package_identification:_identify(src/Smarte-Systemer---Rover/hypersonic_micro_bit/src/hardware) by extensions ['ros']
[2.426s] Level 1:colcon.colcon_core.package_identification:_identify(src/Smarte-Systemer---Rover/hypersonic_micro_bit/src/hardware) by extension 'ros'
[2.426s] Level 1:colcon.colcon_core.package_identification:_identify(src/Smarte-Systemer---Rover/hypersonic_micro_bit/src/hardware) by extensions ['cmake', 'python']
[2.427s] Level 1:colcon.colcon_core.package_identification:_identify(src/Smarte-Systemer---Rover/hypersonic_micro_bit/src/hardware) by extension 'cmake'
[2.427s] Level 1:colcon.colcon_core.package_identification:_identify(src/Smarte-Systemer---Rover/hypersonic_micro_bit/src/hardware) by extension 'python'
[2.427s] Level 1:colcon.colcon_core.package_identification:_identify(src/Smarte-Systemer---Rover/hypersonic_micro_bit/src/hardware) by extensions ['python_setup_py']
[2.427s] Level 1:colcon.colcon_core.package_identification:_identify(src/Smarte-Systemer---Rover/hypersonic_micro_bit/src/hardware) by extension 'python_setup_py'
[2.428s] Level 1:colcon.colcon_core.package_identification:_identify(src/Smarte-Systemer---Rover/hypersonic_micro_bit/test) by extensions ['ignore', 'ignore_ament_install']
[2.428s] Level 1:colcon.colcon_core.package_identification:_identify(src/Smarte-Systemer---Rover/hypersonic_micro_bit/test) by extension 'ignore'
[2.429s] Level 1:colcon.colcon_core.package_identification:_identify(src/Smarte-Systemer---Rover/hypersonic_micro_bit/test) by extension 'ignore_ament_install'
[2.429s] Level 1:colcon.colcon_core.package_identification:_identify(src/Smarte-Systemer---Rover/hypersonic_micro_bit/test) by extensions ['colcon_pkg']
[2.429s] Level 1:colcon.colcon_core.package_identification:_identify(src/Smarte-Systemer---Rover/hypersonic_micro_bit/test) by extension 'colcon_pkg'
[2.430s] Level 1:colcon.colcon_core.package_identification:_identify(src/Smarte-Systemer---Rover/hypersonic_micro_bit/test) by extensions ['colcon_meta']
[2.430s] Level 1:colcon.colcon_core.package_identification:_identify(src/Smarte-Systemer---Rover/hypersonic_micro_bit/test) by extension 'colcon_meta'
[2.430s] Level 1:colcon.colcon_core.package_identification:_identify(src/Smarte-Systemer---Rover/hypersonic_micro_bit/test) by extensions ['ros']
[2.430s] Level 1:colcon.colcon_core.package_identification:_identify(src/Smarte-Systemer---Rover/hypersonic_micro_bit/test) by extension 'ros'
[2.431s] Level 1:colcon.colcon_core.package_identification:_identify(src/Smarte-Systemer---Rover/hypersonic_micro_bit/test) by extensions ['cmake', 'python']
[2.431s] Level 1:colcon.colcon_core.package_identification:_identify(src/Smarte-Systemer---Rover/hypersonic_micro_bit/test) by extension 'cmake'
[2.431s] Level 1:colcon.colcon_core.package_identification:_identify(src/Smarte-Systemer---Rover/hypersonic_micro_bit/test) by extension 'python'
[2.432s] Level 1:colcon.colcon_core.package_identification:_identify(src/Smarte-Systemer---Rover/hypersonic_micro_bit/test) by extensions ['python_setup_py']
[2.432s] Level 1:colcon.colcon_core.package_identification:_identify(src/Smarte-Systemer---Rover/hypersonic_micro_bit/test) by extension 'python_setup_py'
[2.433s] Level 1:colcon.colcon_core.package_identification:_identify(src/Smarte-Systemer---Rover/install) by extensions ['ignore', 'ignore_ament_install']
[2.433s] Level 1:colcon.colcon_core.package_identification:_identify(src/Smarte-Systemer---Rover/install) by extension 'ignore'
[2.433s] Level 1:colcon.colcon_core.package_identification:_identify(src/Smarte-Systemer---Rover/install) ignored
[2.434s] Level 1:colcon.colcon_core.package_identification:_identify(src/Smarte-Systemer---Rover/log) by extensions ['ignore', 'ignore_ament_install']
[2.435s] Level 1:colcon.colcon_core.package_identification:_identify(src/Smarte-Systemer---Rover/log) by extension 'ignore'
[2.435s] Level 1:colcon.colcon_core.package_identification:_identify(src/Smarte-Systemer---Rover/log) ignored
[2.436s] Level 1:colcon.colcon_core.package_identification:_identify(src/Smarte-Systemer---Rover/min_sens_best_practice) by extensions ['ignore', 'ignore_ament_install']
[2.436s] Level 1:colcon.colcon_core.package_identification:_identify(src/Smarte-Systemer---Rover/min_sens_best_practice) by extension 'ignore'
[2.437s] Level 1:colcon.colcon_core.package_identification:_identify(src/Smarte-Systemer---Rover/min_sens_best_practice) by extension 'ignore_ament_install'
[2.437s] Level 1:colcon.colcon_core.package_identification:_identify(src/Smarte-Systemer---Rover/min_sens_best_practice) by extensions ['colcon_pkg']
[2.437s] Level 1:colcon.colcon_core.package_identification:_identify(src/Smarte-Systemer---Rover/min_sens_best_practice) by extension 'colcon_pkg'
[2.437s] Level 1:colcon.colcon_core.package_identification:_identify(src/Smarte-Systemer---Rover/min_sens_best_practice) by extensions ['colcon_meta']
[2.438s] Level 1:colcon.colcon_core.package_identification:_identify(src/Smarte-Systemer---Rover/min_sens_best_practice) by extension 'colcon_meta'
[2.438s] Level 1:colcon.colcon_core.package_identification:_identify(src/Smarte-Systemer---Rover/min_sens_best_practice) by extensions ['ros']
[2.438s] Level 1:colcon.colcon_core.package_identification:_identify(src/Smarte-Systemer---Rover/min_sens_best_practice) by extension 'ros'
[2.438s] Level 1:colcon.colcon_core.package_identification:_identify(src/Smarte-Systemer---Rover/min_sens_best_practice) by extensions ['cmake', 'python']
[2.439s] Level 1:colcon.colcon_core.package_identification:_identify(src/Smarte-Systemer---Rover/min_sens_best_practice) by extension 'cmake'
[2.439s] Level 1:colcon.colcon_core.package_identification:_identify(src/Smarte-Systemer---Rover/min_sens_best_practice) by extension 'python'
[2.439s] Level 1:colcon.colcon_core.package_identification:_identify(src/Smarte-Systemer---Rover/min_sens_best_practice) by extensions ['python_setup_py']
[2.439s] Level 1:colcon.colcon_core.package_identification:_identify(src/Smarte-Systemer---Rover/min_sens_best_practice) by extension 'python_setup_py'
[2.440s] Level 1:colcon.colcon_core.package_identification:_identify(src/Smarte-Systemer---Rover/min_sens_best_practice/include) by extensions ['ignore', 'ignore_ament_install']
[2.440s] Level 1:colcon.colcon_core.package_identification:_identify(src/Smarte-Systemer---Rover/min_sens_best_practice/include) by extension 'ignore'
[2.441s] Level 1:colcon.colcon_core.package_identification:_identify(src/Smarte-Systemer---Rover/min_sens_best_practice/include) by extension 'ignore_ament_install'
[2.441s] Level 1:colcon.colcon_core.package_identification:_identify(src/Smarte-Systemer---Rover/min_sens_best_practice/include) by extensions ['colcon_pkg']
[2.441s] Level 1:colcon.colcon_core.package_identification:_identify(src/Smarte-Systemer---Rover/min_sens_best_practice/include) by extension 'colcon_pkg'
[2.442s] Level 1:colcon.colcon_core.package_identification:_identify(src/Smarte-Systemer---Rover/min_sens_best_practice/include) by extensions ['colcon_meta']
[2.442s] Level 1:colcon.colcon_core.package_identification:_identify(src/Smarte-Systemer---Rover/min_sens_best_practice/include) by extension 'colcon_meta'
[2.442s] Level 1:colcon.colcon_core.package_identification:_identify(src/Smarte-Systemer---Rover/min_sens_best_practice/include) by extensions ['ros']
[2.442s] Level 1:colcon.colcon_core.package_identification:_identify(src/Smarte-Systemer---Rover/min_sens_best_practice/include) by extension 'ros'
[2.443s] Level 1:colcon.colcon_core.package_identification:_identify(src/Smarte-Systemer---Rover/min_sens_best_practice/include) by extensions ['cmake', 'python']
[2.443s] Level 1:colcon.colcon_core.package_identification:_identify(src/Smarte-Systemer---Rover/min_sens_best_practice/include) by extension 'cmake'
[2.443s] Level 1:colcon.colcon_core.package_identification:_identify(src/Smarte-Systemer---Rover/min_sens_best_practice/include) by extension 'python'
[2.443s] Level 1:colcon.colcon_core.package_identification:_identify(src/Smarte-Systemer---Rover/min_sens_best_practice/include) by extensions ['python_setup_py']
[2.443s] Level 1:colcon.colcon_core.package_identification:_identify(src/Smarte-Systemer---Rover/min_sens_best_practice/include) by extension 'python_setup_py'
[2.444s] Level 1:colcon.colcon_core.package_identification:_identify(src/Smarte-Systemer---Rover/min_sens_best_practice/lib) by extensions ['ignore', 'ignore_ament_install']
[2.445s] Level 1:colcon.colcon_core.package_identification:_identify(src/Smarte-Systemer---Rover/min_sens_best_practice/lib) by extension 'ignore'
[2.445s] Level 1:colcon.colcon_core.package_identification:_identify(src/Smarte-Systemer---Rover/min_sens_best_practice/lib) by extension 'ignore_ament_install'
[2.446s] Level 1:colcon.colcon_core.package_identification:_identify(src/Smarte-Systemer---Rover/min_sens_best_practice/lib) by extensions ['colcon_pkg']
[2.446s] Level 1:colcon.colcon_core.package_identification:_identify(src/Smarte-Systemer---Rover/min_sens_best_practice/lib) by extension 'colcon_pkg'
[2.446s] Level 1:colcon.colcon_core.package_identification:_identify(src/Smarte-Systemer---Rover/min_sens_best_practice/lib) by extensions ['colcon_meta']
[2.446s] Level 1:colcon.colcon_core.package_identification:_identify(src/Smarte-Systemer---Rover/min_sens_best_practice/lib) by extension 'colcon_meta'
[2.447s] Level 1:colcon.colcon_core.package_identification:_identify(src/Smarte-Systemer---Rover/min_sens_best_practice/lib) by extensions ['ros']
[2.447s] Level 1:colcon.colcon_core.package_identification:_identify(src/Smarte-Systemer---Rover/min_sens_best_practice/lib) by extension 'ros'
[2.447s] Level 1:colcon.colcon_core.package_identification:_identify(src/Smarte-Systemer---Rover/min_sens_best_practice/lib) by extensions ['cmake', 'python']
[2.448s] Level 1:colcon.colcon_core.package_identification:_identify(src/Smarte-Systemer---Rover/min_sens_best_practice/lib) by extension 'cmake'
[2.448s] Level 1:colcon.colcon_core.package_identification:_identify(src/Smarte-Systemer---Rover/min_sens_best_practice/lib) by extension 'python'
[2.448s] Level 1:colcon.colcon_core.package_identification:_identify(src/Smarte-Systemer---Rover/min_sens_best_practice/lib) by extensions ['python_setup_py']
[2.449s] Level 1:colcon.colcon_core.package_identification:_identify(src/Smarte-Systemer---Rover/min_sens_best_practice/lib) by extension 'python_setup_py'
[2.450s] Level 1:colcon.colcon_core.package_identification:_identify(src/Smarte-Systemer---Rover/min_sens_best_practice/src) by extensions ['ignore', 'ignore_ament_install']
[2.450s] Level 1:colcon.colcon_core.package_identification:_identify(src/Smarte-Systemer---Rover/min_sens_best_practice/src) by extension 'ignore'
[2.450s] Level 1:colcon.colcon_core.package_identification:_identify(src/Smarte-Systemer---Rover/min_sens_best_practice/src) by extension 'ignore_ament_install'
[2.451s] Level 1:colcon.colcon_core.package_identification:_identify(src/Smarte-Systemer---Rover/min_sens_best_practice/src) by extensions ['colcon_pkg']
[2.451s] Level 1:colcon.colcon_core.package_identification:_identify(src/Smarte-Systemer---Rover/min_sens_best_practice/src) by extension 'colcon_pkg'
[2.451s] Level 1:colcon.colcon_core.package_identification:_identify(src/Smarte-Systemer---Rover/min_sens_best_practice/src) by extensions ['colcon_meta']
[2.451s] Level 1:colcon.colcon_core.package_identification:_identify(src/Smarte-Systemer---Rover/min_sens_best_practice/src) by extension 'colcon_meta'
[2.452s] Level 1:colcon.colcon_core.package_identification:_identify(src/Smarte-Systemer---Rover/min_sens_best_practice/src) by extensions ['ros']
[2.452s] Level 1:colcon.colcon_core.package_identification:_identify(src/Smarte-Systemer---Rover/min_sens_best_practice/src) by extension 'ros'
[2.452s] Level 1:colcon.colcon_core.package_identification:_identify(src/Smarte-Systemer---Rover/min_sens_best_practice/src) by extensions ['cmake', 'python']
[2.452s] Level 1:colcon.colcon_core.package_identification:_identify(src/Smarte-Systemer---Rover/min_sens_best_practice/src) by extension 'cmake'
[2.453s] Level 1:colcon.colcon_core.package_identification:_identify(src/Smarte-Systemer---Rover/min_sens_best_practice/src) by extension 'python'
[2.453s] Level 1:colcon.colcon_core.package_identification:_identify(src/Smarte-Systemer---Rover/min_sens_best_practice/src) by extensions ['python_setup_py']
[2.453s] Level 1:colcon.colcon_core.package_identification:_identify(src/Smarte-Systemer---Rover/min_sens_best_practice/src) by extension 'python_setup_py'
[2.454s] Level 1:colcon.colcon_core.package_identification:_identify(src/Smarte-Systemer---Rover/min_sens_best_practice/src/actuators) by extensions ['ignore', 'ignore_ament_install']
[2.454s] Level 1:colcon.colcon_core.package_identification:_identify(src/Smarte-Systemer---Rover/min_sens_best_practice/src/actuators) by extension 'ignore'
[2.455s] Level 1:colcon.colcon_core.package_identification:_identify(src/Smarte-Systemer---Rover/min_sens_best_practice/src/actuators) by extension 'ignore_ament_install'
[2.455s] Level 1:colcon.colcon_core.package_identification:_identify(src/Smarte-Systemer---Rover/min_sens_best_practice/src/actuators) by extensions ['colcon_pkg']
[2.456s] Level 1:colcon.colcon_core.package_identification:_identify(src/Smarte-Systemer---Rover/min_sens_best_practice/src/actuators) by extension 'colcon_pkg'
[2.456s] Level 1:colcon.colcon_core.package_identification:_identify(src/Smarte-Systemer---Rover/min_sens_best_practice/src/actuators) by extensions ['colcon_meta']
[2.457s] Level 1:colcon.colcon_core.package_identification:_identify(src/Smarte-Systemer---Rover/min_sens_best_practice/src/actuators) by extension 'colcon_meta'
[2.457s] Level 1:colcon.colcon_core.package_identification:_identify(src/Smarte-Systemer---Rover/min_sens_best_practice/src/actuators) by extensions ['ros']
[2.457s] Level 1:colcon.colcon_core.package_identification:_identify(src/Smarte-Systemer---Rover/min_sens_best_practice/src/actuators) by extension 'ros'
[2.458s] Level 1:colcon.colcon_core.package_identification:_identify(src/Smarte-Systemer---Rover/min_sens_best_practice/src/actuators) by extensions ['cmake', 'python']
[2.459s] Level 1:colcon.colcon_core.package_identification:_identify(src/Smarte-Systemer---Rover/min_sens_best_practice/src/actuators) by extension 'cmake'
[2.459s] Level 1:colcon.colcon_core.package_identification:_identify(src/Smarte-Systemer---Rover/min_sens_best_practice/src/actuators) by extension 'python'
[2.460s] Level 1:colcon.colcon_core.package_identification:_identify(src/Smarte-Systemer---Rover/min_sens_best_practice/src/actuators) by extensions ['python_setup_py']
[2.460s] Level 1:colcon.colcon_core.package_identification:_identify(src/Smarte-Systemer---Rover/min_sens_best_practice/src/actuators) by extension 'python_setup_py'
[2.461s] Level 1:colcon.colcon_core.package_identification:_identify(src/Smarte-Systemer---Rover/min_sens_best_practice/src/controller) by extensions ['ignore', 'ignore_ament_install']
[2.461s] Level 1:colcon.colcon_core.package_identification:_identify(src/Smarte-Systemer---Rover/min_sens_best_practice/src/controller) by extension 'ignore'
[2.462s] Level 1:colcon.colcon_core.package_identification:_identify(src/Smarte-Systemer---Rover/min_sens_best_practice/src/controller) by extension 'ignore_ament_install'
[2.462s] Level 1:colcon.colcon_core.package_identification:_identify(src/Smarte-Systemer---Rover/min_sens_best_practice/src/controller) by extensions ['colcon_pkg']
[2.462s] Level 1:colcon.colcon_core.package_identification:_identify(src/Smarte-Systemer---Rover/min_sens_best_practice/src/controller) by extension 'colcon_pkg'
[2.463s] Level 1:colcon.colcon_core.package_identification:_identify(src/Smarte-Systemer---Rover/min_sens_best_practice/src/controller) by extensions ['colcon_meta']
[2.463s] Level 1:colcon.colcon_core.package_identification:_identify(src/Smarte-Systemer---Rover/min_sens_best_practice/src/controller) by extension 'colcon_meta'
[2.463s] Level 1:colcon.colcon_core.package_identification:_identify(src/Smarte-Systemer---Rover/min_sens_best_practice/src/controller) by extensions ['ros']
[2.464s] Level 1:colcon.colcon_core.package_identification:_identify(src/Smarte-Systemer---Rover/min_sens_best_practice/src/controller) by extension 'ros'
[2.464s] Level 1:colcon.colcon_core.package_identification:_identify(src/Smarte-Systemer---Rover/min_sens_best_practice/src/controller) by extensions ['cmake', 'python']
[2.464s] Level 1:colcon.colcon_core.package_identification:_identify(src/Smarte-Systemer---Rover/min_sens_best_practice/src/controller) by extension 'cmake'
[2.464s] Level 1:colcon.colcon_core.package_identification:_identify(src/Smarte-Systemer---Rover/min_sens_best_practice/src/controller) by extension 'python'
[2.465s] Level 1:colcon.colcon_core.package_identification:_identify(src/Smarte-Systemer---Rover/min_sens_best_practice/src/controller) by extensions ['python_setup_py']
[2.465s] Level 1:colcon.colcon_core.package_identification:_identify(src/Smarte-Systemer---Rover/min_sens_best_practice/src/controller) by extension 'python_setup_py'
[2.466s] Level 1:colcon.colcon_core.package_identification:_identify(src/Smarte-Systemer---Rover/min_sens_best_practice/src/sensors) by extensions ['ignore', 'ignore_ament_install']
[2.467s] Level 1:colcon.colcon_core.package_identification:_identify(src/Smarte-Systemer---Rover/min_sens_best_practice/src/sensors) by extension 'ignore'
[2.467s] Level 1:colcon.colcon_core.package_identification:_identify(src/Smarte-Systemer---Rover/min_sens_best_practice/src/sensors) by extension 'ignore_ament_install'
[2.467s] Level 1:colcon.colcon_core.package_identification:_identify(src/Smarte-Systemer---Rover/min_sens_best_practice/src/sensors) by extensions ['colcon_pkg']
[2.468s] Level 1:colcon.colcon_core.package_identification:_identify(src/Smarte-Systemer---Rover/min_sens_best_practice/src/sensors) by extension 'colcon_pkg'
[2.468s] Level 1:colcon.colcon_core.package_identification:_identify(src/Smarte-Systemer---Rover/min_sens_best_practice/src/sensors) by extensions ['colcon_meta']
[2.468s] Level 1:colcon.colcon_core.package_identification:_identify(src/Smarte-Systemer---Rover/min_sens_best_practice/src/sensors) by extension 'colcon_meta'
[2.469s] Level 1:colcon.colcon_core.package_identification:_identify(src/Smarte-Systemer---Rover/min_sens_best_practice/src/sensors) by extensions ['ros']
[2.469s] Level 1:colcon.colcon_core.package_identification:_identify(src/Smarte-Systemer---Rover/min_sens_best_practice/src/sensors) by extension 'ros'
[2.470s] Level 1:colcon.colcon_core.package_identification:_identify(src/Smarte-Systemer---Rover/min_sens_best_practice/src/sensors) by extensions ['cmake', 'python']
[2.470s] Level 1:colcon.colcon_core.package_identification:_identify(src/Smarte-Systemer---Rover/min_sens_best_practice/src/sensors) by extension 'cmake'
[2.471s] Level 1:colcon.colcon_core.package_identification:_identify(src/Smarte-Systemer---Rover/min_sens_best_practice/src/sensors) by extension 'python'
[2.471s] Level 1:colcon.colcon_core.package_identification:_identify(src/Smarte-Systemer---Rover/min_sens_best_practice/src/sensors) by extensions ['python_setup_py']
[2.472s] Level 1:colcon.colcon_core.package_identification:_identify(src/Smarte-Systemer---Rover/min_sens_best_practice/src/sensors) by extension 'python_setup_py'
[2.473s] Level 1:colcon.colcon_core.package_identification:_identify(src/Smarte-Systemer---Rover/min_sens_best_practice/test) by extensions ['ignore', 'ignore_ament_install']
[2.474s] Level 1:colcon.colcon_core.package_identification:_identify(src/Smarte-Systemer---Rover/min_sens_best_practice/test) by extension 'ignore'
[2.474s] Level 1:colcon.colcon_core.package_identification:_identify(src/Smarte-Systemer---Rover/min_sens_best_practice/test) by extension 'ignore_ament_install'
[2.474s] Level 1:colcon.colcon_core.package_identification:_identify(src/Smarte-Systemer---Rover/min_sens_best_practice/test) by extensions ['colcon_pkg']
[2.475s] Level 1:colcon.colcon_core.package_identification:_identify(src/Smarte-Systemer---Rover/min_sens_best_practice/test) by extension 'colcon_pkg'
[2.475s] Level 1:colcon.colcon_core.package_identification:_identify(src/Smarte-Systemer---Rover/min_sens_best_practice/test) by extensions ['colcon_meta']
[2.475s] Level 1:colcon.colcon_core.package_identification:_identify(src/Smarte-Systemer---Rover/min_sens_best_practice/test) by extension 'colcon_meta'
[2.476s] Level 1:colcon.colcon_core.package_identification:_identify(src/Smarte-Systemer---Rover/min_sens_best_practice/test) by extensions ['ros']
[2.476s] Level 1:colcon.colcon_core.package_identification:_identify(src/Smarte-Systemer---Rover/min_sens_best_practice/test) by extension 'ros'
[2.476s] Level 1:colcon.colcon_core.package_identification:_identify(src/Smarte-Systemer---Rover/min_sens_best_practice/test) by extensions ['cmake', 'python']
[2.477s] Level 1:colcon.colcon_core.package_identification:_identify(src/Smarte-Systemer---Rover/min_sens_best_practice/test) by extension 'cmake'
[2.477s] Level 1:colcon.colcon_core.package_identification:_identify(src/Smarte-Systemer---Rover/min_sens_best_practice/test) by extension 'python'
[2.477s] Level 1:colcon.colcon_core.package_identification:_identify(src/Smarte-Systemer---Rover/min_sens_best_practice/test) by extensions ['python_setup_py']
[2.477s] Level 1:colcon.colcon_core.package_identification:_identify(src/Smarte-Systemer---Rover/min_sens_best_practice/test) by extension 'python_setup_py'
[2.478s] Level 1:colcon.colcon_core.package_identification:_identify(src/Smarte-Systemer---Rover/sensorer_arduino_best_practice) by extensions ['ignore', 'ignore_ament_install']
[2.478s] Level 1:colcon.colcon_core.package_identification:_identify(src/Smarte-Systemer---Rover/sensorer_arduino_best_practice) by extension 'ignore'
[2.479s] Level 1:colcon.colcon_core.package_identification:_identify(src/Smarte-Systemer---Rover/sensorer_arduino_best_practice) by extension 'ignore_ament_install'
[2.479s] Level 1:colcon.colcon_core.package_identification:_identify(src/Smarte-Systemer---Rover/sensorer_arduino_best_practice) by extensions ['colcon_pkg']
[2.479s] Level 1:colcon.colcon_core.package_identification:_identify(src/Smarte-Systemer---Rover/sensorer_arduino_best_practice) by extension 'colcon_pkg'
[2.479s] Level 1:colcon.colcon_core.package_identification:_identify(src/Smarte-Systemer---Rover/sensorer_arduino_best_practice) by extensions ['colcon_meta']
[2.480s] Level 1:colcon.colcon_core.package_identification:_identify(src/Smarte-Systemer---Rover/sensorer_arduino_best_practice) by extension 'colcon_meta'
[2.480s] Level 1:colcon.colcon_core.package_identification:_identify(src/Smarte-Systemer---Rover/sensorer_arduino_best_practice) by extensions ['ros']
[2.480s] Level 1:colcon.colcon_core.package_identification:_identify(src/Smarte-Systemer---Rover/sensorer_arduino_best_practice) by extension 'ros'
[2.481s] Level 1:colcon.colcon_core.package_identification:_identify(src/Smarte-Systemer---Rover/sensorer_arduino_best_practice) by extensions ['cmake', 'python']
[2.481s] Level 1:colcon.colcon_core.package_identification:_identify(src/Smarte-Systemer---Rover/sensorer_arduino_best_practice) by extension 'cmake'
[2.481s] Level 1:colcon.colcon_core.package_identification:_identify(src/Smarte-Systemer---Rover/sensorer_arduino_best_practice) by extension 'python'
[2.482s] Level 1:colcon.colcon_core.package_identification:_identify(src/Smarte-Systemer---Rover/sensorer_arduino_best_practice) by extensions ['python_setup_py']
[2.482s] Level 1:colcon.colcon_core.package_identification:_identify(src/Smarte-Systemer---Rover/sensorer_arduino_best_practice) by extension 'python_setup_py'
[2.483s] Level 1:colcon.colcon_core.package_identification:_identify(src/Smarte-Systemer---Rover/sensorer_arduino_best_practice/include) by extensions ['ignore', 'ignore_ament_install']
[2.485s] Level 1:colcon.colcon_core.package_identification:_identify(src/Smarte-Systemer---Rover/sensorer_arduino_best_practice/include) by extension 'ignore'
[2.486s] Level 1:colcon.colcon_core.package_identification:_identify(src/Smarte-Systemer---Rover/sensorer_arduino_best_practice/include) by extension 'ignore_ament_install'
[2.486s] Level 1:colcon.colcon_core.package_identification:_identify(src/Smarte-Systemer---Rover/sensorer_arduino_best_practice/include) by extensions ['colcon_pkg']
[2.487s] Level 1:colcon.colcon_core.package_identification:_identify(src/Smarte-Systemer---Rover/sensorer_arduino_best_practice/include) by extension 'colcon_pkg'
[2.487s] Level 1:colcon.colcon_core.package_identification:_identify(src/Smarte-Systemer---Rover/sensorer_arduino_best_practice/include) by extensions ['colcon_meta']
[2.487s] Level 1:colcon.colcon_core.package_identification:_identify(src/Smarte-Systemer---Rover/sensorer_arduino_best_practice/include) by extension 'colcon_meta'
[2.488s] Level 1:colcon.colcon_core.package_identification:_identify(src/Smarte-Systemer---Rover/sensorer_arduino_best_practice/include) by extensions ['ros']
[2.488s] Level 1:colcon.colcon_core.package_identification:_identify(src/Smarte-Systemer---Rover/sensorer_arduino_best_practice/include) by extension 'ros'
[2.488s] Level 1:colcon.colcon_core.package_identification:_identify(src/Smarte-Systemer---Rover/sensorer_arduino_best_practice/include) by extensions ['cmake', 'python']
[2.488s] Level 1:colcon.colcon_core.package_identification:_identify(src/Smarte-Systemer---Rover/sensorer_arduino_best_practice/include) by extension 'cmake'
[2.489s] Level 1:colcon.colcon_core.package_identification:_identify(src/Smarte-Systemer---Rover/sensorer_arduino_best_practice/include) by extension 'python'
[2.489s] Level 1:colcon.colcon_core.package_identification:_identify(src/Smarte-Systemer---Rover/sensorer_arduino_best_practice/include) by extensions ['python_setup_py']
[2.489s] Level 1:colcon.colcon_core.package_identification:_identify(src/Smarte-Systemer---Rover/sensorer_arduino_best_practice/include) by extension 'python_setup_py'
[2.490s] Level 1:colcon.colcon_core.package_identification:_identify(src/Smarte-Systemer---Rover/sensorer_arduino_best_practice/lib) by extensions ['ignore', 'ignore_ament_install']
[2.491s] Level 1:colcon.colcon_core.package_identification:_identify(src/Smarte-Systemer---Rover/sensorer_arduino_best_practice/lib) by extension 'ignore'
[2.492s] Level 1:colcon.colcon_core.package_identification:_identify(src/Smarte-Systemer---Rover/sensorer_arduino_best_practice/lib) by extension 'ignore_ament_install'
[2.492s] Level 1:colcon.colcon_core.package_identification:_identify(src/Smarte-Systemer---Rover/sensorer_arduino_best_practice/lib) by extensions ['colcon_pkg']
[2.492s] Level 1:colcon.colcon_core.package_identification:_identify(src/Smarte-Systemer---Rover/sensorer_arduino_best_practice/lib) by extension 'colcon_pkg'
[2.493s] Level 1:colcon.colcon_core.package_identification:_identify(src/Smarte-Systemer---Rover/sensorer_arduino_best_practice/lib) by extensions ['colcon_meta']
[2.493s] Level 1:colcon.colcon_core.package_identification:_identify(src/Smarte-Systemer---Rover/sensorer_arduino_best_practice/lib) by extension 'colcon_meta'
[2.494s] Level 1:colcon.colcon_core.package_identification:_identify(src/Smarte-Systemer---Rover/sensorer_arduino_best_practice/lib) by extensions ['ros']
[2.494s] Level 1:colcon.colcon_core.package_identification:_identify(src/Smarte-Systemer---Rover/sensorer_arduino_best_practice/lib) by extension 'ros'
[2.494s] Level 1:colcon.colcon_core.package_identification:_identify(src/Smarte-Systemer---Rover/sensorer_arduino_best_practice/lib) by extensions ['cmake', 'python']
[2.495s] Level 1:colcon.colcon_core.package_identification:_identify(src/Smarte-Systemer---Rover/sensorer_arduino_best_practice/lib) by extension 'cmake'
[2.495s] Level 1:colcon.colcon_core.package_identification:_identify(src/Smarte-Systemer---Rover/sensorer_arduino_best_practice/lib) by extension 'python'
[2.495s] Level 1:colcon.colcon_core.package_identification:_identify(src/Smarte-Systemer---Rover/sensorer_arduino_best_practice/lib) by extensions ['python_setup_py']
[2.495s] Level 1:colcon.colcon_core.package_identification:_identify(src/Smarte-Systemer---Rover/sensorer_arduino_best_practice/lib) by extension 'python_setup_py'
[2.496s] Level 1:colcon.colcon_core.package_identification:_identify(src/Smarte-Systemer---Rover/sensorer_arduino_best_practice/src) by extensions ['ignore', 'ignore_ament_install']
[2.496s] Level 1:colcon.colcon_core.package_identification:_identify(src/Smarte-Systemer---Rover/sensorer_arduino_best_practice/src) by extension 'ignore'
[2.497s] Level 1:colcon.colcon_core.package_identification:_identify(src/Smarte-Systemer---Rover/sensorer_arduino_best_practice/src) by extension 'ignore_ament_install'
[2.497s] Level 1:colcon.colcon_core.package_identification:_identify(src/Smarte-Systemer---Rover/sensorer_arduino_best_practice/src) by extensions ['colcon_pkg']
[2.497s] Level 1:colcon.colcon_core.package_identification:_identify(src/Smarte-Systemer---Rover/sensorer_arduino_best_practice/src) by extension 'colcon_pkg'
[2.497s] Level 1:colcon.colcon_core.package_identification:_identify(src/Smarte-Systemer---Rover/sensorer_arduino_best_practice/src) by extensions ['colcon_meta']
[2.498s] Level 1:colcon.colcon_core.package_identification:_identify(src/Smarte-Systemer---Rover/sensorer_arduino_best_practice/src) by extension 'colcon_meta'
[2.498s] Level 1:colcon.colcon_core.package_identification:_identify(src/Smarte-Systemer---Rover/sensorer_arduino_best_practice/src) by extensions ['ros']
[2.498s] Level 1:colcon.colcon_core.package_identification:_identify(src/Smarte-Systemer---Rover/sensorer_arduino_best_practice/src) by extension 'ros'
[2.499s] Level 1:colcon.colcon_core.package_identification:_identify(src/Smarte-Systemer---Rover/sensorer_arduino_best_practice/src) by extensions ['cmake', 'python']
[2.499s] Level 1:colcon.colcon_core.package_identification:_identify(src/Smarte-Systemer---Rover/sensorer_arduino_best_practice/src) by extension 'cmake'
[2.499s] Level 1:colcon.colcon_core.package_identification:_identify(src/Smarte-Systemer---Rover/sensorer_arduino_best_practice/src) by extension 'python'
[2.499s] Level 1:colcon.colcon_core.package_identification:_identify(src/Smarte-Systemer---Rover/sensorer_arduino_best_practice/src) by extensions ['python_setup_py']
[2.499s] Level 1:colcon.colcon_core.package_identification:_identify(src/Smarte-Systemer---Rover/sensorer_arduino_best_practice/src) by extension 'python_setup_py'
[2.500s] Level 1:colcon.colcon_core.package_identification:_identify(src/Smarte-Systemer---Rover/sensorer_arduino_best_practice/test) by extensions ['ignore', 'ignore_ament_install']
[2.501s] Level 1:colcon.colcon_core.package_identification:_identify(src/Smarte-Systemer---Rover/sensorer_arduino_best_practice/test) by extension 'ignore'
[2.501s] Level 1:colcon.colcon_core.package_identification:_identify(src/Smarte-Systemer---Rover/sensorer_arduino_best_practice/test) by extension 'ignore_ament_install'
[2.501s] Level 1:colcon.colcon_core.package_identification:_identify(src/Smarte-Systemer---Rover/sensorer_arduino_best_practice/test) by extensions ['colcon_pkg']
[2.502s] Level 1:colcon.colcon_core.package_identification:_identify(src/Smarte-Systemer---Rover/sensorer_arduino_best_practice/test) by extension 'colcon_pkg'
[2.502s] Level 1:colcon.colcon_core.package_identification:_identify(src/Smarte-Systemer---Rover/sensorer_arduino_best_practice/test) by extensions ['colcon_meta']
[2.502s] Level 1:colcon.colcon_core.package_identification:_identify(src/Smarte-Systemer---Rover/sensorer_arduino_best_practice/test) by extension 'colcon_meta'
[2.503s] Level 1:colcon.colcon_core.package_identification:_identify(src/Smarte-Systemer---Rover/sensorer_arduino_best_practice/test) by extensions ['ros']
[2.503s] Level 1:colcon.colcon_core.package_identification:_identify(src/Smarte-Systemer---Rover/sensorer_arduino_best_practice/test) by extension 'ros'
[2.503s] Level 1:colcon.colcon_core.package_identification:_identify(src/Smarte-Systemer---Rover/sensorer_arduino_best_practice/test) by extensions ['cmake', 'python']
[2.504s] Level 1:colcon.colcon_core.package_identification:_identify(src/Smarte-Systemer---Rover/sensorer_arduino_best_practice/test) by extension 'cmake'
[2.504s] Level 1:colcon.colcon_core.package_identification:_identify(src/Smarte-Systemer---Rover/sensorer_arduino_best_practice/test) by extension 'python'
[2.504s] Level 1:colcon.colcon_core.package_identification:_identify(src/Smarte-Systemer---Rover/sensorer_arduino_best_practice/test) by extensions ['python_setup_py']
[2.504s] Level 1:colcon.colcon_core.package_identification:_identify(src/Smarte-Systemer---Rover/sensorer_arduino_best_practice/test) by extension 'python_setup_py'
[2.505s] Level 1:colcon.colcon_core.package_identification:_identify(src/arduino_bridge) by extensions ['ignore', 'ignore_ament_install']
[2.505s] Level 1:colcon.colcon_core.package_identification:_identify(src/arduino_bridge) by extension 'ignore'
[2.506s] Level 1:colcon.colcon_core.package_identification:_identify(src/arduino_bridge) by extension 'ignore_ament_install'
[2.506s] Level 1:colcon.colcon_core.package_identification:_identify(src/arduino_bridge) by extensions ['colcon_pkg']
[2.506s] Level 1:colcon.colcon_core.package_identification:_identify(src/arduino_bridge) by extension 'colcon_pkg'
[2.506s] Level 1:colcon.colcon_core.package_identification:_identify(src/arduino_bridge) by extensions ['colcon_meta']
[2.507s] Level 1:colcon.colcon_core.package_identification:_identify(src/arduino_bridge) by extension 'colcon_meta'
[2.507s] Level 1:colcon.colcon_core.package_identification:_identify(src/arduino_bridge) by extensions ['ros']
[2.507s] Level 1:colcon.colcon_core.package_identification:_identify(src/arduino_bridge) by extension 'ros'
[2.517s] DEBUG:colcon.colcon_core.package_identification:Package 'src/arduino_bridge' with type 'ros.ament_python' and name 'arduino_bridge'
[2.518s] Level 1:colcon.colcon_core.package_identification:_identify(src/autonomous_rover) by extensions ['ignore', 'ignore_ament_install']
[2.518s] Level 1:colcon.colcon_core.package_identification:_identify(src/autonomous_rover) by extension 'ignore'
[2.518s] Level 1:colcon.colcon_core.package_identification:_identify(src/autonomous_rover) by extension 'ignore_ament_install'
[2.519s] Level 1:colcon.colcon_core.package_identification:_identify(src/autonomous_rover) by extensions ['colcon_pkg']
[2.519s] Level 1:colcon.colcon_core.package_identification:_identify(src/autonomous_rover) by extension 'colcon_pkg'
[2.519s] Level 1:colcon.colcon_core.package_identification:_identify(src/autonomous_rover) by extensions ['colcon_meta']
[2.520s] Level 1:colcon.colcon_core.package_identification:_identify(src/autonomous_rover) by extension 'colcon_meta'
[2.520s] Level 1:colcon.colcon_core.package_identification:_identify(src/autonomous_rover) by extensions ['ros']
[2.520s] Level 1:colcon.colcon_core.package_identification:_identify(src/autonomous_rover) by extension 'ros'
[2.524s] DEBUG:colcon.colcon_core.package_identification:Package 'src/autonomous_rover' with type 'ros.ament_cmake' and name 'autonomous_rover'
[2.524s] Level 1:colcon.colcon_core.package_identification:_identify(src/build) by extensions ['ignore', 'ignore_ament_install']
[2.525s] Level 1:colcon.colcon_core.package_identification:_identify(src/build) by extension 'ignore'
[2.525s] Level 1:colcon.colcon_core.package_identification:_identify(src/build) ignored
[2.526s] Level 1:colcon.colcon_core.package_identification:_identify(src/carto_localization) by extensions ['ignore', 'ignore_ament_install']
[2.526s] Level 1:colcon.colcon_core.package_identification:_identify(src/carto_localization) by extension 'ignore'
[2.527s] Level 1:colcon.colcon_core.package_identification:_identify(src/carto_localization) by extension 'ignore_ament_install'
[2.527s] Level 1:colcon.colcon_core.package_identification:_identify(src/carto_localization) by extensions ['colcon_pkg']
[2.528s] Level 1:colcon.colcon_core.package_identification:_identify(src/carto_localization) by extension 'colcon_pkg'
[2.528s] Level 1:colcon.colcon_core.package_identification:_identify(src/carto_localization) by extensions ['colcon_meta']
[2.528s] Level 1:colcon.colcon_core.package_identification:_identify(src/carto_localization) by extension 'colcon_meta'
[2.528s] Level 1:colcon.colcon_core.package_identification:_identify(src/carto_localization) by extensions ['ros']
[2.528s] Level 1:colcon.colcon_core.package_identification:_identify(src/carto_localization) by extension 'ros'
[2.531s] DEBUG:colcon.colcon_core.package_identification:Package 'src/carto_localization' with type 'ros.catkin' and name 'carto_localization'
[2.532s] Level 1:colcon.colcon_core.package_identification:_identify(src/install) by extensions ['ignore', 'ignore_ament_install']
[2.532s] Level 1:colcon.colcon_core.package_identification:_identify(src/install) by extension 'ignore'
[2.532s] Level 1:colcon.colcon_core.package_identification:_identify(src/install) ignored
[2.533s] Level 1:colcon.colcon_core.package_identification:_identify(src/ldlidar_stl_ros2) by extensions ['ignore', 'ignore_ament_install']
[2.534s] Level 1:colcon.colcon_core.package_identification:_identify(src/ldlidar_stl_ros2) by extension 'ignore'
[2.534s] Level 1:colcon.colcon_core.package_identification:_identify(src/ldlidar_stl_ros2) by extension 'ignore_ament_install'
[2.535s] Level 1:colcon.colcon_core.package_identification:_identify(src/ldlidar_stl_ros2) by extensions ['colcon_pkg']
[2.535s] Level 1:colcon.colcon_core.package_identification:_identify(src/ldlidar_stl_ros2) by extension 'colcon_pkg'
[2.535s] Level 1:colcon.colcon_core.package_identification:_identify(src/ldlidar_stl_ros2) by extensions ['colcon_meta']
[2.535s] Level 1:colcon.colcon_core.package_identification:_identify(src/ldlidar_stl_ros2) by extension 'colcon_meta'
[2.536s] Level 1:colcon.colcon_core.package_identification:_identify(src/ldlidar_stl_ros2) by extensions ['ros']
[2.536s] Level 1:colcon.colcon_core.package_identification:_identify(src/ldlidar_stl_ros2) by extension 'ros'
[2.539s] DEBUG:colcon.colcon_core.package_identification:Package 'src/ldlidar_stl_ros2' with type 'ros.ament_cmake' and name 'ldlidar_stl_ros2'
[2.540s] Level 1:colcon.colcon_core.package_identification:_identify(src/log) by extensions ['ignore', 'ignore_ament_install']
[2.540s] Level 1:colcon.colcon_core.package_identification:_identify(src/log) by extension 'ignore'
[2.541s] Level 1:colcon.colcon_core.package_identification:_identify(src/log) ignored
[2.541s] Level 1:colcon.colcon_core.package_identification:_identify(src/ros2-system-monitor) by extensions ['ignore', 'ignore_ament_install']
[2.542s] Level 1:colcon.colcon_core.package_identification:_identify(src/ros2-system-monitor) by extension 'ignore'
[2.542s] Level 1:colcon.colcon_core.package_identification:_identify(src/ros2-system-monitor) by extension 'ignore_ament_install'
[2.542s] Level 1:colcon.colcon_core.package_identification:_identify(src/ros2-system-monitor) by extensions ['colcon_pkg']
[2.543s] Level 1:colcon.colcon_core.package_identification:_identify(src/ros2-system-monitor) by extension 'colcon_pkg'
[2.543s] Level 1:colcon.colcon_core.package_identification:_identify(src/ros2-system-monitor) by extensions ['colcon_meta']
[2.543s] Level 1:colcon.colcon_core.package_identification:_identify(src/ros2-system-monitor) by extension 'colcon_meta'
[2.544s] Level 1:colcon.colcon_core.package_identification:_identify(src/ros2-system-monitor) by extensions ['ros']
[2.544s] Level 1:colcon.colcon_core.package_identification:_identify(src/ros2-system-monitor) by extension 'ros'
[2.549s] DEBUG:colcon.colcon_core.package_identification:Package 'src/ros2-system-monitor' with type 'ros.ament_cmake' and name 'ros2_system_monitor'
[2.550s] Level 1:colcon.colcon_core.package_identification:_identify(src/ros2_temperature_tracker) by extensions ['ignore', 'ignore_ament_install']
[2.551s] Level 1:colcon.colcon_core.package_identification:_identify(src/ros2_temperature_tracker) by extension 'ignore'
[2.551s] Level 1:colcon.colcon_core.package_identification:_identify(src/ros2_temperature_tracker) by extension 'ignore_ament_install'
[2.552s] Level 1:colcon.colcon_core.package_identification:_identify(src/ros2_temperature_tracker) by extensions ['colcon_pkg']
[2.552s] Level 1:colcon.colcon_core.package_identification:_identify(src/ros2_temperature_tracker) by extension 'colcon_pkg'
[2.552s] Level 1:colcon.colcon_core.package_identification:_identify(src/ros2_temperature_tracker) by extensions ['colcon_meta']
[2.553s] Level 1:colcon.colcon_core.package_identification:_identify(src/ros2_temperature_tracker) by extension 'colcon_meta'
[2.554s] Level 1:colcon.colcon_core.package_identification:_identify(src/ros2_temperature_tracker) by extensions ['ros']
[2.554s] Level 1:colcon.colcon_core.package_identification:_identify(src/ros2_temperature_tracker) by extension 'ros'
[2.558s] DEBUG:colcon.colcon_core.package_identification:Package 'src/ros2_temperature_tracker' with type 'ros.ament_python' and name 'temperature_tracker'
[2.559s] Level 1:colcon.colcon_core.package_identification:_identify(src/rover_driver) by extensions ['ignore', 'ignore_ament_install']
[2.559s] Level 1:colcon.colcon_core.package_identification:_identify(src/rover_driver) by extension 'ignore'
[2.560s] Level 1:colcon.colcon_core.package_identification:_identify(src/rover_driver) by extension 'ignore_ament_install'
[2.560s] Level 1:colcon.colcon_core.package_identification:_identify(src/rover_driver) by extensions ['colcon_pkg']
[2.560s] Level 1:colcon.colcon_core.package_identification:_identify(src/rover_driver) by extension 'colcon_pkg'
[2.560s] Level 1:colcon.colcon_core.package_identification:_identify(src/rover_driver) by extensions ['colcon_meta']
[2.560s] Level 1:colcon.colcon_core.package_identification:_identify(src/rover_driver) by extension 'colcon_meta'
[2.561s] Level 1:colcon.colcon_core.package_identification:_identify(src/rover_driver) by extensions ['ros']
[2.561s] Level 1:colcon.colcon_core.package_identification:_identify(src/rover_driver) by extension 'ros'
[2.563s] DEBUG:colcon.colcon_core.package_identification:Package 'src/rover_driver' with type 'ros.ament_python' and name 'rover_driver'
[2.564s] Level 1:colcon.colcon_core.package_identification:_identify(src/sensehat_cpp) by extensions ['ignore', 'ignore_ament_install']
[2.565s] Level 1:colcon.colcon_core.package_identification:_identify(src/sensehat_cpp) by extension 'ignore'
[2.565s] Level 1:colcon.colcon_core.package_identification:_identify(src/sensehat_cpp) by extension 'ignore_ament_install'
[2.566s] Level 1:colcon.colcon_core.package_identification:_identify(src/sensehat_cpp) by extensions ['colcon_pkg']
[2.566s] Level 1:colcon.colcon_core.package_identification:_identify(src/sensehat_cpp) by extension 'colcon_pkg'
[2.566s] Level 1:colcon.colcon_core.package_identification:_identify(src/sensehat_cpp) by extensions ['colcon_meta']
[2.566s] Level 1:colcon.colcon_core.package_identification:_identify(src/sensehat_cpp) by extension 'colcon_meta'
[2.567s] Level 1:colcon.colcon_core.package_identification:_identify(src/sensehat_cpp) by extensions ['ros']
[2.567s] Level 1:colcon.colcon_core.package_identification:_identify(src/sensehat_cpp) by extension 'ros'
[2.570s] DEBUG:colcon.colcon_core.package_identification:Package 'src/sensehat_cpp' with type 'ros.ament_cmake' and name 'sensehat_cpp'
[2.571s] Level 1:colcon.colcon_core.package_identification:_identify(src/sensehat_ros) by extensions ['ignore', 'ignore_ament_install']
[2.571s] Level 1:colcon.colcon_core.package_identification:_identify(src/sensehat_ros) by extension 'ignore'
[2.572s] Level 1:colcon.colcon_core.package_identification:_identify(src/sensehat_ros) by extension 'ignore_ament_install'
[2.572s] Level 1:colcon.colcon_core.package_identification:_identify(src/sensehat_ros) by extensions ['colcon_pkg']
[2.573s] Level 1:colcon.colcon_core.package_identification:_identify(src/sensehat_ros) by extension 'colcon_pkg'
[2.573s] Level 1:colcon.colcon_core.package_identification:_identify(src/sensehat_ros) by extensions ['colcon_meta']
[2.573s] Level 1:colcon.colcon_core.package_identification:_identify(src/sensehat_ros) by extension 'colcon_meta'
[2.574s] Level 1:colcon.colcon_core.package_identification:_identify(src/sensehat_ros) by extensions ['ros']
[2.574s] Level 1:colcon.colcon_core.package_identification:_identify(src/sensehat_ros) by extension 'ros'
[2.577s] DEBUG:colcon.colcon_core.package_identification:Package 'src/sensehat_ros' with type 'ros.ament_python' and name 'sensehat_ros'
[2.578s] Level 1:colcon.colcon_core.package_discovery:discover_packages(recursive) using defaults
[2.578s] Level 1:colcon.colcon_core.package_discovery:discover_packages(ignore) discover
[2.578s] Level 1:colcon.colcon_core.package_discovery:discover_packages(ignore) using defaults
[2.578s] Level 1:colcon.colcon_core.package_discovery:discover_packages(path) discover
[2.578s] Level 1:colcon.colcon_core.package_discovery:discover_packages(path) using defaults
[2.709s] INFO:colcon.colcon_core.package_selection:Skipping not selected package 'arduino_bridge' in 'src/arduino_bridge'
[2.709s] INFO:colcon.colcon_core.package_selection:Skipping not selected package 'carto_localization' in 'src/carto_localization'
[2.710s] INFO:colcon.colcon_core.package_selection:Skipping not selected package 'ldlidar_stl_ros2' in 'src/ldlidar_stl_ros2'
[2.711s] INFO:colcon.colcon_core.package_selection:Skipping not selected package 'ros2_system_monitor' in 'src/ros2-system-monitor'
[2.711s] INFO:colcon.colcon_core.package_selection:Skipping not selected package 'rover_driver' in 'src/rover_driver'
[2.711s] INFO:colcon.colcon_core.package_selection:Skipping not selected package 'sensehat_cpp' in 'src/sensehat_cpp'
[2.712s] INFO:colcon.colcon_core.package_selection:Skipping not selected package 'sensehat_ros' in 'src/sensehat_ros'
[2.712s] INFO:colcon.colcon_core.package_selection:Skipping not selected package 'temperature_tracker' in 'src/ros2_temperature_tracker'
[2.714s] Level 1:colcon.colcon_core.package_discovery:discover_packages(prefix_path) check parameters
[2.715s] Level 1:colcon.colcon_core.package_discovery:discover_packages(prefix_path) discover
[2.731s] DEBUG:colcon.colcon_installed_package_information.package_discovery:Found 9 installed packages in /home/creampi/ros2_ws/install
[2.735s] DEBUG:colcon.colcon_installed_package_information.package_discovery:Found 9 installed packages in /home/creampi/ros2_ws/src/install
[2.746s] DEBUG:colcon.colcon_installed_package_information.package_discovery:Found 226 installed packages in /opt/ros/humble
[2.802s] Level 1:colcon.colcon_core.package_discovery:discover_packages(prefix_path) using defaults
[2.981s] Level 5:colcon.colcon_core.verb:set package 'autonomous_rover' build argument 'cmake_args' from command line to 'None'
[2.981s] Level 5:colcon.colcon_core.verb:set package 'autonomous_rover' build argument 'cmake_target' from command line to 'None'
[2.981s] Level 5:colcon.colcon_core.verb:set package 'autonomous_rover' build argument 'cmake_target_skip_unavailable' from command line to 'False'
[2.981s] Level 5:colcon.colcon_core.verb:set package 'autonomous_rover' build argument 'cmake_clean_cache' from command line to 'False'
[2.981s] Level 5:colcon.colcon_core.verb:set package 'autonomous_rover' build argument 'cmake_clean_first' from command line to 'False'
[2.982s] Level 5:colcon.colcon_core.verb:set package 'autonomous_rover' build argument 'cmake_force_configure' from command line to 'False'
[2.982s] Level 5:colcon.colcon_core.verb:set package 'autonomous_rover' build argument 'ament_cmake_args' from command line to 'None'
[2.982s] Level 5:colcon.colcon_core.verb:set package 'autonomous_rover' build argument 'catkin_cmake_args' from command line to 'None'
[2.982s] Level 5:colcon.colcon_core.verb:set package 'autonomous_rover' build argument 'catkin_skip_building_tests' from command line to 'False'
[2.982s] DEBUG:colcon.colcon_core.verb:Building package 'autonomous_rover' with the following arguments: {'ament_cmake_args': None, 'build_base': '/home/creampi/ros2_ws/build/autonomous_rover', 'catkin_cmake_args': None, 'catkin_skip_building_tests': False, 'cmake_args': None, 'cmake_clean_cache': False, 'cmake_clean_first': False, 'cmake_force_configure': False, 'cmake_target': None, 'cmake_target_skip_unavailable': False, 'install_base': '/home/creampi/ros2_ws/install/autonomous_rover', 'merge_install': False, 'path': '/home/creampi/ros2_ws/src/autonomous_rover', 'symlink_install': False, 'test_result_base': None}
[2.983s] INFO:colcon.colcon_core.executor:Executing jobs using 'parallel' executor
[2.989s] DEBUG:colcon.colcon_parallel_executor.executor.parallel:run_until_complete
[2.991s] INFO:colcon.colcon_ros.task.ament_cmake.build:Building ROS package in '/home/creampi/ros2_ws/src/autonomous_rover' with build type 'ament_cmake'
[2.991s] INFO:colcon.colcon_cmake.task.cmake.build:Building CMake package in '/home/creampi/ros2_ws/src/autonomous_rover'
[3.008s] INFO:colcon.colcon_core.plugin_system:Skipping extension 'colcon_core.shell.bat': Not used on non-Windows systems
[3.010s] INFO:colcon.colcon_core.shell:Skip shell extension 'powershell' for command environment: Not usable outside of PowerShell
[3.010s] DEBUG:colcon.colcon_core.shell:Skip shell extension 'dsv' for command environment
[3.079s] DEBUG:colcon.colcon_core.event_handler.log_command:Invoking command in '/home/creampi/ros2_ws/build/autonomous_rover': CMAKE_PREFIX_PATH=/home/creampi/ros2_ws/install/sensehat_cpp:/home/creampi/ros2_ws/install/ros2_system_monitor:/home/creampi/ros2_ws/install/ldlidar_stl_ros2:/home/creampi/ros2_ws/install/temperature_tracker:/home/creampi/ros2_ws/install/sensehat_ros:/home/creampi/ros2_ws/install/rover_driver:/home/creampi/ros2_ws/install/arduino_bridge:/home/creampi/ros2_ws/src/install/temperature_tracker:/home/creampi/ros2_ws/src/install/sensehat_ros:/home/creampi/ros2_ws/src/install/rover_driver:/home/creampi/ros2_ws/src/install/arduino_bridge:/opt/ros/humble:/home/creampi/ros2_ws/install/carto_localization:/home/creampi/ros2_ws/install/autonomous_rover:/home/creampi/ros2_ws/src/install/sensehat_cpp:/home/creampi/ros2_ws/src/install/ros2_system_monitor:/home/creampi/ros2_ws/src/install/ldlidar_stl_ros2:/home/creampi/ros2_ws/src/install/carto_localization:/home/creampi/ros2_ws/src/install/autonomous_rover /usr/bin/cmake --build /home/creampi/ros2_ws/build/autonomous_rover -- -j4 -l4
[49.530s] DEBUG:colcon.colcon_core.event_handler.log_command:Invoked command in '/home/creampi/ros2_ws/build/autonomous_rover' returned '0': CMAKE_PREFIX_PATH=/home/creampi/ros2_ws/install/sensehat_cpp:/home/creampi/ros2_ws/install/ros2_system_monitor:/home/creampi/ros2_ws/install/ldlidar_stl_ros2:/home/creampi/ros2_ws/install/temperature_tracker:/home/creampi/ros2_ws/install/sensehat_ros:/home/creampi/ros2_ws/install/rover_driver:/home/creampi/ros2_ws/install/arduino_bridge:/home/creampi/ros2_ws/src/install/temperature_tracker:/home/creampi/ros2_ws/src/install/sensehat_ros:/home/creampi/ros2_ws/src/install/rover_driver:/home/creampi/ros2_ws/src/install/arduino_bridge:/opt/ros/humble:/home/creampi/ros2_ws/install/carto_localization:/home/creampi/ros2_ws/install/autonomous_rover:/home/creampi/ros2_ws/src/install/sensehat_cpp:/home/creampi/ros2_ws/src/install/ros2_system_monitor:/home/creampi/ros2_ws/src/install/ldlidar_stl_ros2:/home/creampi/ros2_ws/src/install/carto_localization:/home/creampi/ros2_ws/src/install/autonomous_rover /usr/bin/cmake --build /home/creampi/ros2_ws/build/autonomous_rover -- -j4 -l4
[49.584s] DEBUG:colcon.colcon_core.event_handler.log_command:Invoking command in '/home/creampi/ros2_ws/build/autonomous_rover': CMAKE_PREFIX_PATH=/home/creampi/ros2_ws/install/sensehat_cpp:/home/creampi/ros2_ws/install/ros2_system_monitor:/home/creampi/ros2_ws/install/ldlidar_stl_ros2:/home/creampi/ros2_ws/install/temperature_tracker:/home/creampi/ros2_ws/install/sensehat_ros:/home/creampi/ros2_ws/install/rover_driver:/home/creampi/ros2_ws/install/arduino_bridge:/home/creampi/ros2_ws/src/install/temperature_tracker:/home/creampi/ros2_ws/src/install/sensehat_ros:/home/creampi/ros2_ws/src/install/rover_driver:/home/creampi/ros2_ws/src/install/arduino_bridge:/opt/ros/humble:/home/creampi/ros2_ws/install/carto_localization:/home/creampi/ros2_ws/install/autonomous_rover:/home/creampi/ros2_ws/src/install/sensehat_cpp:/home/creampi/ros2_ws/src/install/ros2_system_monitor:/home/creampi/ros2_ws/src/install/ldlidar_stl_ros2:/home/creampi/ros2_ws/src/install/carto_localization:/home/creampi/ros2_ws/src/install/autonomous_rover /usr/bin/cmake --install /home/creampi/ros2_ws/build/autonomous_rover
[49.687s] Level 1:colcon.colcon_core.environment:create_environment_scripts_only(autonomous_rover)
[49.693s] DEBUG:colcon.colcon_core.event_handler.log_command:Invoked command in '/home/creampi/ros2_ws/build/autonomous_rover' returned '0': CMAKE_PREFIX_PATH=/home/creampi/ros2_ws/install/sensehat_cpp:/home/creampi/ros2_ws/install/ros2_system_monitor:/home/creampi/ros2_ws/install/ldlidar_stl_ros2:/home/creampi/ros2_ws/install/temperature_tracker:/home/creampi/ros2_ws/install/sensehat_ros:/home/creampi/ros2_ws/install/rover_driver:/home/creampi/ros2_ws/install/arduino_bridge:/home/creampi/ros2_ws/src/install/temperature_tracker:/home/creampi/ros2_ws/src/install/sensehat_ros:/home/creampi/ros2_ws/src/install/rover_driver:/home/creampi/ros2_ws/src/install/arduino_bridge:/opt/ros/humble:/home/creampi/ros2_ws/install/carto_localization:/home/creampi/ros2_ws/install/autonomous_rover:/home/creampi/ros2_ws/src/install/sensehat_cpp:/home/creampi/ros2_ws/src/install/ros2_system_monitor:/home/creampi/ros2_ws/src/install/ldlidar_stl_ros2:/home/creampi/ros2_ws/src/install/carto_localization:/home/creampi/ros2_ws/src/install/autonomous_rover /usr/bin/cmake --install /home/creampi/ros2_ws/build/autonomous_rover
[49.710s] Level 1:colcon.colcon_core.environment:checking '/home/creampi/ros2_ws/install/autonomous_rover' for CMake module files
[49.715s] Level 1:colcon.colcon_core.environment:checking '/home/creampi/ros2_ws/install/autonomous_rover' for CMake config files
[49.717s] Level 1:colcon.colcon_core.shell:create_environment_hook('autonomous_rover', 'cmake_prefix_path')
[49.719s] INFO:colcon.colcon_core.shell:Creating environment hook '/home/creampi/ros2_ws/install/autonomous_rover/share/autonomous_rover/hook/cmake_prefix_path.ps1'
[49.724s] INFO:colcon.colcon_core.shell:Creating environment descriptor '/home/creampi/ros2_ws/install/autonomous_rover/share/autonomous_rover/hook/cmake_prefix_path.dsv'
[49.728s] INFO:colcon.colcon_core.shell:Creating environment hook '/home/creampi/ros2_ws/install/autonomous_rover/share/autonomous_rover/hook/cmake_prefix_path.sh'
[49.734s] Level 1:colcon.colcon_core.environment:checking '/home/creampi/ros2_ws/install/autonomous_rover/lib'
[49.735s] Level 1:colcon.colcon_core.environment:checking '/home/creampi/ros2_ws/install/autonomous_rover/bin'
[49.736s] Level 1:colcon.colcon_core.environment:checking '/home/creampi/ros2_ws/install/autonomous_rover/lib/pkgconfig/autonomous_rover.pc'
[49.739s] Level 1:colcon.colcon_core.environment:checking '/home/creampi/ros2_ws/install/autonomous_rover/lib/python3.10/site-packages'
[49.740s] Level 1:colcon.colcon_core.environment:checking '/home/creampi/ros2_ws/install/autonomous_rover/bin'
[49.742s] INFO:colcon.colcon_core.shell:Creating package script '/home/creampi/ros2_ws/install/autonomous_rover/share/autonomous_rover/package.ps1'
[49.747s] INFO:colcon.colcon_core.shell:Creating package descriptor '/home/creampi/ros2_ws/install/autonomous_rover/share/autonomous_rover/package.dsv'
[49.762s] INFO:colcon.colcon_core.shell:Creating package script '/home/creampi/ros2_ws/install/autonomous_rover/share/autonomous_rover/package.sh'
[49.771s] INFO:colcon.colcon_core.shell:Creating package script '/home/creampi/ros2_ws/install/autonomous_rover/share/autonomous_rover/package.bash'
[49.789s] INFO:colcon.colcon_core.shell:Creating package script '/home/creampi/ros2_ws/install/autonomous_rover/share/autonomous_rover/package.zsh'
[49.801s] Level 1:colcon.colcon_core.environment:create_file_with_runtime_dependencies(/home/creampi/ros2_ws/install/autonomous_rover/share/colcon-core/packages/autonomous_rover)
[49.811s] Level 1:colcon.colcon_core.environment:create_environment_scripts_only(autonomous_rover)
[49.813s] Level 1:colcon.colcon_core.environment:checking '/home/creampi/ros2_ws/install/autonomous_rover' for CMake module files
[49.827s] Level 1:colcon.colcon_core.environment:checking '/home/creampi/ros2_ws/install/autonomous_rover' for CMake config files
[49.836s] Level 1:colcon.colcon_core.shell:create_environment_hook('autonomous_rover', 'cmake_prefix_path')
[49.841s] INFO:colcon.colcon_core.shell:Creating environment hook '/home/creampi/ros2_ws/install/autonomous_rover/share/autonomous_rover/hook/cmake_prefix_path.ps1'
[49.852s] INFO:colcon.colcon_core.shell:Creating environment descriptor '/home/creampi/ros2_ws/install/autonomous_rover/share/autonomous_rover/hook/cmake_prefix_path.dsv'
[49.860s] INFO:colcon.colcon_core.shell:Creating environment hook '/home/creampi/ros2_ws/install/autonomous_rover/share/autonomous_rover/hook/cmake_prefix_path.sh'
[49.876s] Level 1:colcon.colcon_core.environment:checking '/home/creampi/ros2_ws/install/autonomous_rover/lib'
[49.877s] Level 1:colcon.colcon_core.environment:checking '/home/creampi/ros2_ws/install/autonomous_rover/bin'
[49.877s] Level 1:colcon.colcon_core.environment:checking '/home/creampi/ros2_ws/install/autonomous_rover/lib/pkgconfig/autonomous_rover.pc'
[49.879s] Level 1:colcon.colcon_core.environment:checking '/home/creampi/ros2_ws/install/autonomous_rover/lib/python3.10/site-packages'
[49.880s] Level 1:colcon.colcon_core.environment:checking '/home/creampi/ros2_ws/install/autonomous_rover/bin'
[49.881s] INFO:colcon.colcon_core.shell:Creating package script '/home/creampi/ros2_ws/install/autonomous_rover/share/autonomous_rover/package.ps1'
[49.885s] INFO:colcon.colcon_core.shell:Creating package descriptor '/home/creampi/ros2_ws/install/autonomous_rover/share/autonomous_rover/package.dsv'
[49.889s] INFO:colcon.colcon_core.shell:Creating package script '/home/creampi/ros2_ws/install/autonomous_rover/share/autonomous_rover/package.sh'
[49.893s] INFO:colcon.colcon_core.shell:Creating package script '/home/creampi/ros2_ws/install/autonomous_rover/share/autonomous_rover/package.bash'
[49.897s] INFO:colcon.colcon_core.shell:Creating package script '/home/creampi/ros2_ws/install/autonomous_rover/share/autonomous_rover/package.zsh'
[49.909s] Level 1:colcon.colcon_core.environment:create_file_with_runtime_dependencies(/home/creampi/ros2_ws/install/autonomous_rover/share/colcon-core/packages/autonomous_rover)
[49.913s] DEBUG:colcon.colcon_parallel_executor.executor.parallel:closing loop
[49.916s] DEBUG:colcon.colcon_parallel_executor.executor.parallel:loop closed
[49.918s] DEBUG:colcon.colcon_parallel_executor.executor.parallel:run_until_complete finished with '0'
[49.918s] DEBUG:colcon.colcon_core.event_reactor:joining thread
[49.955s] INFO:colcon.colcon_core.plugin_system:Skipping extension 'colcon_notification.desktop_notification.notify_send': Could not find 'notify-send'
[49.956s] INFO:colcon.colcon_core.plugin_system:Skipping extension 'colcon_notification.desktop_notification.terminal_notifier': Not used on non-Darwin systems
[49.957s] INFO:colcon.colcon_core.plugin_system:Skipping extension 'colcon_notification.desktop_notification.win32': Not used on non-Windows systems
[49.958s] INFO:colcon.colcon_notification.desktop_notification:Sending desktop notification using 'notify2'
[49.965s] DEBUG:colcon.colcon_notification.desktop_notification.notify2:Failed to initialize notify2: org.freedesktop.DBus.Error.ServiceUnknown: The name org.freedesktop.Notifications was not provided by any .service files
[49.968s] DEBUG:colcon.colcon_core.event_reactor:joined thread
[49.971s] INFO:colcon.colcon_core.shell:Creating prefix script '/home/creampi/ros2_ws/install/local_setup.ps1'
[49.983s] INFO:colcon.colcon_core.shell:Creating prefix util module '/home/creampi/ros2_ws/install/_local_setup_util_ps1.py'
[49.997s] INFO:colcon.colcon_core.shell:Creating prefix chain script '/home/creampi/ros2_ws/install/setup.ps1'
[50.020s] INFO:colcon.colcon_core.shell:Creating prefix script '/home/creampi/ros2_ws/install/local_setup.sh'
[50.026s] INFO:colcon.colcon_core.shell:Creating prefix util module '/home/creampi/ros2_ws/install/_local_setup_util_sh.py'
[50.033s] INFO:colcon.colcon_core.shell:Creating prefix chain script '/home/creampi/ros2_ws/install/setup.sh'
[50.058s] INFO:colcon.colcon_core.shell:Creating prefix script '/home/creampi/ros2_ws/install/local_setup.bash'
[50.064s] INFO:colcon.colcon_core.shell:Creating prefix chain script '/home/creampi/ros2_ws/install/setup.bash'
[50.085s] INFO:colcon.colcon_core.shell:Creating prefix script '/home/creampi/ros2_ws/install/local_setup.zsh'
[50.091s] INFO:colcon.colcon_core.shell:Creating prefix chain script '/home/creampi/ros2_ws/install/setup.zsh'
