[0.884s] DEBUG:colcon:Command line arguments: ['/usr/bin/colcon', 'list']
[0.885s] DEBUG:colcon:Parsed command line arguments: Namespace(log_base=None, log_level=None, verb_name='list', build_base='build', ignore_user_meta=False, metas=['./colcon.meta'], base_paths=['.'], packages_ignore=None, packages_ignore_regex=None, paths=None, packages_up_to=None, packages_up_to_regex=None, packages_above=None, packages_above_and_dependencies=None, packages_above_depth=None, packages_select_by_dep=None, packages_skip_by_dep=None, packages_skip_up_to=None, packages_select_build_failed=False, packages_skip_build_finished=False, packages_select_test_failures=False, packages_skip_test_passed=False, packages_select=None, packages_skip=None, packages_select_regex=None, packages_skip_regex=None, packages_start=None, packages_end=None, allow_overriding=[], topological_order=False, names_only=False, paths_only=False, topological_graph=False, topological_graph_dot=False, topological_graph_density=False, topological_graph_legend=False, topological_graph_dot_cluster=False, topological_graph_dot_include_skipped=False, verb_parser=<colcon_defaults.argument_parser.defaults.DefaultArgumentsDecorator object at 0xffff973ad450>, verb_extension=<colcon_package_information.verb.list.ListVerb object at 0xffff975c10c0>, main=<bound method ListVerb.main of <colcon_package_information.verb.list.ListVerb object at 0xffff975c10c0>>)
[3.128s] Level 1:colcon.colcon_core.package_discovery:discover_packages(colcon_meta) check parameters
[3.129s] Level 1:colcon.colcon_core.package_discovery:discover_packages(recursive) check parameters
[3.129s] Level 1:colcon.colcon_core.package_discovery:discover_packages(ignore) check parameters
[3.130s] Level 1:colcon.colcon_core.package_discovery:discover_packages(path) check parameters
[3.130s] Level 1:colcon.colcon_core.package_discovery:discover_packages(colcon_meta) discover
[3.131s] Level 1:colcon.colcon_core.package_discovery:discover_packages(recursive) discover
[3.131s] INFO:colcon.colcon_core.package_discovery:Crawling recursively for packages in '/home/creampi/ros2_ws/src'
[3.133s] Level 1:colcon.colcon_core.package_identification:_identify(.) by extensions ['ignore', 'ignore_ament_install']
[3.134s] Level 1:colcon.colcon_core.package_identification:_identify(.) by extension 'ignore'
[3.134s] Level 1:colcon.colcon_core.package_identification:_identify(.) by extension 'ignore_ament_install'
[3.135s] Level 1:colcon.colcon_core.package_identification:_identify(.) by extensions ['colcon_pkg']
[3.135s] Level 1:colcon.colcon_core.package_identification:_identify(.) by extension 'colcon_pkg'
[3.136s] Level 1:colcon.colcon_core.package_identification:_identify(.) by extensions ['colcon_meta']
[3.136s] Level 1:colcon.colcon_core.package_identification:_identify(.) by extension 'colcon_meta'
[3.137s] Level 1:colcon.colcon_core.package_identification:_identify(.) by extensions ['ros']
[3.137s] Level 1:colcon.colcon_core.package_identification:_identify(.) by extension 'ros'
[3.261s] Level 1:colcon.colcon_core.package_identification:_identify(.) by extensions ['cmake', 'python']
[3.261s] Level 1:colcon.colcon_core.package_identification:_identify(.) by extension 'cmake'
[3.262s] Level 1:colcon.colcon_core.package_identification:_identify(.) by extension 'python'
[3.263s] Level 1:colcon.colcon_core.package_identification:_identify(.) by extensions ['python_setup_py']
[3.263s] Level 1:colcon.colcon_core.package_identification:_identify(.) by extension 'python_setup_py'
[3.265s] Level 1:colcon.colcon_core.package_identification:_identify(Smarte-Systemer---Rover) by extensions ['ignore', 'ignore_ament_install']
[3.266s] Level 1:colcon.colcon_core.package_identification:_identify(Smarte-Systemer---Rover) by extension 'ignore'
[3.266s] Level 1:colcon.colcon_core.package_identification:_identify(Smarte-Systemer---Rover) by extension 'ignore_ament_install'
[3.267s] Level 1:colcon.colcon_core.package_identification:_identify(Smarte-Systemer---Rover) by extensions ['colcon_pkg']
[3.267s] Level 1:colcon.colcon_core.package_identification:_identify(Smarte-Systemer---Rover) by extension 'colcon_pkg'
[3.268s] Level 1:colcon.colcon_core.package_identification:_identify(Smarte-Systemer---Rover) by extensions ['colcon_meta']
[3.268s] Level 1:colcon.colcon_core.package_identification:_identify(Smarte-Systemer---Rover) by extension 'colcon_meta'
[3.269s] Level 1:colcon.colcon_core.package_identification:_identify(Smarte-Systemer---Rover) by extensions ['ros']
[3.269s] Level 1:colcon.colcon_core.package_identification:_identify(Smarte-Systemer---Rover) by extension 'ros'
[3.270s] Level 1:colcon.colcon_core.package_identification:_identify(Smarte-Systemer---Rover) by extensions ['cmake', 'python']
[3.270s] Level 1:colcon.colcon_core.package_identification:_identify(Smarte-Systemer---Rover) by extension 'cmake'
[3.271s] Level 1:colcon.colcon_core.package_identification:_identify(Smarte-Systemer---Rover) by extension 'python'
[3.272s] Level 1:colcon.colcon_core.package_identification:_identify(Smarte-Systemer---Rover) by extensions ['python_setup_py']
[3.272s] Level 1:colcon.colcon_core.package_identification:_identify(Smarte-Systemer---Rover) by extension 'python_setup_py'
[3.273s] Level 1:colcon.colcon_core.package_identification:_identify(Smarte-Systemer---Rover/build) by extensions ['ignore', 'ignore_ament_install']
[3.274s] Level 1:colcon.colcon_core.package_identification:_identify(Smarte-Systemer---Rover/build) by extension 'ignore'
[3.275s] Level 1:colcon.colcon_core.package_identification:_identify(Smarte-Systemer---Rover/build) ignored
[3.276s] Level 1:colcon.colcon_core.package_identification:_identify(Smarte-Systemer---Rover/hypersonic_micro_bit) by extensions ['ignore', 'ignore_ament_install']
[3.277s] Level 1:colcon.colcon_core.package_identification:_identify(Smarte-Systemer---Rover/hypersonic_micro_bit) by extension 'ignore'
[3.278s] Level 1:colcon.colcon_core.package_identification:_identify(Smarte-Systemer---Rover/hypersonic_micro_bit) by extension 'ignore_ament_install'
[3.278s] Level 1:colcon.colcon_core.package_identification:_identify(Smarte-Systemer---Rover/hypersonic_micro_bit) by extensions ['colcon_pkg']
[3.279s] Level 1:colcon.colcon_core.package_identification:_identify(Smarte-Systemer---Rover/hypersonic_micro_bit) by extension 'colcon_pkg'
[3.279s] Level 1:colcon.colcon_core.package_identification:_identify(Smarte-Systemer---Rover/hypersonic_micro_bit) by extensions ['colcon_meta']
[3.280s] Level 1:colcon.colcon_core.package_identification:_identify(Smarte-Systemer---Rover/hypersonic_micro_bit) by extension 'colcon_meta'
[3.280s] Level 1:colcon.colcon_core.package_identification:_identify(Smarte-Systemer---Rover/hypersonic_micro_bit) by extensions ['ros']
[3.281s] Level 1:colcon.colcon_core.package_identification:_identify(Smarte-Systemer---Rover/hypersonic_micro_bit) by extension 'ros'
[3.282s] Level 1:colcon.colcon_core.package_identification:_identify(Smarte-Systemer---Rover/hypersonic_micro_bit) by extensions ['cmake', 'python']
[3.282s] Level 1:colcon.colcon_core.package_identification:_identify(Smarte-Systemer---Rover/hypersonic_micro_bit) by extension 'cmake'
[3.283s] Level 1:colcon.colcon_core.package_identification:_identify(Smarte-Systemer---Rover/hypersonic_micro_bit) by extension 'python'
[3.283s] Level 1:colcon.colcon_core.package_identification:_identify(Smarte-Systemer---Rover/hypersonic_micro_bit) by extensions ['python_setup_py']
[3.284s] Level 1:colcon.colcon_core.package_identification:_identify(Smarte-Systemer---Rover/hypersonic_micro_bit) by extension 'python_setup_py'
[3.285s] Level 1:colcon.colcon_core.package_identification:_identify(Smarte-Systemer---Rover/hypersonic_micro_bit/include) by extensions ['ignore', 'ignore_ament_install']
[3.286s] Level 1:colcon.colcon_core.package_identification:_identify(Smarte-Systemer---Rover/hypersonic_micro_bit/include) by extension 'ignore'
[3.287s] Level 1:colcon.colcon_core.package_identification:_identify(Smarte-Systemer---Rover/hypersonic_micro_bit/include) by extension 'ignore_ament_install'
[3.287s] Level 1:colcon.colcon_core.package_identification:_identify(Smarte-Systemer---Rover/hypersonic_micro_bit/include) by extensions ['colcon_pkg']
[3.288s] Level 1:colcon.colcon_core.package_identification:_identify(Smarte-Systemer---Rover/hypersonic_micro_bit/include) by extension 'colcon_pkg'
[3.288s] Level 1:colcon.colcon_core.package_identification:_identify(Smarte-Systemer---Rover/hypersonic_micro_bit/include) by extensions ['colcon_meta']
[3.289s] Level 1:colcon.colcon_core.package_identification:_identify(Smarte-Systemer---Rover/hypersonic_micro_bit/include) by extension 'colcon_meta'
[3.289s] Level 1:colcon.colcon_core.package_identification:_identify(Smarte-Systemer---Rover/hypersonic_micro_bit/include) by extensions ['ros']
[3.290s] Level 1:colcon.colcon_core.package_identification:_identify(Smarte-Systemer---Rover/hypersonic_micro_bit/include) by extension 'ros'
[3.291s] Level 1:colcon.colcon_core.package_identification:_identify(Smarte-Systemer---Rover/hypersonic_micro_bit/include) by extensions ['cmake', 'python']
[3.291s] Level 1:colcon.colcon_core.package_identification:_identify(Smarte-Systemer---Rover/hypersonic_micro_bit/include) by extension 'cmake'
[3.292s] Level 1:colcon.colcon_core.package_identification:_identify(Smarte-Systemer---Rover/hypersonic_micro_bit/include) by extension 'python'
[3.292s] Level 1:colcon.colcon_core.package_identification:_identify(Smarte-Systemer---Rover/hypersonic_micro_bit/include) by extensions ['python_setup_py']
[3.293s] Level 1:colcon.colcon_core.package_identification:_identify(Smarte-Systemer---Rover/hypersonic_micro_bit/include) by extension 'python_setup_py'
[3.294s] Level 1:colcon.colcon_core.package_identification:_identify(Smarte-Systemer---Rover/hypersonic_micro_bit/include/hardware) by extensions ['ignore', 'ignore_ament_install']
[3.295s] Level 1:colcon.colcon_core.package_identification:_identify(Smarte-Systemer---Rover/hypersonic_micro_bit/include/hardware) by extension 'ignore'
[3.296s] Level 1:colcon.colcon_core.package_identification:_identify(Smarte-Systemer---Rover/hypersonic_micro_bit/include/hardware) by extension 'ignore_ament_install'
[3.296s] Level 1:colcon.colcon_core.package_identification:_identify(Smarte-Systemer---Rover/hypersonic_micro_bit/include/hardware) by extensions ['colcon_pkg']
[3.297s] Level 1:colcon.colcon_core.package_identification:_identify(Smarte-Systemer---Rover/hypersonic_micro_bit/include/hardware) by extension 'colcon_pkg'
[3.297s] Level 1:colcon.colcon_core.package_identification:_identify(Smarte-Systemer---Rover/hypersonic_micro_bit/include/hardware) by extensions ['colcon_meta']
[3.298s] Level 1:colcon.colcon_core.package_identification:_identify(Smarte-Systemer---Rover/hypersonic_micro_bit/include/hardware) by extension 'colcon_meta'
[3.298s] Level 1:colcon.colcon_core.package_identification:_identify(Smarte-Systemer---Rover/hypersonic_micro_bit/include/hardware) by extensions ['ros']
[3.299s] Level 1:colcon.colcon_core.package_identification:_identify(Smarte-Systemer---Rover/hypersonic_micro_bit/include/hardware) by extension 'ros'
[3.300s] Level 1:colcon.colcon_core.package_identification:_identify(Smarte-Systemer---Rover/hypersonic_micro_bit/include/hardware) by extensions ['cmake', 'python']
[3.300s] Level 1:colcon.colcon_core.package_identification:_identify(Smarte-Systemer---Rover/hypersonic_micro_bit/include/hardware) by extension 'cmake'
[3.301s] Level 1:colcon.colcon_core.package_identification:_identify(Smarte-Systemer---Rover/hypersonic_micro_bit/include/hardware) by extension 'python'
[3.301s] Level 1:colcon.colcon_core.package_identification:_identify(Smarte-Systemer---Rover/hypersonic_micro_bit/include/hardware) by extensions ['python_setup_py']
[3.302s] Level 1:colcon.colcon_core.package_identification:_identify(Smarte-Systemer---Rover/hypersonic_micro_bit/include/hardware) by extension 'python_setup_py'
[3.303s] Level 1:colcon.colcon_core.package_identification:_identify(Smarte-Systemer---Rover/hypersonic_micro_bit/include/logic) by extensions ['ignore', 'ignore_ament_install']
[3.304s] Level 1:colcon.colcon_core.package_identification:_identify(Smarte-Systemer---Rover/hypersonic_micro_bit/include/logic) by extension 'ignore'
[3.305s] Level 1:colcon.colcon_core.package_identification:_identify(Smarte-Systemer---Rover/hypersonic_micro_bit/include/logic) by extension 'ignore_ament_install'
[3.305s] Level 1:colcon.colcon_core.package_identification:_identify(Smarte-Systemer---Rover/hypersonic_micro_bit/include/logic) by extensions ['colcon_pkg']
[3.306s] Level 1:colcon.colcon_core.package_identification:_identify(Smarte-Systemer---Rover/hypersonic_micro_bit/include/logic) by extension 'colcon_pkg'
[3.306s] Level 1:colcon.colcon_core.package_identification:_identify(Smarte-Systemer---Rover/hypersonic_micro_bit/include/logic) by extensions ['colcon_meta']
[3.307s] Level 1:colcon.colcon_core.package_identification:_identify(Smarte-Systemer---Rover/hypersonic_micro_bit/include/logic) by extension 'colcon_meta'
[3.307s] Level 1:colcon.colcon_core.package_identification:_identify(Smarte-Systemer---Rover/hypersonic_micro_bit/include/logic) by extensions ['ros']
[3.308s] Level 1:colcon.colcon_core.package_identification:_identify(Smarte-Systemer---Rover/hypersonic_micro_bit/include/logic) by extension 'ros'
[3.309s] Level 1:colcon.colcon_core.package_identification:_identify(Smarte-Systemer---Rover/hypersonic_micro_bit/include/logic) by extensions ['cmake', 'python']
[3.309s] Level 1:colcon.colcon_core.package_identification:_identify(Smarte-Systemer---Rover/hypersonic_micro_bit/include/logic) by extension 'cmake'
[3.310s] Level 1:colcon.colcon_core.package_identification:_identify(Smarte-Systemer---Rover/hypersonic_micro_bit/include/logic) by extension 'python'
[3.310s] Level 1:colcon.colcon_core.package_identification:_identify(Smarte-Systemer---Rover/hypersonic_micro_bit/include/logic) by extensions ['python_setup_py']
[3.311s] Level 1:colcon.colcon_core.package_identification:_identify(Smarte-Systemer---Rover/hypersonic_micro_bit/include/logic) by extension 'python_setup_py'
[3.312s] Level 1:colcon.colcon_core.package_identification:_identify(Smarte-Systemer---Rover/hypersonic_micro_bit/lib) by extensions ['ignore', 'ignore_ament_install']
[3.313s] Level 1:colcon.colcon_core.package_identification:_identify(Smarte-Systemer---Rover/hypersonic_micro_bit/lib) by extension 'ignore'
[3.314s] Level 1:colcon.colcon_core.package_identification:_identify(Smarte-Systemer---Rover/hypersonic_micro_bit/lib) by extension 'ignore_ament_install'
[3.314s] Level 1:colcon.colcon_core.package_identification:_identify(Smarte-Systemer---Rover/hypersonic_micro_bit/lib) by extensions ['colcon_pkg']
[3.315s] Level 1:colcon.colcon_core.package_identification:_identify(Smarte-Systemer---Rover/hypersonic_micro_bit/lib) by extension 'colcon_pkg'
[3.315s] Level 1:colcon.colcon_core.package_identification:_identify(Smarte-Systemer---Rover/hypersonic_micro_bit/lib) by extensions ['colcon_meta']
[3.316s] Level 1:colcon.colcon_core.package_identification:_identify(Smarte-Systemer---Rover/hypersonic_micro_bit/lib) by extension 'colcon_meta'
[3.316s] Level 1:colcon.colcon_core.package_identification:_identify(Smarte-Systemer---Rover/hypersonic_micro_bit/lib) by extensions ['ros']
[3.317s] Level 1:colcon.colcon_core.package_identification:_identify(Smarte-Systemer---Rover/hypersonic_micro_bit/lib) by extension 'ros'
[3.318s] Level 1:colcon.colcon_core.package_identification:_identify(Smarte-Systemer---Rover/hypersonic_micro_bit/lib) by extensions ['cmake', 'python']
[3.318s] Level 1:colcon.colcon_core.package_identification:_identify(Smarte-Systemer---Rover/hypersonic_micro_bit/lib) by extension 'cmake'
[3.318s] Level 1:colcon.colcon_core.package_identification:_identify(Smarte-Systemer---Rover/hypersonic_micro_bit/lib) by extension 'python'
[3.319s] Level 1:colcon.colcon_core.package_identification:_identify(Smarte-Systemer---Rover/hypersonic_micro_bit/lib) by extensions ['python_setup_py']
[3.319s] Level 1:colcon.colcon_core.package_identification:_identify(Smarte-Systemer---Rover/hypersonic_micro_bit/lib) by extension 'python_setup_py'
[3.321s] Level 1:colcon.colcon_core.package_identification:_identify(Smarte-Systemer---Rover/hypersonic_micro_bit/src) by extensions ['ignore', 'ignore_ament_install']
[3.322s] Level 1:colcon.colcon_core.package_identification:_identify(Smarte-Systemer---Rover/hypersonic_micro_bit/src) by extension 'ignore'
[3.322s] Level 1:colcon.colcon_core.package_identification:_identify(Smarte-Systemer---Rover/hypersonic_micro_bit/src) by extension 'ignore_ament_install'
[3.323s] Level 1:colcon.colcon_core.package_identification:_identify(Smarte-Systemer---Rover/hypersonic_micro_bit/src) by extensions ['colcon_pkg']
[3.323s] Level 1:colcon.colcon_core.package_identification:_identify(Smarte-Systemer---Rover/hypersonic_micro_bit/src) by extension 'colcon_pkg'
[3.324s] Level 1:colcon.colcon_core.package_identification:_identify(Smarte-Systemer---Rover/hypersonic_micro_bit/src) by extensions ['colcon_meta']
[3.324s] Level 1:colcon.colcon_core.package_identification:_identify(Smarte-Systemer---Rover/hypersonic_micro_bit/src) by extension 'colcon_meta'
[3.325s] Level 1:colcon.colcon_core.package_identification:_identify(Smarte-Systemer---Rover/hypersonic_micro_bit/src) by extensions ['ros']
[3.325s] Level 1:colcon.colcon_core.package_identification:_identify(Smarte-Systemer---Rover/hypersonic_micro_bit/src) by extension 'ros'
[3.326s] Level 1:colcon.colcon_core.package_identification:_identify(Smarte-Systemer---Rover/hypersonic_micro_bit/src) by extensions ['cmake', 'python']
[3.327s] Level 1:colcon.colcon_core.package_identification:_identify(Smarte-Systemer---Rover/hypersonic_micro_bit/src) by extension 'cmake'
[3.327s] Level 1:colcon.colcon_core.package_identification:_identify(Smarte-Systemer---Rover/hypersonic_micro_bit/src) by extension 'python'
[3.328s] Level 1:colcon.colcon_core.package_identification:_identify(Smarte-Systemer---Rover/hypersonic_micro_bit/src) by extensions ['python_setup_py']
[3.328s] Level 1:colcon.colcon_core.package_identification:_identify(Smarte-Systemer---Rover/hypersonic_micro_bit/src) by extension 'python_setup_py'
[3.330s] Level 1:colcon.colcon_core.package_identification:_identify(Smarte-Systemer---Rover/hypersonic_micro_bit/src/hardware) by extensions ['ignore', 'ignore_ament_install']
[3.331s] Level 1:colcon.colcon_core.package_identification:_identify(Smarte-Systemer---Rover/hypersonic_micro_bit/src/hardware) by extension 'ignore'
[3.331s] Level 1:colcon.colcon_core.package_identification:_identify(Smarte-Systemer---Rover/hypersonic_micro_bit/src/hardware) by extension 'ignore_ament_install'
[3.332s] Level 1:colcon.colcon_core.package_identification:_identify(Smarte-Systemer---Rover/hypersonic_micro_bit/src/hardware) by extensions ['colcon_pkg']
[3.332s] Level 1:colcon.colcon_core.package_identification:_identify(Smarte-Systemer---Rover/hypersonic_micro_bit/src/hardware) by extension 'colcon_pkg'
[3.333s] Level 1:colcon.colcon_core.package_identification:_identify(Smarte-Systemer---Rover/hypersonic_micro_bit/src/hardware) by extensions ['colcon_meta']
[3.333s] Level 1:colcon.colcon_core.package_identification:_identify(Smarte-Systemer---Rover/hypersonic_micro_bit/src/hardware) by extension 'colcon_meta'
[3.334s] Level 1:colcon.colcon_core.package_identification:_identify(Smarte-Systemer---Rover/hypersonic_micro_bit/src/hardware) by extensions ['ros']
[3.334s] Level 1:colcon.colcon_core.package_identification:_identify(Smarte-Systemer---Rover/hypersonic_micro_bit/src/hardware) by extension 'ros'
[3.335s] Level 1:colcon.colcon_core.package_identification:_identify(Smarte-Systemer---Rover/hypersonic_micro_bit/src/hardware) by extensions ['cmake', 'python']
[3.336s] Level 1:colcon.colcon_core.package_identification:_identify(Smarte-Systemer---Rover/hypersonic_micro_bit/src/hardware) by extension 'cmake'
[3.336s] Level 1:colcon.colcon_core.package_identification:_identify(Smarte-Systemer---Rover/hypersonic_micro_bit/src/hardware) by extension 'python'
[3.337s] Level 1:colcon.colcon_core.package_identification:_identify(Smarte-Systemer---Rover/hypersonic_micro_bit/src/hardware) by extensions ['python_setup_py']
[3.337s] Level 1:colcon.colcon_core.package_identification:_identify(Smarte-Systemer---Rover/hypersonic_micro_bit/src/hardware) by extension 'python_setup_py'
[3.339s] Level 1:colcon.colcon_core.package_identification:_identify(Smarte-Systemer---Rover/hypersonic_micro_bit/test) by extensions ['ignore', 'ignore_ament_install']
[3.340s] Level 1:colcon.colcon_core.package_identification:_identify(Smarte-Systemer---Rover/hypersonic_micro_bit/test) by extension 'ignore'
[3.340s] Level 1:colcon.colcon_core.package_identification:_identify(Smarte-Systemer---Rover/hypersonic_micro_bit/test) by extension 'ignore_ament_install'
[3.341s] Level 1:colcon.colcon_core.package_identification:_identify(Smarte-Systemer---Rover/hypersonic_micro_bit/test) by extensions ['colcon_pkg']
[3.341s] Level 1:colcon.colcon_core.package_identification:_identify(Smarte-Systemer---Rover/hypersonic_micro_bit/test) by extension 'colcon_pkg'
[3.342s] Level 1:colcon.colcon_core.package_identification:_identify(Smarte-Systemer---Rover/hypersonic_micro_bit/test) by extensions ['colcon_meta']
[3.342s] Level 1:colcon.colcon_core.package_identification:_identify(Smarte-Systemer---Rover/hypersonic_micro_bit/test) by extension 'colcon_meta'
[3.343s] Level 1:colcon.colcon_core.package_identification:_identify(Smarte-Systemer---Rover/hypersonic_micro_bit/test) by extensions ['ros']
[3.344s] Level 1:colcon.colcon_core.package_identification:_identify(Smarte-Systemer---Rover/hypersonic_micro_bit/test) by extension 'ros'
[3.345s] Level 1:colcon.colcon_core.package_identification:_identify(Smarte-Systemer---Rover/hypersonic_micro_bit/test) by extensions ['cmake', 'python']
[3.345s] Level 1:colcon.colcon_core.package_identification:_identify(Smarte-Systemer---Rover/hypersonic_micro_bit/test) by extension 'cmake'
[3.345s] Level 1:colcon.colcon_core.package_identification:_identify(Smarte-Systemer---Rover/hypersonic_micro_bit/test) by extension 'python'
[3.346s] Level 1:colcon.colcon_core.package_identification:_identify(Smarte-Systemer---Rover/hypersonic_micro_bit/test) by extensions ['python_setup_py']
[3.346s] Level 1:colcon.colcon_core.package_identification:_identify(Smarte-Systemer---Rover/hypersonic_micro_bit/test) by extension 'python_setup_py'
[3.348s] Level 1:colcon.colcon_core.package_identification:_identify(Smarte-Systemer---Rover/install) by extensions ['ignore', 'ignore_ament_install']
[3.349s] Level 1:colcon.colcon_core.package_identification:_identify(Smarte-Systemer---Rover/install) by extension 'ignore'
[3.349s] Level 1:colcon.colcon_core.package_identification:_identify(Smarte-Systemer---Rover/install) ignored
[3.351s] Level 1:colcon.colcon_core.package_identification:_identify(Smarte-Systemer---Rover/log) by extensions ['ignore', 'ignore_ament_install']
[3.352s] Level 1:colcon.colcon_core.package_identification:_identify(Smarte-Systemer---Rover/log) by extension 'ignore'
[3.352s] Level 1:colcon.colcon_core.package_identification:_identify(Smarte-Systemer---Rover/log) ignored
[3.353s] Level 1:colcon.colcon_core.package_identification:_identify(Smarte-Systemer---Rover/min_sens_best_practice) by extensions ['ignore', 'ignore_ament_install']
[3.354s] Level 1:colcon.colcon_core.package_identification:_identify(Smarte-Systemer---Rover/min_sens_best_practice) by extension 'ignore'
[3.355s] Level 1:colcon.colcon_core.package_identification:_identify(Smarte-Systemer---Rover/min_sens_best_practice) by extension 'ignore_ament_install'
[3.356s] Level 1:colcon.colcon_core.package_identification:_identify(Smarte-Systemer---Rover/min_sens_best_practice) by extensions ['colcon_pkg']
[3.356s] Level 1:colcon.colcon_core.package_identification:_identify(Smarte-Systemer---Rover/min_sens_best_practice) by extension 'colcon_pkg'
[3.356s] Level 1:colcon.colcon_core.package_identification:_identify(Smarte-Systemer---Rover/min_sens_best_practice) by extensions ['colcon_meta']
[3.357s] Level 1:colcon.colcon_core.package_identification:_identify(Smarte-Systemer---Rover/min_sens_best_practice) by extension 'colcon_meta'
[3.357s] Level 1:colcon.colcon_core.package_identification:_identify(Smarte-Systemer---Rover/min_sens_best_practice) by extensions ['ros']
[3.358s] Level 1:colcon.colcon_core.package_identification:_identify(Smarte-Systemer---Rover/min_sens_best_practice) by extension 'ros'
[3.359s] Level 1:colcon.colcon_core.package_identification:_identify(Smarte-Systemer---Rover/min_sens_best_practice) by extensions ['cmake', 'python']
[3.359s] Level 1:colcon.colcon_core.package_identification:_identify(Smarte-Systemer---Rover/min_sens_best_practice) by extension 'cmake'
[3.360s] Level 1:colcon.colcon_core.package_identification:_identify(Smarte-Systemer---Rover/min_sens_best_practice) by extension 'python'
[3.360s] Level 1:colcon.colcon_core.package_identification:_identify(Smarte-Systemer---Rover/min_sens_best_practice) by extensions ['python_setup_py']
[3.361s] Level 1:colcon.colcon_core.package_identification:_identify(Smarte-Systemer---Rover/min_sens_best_practice) by extension 'python_setup_py'
[3.362s] Level 1:colcon.colcon_core.package_identification:_identify(Smarte-Systemer---Rover/min_sens_best_practice/include) by extensions ['ignore', 'ignore_ament_install']
[3.363s] Level 1:colcon.colcon_core.package_identification:_identify(Smarte-Systemer---Rover/min_sens_best_practice/include) by extension 'ignore'
[3.364s] Level 1:colcon.colcon_core.package_identification:_identify(Smarte-Systemer---Rover/min_sens_best_practice/include) by extension 'ignore_ament_install'
[3.365s] Level 1:colcon.colcon_core.package_identification:_identify(Smarte-Systemer---Rover/min_sens_best_practice/include) by extensions ['colcon_pkg']
[3.365s] Level 1:colcon.colcon_core.package_identification:_identify(Smarte-Systemer---Rover/min_sens_best_practice/include) by extension 'colcon_pkg'
[3.365s] Level 1:colcon.colcon_core.package_identification:_identify(Smarte-Systemer---Rover/min_sens_best_practice/include) by extensions ['colcon_meta']
[3.366s] Level 1:colcon.colcon_core.package_identification:_identify(Smarte-Systemer---Rover/min_sens_best_practice/include) by extension 'colcon_meta'
[3.366s] Level 1:colcon.colcon_core.package_identification:_identify(Smarte-Systemer---Rover/min_sens_best_practice/include) by extensions ['ros']
[3.367s] Level 1:colcon.colcon_core.package_identification:_identify(Smarte-Systemer---Rover/min_sens_best_practice/include) by extension 'ros'
[3.368s] Level 1:colcon.colcon_core.package_identification:_identify(Smarte-Systemer---Rover/min_sens_best_practice/include) by extensions ['cmake', 'python']
[3.368s] Level 1:colcon.colcon_core.package_identification:_identify(Smarte-Systemer---Rover/min_sens_best_practice/include) by extension 'cmake'
[3.369s] Level 1:colcon.colcon_core.package_identification:_identify(Smarte-Systemer---Rover/min_sens_best_practice/include) by extension 'python'
[3.369s] Level 1:colcon.colcon_core.package_identification:_identify(Smarte-Systemer---Rover/min_sens_best_practice/include) by extensions ['python_setup_py']
[3.370s] Level 1:colcon.colcon_core.package_identification:_identify(Smarte-Systemer---Rover/min_sens_best_practice/include) by extension 'python_setup_py'
[3.371s] Level 1:colcon.colcon_core.package_identification:_identify(Smarte-Systemer---Rover/min_sens_best_practice/lib) by extensions ['ignore', 'ignore_ament_install']
[3.372s] Level 1:colcon.colcon_core.package_identification:_identify(Smarte-Systemer---Rover/min_sens_best_practice/lib) by extension 'ignore'
[3.373s] Level 1:colcon.colcon_core.package_identification:_identify(Smarte-Systemer---Rover/min_sens_best_practice/lib) by extension 'ignore_ament_install'
[3.373s] Level 1:colcon.colcon_core.package_identification:_identify(Smarte-Systemer---Rover/min_sens_best_practice/lib) by extensions ['colcon_pkg']
[3.374s] Level 1:colcon.colcon_core.package_identification:_identify(Smarte-Systemer---Rover/min_sens_best_practice/lib) by extension 'colcon_pkg'
[3.374s] Level 1:colcon.colcon_core.package_identification:_identify(Smarte-Systemer---Rover/min_sens_best_practice/lib) by extensions ['colcon_meta']
[3.374s] Level 1:colcon.colcon_core.package_identification:_identify(Smarte-Systemer---Rover/min_sens_best_practice/lib) by extension 'colcon_meta'
[3.375s] Level 1:colcon.colcon_core.package_identification:_identify(Smarte-Systemer---Rover/min_sens_best_practice/lib) by extensions ['ros']
[3.376s] Level 1:colcon.colcon_core.package_identification:_identify(Smarte-Systemer---Rover/min_sens_best_practice/lib) by extension 'ros'
[3.377s] Level 1:colcon.colcon_core.package_identification:_identify(Smarte-Systemer---Rover/min_sens_best_practice/lib) by extensions ['cmake', 'python']
[3.377s] Level 1:colcon.colcon_core.package_identification:_identify(Smarte-Systemer---Rover/min_sens_best_practice/lib) by extension 'cmake'
[3.378s] Level 1:colcon.colcon_core.package_identification:_identify(Smarte-Systemer---Rover/min_sens_best_practice/lib) by extension 'python'
[3.378s] Level 1:colcon.colcon_core.package_identification:_identify(Smarte-Systemer---Rover/min_sens_best_practice/lib) by extensions ['python_setup_py']
[3.378s] Level 1:colcon.colcon_core.package_identification:_identify(Smarte-Systemer---Rover/min_sens_best_practice/lib) by extension 'python_setup_py'
[3.380s] Level 1:colcon.colcon_core.package_identification:_identify(Smarte-Systemer---Rover/min_sens_best_practice/src) by extensions ['ignore', 'ignore_ament_install']
[3.381s] Level 1:colcon.colcon_core.package_identification:_identify(Smarte-Systemer---Rover/min_sens_best_practice/src) by extension 'ignore'
[3.381s] Level 1:colcon.colcon_core.package_identification:_identify(Smarte-Systemer---Rover/min_sens_best_practice/src) by extension 'ignore_ament_install'
[3.382s] Level 1:colcon.colcon_core.package_identification:_identify(Smarte-Systemer---Rover/min_sens_best_practice/src) by extensions ['colcon_pkg']
[3.382s] Level 1:colcon.colcon_core.package_identification:_identify(Smarte-Systemer---Rover/min_sens_best_practice/src) by extension 'colcon_pkg'
[3.383s] Level 1:colcon.colcon_core.package_identification:_identify(Smarte-Systemer---Rover/min_sens_best_practice/src) by extensions ['colcon_meta']
[3.384s] Level 1:colcon.colcon_core.package_identification:_identify(Smarte-Systemer---Rover/min_sens_best_practice/src) by extension 'colcon_meta'
[3.384s] Level 1:colcon.colcon_core.package_identification:_identify(Smarte-Systemer---Rover/min_sens_best_practice/src) by extensions ['ros']
[3.385s] Level 1:colcon.colcon_core.package_identification:_identify(Smarte-Systemer---Rover/min_sens_best_practice/src) by extension 'ros'
[3.386s] Level 1:colcon.colcon_core.package_identification:_identify(Smarte-Systemer---Rover/min_sens_best_practice/src) by extensions ['cmake', 'python']
[3.386s] Level 1:colcon.colcon_core.package_identification:_identify(Smarte-Systemer---Rover/min_sens_best_practice/src) by extension 'cmake'
[3.387s] Level 1:colcon.colcon_core.package_identification:_identify(Smarte-Systemer---Rover/min_sens_best_practice/src) by extension 'python'
[3.387s] Level 1:colcon.colcon_core.package_identification:_identify(Smarte-Systemer---Rover/min_sens_best_practice/src) by extensions ['python_setup_py']
[3.388s] Level 1:colcon.colcon_core.package_identification:_identify(Smarte-Systemer---Rover/min_sens_best_practice/src) by extension 'python_setup_py'
[3.389s] Level 1:colcon.colcon_core.package_identification:_identify(Smarte-Systemer---Rover/min_sens_best_practice/src/actuators) by extensions ['ignore', 'ignore_ament_install']
[3.390s] Level 1:colcon.colcon_core.package_identification:_identify(Smarte-Systemer---Rover/min_sens_best_practice/src/actuators) by extension 'ignore'
[3.391s] Level 1:colcon.colcon_core.package_identification:_identify(Smarte-Systemer---Rover/min_sens_best_practice/src/actuators) by extension 'ignore_ament_install'
[3.391s] Level 1:colcon.colcon_core.package_identification:_identify(Smarte-Systemer---Rover/min_sens_best_practice/src/actuators) by extensions ['colcon_pkg']
[3.392s] Level 1:colcon.colcon_core.package_identification:_identify(Smarte-Systemer---Rover/min_sens_best_practice/src/actuators) by extension 'colcon_pkg'
[3.392s] Level 1:colcon.colcon_core.package_identification:_identify(Smarte-Systemer---Rover/min_sens_best_practice/src/actuators) by extensions ['colcon_meta']
[3.393s] Level 1:colcon.colcon_core.package_identification:_identify(Smarte-Systemer---Rover/min_sens_best_practice/src/actuators) by extension 'colcon_meta'
[3.394s] Level 1:colcon.colcon_core.package_identification:_identify(Smarte-Systemer---Rover/min_sens_best_practice/src/actuators) by extensions ['ros']
[3.394s] Level 1:colcon.colcon_core.package_identification:_identify(Smarte-Systemer---Rover/min_sens_best_practice/src/actuators) by extension 'ros'
[3.395s] Level 1:colcon.colcon_core.package_identification:_identify(Smarte-Systemer---Rover/min_sens_best_practice/src/actuators) by extensions ['cmake', 'python']
[3.395s] Level 1:colcon.colcon_core.package_identification:_identify(Smarte-Systemer---Rover/min_sens_best_practice/src/actuators) by extension 'cmake'
[3.396s] Level 1:colcon.colcon_core.package_identification:_identify(Smarte-Systemer---Rover/min_sens_best_practice/src/actuators) by extension 'python'
[3.396s] Level 1:colcon.colcon_core.package_identification:_identify(Smarte-Systemer---Rover/min_sens_best_practice/src/actuators) by extensions ['python_setup_py']
[3.397s] Level 1:colcon.colcon_core.package_identification:_identify(Smarte-Systemer---Rover/min_sens_best_practice/src/actuators) by extension 'python_setup_py'
[3.398s] Level 1:colcon.colcon_core.package_identification:_identify(Smarte-Systemer---Rover/min_sens_best_practice/src/controller) by extensions ['ignore', 'ignore_ament_install']
[3.399s] Level 1:colcon.colcon_core.package_identification:_identify(Smarte-Systemer---Rover/min_sens_best_practice/src/controller) by extension 'ignore'
[3.400s] Level 1:colcon.colcon_core.package_identification:_identify(Smarte-Systemer---Rover/min_sens_best_practice/src/controller) by extension 'ignore_ament_install'
[3.401s] Level 1:colcon.colcon_core.package_identification:_identify(Smarte-Systemer---Rover/min_sens_best_practice/src/controller) by extensions ['colcon_pkg']
[3.401s] Level 1:colcon.colcon_core.package_identification:_identify(Smarte-Systemer---Rover/min_sens_best_practice/src/controller) by extension 'colcon_pkg'
[3.401s] Level 1:colcon.colcon_core.package_identification:_identify(Smarte-Systemer---Rover/min_sens_best_practice/src/controller) by extensions ['colcon_meta']
[3.402s] Level 1:colcon.colcon_core.package_identification:_identify(Smarte-Systemer---Rover/min_sens_best_practice/src/controller) by extension 'colcon_meta'
[3.402s] Level 1:colcon.colcon_core.package_identification:_identify(Smarte-Systemer---Rover/min_sens_best_practice/src/controller) by extensions ['ros']
[3.403s] Level 1:colcon.colcon_core.package_identification:_identify(Smarte-Systemer---Rover/min_sens_best_practice/src/controller) by extension 'ros'
[3.404s] Level 1:colcon.colcon_core.package_identification:_identify(Smarte-Systemer---Rover/min_sens_best_practice/src/controller) by extensions ['cmake', 'python']
[3.404s] Level 1:colcon.colcon_core.package_identification:_identify(Smarte-Systemer---Rover/min_sens_best_practice/src/controller) by extension 'cmake'
[3.405s] Level 1:colcon.colcon_core.package_identification:_identify(Smarte-Systemer---Rover/min_sens_best_practice/src/controller) by extension 'python'
[3.405s] Level 1:colcon.colcon_core.package_identification:_identify(Smarte-Systemer---Rover/min_sens_best_practice/src/controller) by extensions ['python_setup_py']
[3.406s] Level 1:colcon.colcon_core.package_identification:_identify(Smarte-Systemer---Rover/min_sens_best_practice/src/controller) by extension 'python_setup_py'
[3.407s] Level 1:colcon.colcon_core.package_identification:_identify(Smarte-Systemer---Rover/min_sens_best_practice/src/sensors) by extensions ['ignore', 'ignore_ament_install']
[3.408s] Level 1:colcon.colcon_core.package_identification:_identify(Smarte-Systemer---Rover/min_sens_best_practice/src/sensors) by extension 'ignore'
[3.409s] Level 1:colcon.colcon_core.package_identification:_identify(Smarte-Systemer---Rover/min_sens_best_practice/src/sensors) by extension 'ignore_ament_install'
[3.409s] Level 1:colcon.colcon_core.package_identification:_identify(Smarte-Systemer---Rover/min_sens_best_practice/src/sensors) by extensions ['colcon_pkg']
[3.410s] Level 1:colcon.colcon_core.package_identification:_identify(Smarte-Systemer---Rover/min_sens_best_practice/src/sensors) by extension 'colcon_pkg'
[3.410s] Level 1:colcon.colcon_core.package_identification:_identify(Smarte-Systemer---Rover/min_sens_best_practice/src/sensors) by extensions ['colcon_meta']
[3.411s] Level 1:colcon.colcon_core.package_identification:_identify(Smarte-Systemer---Rover/min_sens_best_practice/src/sensors) by extension 'colcon_meta'
[3.412s] Level 1:colcon.colcon_core.package_identification:_identify(Smarte-Systemer---Rover/min_sens_best_practice/src/sensors) by extensions ['ros']
[3.412s] Level 1:colcon.colcon_core.package_identification:_identify(Smarte-Systemer---Rover/min_sens_best_practice/src/sensors) by extension 'ros'
[3.413s] Level 1:colcon.colcon_core.package_identification:_identify(Smarte-Systemer---Rover/min_sens_best_practice/src/sensors) by extensions ['cmake', 'python']
[3.413s] Level 1:colcon.colcon_core.package_identification:_identify(Smarte-Systemer---Rover/min_sens_best_practice/src/sensors) by extension 'cmake'
[3.414s] Level 1:colcon.colcon_core.package_identification:_identify(Smarte-Systemer---Rover/min_sens_best_practice/src/sensors) by extension 'python'
[3.414s] Level 1:colcon.colcon_core.package_identification:_identify(Smarte-Systemer---Rover/min_sens_best_practice/src/sensors) by extensions ['python_setup_py']
[3.415s] Level 1:colcon.colcon_core.package_identification:_identify(Smarte-Systemer---Rover/min_sens_best_practice/src/sensors) by extension 'python_setup_py'
[3.416s] Level 1:colcon.colcon_core.package_identification:_identify(Smarte-Systemer---Rover/min_sens_best_practice/test) by extensions ['ignore', 'ignore_ament_install']
[3.417s] Level 1:colcon.colcon_core.package_identification:_identify(Smarte-Systemer---Rover/min_sens_best_practice/test) by extension 'ignore'
[3.417s] Level 1:colcon.colcon_core.package_identification:_identify(Smarte-Systemer---Rover/min_sens_best_practice/test) by extension 'ignore_ament_install'
[3.418s] Level 1:colcon.colcon_core.package_identification:_identify(Smarte-Systemer---Rover/min_sens_best_practice/test) by extensions ['colcon_pkg']
[3.419s] Level 1:colcon.colcon_core.package_identification:_identify(Smarte-Systemer---Rover/min_sens_best_practice/test) by extension 'colcon_pkg'
[3.419s] Level 1:colcon.colcon_core.package_identification:_identify(Smarte-Systemer---Rover/min_sens_best_practice/test) by extensions ['colcon_meta']
[3.419s] Level 1:colcon.colcon_core.package_identification:_identify(Smarte-Systemer---Rover/min_sens_best_practice/test) by extension 'colcon_meta'
[3.420s] Level 1:colcon.colcon_core.package_identification:_identify(Smarte-Systemer---Rover/min_sens_best_practice/test) by extensions ['ros']
[3.420s] Level 1:colcon.colcon_core.package_identification:_identify(Smarte-Systemer---Rover/min_sens_best_practice/test) by extension 'ros'
[3.422s] Level 1:colcon.colcon_core.package_identification:_identify(Smarte-Systemer---Rover/min_sens_best_practice/test) by extensions ['cmake', 'python']
[3.422s] Level 1:colcon.colcon_core.package_identification:_identify(Smarte-Systemer---Rover/min_sens_best_practice/test) by extension 'cmake'
[3.422s] Level 1:colcon.colcon_core.package_identification:_identify(Smarte-Systemer---Rover/min_sens_best_practice/test) by extension 'python'
[3.423s] Level 1:colcon.colcon_core.package_identification:_identify(Smarte-Systemer---Rover/min_sens_best_practice/test) by extensions ['python_setup_py']
[3.423s] Level 1:colcon.colcon_core.package_identification:_identify(Smarte-Systemer---Rover/min_sens_best_practice/test) by extension 'python_setup_py'
[3.425s] Level 1:colcon.colcon_core.package_identification:_identify(Smarte-Systemer---Rover/sensorer_arduino_best_practice) by extensions ['ignore', 'ignore_ament_install']
[3.426s] Level 1:colcon.colcon_core.package_identification:_identify(Smarte-Systemer---Rover/sensorer_arduino_best_practice) by extension 'ignore'
[3.426s] Level 1:colcon.colcon_core.package_identification:_identify(Smarte-Systemer---Rover/sensorer_arduino_best_practice) by extension 'ignore_ament_install'
[3.427s] Level 1:colcon.colcon_core.package_identification:_identify(Smarte-Systemer---Rover/sensorer_arduino_best_practice) by extensions ['colcon_pkg']
[3.427s] Level 1:colcon.colcon_core.package_identification:_identify(Smarte-Systemer---Rover/sensorer_arduino_best_practice) by extension 'colcon_pkg'
[3.428s] Level 1:colcon.colcon_core.package_identification:_identify(Smarte-Systemer---Rover/sensorer_arduino_best_practice) by extensions ['colcon_meta']
[3.428s] Level 1:colcon.colcon_core.package_identification:_identify(Smarte-Systemer---Rover/sensorer_arduino_best_practice) by extension 'colcon_meta'
[3.429s] Level 1:colcon.colcon_core.package_identification:_identify(Smarte-Systemer---Rover/sensorer_arduino_best_practice) by extensions ['ros']
[3.429s] Level 1:colcon.colcon_core.package_identification:_identify(Smarte-Systemer---Rover/sensorer_arduino_best_practice) by extension 'ros'
[3.430s] Level 1:colcon.colcon_core.package_identification:_identify(Smarte-Systemer---Rover/sensorer_arduino_best_practice) by extensions ['cmake', 'python']
[3.431s] Level 1:colcon.colcon_core.package_identification:_identify(Smarte-Systemer---Rover/sensorer_arduino_best_practice) by extension 'cmake'
[3.431s] Level 1:colcon.colcon_core.package_identification:_identify(Smarte-Systemer---Rover/sensorer_arduino_best_practice) by extension 'python'
[3.432s] Level 1:colcon.colcon_core.package_identification:_identify(Smarte-Systemer---Rover/sensorer_arduino_best_practice) by extensions ['python_setup_py']
[3.432s] Level 1:colcon.colcon_core.package_identification:_identify(Smarte-Systemer---Rover/sensorer_arduino_best_practice) by extension 'python_setup_py'
[3.434s] Level 1:colcon.colcon_core.package_identification:_identify(Smarte-Systemer---Rover/sensorer_arduino_best_practice/include) by extensions ['ignore', 'ignore_ament_install']
[3.435s] Level 1:colcon.colcon_core.package_identification:_identify(Smarte-Systemer---Rover/sensorer_arduino_best_practice/include) by extension 'ignore'
[3.435s] Level 1:colcon.colcon_core.package_identification:_identify(Smarte-Systemer---Rover/sensorer_arduino_best_practice/include) by extension 'ignore_ament_install'
[3.436s] Level 1:colcon.colcon_core.package_identification:_identify(Smarte-Systemer---Rover/sensorer_arduino_best_practice/include) by extensions ['colcon_pkg']
[3.436s] Level 1:colcon.colcon_core.package_identification:_identify(Smarte-Systemer---Rover/sensorer_arduino_best_practice/include) by extension 'colcon_pkg'
[3.437s] Level 1:colcon.colcon_core.package_identification:_identify(Smarte-Systemer---Rover/sensorer_arduino_best_practice/include) by extensions ['colcon_meta']
[3.437s] Level 1:colcon.colcon_core.package_identification:_identify(Smarte-Systemer---Rover/sensorer_arduino_best_practice/include) by extension 'colcon_meta'
[3.438s] Level 1:colcon.colcon_core.package_identification:_identify(Smarte-Systemer---Rover/sensorer_arduino_best_practice/include) by extensions ['ros']
[3.438s] Level 1:colcon.colcon_core.package_identification:_identify(Smarte-Systemer---Rover/sensorer_arduino_best_practice/include) by extension 'ros'
[3.439s] Level 1:colcon.colcon_core.package_identification:_identify(Smarte-Systemer---Rover/sensorer_arduino_best_practice/include) by extensions ['cmake', 'python']
[3.440s] Level 1:colcon.colcon_core.package_identification:_identify(Smarte-Systemer---Rover/sensorer_arduino_best_practice/include) by extension 'cmake'
[3.440s] Level 1:colcon.colcon_core.package_identification:_identify(Smarte-Systemer---Rover/sensorer_arduino_best_practice/include) by extension 'python'
[3.441s] Level 1:colcon.colcon_core.package_identification:_identify(Smarte-Systemer---Rover/sensorer_arduino_best_practice/include) by extensions ['python_setup_py']
[3.441s] Level 1:colcon.colcon_core.package_identification:_identify(Smarte-Systemer---Rover/sensorer_arduino_best_practice/include) by extension 'python_setup_py'
[3.442s] Level 1:colcon.colcon_core.package_identification:_identify(Smarte-Systemer---Rover/sensorer_arduino_best_practice/lib) by extensions ['ignore', 'ignore_ament_install']
[3.444s] Level 1:colcon.colcon_core.package_identification:_identify(Smarte-Systemer---Rover/sensorer_arduino_best_practice/lib) by extension 'ignore'
[3.444s] Level 1:colcon.colcon_core.package_identification:_identify(Smarte-Systemer---Rover/sensorer_arduino_best_practice/lib) by extension 'ignore_ament_install'
[3.445s] Level 1:colcon.colcon_core.package_identification:_identify(Smarte-Systemer---Rover/sensorer_arduino_best_practice/lib) by extensions ['colcon_pkg']
[3.445s] Level 1:colcon.colcon_core.package_identification:_identify(Smarte-Systemer---Rover/sensorer_arduino_best_practice/lib) by extension 'colcon_pkg'
[3.446s] Level 1:colcon.colcon_core.package_identification:_identify(Smarte-Systemer---Rover/sensorer_arduino_best_practice/lib) by extensions ['colcon_meta']
[3.446s] Level 1:colcon.colcon_core.package_identification:_identify(Smarte-Systemer---Rover/sensorer_arduino_best_practice/lib) by extension 'colcon_meta'
[3.447s] Level 1:colcon.colcon_core.package_identification:_identify(Smarte-Systemer---Rover/sensorer_arduino_best_practice/lib) by extensions ['ros']
[3.447s] Level 1:colcon.colcon_core.package_identification:_identify(Smarte-Systemer---Rover/sensorer_arduino_best_practice/lib) by extension 'ros'
[3.448s] Level 1:colcon.colcon_core.package_identification:_identify(Smarte-Systemer---Rover/sensorer_arduino_best_practice/lib) by extensions ['cmake', 'python']
[3.449s] Level 1:colcon.colcon_core.package_identification:_identify(Smarte-Systemer---Rover/sensorer_arduino_best_practice/lib) by extension 'cmake'
[3.449s] Level 1:colcon.colcon_core.package_identification:_identify(Smarte-Systemer---Rover/sensorer_arduino_best_practice/lib) by extension 'python'
[3.450s] Level 1:colcon.colcon_core.package_identification:_identify(Smarte-Systemer---Rover/sensorer_arduino_best_practice/lib) by extensions ['python_setup_py']
[3.450s] Level 1:colcon.colcon_core.package_identification:_identify(Smarte-Systemer---Rover/sensorer_arduino_best_practice/lib) by extension 'python_setup_py'
[3.452s] Level 1:colcon.colcon_core.package_identification:_identify(Smarte-Systemer---Rover/sensorer_arduino_best_practice/src) by extensions ['ignore', 'ignore_ament_install']
[3.452s] Level 1:colcon.colcon_core.package_identification:_identify(Smarte-Systemer---Rover/sensorer_arduino_best_practice/src) by extension 'ignore'
[3.453s] Level 1:colcon.colcon_core.package_identification:_identify(Smarte-Systemer---Rover/sensorer_arduino_best_practice/src) by extension 'ignore_ament_install'
[3.454s] Level 1:colcon.colcon_core.package_identification:_identify(Smarte-Systemer---Rover/sensorer_arduino_best_practice/src) by extensions ['colcon_pkg']
[3.454s] Level 1:colcon.colcon_core.package_identification:_identify(Smarte-Systemer---Rover/sensorer_arduino_best_practice/src) by extension 'colcon_pkg'
[3.455s] Level 1:colcon.colcon_core.package_identification:_identify(Smarte-Systemer---Rover/sensorer_arduino_best_practice/src) by extensions ['colcon_meta']
[3.455s] Level 1:colcon.colcon_core.package_identification:_identify(Smarte-Systemer---Rover/sensorer_arduino_best_practice/src) by extension 'colcon_meta'
[3.456s] Level 1:colcon.colcon_core.package_identification:_identify(Smarte-Systemer---Rover/sensorer_arduino_best_practice/src) by extensions ['ros']
[3.456s] Level 1:colcon.colcon_core.package_identification:_identify(Smarte-Systemer---Rover/sensorer_arduino_best_practice/src) by extension 'ros'
[3.457s] Level 1:colcon.colcon_core.package_identification:_identify(Smarte-Systemer---Rover/sensorer_arduino_best_practice/src) by extensions ['cmake', 'python']
[3.457s] Level 1:colcon.colcon_core.package_identification:_identify(Smarte-Systemer---Rover/sensorer_arduino_best_practice/src) by extension 'cmake'
[3.458s] Level 1:colcon.colcon_core.package_identification:_identify(Smarte-Systemer---Rover/sensorer_arduino_best_practice/src) by extension 'python'
[3.458s] Level 1:colcon.colcon_core.package_identification:_identify(Smarte-Systemer---Rover/sensorer_arduino_best_practice/src) by extensions ['python_setup_py']
[3.459s] Level 1:colcon.colcon_core.package_identification:_identify(Smarte-Systemer---Rover/sensorer_arduino_best_practice/src) by extension 'python_setup_py'
[3.460s] Level 1:colcon.colcon_core.package_identification:_identify(Smarte-Systemer---Rover/sensorer_arduino_best_practice/test) by extensions ['ignore', 'ignore_ament_install']
[3.461s] Level 1:colcon.colcon_core.package_identification:_identify(Smarte-Systemer---Rover/sensorer_arduino_best_practice/test) by extension 'ignore'
[3.462s] Level 1:colcon.colcon_core.package_identification:_identify(Smarte-Systemer---Rover/sensorer_arduino_best_practice/test) by extension 'ignore_ament_install'
[3.462s] Level 1:colcon.colcon_core.package_identification:_identify(Smarte-Systemer---Rover/sensorer_arduino_best_practice/test) by extensions ['colcon_pkg']
[3.463s] Level 1:colcon.colcon_core.package_identification:_identify(Smarte-Systemer---Rover/sensorer_arduino_best_practice/test) by extension 'colcon_pkg'
[3.463s] Level 1:colcon.colcon_core.package_identification:_identify(Smarte-Systemer---Rover/sensorer_arduino_best_practice/test) by extensions ['colcon_meta']
[3.464s] Level 1:colcon.colcon_core.package_identification:_identify(Smarte-Systemer---Rover/sensorer_arduino_best_practice/test) by extension 'colcon_meta'
[3.464s] Level 1:colcon.colcon_core.package_identification:_identify(Smarte-Systemer---Rover/sensorer_arduino_best_practice/test) by extensions ['ros']
[3.465s] Level 1:colcon.colcon_core.package_identification:_identify(Smarte-Systemer---Rover/sensorer_arduino_best_practice/test) by extension 'ros'
[3.466s] Level 1:colcon.colcon_core.package_identification:_identify(Smarte-Systemer---Rover/sensorer_arduino_best_practice/test) by extensions ['cmake', 'python']
[3.466s] Level 1:colcon.colcon_core.package_identification:_identify(Smarte-Systemer---Rover/sensorer_arduino_best_practice/test) by extension 'cmake'
[3.467s] Level 1:colcon.colcon_core.package_identification:_identify(Smarte-Systemer---Rover/sensorer_arduino_best_practice/test) by extension 'python'
[3.468s] Level 1:colcon.colcon_core.package_identification:_identify(Smarte-Systemer---Rover/sensorer_arduino_best_practice/test) by extensions ['python_setup_py']
[3.468s] Level 1:colcon.colcon_core.package_identification:_identify(Smarte-Systemer---Rover/sensorer_arduino_best_practice/test) by extension 'python_setup_py'
[3.470s] Level 1:colcon.colcon_core.package_identification:_identify(arduino_bridge) by extensions ['ignore', 'ignore_ament_install']
[3.471s] Level 1:colcon.colcon_core.package_identification:_identify(arduino_bridge) by extension 'ignore'
[3.472s] Level 1:colcon.colcon_core.package_identification:_identify(arduino_bridge) by extension 'ignore_ament_install'
[3.473s] Level 1:colcon.colcon_core.package_identification:_identify(arduino_bridge) by extensions ['colcon_pkg']
[3.473s] Level 1:colcon.colcon_core.package_identification:_identify(arduino_bridge) by extension 'colcon_pkg'
[3.474s] Level 1:colcon.colcon_core.package_identification:_identify(arduino_bridge) by extensions ['colcon_meta']
[3.474s] Level 1:colcon.colcon_core.package_identification:_identify(arduino_bridge) by extension 'colcon_meta'
[3.475s] Level 1:colcon.colcon_core.package_identification:_identify(arduino_bridge) by extensions ['ros']
[3.475s] Level 1:colcon.colcon_core.package_identification:_identify(arduino_bridge) by extension 'ros'
[3.498s] DEBUG:colcon.colcon_core.package_identification:Package 'arduino_bridge' with type 'ros.ament_python' and name 'arduino_bridge'
[3.500s] Level 1:colcon.colcon_core.package_identification:_identify(autonomous_rover) by extensions ['ignore', 'ignore_ament_install']
[3.501s] Level 1:colcon.colcon_core.package_identification:_identify(autonomous_rover) by extension 'ignore'
[3.501s] Level 1:colcon.colcon_core.package_identification:_identify(autonomous_rover) by extension 'ignore_ament_install'
[3.502s] Level 1:colcon.colcon_core.package_identification:_identify(autonomous_rover) by extensions ['colcon_pkg']
[3.502s] Level 1:colcon.colcon_core.package_identification:_identify(autonomous_rover) by extension 'colcon_pkg'
[3.503s] Level 1:colcon.colcon_core.package_identification:_identify(autonomous_rover) by extensions ['colcon_meta']
[3.503s] Level 1:colcon.colcon_core.package_identification:_identify(autonomous_rover) by extension 'colcon_meta'
[3.504s] Level 1:colcon.colcon_core.package_identification:_identify(autonomous_rover) by extensions ['ros']
[3.504s] Level 1:colcon.colcon_core.package_identification:_identify(autonomous_rover) by extension 'ros'
[3.510s] DEBUG:colcon.colcon_core.package_identification:Package 'autonomous_rover' with type 'ros.ament_cmake' and name 'autonomous_rover'
[3.512s] Level 1:colcon.colcon_core.package_identification:_identify(build) by extensions ['ignore', 'ignore_ament_install']
[3.513s] Level 1:colcon.colcon_core.package_identification:_identify(build) by extension 'ignore'
[3.513s] Level 1:colcon.colcon_core.package_identification:_identify(build) ignored
[3.514s] Level 1:colcon.colcon_core.package_identification:_identify(carto_localization) by extensions ['ignore', 'ignore_ament_install']
[3.515s] Level 1:colcon.colcon_core.package_identification:_identify(carto_localization) by extension 'ignore'
[3.516s] Level 1:colcon.colcon_core.package_identification:_identify(carto_localization) by extension 'ignore_ament_install'
[3.517s] Level 1:colcon.colcon_core.package_identification:_identify(carto_localization) by extensions ['colcon_pkg']
[3.517s] Level 1:colcon.colcon_core.package_identification:_identify(carto_localization) by extension 'colcon_pkg'
[3.517s] Level 1:colcon.colcon_core.package_identification:_identify(carto_localization) by extensions ['colcon_meta']
[3.518s] Level 1:colcon.colcon_core.package_identification:_identify(carto_localization) by extension 'colcon_meta'
[3.518s] Level 1:colcon.colcon_core.package_identification:_identify(carto_localization) by extensions ['ros']
[3.519s] Level 1:colcon.colcon_core.package_identification:_identify(carto_localization) by extension 'ros'
[3.524s] DEBUG:colcon.colcon_core.package_identification:Package 'carto_localization' with type 'ros.catkin' and name 'carto_localization'
[3.525s] Level 1:colcon.colcon_core.package_identification:_identify(install) by extensions ['ignore', 'ignore_ament_install']
[3.526s] Level 1:colcon.colcon_core.package_identification:_identify(install) by extension 'ignore'
[3.527s] Level 1:colcon.colcon_core.package_identification:_identify(install) ignored
[3.528s] Level 1:colcon.colcon_core.package_identification:_identify(ldlidar_stl_ros2) by extensions ['ignore', 'ignore_ament_install']
[3.529s] Level 1:colcon.colcon_core.package_identification:_identify(ldlidar_stl_ros2) by extension 'ignore'
[3.530s] Level 1:colcon.colcon_core.package_identification:_identify(ldlidar_stl_ros2) by extension 'ignore_ament_install'
[3.530s] Level 1:colcon.colcon_core.package_identification:_identify(ldlidar_stl_ros2) by extensions ['colcon_pkg']
[3.531s] Level 1:colcon.colcon_core.package_identification:_identify(ldlidar_stl_ros2) by extension 'colcon_pkg'
[3.531s] Level 1:colcon.colcon_core.package_identification:_identify(ldlidar_stl_ros2) by extensions ['colcon_meta']
[3.532s] Level 1:colcon.colcon_core.package_identification:_identify(ldlidar_stl_ros2) by extension 'colcon_meta'
[3.532s] Level 1:colcon.colcon_core.package_identification:_identify(ldlidar_stl_ros2) by extensions ['ros']
[3.533s] Level 1:colcon.colcon_core.package_identification:_identify(ldlidar_stl_ros2) by extension 'ros'
[3.539s] DEBUG:colcon.colcon_core.package_identification:Package 'ldlidar_stl_ros2' with type 'ros.ament_cmake' and name 'ldlidar_stl_ros2'
[3.541s] Level 1:colcon.colcon_core.package_identification:_identify(log) by extensions ['ignore', 'ignore_ament_install']
[3.542s] Level 1:colcon.colcon_core.package_identification:_identify(log) by extension 'ignore'
[3.542s] Level 1:colcon.colcon_core.package_identification:_identify(log) ignored
[3.544s] Level 1:colcon.colcon_core.package_identification:_identify(ros2-system-monitor) by extensions ['ignore', 'ignore_ament_install']
[3.545s] Level 1:colcon.colcon_core.package_identification:_identify(ros2-system-monitor) by extension 'ignore'
[3.545s] Level 1:colcon.colcon_core.package_identification:_identify(ros2-system-monitor) by extension 'ignore_ament_install'
[3.546s] Level 1:colcon.colcon_core.package_identification:_identify(ros2-system-monitor) by extensions ['colcon_pkg']
[3.546s] Level 1:colcon.colcon_core.package_identification:_identify(ros2-system-monitor) by extension 'colcon_pkg'
[3.547s] Level 1:colcon.colcon_core.package_identification:_identify(ros2-system-monitor) by extensions ['colcon_meta']
[3.547s] Level 1:colcon.colcon_core.package_identification:_identify(ros2-system-monitor) by extension 'colcon_meta'
[3.548s] Level 1:colcon.colcon_core.package_identification:_identify(ros2-system-monitor) by extensions ['ros']
[3.548s] Level 1:colcon.colcon_core.package_identification:_identify(ros2-system-monitor) by extension 'ros'
[3.556s] DEBUG:colcon.colcon_core.package_identification:Package 'ros2-system-monitor' with type 'ros.ament_cmake' and name 'ros2_system_monitor'
[3.558s] Level 1:colcon.colcon_core.package_identification:_identify(ros2_temperature_tracker) by extensions ['ignore', 'ignore_ament_install']
[3.558s] Level 1:colcon.colcon_core.package_identification:_identify(ros2_temperature_tracker) by extension 'ignore'
[3.559s] Level 1:colcon.colcon_core.package_identification:_identify(ros2_temperature_tracker) by extension 'ignore_ament_install'
[3.560s] Level 1:colcon.colcon_core.package_identification:_identify(ros2_temperature_tracker) by extensions ['colcon_pkg']
[3.560s] Level 1:colcon.colcon_core.package_identification:_identify(ros2_temperature_tracker) by extension 'colcon_pkg'
[3.561s] Level 1:colcon.colcon_core.package_identification:_identify(ros2_temperature_tracker) by extensions ['colcon_meta']
[3.561s] Level 1:colcon.colcon_core.package_identification:_identify(ros2_temperature_tracker) by extension 'colcon_meta'
[3.562s] Level 1:colcon.colcon_core.package_identification:_identify(ros2_temperature_tracker) by extensions ['ros']
[3.562s] Level 1:colcon.colcon_core.package_identification:_identify(ros2_temperature_tracker) by extension 'ros'
[3.569s] DEBUG:colcon.colcon_core.package_identification:Package 'ros2_temperature_tracker' with type 'ros.ament_python' and name 'temperature_tracker'
[3.571s] Level 1:colcon.colcon_core.package_identification:_identify(rover_driver) by extensions ['ignore', 'ignore_ament_install']
[3.572s] Level 1:colcon.colcon_core.package_identification:_identify(rover_driver) by extension 'ignore'
[3.572s] Level 1:colcon.colcon_core.package_identification:_identify(rover_driver) by extension 'ignore_ament_install'
[3.573s] Level 1:colcon.colcon_core.package_identification:_identify(rover_driver) by extensions ['colcon_pkg']
[3.573s] Level 1:colcon.colcon_core.package_identification:_identify(rover_driver) by extension 'colcon_pkg'
[3.574s] Level 1:colcon.colcon_core.package_identification:_identify(rover_driver) by extensions ['colcon_meta']
[3.574s] Level 1:colcon.colcon_core.package_identification:_identify(rover_driver) by extension 'colcon_meta'
[3.575s] Level 1:colcon.colcon_core.package_identification:_identify(rover_driver) by extensions ['ros']
[3.575s] Level 1:colcon.colcon_core.package_identification:_identify(rover_driver) by extension 'ros'
[3.580s] DEBUG:colcon.colcon_core.package_identification:Package 'rover_driver' with type 'ros.ament_python' and name 'rover_driver'
[3.582s] Level 1:colcon.colcon_core.package_identification:_identify(sensehat_cpp) by extensions ['ignore', 'ignore_ament_install']
[3.582s] Level 1:colcon.colcon_core.package_identification:_identify(sensehat_cpp) by extension 'ignore'
[3.583s] Level 1:colcon.colcon_core.package_identification:_identify(sensehat_cpp) by extension 'ignore_ament_install'
[3.584s] Level 1:colcon.colcon_core.package_identification:_identify(sensehat_cpp) by extensions ['colcon_pkg']
[3.584s] Level 1:colcon.colcon_core.package_identification:_identify(sensehat_cpp) by extension 'colcon_pkg'
[3.585s] Level 1:colcon.colcon_core.package_identification:_identify(sensehat_cpp) by extensions ['colcon_meta']
[3.585s] Level 1:colcon.colcon_core.package_identification:_identify(sensehat_cpp) by extension 'colcon_meta'
[3.586s] Level 1:colcon.colcon_core.package_identification:_identify(sensehat_cpp) by extensions ['ros']
[3.586s] Level 1:colcon.colcon_core.package_identification:_identify(sensehat_cpp) by extension 'ros'
[3.593s] DEBUG:colcon.colcon_core.package_identification:Package 'sensehat_cpp' with type 'ros.ament_cmake' and name 'sensehat_cpp'
[3.594s] Level 1:colcon.colcon_core.package_identification:_identify(sensehat_ros) by extensions ['ignore', 'ignore_ament_install']
[3.595s] Level 1:colcon.colcon_core.package_identification:_identify(sensehat_ros) by extension 'ignore'
[3.596s] Level 1:colcon.colcon_core.package_identification:_identify(sensehat_ros) by extension 'ignore_ament_install'
[3.597s] Level 1:colcon.colcon_core.package_identification:_identify(sensehat_ros) by extensions ['colcon_pkg']
[3.597s] Level 1:colcon.colcon_core.package_identification:_identify(sensehat_ros) by extension 'colcon_pkg'
[3.598s] Level 1:colcon.colcon_core.package_identification:_identify(sensehat_ros) by extensions ['colcon_meta']
[3.598s] Level 1:colcon.colcon_core.package_identification:_identify(sensehat_ros) by extension 'colcon_meta'
[3.598s] Level 1:colcon.colcon_core.package_identification:_identify(sensehat_ros) by extensions ['ros']
[3.599s] Level 1:colcon.colcon_core.package_identification:_identify(sensehat_ros) by extension 'ros'
[3.608s] DEBUG:colcon.colcon_core.package_identification:Package 'sensehat_ros' with type 'ros.ament_python' and name 'sensehat_ros'
[3.608s] Level 1:colcon.colcon_core.package_discovery:discover_packages(recursive) using defaults
[3.609s] Level 1:colcon.colcon_core.package_discovery:discover_packages(ignore) discover
[3.609s] Level 1:colcon.colcon_core.package_discovery:discover_packages(ignore) using defaults
[3.609s] Level 1:colcon.colcon_core.package_discovery:discover_packages(path) discover
[3.610s] Level 1:colcon.colcon_core.package_discovery:discover_packages(path) using defaults
