running egg_info
writing ../build/temperature_tracker/temperature_tracker.egg-info/PKG-INFO
writing dependency_links to ../build/temperature_tracker/temperature_tracker.egg-info/dependency_links.txt
writing entry points to ../build/temperature_tracker/temperature_tracker.egg-info/entry_points.txt
writing requirements to ../build/temperature_tracker/temperature_tracker.egg-info/requires.txt
writing top-level names to ../build/temperature_tracker/temperature_tracker.egg-info/top_level.txt
reading manifest file '../build/temperature_tracker/temperature_tracker.egg-info/SOURCES.txt'
adding license file 'LICENSE'
writing manifest file '../build/temperature_tracker/temperature_tracker.egg-info/SOURCES.txt'
running build
running build_py
running install
running install_lib
running install_data
running install_egg_info
removing '/home/creampi/ros2_ws/src/install/temperature_tracker/lib/python3.10/site-packages/temperature_tracker-0.1.0-py3.10.egg-info' (and everything under it)
Copying ../build/temperature_tracker/temperature_tracker.egg-info to /home/creampi/ros2_ws/src/install/temperature_tracker/lib/python3.10/site-packages/temperature_tracker-0.1.0-py3.10.egg-info
running install_scripts
Installing temperature_tracker script to /home/creampi/ros2_ws/src/install/temperature_tracker/lib/temperature_tracker
writing list of installed files to '/home/creampi/ros2_ws/src/build/temperature_tracker/install.log'
