running develop
Removing /home/sp/PC_REPO/install/gui_pkg/lib/python3.10/site-packages/gui-pkg.egg-link (link to .)
running egg_info
writing ../../build/gui_pkg/gui_pkg.egg-info/PKG-INFO
writing dependency_links to ../../build/gui_pkg/gui_pkg.egg-info/dependency_links.txt
writing entry points to ../../build/gui_pkg/gui_pkg.egg-info/entry_points.txt
writing requirements to ../../build/gui_pkg/gui_pkg.egg-info/requires.txt
writing top-level names to ../../build/gui_pkg/gui_pkg.egg-info/top_level.txt
reading manifest file '../../build/gui_pkg/gui_pkg.egg-info/SOURCES.txt'
writing manifest file '../../build/gui_pkg/gui_pkg.egg-info/SOURCES.txt'
running build
running build_py
creating /home/sp/PC_REPO/build/gui_pkg/build
creating /home/sp/PC_REPO/build/gui_pkg/build/lib
creating /home/sp/PC_REPO/build/gui_pkg/build/lib/gui_pkg
copying gui_pkg/car_sim.py -> /home/sp/PC_REPO/build/gui_pkg/build/lib/gui_pkg
copying gui_pkg/ros2_gui_ekte.py -> /home/sp/PC_REPO/build/gui_pkg/build/lib/gui_pkg
copying gui_pkg/cars_gui.py -> /home/sp/PC_REPO/build/gui_pkg/build/lib/gui_pkg
copying gui_pkg/__init__.py -> /home/sp/PC_REPO/build/gui_pkg/build/lib/gui_pkg
copying gui_pkg/ros2_gui.py -> /home/sp/PC_REPO/build/gui_pkg/build/lib/gui_pkg
running install
running install_lib
creating /home/sp/PC_REPO/install/gui_pkg/lib/python3.10/site-packages/gui_pkg
copying /home/sp/PC_REPO/build/gui_pkg/build/lib/gui_pkg/car_sim.py -> /home/sp/PC_REPO/install/gui_pkg/lib/python3.10/site-packages/gui_pkg
copying /home/sp/PC_REPO/build/gui_pkg/build/lib/gui_pkg/ros2_gui_ekte.py -> /home/sp/PC_REPO/install/gui_pkg/lib/python3.10/site-packages/gui_pkg
copying /home/sp/PC_REPO/build/gui_pkg/build/lib/gui_pkg/cars_gui.py -> /home/sp/PC_REPO/install/gui_pkg/lib/python3.10/site-packages/gui_pkg
copying /home/sp/PC_REPO/build/gui_pkg/build/lib/gui_pkg/__init__.py -> /home/sp/PC_REPO/install/gui_pkg/lib/python3.10/site-packages/gui_pkg
copying /home/sp/PC_REPO/build/gui_pkg/build/lib/gui_pkg/ros2_gui.py -> /home/sp/PC_REPO/install/gui_pkg/lib/python3.10/site-packages/gui_pkg
byte-compiling /home/sp/PC_REPO/install/gui_pkg/lib/python3.10/site-packages/gui_pkg/car_sim.py to car_sim.cpython-310.pyc
byte-compiling /home/sp/PC_REPO/install/gui_pkg/lib/python3.10/site-packages/gui_pkg/ros2_gui_ekte.py to ros2_gui_ekte.cpython-310.pyc
byte-compiling /home/sp/PC_REPO/install/gui_pkg/lib/python3.10/site-packages/gui_pkg/cars_gui.py to cars_gui.cpython-310.pyc
byte-compiling /home/sp/PC_REPO/install/gui_pkg/lib/python3.10/site-packages/gui_pkg/__init__.py to __init__.cpython-310.pyc
byte-compiling /home/sp/PC_REPO/install/gui_pkg/lib/python3.10/site-packages/gui_pkg/ros2_gui.py to ros2_gui.cpython-310.pyc
running install_egg_info
Copying ../../build/gui_pkg/gui_pkg.egg-info to /home/sp/PC_REPO/install/gui_pkg/lib/python3.10/site-packages/gui_pkg-0.0.1-py3.10.egg-info
running install_scripts
Installing gui_node script to /home/sp/PC_REPO/install/gui_pkg/lib/gui_pkg
writing list of installed files to '/home/sp/PC_REPO/build/gui_pkg/install.log'
