[0.242s] Invoking command in '/home/sp/PC_REPO/build/rover_control': PYTHONPATH=/home/sp/PC_REPO/build/rover_control/prefix_override:/usr/lib/python3/dist-packages/colcon_core/task/python/colcon_distutils_commands:/home/sp/PC_REPO/install/rover_control/lib/python3.10/site-packages:${PYTHONPATH} /usr/bin/python3 -W ignore:setup.py install is deprecated -W ignore:easy_install command is deprecated setup.py develop --uninstall --editable --build-directory /home/sp/PC_REPO/build/rover_control/build
[0.341s] running develop
[0.394s] Removing /home/sp/PC_REPO/install/rover_control/lib/python3.10/site-packages/rover-control.egg-link (link to .)
[0.405s] Invoked command in '/home/sp/PC_REPO/build/rover_control' returned '0': PYTHONPATH=/home/sp/PC_REPO/build/rover_control/prefix_override:/usr/lib/python3/dist-packages/colcon_core/task/python/colcon_distutils_commands:/home/sp/PC_REPO/install/rover_control/lib/python3.10/site-packages:${PYTHONPATH} /usr/bin/python3 -W ignore:setup.py install is deprecated -W ignore:easy_install command is deprecated setup.py develop --uninstall --editable --build-directory /home/sp/PC_REPO/build/rover_control/build
[0.406s] Invoking command in '/home/sp/PC_REPO/src/rover_control': PYTHONPATH=/home/sp/PC_REPO/build/rover_control/prefix_override:/usr/lib/python3/dist-packages/colcon_core/task/python/colcon_distutils_commands:/home/sp/PC_REPO/install/rover_control/lib/python3.10/site-packages:${PYTHONPATH} /usr/bin/python3 -W ignore:setup.py install is deprecated -W ignore:easy_install command is deprecated setup.py egg_info --egg-base ../../build/rover_control build --build-base /home/sp/PC_REPO/build/rover_control/build install --record /home/sp/PC_REPO/build/rover_control/install.log --single-version-externally-managed install_data --force
[0.503s] running egg_info
[0.503s] writing ../../build/rover_control/rover_control.egg-info/PKG-INFO
[0.503s] writing dependency_links to ../../build/rover_control/rover_control.egg-info/dependency_links.txt
[0.503s] writing entry points to ../../build/rover_control/rover_control.egg-info/entry_points.txt
[0.503s] writing requirements to ../../build/rover_control/rover_control.egg-info/requires.txt
[0.503s] writing top-level names to ../../build/rover_control/rover_control.egg-info/top_level.txt
[0.504s] reading manifest file '../../build/rover_control/rover_control.egg-info/SOURCES.txt'
[0.504s] writing manifest file '../../build/rover_control/rover_control.egg-info/SOURCES.txt'
[0.505s] running build
[0.505s] running build_py
[0.505s] running install
[0.505s] running install_lib
[0.506s] creating /home/sp/PC_REPO/install/rover_control/lib/python3.10/site-packages/rover_control
[0.506s] copying /home/sp/PC_REPO/build/rover_control/build/lib/rover_control/__init__.py -> /home/sp/PC_REPO/install/rover_control/lib/python3.10/site-packages/rover_control
[0.506s] byte-compiling /home/sp/PC_REPO/install/rover_control/lib/python3.10/site-packages/rover_control/__init__.py to __init__.cpython-310.pyc
[0.506s] running install_data
[0.506s] copying resource/rover_control -> /home/sp/PC_REPO/install/rover_control/share/ament_index/resource_index/packages
[0.506s] copying package.xml -> /home/sp/PC_REPO/install/rover_control/share/rover_control
[0.506s] copying launch/rover_teleop_x56.launch.py -> /home/sp/PC_REPO/install/rover_control/share/rover_control/launch
[0.506s] copying config/x56_teleop.yaml -> /home/sp/PC_REPO/install/rover_control/share/rover_control/config
[0.506s] running install_egg_info
[0.507s] Copying ../../build/rover_control/rover_control.egg-info to /home/sp/PC_REPO/install/rover_control/lib/python3.10/site-packages/rover_control-0.0.1-py3.10.egg-info
[0.507s] running install_scripts
[0.518s] Installing motor_driver script to /home/sp/PC_REPO/install/rover_control/lib/rover_control
[0.518s] writing list of installed files to '/home/sp/PC_REPO/build/rover_control/install.log'
[0.530s] Invoked command in '/home/sp/PC_REPO/src/rover_control' returned '0': PYTHONPATH=/home/sp/PC_REPO/build/rover_control/prefix_override:/usr/lib/python3/dist-packages/colcon_core/task/python/colcon_distutils_commands:/home/sp/PC_REPO/install/rover_control/lib/python3.10/site-packages:${PYTHONPATH} /usr/bin/python3 -W ignore:setup.py install is deprecated -W ignore:easy_install command is deprecated setup.py egg_info --egg-base ../../build/rover_control build --build-base /home/sp/PC_REPO/build/rover_control/build install --record /home/sp/PC_REPO/build/rover_control/install.log --single-version-externally-managed install_data --force
