running egg_info
creating ../../build/rover_control/rover_control.egg-info
writing ../../build/rover_control/rover_control.egg-info/PKG-INFO
writing dependency_links to ../../build/rover_control/rover_control.egg-info/dependency_links.txt
writing entry points to ../../build/rover_control/rover_control.egg-info/entry_points.txt
writing requirements to ../../build/rover_control/rover_control.egg-info/requires.txt
writing top-level names to ../../build/rover_control/rover_control.egg-info/top_level.txt
writing manifest file '../../build/rover_control/rover_control.egg-info/SOURCES.txt'
reading manifest file '../../build/rover_control/rover_control.egg-info/SOURCES.txt'
writing manifest file '../../build/rover_control/rover_control.egg-info/SOURCES.txt'
running build
running build_py
creating /home/sp/PC_REPO/build/rover_control/build
creating /home/sp/PC_REPO/build/rover_control/build/lib
creating /home/sp/PC_REPO/build/rover_control/build/lib/rover_control
copying rover_control/__init__.py -> /home/sp/PC_REPO/build/rover_control/build/lib/rover_control
running install
running install_lib
creating /home/sp/PC_REPO/install/rover_control/lib/python3.10/site-packages/rover_control
copying /home/sp/PC_REPO/build/rover_control/build/lib/rover_control/__init__.py -> /home/sp/PC_REPO/install/rover_control/lib/python3.10/site-packages/rover_control
byte-compiling /home/sp/PC_REPO/install/rover_control/lib/python3.10/site-packages/rover_control/__init__.py to __init__.cpython-310.pyc
running install_data
running install_egg_info
Copying ../../build/rover_control/rover_control.egg-info to /home/sp/PC_REPO/install/rover_control/lib/python3.10/site-packages/rover_control-0.0.1-py3.10.egg-info
running install_scripts
Installing motor_driver script to /home/sp/PC_REPO/install/rover_control/lib/rover_control
writing list of installed files to '/home/sp/PC_REPO/build/rover_control/install.log'
