[0.284s] Invoking command in '/home/sp/PC_REPO/src/rover_control': PYTHONPATH=/home/sp/PC_REPO/build/rover_control/prefix_override:/usr/lib/python3/dist-packages/colcon_core/task/python/colcon_distutils_commands:/home/sp/PC_REPO/install/rover_control/lib/python3.10/site-packages:${PYTHONPATH} /usr/bin/python3 -W ignore:setup.py install is deprecated -W ignore:easy_install command is deprecated setup.py egg_info --egg-base ../../build/rover_control build --build-base /home/sp/PC_REPO/build/rover_control/build install --record /home/sp/PC_REPO/build/rover_control/install.log --single-version-externally-managed install_data
[0.374s] running egg_info
[0.374s] creating ../../build/rover_control/rover_control.egg-info
[0.374s] writing ../../build/rover_control/rover_control.egg-info/PKG-INFO
[0.374s] writing dependency_links to ../../build/rover_control/rover_control.egg-info/dependency_links.txt
[0.374s] writing entry points to ../../build/rover_control/rover_control.egg-info/entry_points.txt
[0.374s] writing requirements to ../../build/rover_control/rover_control.egg-info/requires.txt
[0.374s] writing top-level names to ../../build/rover_control/rover_control.egg-info/top_level.txt
[0.374s] writing manifest file '../../build/rover_control/rover_control.egg-info/SOURCES.txt'
[0.375s] reading manifest file '../../build/rover_control/rover_control.egg-info/SOURCES.txt'
[0.375s] writing manifest file '../../build/rover_control/rover_control.egg-info/SOURCES.txt'
[0.375s] running build
[0.375s] running build_py
[0.375s] creating /home/sp/PC_REPO/build/rover_control/build
[0.375s] creating /home/sp/PC_REPO/build/rover_control/build/lib
[0.375s] creating /home/sp/PC_REPO/build/rover_control/build/lib/rover_control
[0.375s] copying rover_control/__init__.py -> /home/sp/PC_REPO/build/rover_control/build/lib/rover_control
[0.375s] running install
[0.376s] running install_lib
[0.376s] creating /home/sp/PC_REPO/install/rover_control/lib/python3.10/site-packages/rover_control
[0.376s] copying /home/sp/PC_REPO/build/rover_control/build/lib/rover_control/__init__.py -> /home/sp/PC_REPO/install/rover_control/lib/python3.10/site-packages/rover_control
[0.376s] byte-compiling /home/sp/PC_REPO/install/rover_control/lib/python3.10/site-packages/rover_control/__init__.py to __init__.cpython-310.pyc
[0.376s] running install_data
[0.377s] running install_egg_info
[0.377s] Copying ../../build/rover_control/rover_control.egg-info to /home/sp/PC_REPO/install/rover_control/lib/python3.10/site-packages/rover_control-0.0.1-py3.10.egg-info
[0.378s] running install_scripts
[0.386s] Installing motor_driver script to /home/sp/PC_REPO/install/rover_control/lib/rover_control
[0.386s] writing list of installed files to '/home/sp/PC_REPO/build/rover_control/install.log'
[0.394s] Invoked command in '/home/sp/PC_REPO/src/rover_control' returned '0': PYTHONPATH=/home/sp/PC_REPO/build/rover_control/prefix_override:/usr/lib/python3/dist-packages/colcon_core/task/python/colcon_distutils_commands:/home/sp/PC_REPO/install/rover_control/lib/python3.10/site-packages:${PYTHONPATH} /usr/bin/python3 -W ignore:setup.py install is deprecated -W ignore:easy_install command is deprecated setup.py egg_info --egg-base ../../build/rover_control build --build-base /home/sp/PC_REPO/build/rover_control/build install --record /home/sp/PC_REPO/build/rover_control/install.log --single-version-externally-managed install_data
