[0.502s] DEBUG:colcon:Command line arguments: ['/usr/bin/colcon', 'build', '--packages-select', 'autonomous_rover']
[0.502s] DEBUG:colcon:Parsed command line arguments: Namespace(log_base=None, log_level=None, verb_name='build', build_base='build', install_base='install', merge_install=False, symlink_install=False, test_result_base=None, continue_on_error=False, executor='parallel', parallel_workers=4, event_handlers=None, ignore_user_meta=False, metas=['./colcon.meta'], base_paths=['.'], packages_ignore=None, packages_ignore_regex=None, paths=None, packages_up_to=None, packages_up_to_regex=None, packages_above=None, packages_above_and_dependencies=None, packages_above_depth=None, packages_select_by_dep=None, packages_skip_by_dep=None, packages_skip_up_to=None, packages_select_build_failed=False, packages_skip_build_finished=False, packages_select_test_failures=False, packages_skip_test_passed=False, packages_select=['autonomous_rover'], packages_skip=None, packages_select_regex=None, packages_skip_regex=None, packages_start=None, packages_end=None, allow_overriding=[], cmake_args=None, cmake_target=None, cmake_target_skip_unavailable=False, cmake_clean_cache=False, cmake_clean_first=False, cmake_force_configure=False, ament_cmake_args=None, catkin_cmake_args=None, catkin_skip_building_tests=False, verb_parser=<colcon_defaults.argument_parser.defaults.DefaultArgumentsDecorator object at 0xffff9eb409d0>, verb_extension=<colcon_core.verb.build.BuildVerb object at 0xffff9ecaa4d0>, main=<bound method BuildVerb.main of <colcon_core.verb.build.BuildVerb object at 0xffff9ecaa4d0>>)
[1.428s] Level 1:colcon.colcon_core.package_discovery:discover_packages(colcon_meta) check parameters
[1.429s] Level 1:colcon.colcon_core.package_discovery:discover_packages(recursive) check parameters
[1.429s] Level 1:colcon.colcon_core.package_discovery:discover_packages(ignore) check parameters
[1.429s] Level 1:colcon.colcon_core.package_discovery:discover_packages(path) check parameters
[1.429s] Level 1:colcon.colcon_core.package_discovery:discover_packages(colcon_meta) discover
[1.430s] Level 1:colcon.colcon_core.package_discovery:discover_packages(recursive) discover
[1.430s] INFO:colcon.colcon_core.package_discovery:Crawling recursively for packages in '/home/creampi/ros2_ws'
[1.431s] Level 1:colcon.colcon_core.package_identification:_identify(.) by extensions ['ignore', 'ignore_ament_install']
[1.431s] Level 1:colcon.colcon_core.package_identification:_identify(.) by extension 'ignore'
[1.431s] Level 1:colcon.colcon_core.package_identification:_identify(.) by extension 'ignore_ament_install'
[1.432s] Level 1:colcon.colcon_core.package_identification:_identify(.) by extensions ['colcon_pkg']
[1.432s] Level 1:colcon.colcon_core.package_identification:_identify(.) by extension 'colcon_pkg'
[1.433s] Level 1:colcon.colcon_core.package_identification:_identify(.) by extensions ['colcon_meta']
[1.433s] Level 1:colcon.colcon_core.package_identification:_identify(.) by extension 'colcon_meta'
[1.434s] Level 1:colcon.colcon_core.package_identification:_identify(.) by extensions ['ros']
[1.434s] Level 1:colcon.colcon_core.package_identification:_identify(.) by extension 'ros'
[1.512s] Level 1:colcon.colcon_core.package_identification:_identify(.) by extensions ['cmake', 'python']
[1.514s] Level 1:colcon.colcon_core.package_identification:_identify(.) by extension 'cmake'
[1.515s] Level 1:colcon.colcon_core.package_identification:_identify(.) by extension 'python'
[1.515s] Level 1:colcon.colcon_core.package_identification:_identify(.) by extensions ['python_setup_py']
[1.516s] Level 1:colcon.colcon_core.package_identification:_identify(.) by extension 'python_setup_py'
[1.517s] Level 1:colcon.colcon_core.package_identification:_identify(build) by extensions ['ignore', 'ignore_ament_install']
[1.518s] Level 1:colcon.colcon_core.package_identification:_identify(build) by extension 'ignore'
[1.519s] Level 1:colcon.colcon_core.package_identification:_identify(build) ignored
[1.520s] Level 1:colcon.colcon_core.package_identification:_identify(install) by extensions ['ignore', 'ignore_ament_install']
[1.522s] Level 1:colcon.colcon_core.package_identification:_identify(install) by extension 'ignore'
[1.522s] Level 1:colcon.colcon_core.package_identification:_identify(install) ignored
[1.525s] Level 1:colcon.colcon_core.package_identification:_identify(log) by extensions ['ignore', 'ignore_ament_install']
[1.526s] Level 1:colcon.colcon_core.package_identification:_identify(log) by extension 'ignore'
[1.526s] Level 1:colcon.colcon_core.package_identification:_identify(log) ignored
[1.527s] Level 1:colcon.colcon_core.package_identification:_identify(src) by extensions ['ignore', 'ignore_ament_install']
[1.528s] Level 1:colcon.colcon_core.package_identification:_identify(src) by extension 'ignore'
[1.529s] Level 1:colcon.colcon_core.package_identification:_identify(src) by extension 'ignore_ament_install'
[1.529s] Level 1:colcon.colcon_core.package_identification:_identify(src) by extensions ['colcon_pkg']
[1.529s] Level 1:colcon.colcon_core.package_identification:_identify(src) by extension 'colcon_pkg'
[1.530s] Level 1:colcon.colcon_core.package_identification:_identify(src) by extensions ['colcon_meta']
[1.530s] Level 1:colcon.colcon_core.package_identification:_identify(src) by extension 'colcon_meta'
[1.531s] Level 1:colcon.colcon_core.package_identification:_identify(src) by extensions ['ros']
[1.531s] Level 1:colcon.colcon_core.package_identification:_identify(src) by extension 'ros'
[1.532s] Level 1:colcon.colcon_core.package_identification:_identify(src) by extensions ['cmake', 'python']
[1.532s] Level 1:colcon.colcon_core.package_identification:_identify(src) by extension 'cmake'
[1.533s] Level 1:colcon.colcon_core.package_identification:_identify(src) by extension 'python'
[1.533s] Level 1:colcon.colcon_core.package_identification:_identify(src) by extensions ['python_setup_py']
[1.533s] Level 1:colcon.colcon_core.package_identification:_identify(src) by extension 'python_setup_py'
[1.534s] Level 1:colcon.colcon_core.package_identification:_identify(src/Smarte-Systemer---Rover) by extensions ['ignore', 'ignore_ament_install']
[1.535s] Level 1:colcon.colcon_core.package_identification:_identify(src/Smarte-Systemer---Rover) by extension 'ignore'
[1.535s] Level 1:colcon.colcon_core.package_identification:_identify(src/Smarte-Systemer---Rover) by extension 'ignore_ament_install'
[1.536s] Level 1:colcon.colcon_core.package_identification:_identify(src/Smarte-Systemer---Rover) by extensions ['colcon_pkg']
[1.536s] Level 1:colcon.colcon_core.package_identification:_identify(src/Smarte-Systemer---Rover) by extension 'colcon_pkg'
[1.536s] Level 1:colcon.colcon_core.package_identification:_identify(src/Smarte-Systemer---Rover) by extensions ['colcon_meta']
[1.536s] Level 1:colcon.colcon_core.package_identification:_identify(src/Smarte-Systemer---Rover) by extension 'colcon_meta'
[1.537s] Level 1:colcon.colcon_core.package_identification:_identify(src/Smarte-Systemer---Rover) by extensions ['ros']
[1.537s] Level 1:colcon.colcon_core.package_identification:_identify(src/Smarte-Systemer---Rover) by extension 'ros'
[1.537s] Level 1:colcon.colcon_core.package_identification:_identify(src/Smarte-Systemer---Rover) by extensions ['cmake', 'python']
[1.538s] Level 1:colcon.colcon_core.package_identification:_identify(src/Smarte-Systemer---Rover) by extension 'cmake'
[1.538s] Level 1:colcon.colcon_core.package_identification:_identify(src/Smarte-Systemer---Rover) by extension 'python'
[1.538s] Level 1:colcon.colcon_core.package_identification:_identify(src/Smarte-Systemer---Rover) by extensions ['python_setup_py']
[1.538s] Level 1:colcon.colcon_core.package_identification:_identify(src/Smarte-Systemer---Rover) by extension 'python_setup_py'
[1.539s] Level 1:colcon.colcon_core.package_identification:_identify(src/Smarte-Systemer---Rover/build) by extensions ['ignore', 'ignore_ament_install']
[1.539s] Level 1:colcon.colcon_core.package_identification:_identify(src/Smarte-Systemer---Rover/build) by extension 'ignore'
[1.539s] Level 1:colcon.colcon_core.package_identification:_identify(src/Smarte-Systemer---Rover/build) ignored
[1.540s] Level 1:colcon.colcon_core.package_identification:_identify(src/Smarte-Systemer---Rover/hypersonic_micro_bit) by extensions ['ignore', 'ignore_ament_install']
[1.540s] Level 1:colcon.colcon_core.package_identification:_identify(src/Smarte-Systemer---Rover/hypersonic_micro_bit) by extension 'ignore'
[1.541s] Level 1:colcon.colcon_core.package_identification:_identify(src/Smarte-Systemer---Rover/hypersonic_micro_bit) by extension 'ignore_ament_install'
[1.541s] Level 1:colcon.colcon_core.package_identification:_identify(src/Smarte-Systemer---Rover/hypersonic_micro_bit) by extensions ['colcon_pkg']
[1.541s] Level 1:colcon.colcon_core.package_identification:_identify(src/Smarte-Systemer---Rover/hypersonic_micro_bit) by extension 'colcon_pkg'
[1.541s] Level 1:colcon.colcon_core.package_identification:_identify(src/Smarte-Systemer---Rover/hypersonic_micro_bit) by extensions ['colcon_meta']
[1.541s] Level 1:colcon.colcon_core.package_identification:_identify(src/Smarte-Systemer---Rover/hypersonic_micro_bit) by extension 'colcon_meta'
[1.542s] Level 1:colcon.colcon_core.package_identification:_identify(src/Smarte-Systemer---Rover/hypersonic_micro_bit) by extensions ['ros']
[1.542s] Level 1:colcon.colcon_core.package_identification:_identify(src/Smarte-Systemer---Rover/hypersonic_micro_bit) by extension 'ros'
[1.542s] Level 1:colcon.colcon_core.package_identification:_identify(src/Smarte-Systemer---Rover/hypersonic_micro_bit) by extensions ['cmake', 'python']
[1.542s] Level 1:colcon.colcon_core.package_identification:_identify(src/Smarte-Systemer---Rover/hypersonic_micro_bit) by extension 'cmake'
[1.543s] Level 1:colcon.colcon_core.package_identification:_identify(src/Smarte-Systemer---Rover/hypersonic_micro_bit) by extension 'python'
[1.543s] Level 1:colcon.colcon_core.package_identification:_identify(src/Smarte-Systemer---Rover/hypersonic_micro_bit) by extensions ['python_setup_py']
[1.543s] Level 1:colcon.colcon_core.package_identification:_identify(src/Smarte-Systemer---Rover/hypersonic_micro_bit) by extension 'python_setup_py'
[1.543s] Level 1:colcon.colcon_core.package_identification:_identify(src/Smarte-Systemer---Rover/hypersonic_micro_bit/include) by extensions ['ignore', 'ignore_ament_install']
[1.544s] Level 1:colcon.colcon_core.package_identification:_identify(src/Smarte-Systemer---Rover/hypersonic_micro_bit/include) by extension 'ignore'
[1.544s] Level 1:colcon.colcon_core.package_identification:_identify(src/Smarte-Systemer---Rover/hypersonic_micro_bit/include) by extension 'ignore_ament_install'
[1.544s] Level 1:colcon.colcon_core.package_identification:_identify(src/Smarte-Systemer---Rover/hypersonic_micro_bit/include) by extensions ['colcon_pkg']
[1.545s] Level 1:colcon.colcon_core.package_identification:_identify(src/Smarte-Systemer---Rover/hypersonic_micro_bit/include) by extension 'colcon_pkg'
[1.545s] Level 1:colcon.colcon_core.package_identification:_identify(src/Smarte-Systemer---Rover/hypersonic_micro_bit/include) by extensions ['colcon_meta']
[1.545s] Level 1:colcon.colcon_core.package_identification:_identify(src/Smarte-Systemer---Rover/hypersonic_micro_bit/include) by extension 'colcon_meta'
[1.545s] Level 1:colcon.colcon_core.package_identification:_identify(src/Smarte-Systemer---Rover/hypersonic_micro_bit/include) by extensions ['ros']
[1.545s] Level 1:colcon.colcon_core.package_identification:_identify(src/Smarte-Systemer---Rover/hypersonic_micro_bit/include) by extension 'ros'
[1.546s] Level 1:colcon.colcon_core.package_identification:_identify(src/Smarte-Systemer---Rover/hypersonic_micro_bit/include) by extensions ['cmake', 'python']
[1.546s] Level 1:colcon.colcon_core.package_identification:_identify(src/Smarte-Systemer---Rover/hypersonic_micro_bit/include) by extension 'cmake'
[1.546s] Level 1:colcon.colcon_core.package_identification:_identify(src/Smarte-Systemer---Rover/hypersonic_micro_bit/include) by extension 'python'
[1.546s] Level 1:colcon.colcon_core.package_identification:_identify(src/Smarte-Systemer---Rover/hypersonic_micro_bit/include) by extensions ['python_setup_py']
[1.547s] Level 1:colcon.colcon_core.package_identification:_identify(src/Smarte-Systemer---Rover/hypersonic_micro_bit/include) by extension 'python_setup_py'
[1.547s] Level 1:colcon.colcon_core.package_identification:_identify(src/Smarte-Systemer---Rover/hypersonic_micro_bit/include/hardware) by extensions ['ignore', 'ignore_ament_install']
[1.548s] Level 1:colcon.colcon_core.package_identification:_identify(src/Smarte-Systemer---Rover/hypersonic_micro_bit/include/hardware) by extension 'ignore'
[1.548s] Level 1:colcon.colcon_core.package_identification:_identify(src/Smarte-Systemer---Rover/hypersonic_micro_bit/include/hardware) by extension 'ignore_ament_install'
[1.548s] Level 1:colcon.colcon_core.package_identification:_identify(src/Smarte-Systemer---Rover/hypersonic_micro_bit/include/hardware) by extensions ['colcon_pkg']
[1.548s] Level 1:colcon.colcon_core.package_identification:_identify(src/Smarte-Systemer---Rover/hypersonic_micro_bit/include/hardware) by extension 'colcon_pkg'
[1.549s] Level 1:colcon.colcon_core.package_identification:_identify(src/Smarte-Systemer---Rover/hypersonic_micro_bit/include/hardware) by extensions ['colcon_meta']
[1.549s] Level 1:colcon.colcon_core.package_identification:_identify(src/Smarte-Systemer---Rover/hypersonic_micro_bit/include/hardware) by extension 'colcon_meta'
[1.549s] Level 1:colcon.colcon_core.package_identification:_identify(src/Smarte-Systemer---Rover/hypersonic_micro_bit/include/hardware) by extensions ['ros']
[1.550s] Level 1:colcon.colcon_core.package_identification:_identify(src/Smarte-Systemer---Rover/hypersonic_micro_bit/include/hardware) by extension 'ros'
[1.550s] Level 1:colcon.colcon_core.package_identification:_identify(src/Smarte-Systemer---Rover/hypersonic_micro_bit/include/hardware) by extensions ['cmake', 'python']
[1.550s] Level 1:colcon.colcon_core.package_identification:_identify(src/Smarte-Systemer---Rover/hypersonic_micro_bit/include/hardware) by extension 'cmake'
[1.550s] Level 1:colcon.colcon_core.package_identification:_identify(src/Smarte-Systemer---Rover/hypersonic_micro_bit/include/hardware) by extension 'python'
[1.551s] Level 1:colcon.colcon_core.package_identification:_identify(src/Smarte-Systemer---Rover/hypersonic_micro_bit/include/hardware) by extensions ['python_setup_py']
[1.551s] Level 1:colcon.colcon_core.package_identification:_identify(src/Smarte-Systemer---Rover/hypersonic_micro_bit/include/hardware) by extension 'python_setup_py'
[1.551s] Level 1:colcon.colcon_core.package_identification:_identify(src/Smarte-Systemer---Rover/hypersonic_micro_bit/include/logic) by extensions ['ignore', 'ignore_ament_install']
[1.552s] Level 1:colcon.colcon_core.package_identification:_identify(src/Smarte-Systemer---Rover/hypersonic_micro_bit/include/logic) by extension 'ignore'
[1.552s] Level 1:colcon.colcon_core.package_identification:_identify(src/Smarte-Systemer---Rover/hypersonic_micro_bit/include/logic) by extension 'ignore_ament_install'
[1.552s] Level 1:colcon.colcon_core.package_identification:_identify(src/Smarte-Systemer---Rover/hypersonic_micro_bit/include/logic) by extensions ['colcon_pkg']
[1.552s] Level 1:colcon.colcon_core.package_identification:_identify(src/Smarte-Systemer---Rover/hypersonic_micro_bit/include/logic) by extension 'colcon_pkg'
[1.553s] Level 1:colcon.colcon_core.package_identification:_identify(src/Smarte-Systemer---Rover/hypersonic_micro_bit/include/logic) by extensions ['colcon_meta']
[1.553s] Level 1:colcon.colcon_core.package_identification:_identify(src/Smarte-Systemer---Rover/hypersonic_micro_bit/include/logic) by extension 'colcon_meta'
[1.553s] Level 1:colcon.colcon_core.package_identification:_identify(src/Smarte-Systemer---Rover/hypersonic_micro_bit/include/logic) by extensions ['ros']
[1.553s] Level 1:colcon.colcon_core.package_identification:_identify(src/Smarte-Systemer---Rover/hypersonic_micro_bit/include/logic) by extension 'ros'
[1.554s] Level 1:colcon.colcon_core.package_identification:_identify(src/Smarte-Systemer---Rover/hypersonic_micro_bit/include/logic) by extensions ['cmake', 'python']
[1.554s] Level 1:colcon.colcon_core.package_identification:_identify(src/Smarte-Systemer---Rover/hypersonic_micro_bit/include/logic) by extension 'cmake'
[1.554s] Level 1:colcon.colcon_core.package_identification:_identify(src/Smarte-Systemer---Rover/hypersonic_micro_bit/include/logic) by extension 'python'
[1.554s] Level 1:colcon.colcon_core.package_identification:_identify(src/Smarte-Systemer---Rover/hypersonic_micro_bit/include/logic) by extensions ['python_setup_py']
[1.555s] Level 1:colcon.colcon_core.package_identification:_identify(src/Smarte-Systemer---Rover/hypersonic_micro_bit/include/logic) by extension 'python_setup_py'
[1.555s] Level 1:colcon.colcon_core.package_identification:_identify(src/Smarte-Systemer---Rover/hypersonic_micro_bit/lib) by extensions ['ignore', 'ignore_ament_install']
[1.556s] Level 1:colcon.colcon_core.package_identification:_identify(src/Smarte-Systemer---Rover/hypersonic_micro_bit/lib) by extension 'ignore'
[1.556s] Level 1:colcon.colcon_core.package_identification:_identify(src/Smarte-Systemer---Rover/hypersonic_micro_bit/lib) by extension 'ignore_ament_install'
[1.556s] Level 1:colcon.colcon_core.package_identification:_identify(src/Smarte-Systemer---Rover/hypersonic_micro_bit/lib) by extensions ['colcon_pkg']
[1.556s] Level 1:colcon.colcon_core.package_identification:_identify(src/Smarte-Systemer---Rover/hypersonic_micro_bit/lib) by extension 'colcon_pkg'
[1.556s] Level 1:colcon.colcon_core.package_identification:_identify(src/Smarte-Systemer---Rover/hypersonic_micro_bit/lib) by extensions ['colcon_meta']
[1.557s] Level 1:colcon.colcon_core.package_identification:_identify(src/Smarte-Systemer---Rover/hypersonic_micro_bit/lib) by extension 'colcon_meta'
[1.557s] Level 1:colcon.colcon_core.package_identification:_identify(src/Smarte-Systemer---Rover/hypersonic_micro_bit/lib) by extensions ['ros']
[1.557s] Level 1:colcon.colcon_core.package_identification:_identify(src/Smarte-Systemer---Rover/hypersonic_micro_bit/lib) by extension 'ros'
[1.558s] Level 1:colcon.colcon_core.package_identification:_identify(src/Smarte-Systemer---Rover/hypersonic_micro_bit/lib) by extensions ['cmake', 'python']
[1.558s] Level 1:colcon.colcon_core.package_identification:_identify(src/Smarte-Systemer---Rover/hypersonic_micro_bit/lib) by extension 'cmake'
[1.558s] Level 1:colcon.colcon_core.package_identification:_identify(src/Smarte-Systemer---Rover/hypersonic_micro_bit/lib) by extension 'python'
[1.558s] Level 1:colcon.colcon_core.package_identification:_identify(src/Smarte-Systemer---Rover/hypersonic_micro_bit/lib) by extensions ['python_setup_py']
[1.558s] Level 1:colcon.colcon_core.package_identification:_identify(src/Smarte-Systemer---Rover/hypersonic_micro_bit/lib) by extension 'python_setup_py'
[1.559s] Level 1:colcon.colcon_core.package_identification:_identify(src/Smarte-Systemer---Rover/hypersonic_micro_bit/src) by extensions ['ignore', 'ignore_ament_install']
[1.560s] Level 1:colcon.colcon_core.package_identification:_identify(src/Smarte-Systemer---Rover/hypersonic_micro_bit/src) by extension 'ignore'
[1.560s] Level 1:colcon.colcon_core.package_identification:_identify(src/Smarte-Systemer---Rover/hypersonic_micro_bit/src) by extension 'ignore_ament_install'
[1.560s] Level 1:colcon.colcon_core.package_identification:_identify(src/Smarte-Systemer---Rover/hypersonic_micro_bit/src) by extensions ['colcon_pkg']
[1.560s] Level 1:colcon.colcon_core.package_identification:_identify(src/Smarte-Systemer---Rover/hypersonic_micro_bit/src) by extension 'colcon_pkg'
[1.561s] Level 1:colcon.colcon_core.package_identification:_identify(src/Smarte-Systemer---Rover/hypersonic_micro_bit/src) by extensions ['colcon_meta']
[1.561s] Level 1:colcon.colcon_core.package_identification:_identify(src/Smarte-Systemer---Rover/hypersonic_micro_bit/src) by extension 'colcon_meta'
[1.561s] Level 1:colcon.colcon_core.package_identification:_identify(src/Smarte-Systemer---Rover/hypersonic_micro_bit/src) by extensions ['ros']
[1.561s] Level 1:colcon.colcon_core.package_identification:_identify(src/Smarte-Systemer---Rover/hypersonic_micro_bit/src) by extension 'ros'
[1.562s] Level 1:colcon.colcon_core.package_identification:_identify(src/Smarte-Systemer---Rover/hypersonic_micro_bit/src) by extensions ['cmake', 'python']
[1.562s] Level 1:colcon.colcon_core.package_identification:_identify(src/Smarte-Systemer---Rover/hypersonic_micro_bit/src) by extension 'cmake'
[1.562s] Level 1:colcon.colcon_core.package_identification:_identify(src/Smarte-Systemer---Rover/hypersonic_micro_bit/src) by extension 'python'
[1.563s] Level 1:colcon.colcon_core.package_identification:_identify(src/Smarte-Systemer---Rover/hypersonic_micro_bit/src) by extensions ['python_setup_py']
[1.563s] Level 1:colcon.colcon_core.package_identification:_identify(src/Smarte-Systemer---Rover/hypersonic_micro_bit/src) by extension 'python_setup_py'
[1.564s] Level 1:colcon.colcon_core.package_identification:_identify(src/Smarte-Systemer---Rover/hypersonic_micro_bit/src/hardware) by extensions ['ignore', 'ignore_ament_install']
[1.564s] Level 1:colcon.colcon_core.package_identification:_identify(src/Smarte-Systemer---Rover/hypersonic_micro_bit/src/hardware) by extension 'ignore'
[1.565s] Level 1:colcon.colcon_core.package_identification:_identify(src/Smarte-Systemer---Rover/hypersonic_micro_bit/src/hardware) by extension 'ignore_ament_install'
[1.565s] Level 1:colcon.colcon_core.package_identification:_identify(src/Smarte-Systemer---Rover/hypersonic_micro_bit/src/hardware) by extensions ['colcon_pkg']
[1.565s] Level 1:colcon.colcon_core.package_identification:_identify(src/Smarte-Systemer---Rover/hypersonic_micro_bit/src/hardware) by extension 'colcon_pkg'
[1.565s] Level 1:colcon.colcon_core.package_identification:_identify(src/Smarte-Systemer---Rover/hypersonic_micro_bit/src/hardware) by extensions ['colcon_meta']
[1.566s] Level 1:colcon.colcon_core.package_identification:_identify(src/Smarte-Systemer---Rover/hypersonic_micro_bit/src/hardware) by extension 'colcon_meta'
[1.566s] Level 1:colcon.colcon_core.package_identification:_identify(src/Smarte-Systemer---Rover/hypersonic_micro_bit/src/hardware) by extensions ['ros']
[1.566s] Level 1:colcon.colcon_core.package_identification:_identify(src/Smarte-Systemer---Rover/hypersonic_micro_bit/src/hardware) by extension 'ros'
[1.567s] Level 1:colcon.colcon_core.package_identification:_identify(src/Smarte-Systemer---Rover/hypersonic_micro_bit/src/hardware) by extensions ['cmake', 'python']
[1.567s] Level 1:colcon.colcon_core.package_identification:_identify(src/Smarte-Systemer---Rover/hypersonic_micro_bit/src/hardware) by extension 'cmake'
[1.568s] Level 1:colcon.colcon_core.package_identification:_identify(src/Smarte-Systemer---Rover/hypersonic_micro_bit/src/hardware) by extension 'python'
[1.568s] Level 1:colcon.colcon_core.package_identification:_identify(src/Smarte-Systemer---Rover/hypersonic_micro_bit/src/hardware) by extensions ['python_setup_py']
[1.568s] Level 1:colcon.colcon_core.package_identification:_identify(src/Smarte-Systemer---Rover/hypersonic_micro_bit/src/hardware) by extension 'python_setup_py'
[1.569s] Level 1:colcon.colcon_core.package_identification:_identify(src/Smarte-Systemer---Rover/hypersonic_micro_bit/test) by extensions ['ignore', 'ignore_ament_install']
[1.570s] Level 1:colcon.colcon_core.package_identification:_identify(src/Smarte-Systemer---Rover/hypersonic_micro_bit/test) by extension 'ignore'
[1.570s] Level 1:colcon.colcon_core.package_identification:_identify(src/Smarte-Systemer---Rover/hypersonic_micro_bit/test) by extension 'ignore_ament_install'
[1.570s] Level 1:colcon.colcon_core.package_identification:_identify(src/Smarte-Systemer---Rover/hypersonic_micro_bit/test) by extensions ['colcon_pkg']
[1.570s] Level 1:colcon.colcon_core.package_identification:_identify(src/Smarte-Systemer---Rover/hypersonic_micro_bit/test) by extension 'colcon_pkg'
[1.570s] Level 1:colcon.colcon_core.package_identification:_identify(src/Smarte-Systemer---Rover/hypersonic_micro_bit/test) by extensions ['colcon_meta']
[1.571s] Level 1:colcon.colcon_core.package_identification:_identify(src/Smarte-Systemer---Rover/hypersonic_micro_bit/test) by extension 'colcon_meta'
[1.571s] Level 1:colcon.colcon_core.package_identification:_identify(src/Smarte-Systemer---Rover/hypersonic_micro_bit/test) by extensions ['ros']
[1.571s] Level 1:colcon.colcon_core.package_identification:_identify(src/Smarte-Systemer---Rover/hypersonic_micro_bit/test) by extension 'ros'
[1.572s] Level 1:colcon.colcon_core.package_identification:_identify(src/Smarte-Systemer---Rover/hypersonic_micro_bit/test) by extensions ['cmake', 'python']
[1.572s] Level 1:colcon.colcon_core.package_identification:_identify(src/Smarte-Systemer---Rover/hypersonic_micro_bit/test) by extension 'cmake'
[1.572s] Level 1:colcon.colcon_core.package_identification:_identify(src/Smarte-Systemer---Rover/hypersonic_micro_bit/test) by extension 'python'
[1.573s] Level 1:colcon.colcon_core.package_identification:_identify(src/Smarte-Systemer---Rover/hypersonic_micro_bit/test) by extensions ['python_setup_py']
[1.573s] Level 1:colcon.colcon_core.package_identification:_identify(src/Smarte-Systemer---Rover/hypersonic_micro_bit/test) by extension 'python_setup_py'
[1.574s] Level 1:colcon.colcon_core.package_identification:_identify(src/Smarte-Systemer---Rover/install) by extensions ['ignore', 'ignore_ament_install']
[1.574s] Level 1:colcon.colcon_core.package_identification:_identify(src/Smarte-Systemer---Rover/install) by extension 'ignore'
[1.575s] Level 1:colcon.colcon_core.package_identification:_identify(src/Smarte-Systemer---Rover/install) ignored
[1.575s] Level 1:colcon.colcon_core.package_identification:_identify(src/Smarte-Systemer---Rover/log) by extensions ['ignore', 'ignore_ament_install']
[1.576s] Level 1:colcon.colcon_core.package_identification:_identify(src/Smarte-Systemer---Rover/log) by extension 'ignore'
[1.576s] Level 1:colcon.colcon_core.package_identification:_identify(src/Smarte-Systemer---Rover/log) ignored
[1.576s] Level 1:colcon.colcon_core.package_identification:_identify(src/Smarte-Systemer---Rover/min_sens_best_practice) by extensions ['ignore', 'ignore_ament_install']
[1.577s] Level 1:colcon.colcon_core.package_identification:_identify(src/Smarte-Systemer---Rover/min_sens_best_practice) by extension 'ignore'
[1.577s] Level 1:colcon.colcon_core.package_identification:_identify(src/Smarte-Systemer---Rover/min_sens_best_practice) by extension 'ignore_ament_install'
[1.577s] Level 1:colcon.colcon_core.package_identification:_identify(src/Smarte-Systemer---Rover/min_sens_best_practice) by extensions ['colcon_pkg']
[1.578s] Level 1:colcon.colcon_core.package_identification:_identify(src/Smarte-Systemer---Rover/min_sens_best_practice) by extension 'colcon_pkg'
[1.578s] Level 1:colcon.colcon_core.package_identification:_identify(src/Smarte-Systemer---Rover/min_sens_best_practice) by extensions ['colcon_meta']
[1.578s] Level 1:colcon.colcon_core.package_identification:_identify(src/Smarte-Systemer---Rover/min_sens_best_practice) by extension 'colcon_meta'
[1.578s] Level 1:colcon.colcon_core.package_identification:_identify(src/Smarte-Systemer---Rover/min_sens_best_practice) by extensions ['ros']
[1.578s] Level 1:colcon.colcon_core.package_identification:_identify(src/Smarte-Systemer---Rover/min_sens_best_practice) by extension 'ros'
[1.579s] Level 1:colcon.colcon_core.package_identification:_identify(src/Smarte-Systemer---Rover/min_sens_best_practice) by extensions ['cmake', 'python']
[1.579s] Level 1:colcon.colcon_core.package_identification:_identify(src/Smarte-Systemer---Rover/min_sens_best_practice) by extension 'cmake'
[1.579s] Level 1:colcon.colcon_core.package_identification:_identify(src/Smarte-Systemer---Rover/min_sens_best_practice) by extension 'python'
[1.579s] Level 1:colcon.colcon_core.package_identification:_identify(src/Smarte-Systemer---Rover/min_sens_best_practice) by extensions ['python_setup_py']
[1.580s] Level 1:colcon.colcon_core.package_identification:_identify(src/Smarte-Systemer---Rover/min_sens_best_practice) by extension 'python_setup_py'
[1.580s] Level 1:colcon.colcon_core.package_identification:_identify(src/Smarte-Systemer---Rover/min_sens_best_practice/include) by extensions ['ignore', 'ignore_ament_install']
[1.581s] Level 1:colcon.colcon_core.package_identification:_identify(src/Smarte-Systemer---Rover/min_sens_best_practice/include) by extension 'ignore'
[1.581s] Level 1:colcon.colcon_core.package_identification:_identify(src/Smarte-Systemer---Rover/min_sens_best_practice/include) by extension 'ignore_ament_install'
[1.582s] Level 1:colcon.colcon_core.package_identification:_identify(src/Smarte-Systemer---Rover/min_sens_best_practice/include) by extensions ['colcon_pkg']
[1.582s] Level 1:colcon.colcon_core.package_identification:_identify(src/Smarte-Systemer---Rover/min_sens_best_practice/include) by extension 'colcon_pkg'
[1.582s] Level 1:colcon.colcon_core.package_identification:_identify(src/Smarte-Systemer---Rover/min_sens_best_practice/include) by extensions ['colcon_meta']
[1.582s] Level 1:colcon.colcon_core.package_identification:_identify(src/Smarte-Systemer---Rover/min_sens_best_practice/include) by extension 'colcon_meta'
[1.583s] Level 1:colcon.colcon_core.package_identification:_identify(src/Smarte-Systemer---Rover/min_sens_best_practice/include) by extensions ['ros']
[1.583s] Level 1:colcon.colcon_core.package_identification:_identify(src/Smarte-Systemer---Rover/min_sens_best_practice/include) by extension 'ros'
[1.583s] Level 1:colcon.colcon_core.package_identification:_identify(src/Smarte-Systemer---Rover/min_sens_best_practice/include) by extensions ['cmake', 'python']
[1.584s] Level 1:colcon.colcon_core.package_identification:_identify(src/Smarte-Systemer---Rover/min_sens_best_practice/include) by extension 'cmake'
[1.584s] Level 1:colcon.colcon_core.package_identification:_identify(src/Smarte-Systemer---Rover/min_sens_best_practice/include) by extension 'python'
[1.584s] Level 1:colcon.colcon_core.package_identification:_identify(src/Smarte-Systemer---Rover/min_sens_best_practice/include) by extensions ['python_setup_py']
[1.585s] Level 1:colcon.colcon_core.package_identification:_identify(src/Smarte-Systemer---Rover/min_sens_best_practice/include) by extension 'python_setup_py'
[1.585s] Level 1:colcon.colcon_core.package_identification:_identify(src/Smarte-Systemer---Rover/min_sens_best_practice/lib) by extensions ['ignore', 'ignore_ament_install']
[1.586s] Level 1:colcon.colcon_core.package_identification:_identify(src/Smarte-Systemer---Rover/min_sens_best_practice/lib) by extension 'ignore'
[1.586s] Level 1:colcon.colcon_core.package_identification:_identify(src/Smarte-Systemer---Rover/min_sens_best_practice/lib) by extension 'ignore_ament_install'
[1.587s] Level 1:colcon.colcon_core.package_identification:_identify(src/Smarte-Systemer---Rover/min_sens_best_practice/lib) by extensions ['colcon_pkg']
[1.587s] Level 1:colcon.colcon_core.package_identification:_identify(src/Smarte-Systemer---Rover/min_sens_best_practice/lib) by extension 'colcon_pkg'
[1.587s] Level 1:colcon.colcon_core.package_identification:_identify(src/Smarte-Systemer---Rover/min_sens_best_practice/lib) by extensions ['colcon_meta']
[1.587s] Level 1:colcon.colcon_core.package_identification:_identify(src/Smarte-Systemer---Rover/min_sens_best_practice/lib) by extension 'colcon_meta'
[1.588s] Level 1:colcon.colcon_core.package_identification:_identify(src/Smarte-Systemer---Rover/min_sens_best_practice/lib) by extensions ['ros']
[1.588s] Level 1:colcon.colcon_core.package_identification:_identify(src/Smarte-Systemer---Rover/min_sens_best_practice/lib) by extension 'ros'
[1.588s] Level 1:colcon.colcon_core.package_identification:_identify(src/Smarte-Systemer---Rover/min_sens_best_practice/lib) by extensions ['cmake', 'python']
[1.588s] Level 1:colcon.colcon_core.package_identification:_identify(src/Smarte-Systemer---Rover/min_sens_best_practice/lib) by extension 'cmake'
[1.589s] Level 1:colcon.colcon_core.package_identification:_identify(src/Smarte-Systemer---Rover/min_sens_best_practice/lib) by extension 'python'
[1.589s] Level 1:colcon.colcon_core.package_identification:_identify(src/Smarte-Systemer---Rover/min_sens_best_practice/lib) by extensions ['python_setup_py']
[1.589s] Level 1:colcon.colcon_core.package_identification:_identify(src/Smarte-Systemer---Rover/min_sens_best_practice/lib) by extension 'python_setup_py'
[1.590s] Level 1:colcon.colcon_core.package_identification:_identify(src/Smarte-Systemer---Rover/min_sens_best_practice/src) by extensions ['ignore', 'ignore_ament_install']
[1.590s] Level 1:colcon.colcon_core.package_identification:_identify(src/Smarte-Systemer---Rover/min_sens_best_practice/src) by extension 'ignore'
[1.590s] Level 1:colcon.colcon_core.package_identification:_identify(src/Smarte-Systemer---Rover/min_sens_best_practice/src) by extension 'ignore_ament_install'
[1.591s] Level 1:colcon.colcon_core.package_identification:_identify(src/Smarte-Systemer---Rover/min_sens_best_practice/src) by extensions ['colcon_pkg']
[1.591s] Level 1:colcon.colcon_core.package_identification:_identify(src/Smarte-Systemer---Rover/min_sens_best_practice/src) by extension 'colcon_pkg'
[1.591s] Level 1:colcon.colcon_core.package_identification:_identify(src/Smarte-Systemer---Rover/min_sens_best_practice/src) by extensions ['colcon_meta']
[1.591s] Level 1:colcon.colcon_core.package_identification:_identify(src/Smarte-Systemer---Rover/min_sens_best_practice/src) by extension 'colcon_meta'
[1.591s] Level 1:colcon.colcon_core.package_identification:_identify(src/Smarte-Systemer---Rover/min_sens_best_practice/src) by extensions ['ros']
[1.592s] Level 1:colcon.colcon_core.package_identification:_identify(src/Smarte-Systemer---Rover/min_sens_best_practice/src) by extension 'ros'
[1.592s] Level 1:colcon.colcon_core.package_identification:_identify(src/Smarte-Systemer---Rover/min_sens_best_practice/src) by extensions ['cmake', 'python']
[1.592s] Level 1:colcon.colcon_core.package_identification:_identify(src/Smarte-Systemer---Rover/min_sens_best_practice/src) by extension 'cmake'
[1.592s] Level 1:colcon.colcon_core.package_identification:_identify(src/Smarte-Systemer---Rover/min_sens_best_practice/src) by extension 'python'
[1.593s] Level 1:colcon.colcon_core.package_identification:_identify(src/Smarte-Systemer---Rover/min_sens_best_practice/src) by extensions ['python_setup_py']
[1.593s] Level 1:colcon.colcon_core.package_identification:_identify(src/Smarte-Systemer---Rover/min_sens_best_practice/src) by extension 'python_setup_py'
[1.593s] Level 1:colcon.colcon_core.package_identification:_identify(src/Smarte-Systemer---Rover/min_sens_best_practice/src/actuators) by extensions ['ignore', 'ignore_ament_install']
[1.594s] Level 1:colcon.colcon_core.package_identification:_identify(src/Smarte-Systemer---Rover/min_sens_best_practice/src/actuators) by extension 'ignore'
[1.594s] Level 1:colcon.colcon_core.package_identification:_identify(src/Smarte-Systemer---Rover/min_sens_best_practice/src/actuators) by extension 'ignore_ament_install'
[1.595s] Level 1:colcon.colcon_core.package_identification:_identify(src/Smarte-Systemer---Rover/min_sens_best_practice/src/actuators) by extensions ['colcon_pkg']
[1.595s] Level 1:colcon.colcon_core.package_identification:_identify(src/Smarte-Systemer---Rover/min_sens_best_practice/src/actuators) by extension 'colcon_pkg'
[1.595s] Level 1:colcon.colcon_core.package_identification:_identify(src/Smarte-Systemer---Rover/min_sens_best_practice/src/actuators) by extensions ['colcon_meta']
[1.595s] Level 1:colcon.colcon_core.package_identification:_identify(src/Smarte-Systemer---Rover/min_sens_best_practice/src/actuators) by extension 'colcon_meta'
[1.596s] Level 1:colcon.colcon_core.package_identification:_identify(src/Smarte-Systemer---Rover/min_sens_best_practice/src/actuators) by extensions ['ros']
[1.596s] Level 1:colcon.colcon_core.package_identification:_identify(src/Smarte-Systemer---Rover/min_sens_best_practice/src/actuators) by extension 'ros'
[1.596s] Level 1:colcon.colcon_core.package_identification:_identify(src/Smarte-Systemer---Rover/min_sens_best_practice/src/actuators) by extensions ['cmake', 'python']
[1.597s] Level 1:colcon.colcon_core.package_identification:_identify(src/Smarte-Systemer---Rover/min_sens_best_practice/src/actuators) by extension 'cmake'
[1.597s] Level 1:colcon.colcon_core.package_identification:_identify(src/Smarte-Systemer---Rover/min_sens_best_practice/src/actuators) by extension 'python'
[1.597s] Level 1:colcon.colcon_core.package_identification:_identify(src/Smarte-Systemer---Rover/min_sens_best_practice/src/actuators) by extensions ['python_setup_py']
[1.597s] Level 1:colcon.colcon_core.package_identification:_identify(src/Smarte-Systemer---Rover/min_sens_best_practice/src/actuators) by extension 'python_setup_py'
[1.598s] Level 1:colcon.colcon_core.package_identification:_identify(src/Smarte-Systemer---Rover/min_sens_best_practice/src/controller) by extensions ['ignore', 'ignore_ament_install']
[1.598s] Level 1:colcon.colcon_core.package_identification:_identify(src/Smarte-Systemer---Rover/min_sens_best_practice/src/controller) by extension 'ignore'
[1.599s] Level 1:colcon.colcon_core.package_identification:_identify(src/Smarte-Systemer---Rover/min_sens_best_practice/src/controller) by extension 'ignore_ament_install'
[1.599s] Level 1:colcon.colcon_core.package_identification:_identify(src/Smarte-Systemer---Rover/min_sens_best_practice/src/controller) by extensions ['colcon_pkg']
[1.599s] Level 1:colcon.colcon_core.package_identification:_identify(src/Smarte-Systemer---Rover/min_sens_best_practice/src/controller) by extension 'colcon_pkg'
[1.599s] Level 1:colcon.colcon_core.package_identification:_identify(src/Smarte-Systemer---Rover/min_sens_best_practice/src/controller) by extensions ['colcon_meta']
[1.599s] Level 1:colcon.colcon_core.package_identification:_identify(src/Smarte-Systemer---Rover/min_sens_best_practice/src/controller) by extension 'colcon_meta'
[1.600s] Level 1:colcon.colcon_core.package_identification:_identify(src/Smarte-Systemer---Rover/min_sens_best_practice/src/controller) by extensions ['ros']
[1.600s] Level 1:colcon.colcon_core.package_identification:_identify(src/Smarte-Systemer---Rover/min_sens_best_practice/src/controller) by extension 'ros'
[1.600s] Level 1:colcon.colcon_core.package_identification:_identify(src/Smarte-Systemer---Rover/min_sens_best_practice/src/controller) by extensions ['cmake', 'python']
[1.600s] Level 1:colcon.colcon_core.package_identification:_identify(src/Smarte-Systemer---Rover/min_sens_best_practice/src/controller) by extension 'cmake'
[1.600s] Level 1:colcon.colcon_core.package_identification:_identify(src/Smarte-Systemer---Rover/min_sens_best_practice/src/controller) by extension 'python'
[1.601s] Level 1:colcon.colcon_core.package_identification:_identify(src/Smarte-Systemer---Rover/min_sens_best_practice/src/controller) by extensions ['python_setup_py']
[1.601s] Level 1:colcon.colcon_core.package_identification:_identify(src/Smarte-Systemer---Rover/min_sens_best_practice/src/controller) by extension 'python_setup_py'
[1.601s] Level 1:colcon.colcon_core.package_identification:_identify(src/Smarte-Systemer---Rover/min_sens_best_practice/src/sensors) by extensions ['ignore', 'ignore_ament_install']
[1.602s] Level 1:colcon.colcon_core.package_identification:_identify(src/Smarte-Systemer---Rover/min_sens_best_practice/src/sensors) by extension 'ignore'
[1.602s] Level 1:colcon.colcon_core.package_identification:_identify(src/Smarte-Systemer---Rover/min_sens_best_practice/src/sensors) by extension 'ignore_ament_install'
[1.602s] Level 1:colcon.colcon_core.package_identification:_identify(src/Smarte-Systemer---Rover/min_sens_best_practice/src/sensors) by extensions ['colcon_pkg']
[1.603s] Level 1:colcon.colcon_core.package_identification:_identify(src/Smarte-Systemer---Rover/min_sens_best_practice/src/sensors) by extension 'colcon_pkg'
[1.603s] Level 1:colcon.colcon_core.package_identification:_identify(src/Smarte-Systemer---Rover/min_sens_best_practice/src/sensors) by extensions ['colcon_meta']
[1.603s] Level 1:colcon.colcon_core.package_identification:_identify(src/Smarte-Systemer---Rover/min_sens_best_practice/src/sensors) by extension 'colcon_meta'
[1.603s] Level 1:colcon.colcon_core.package_identification:_identify(src/Smarte-Systemer---Rover/min_sens_best_practice/src/sensors) by extensions ['ros']
[1.603s] Level 1:colcon.colcon_core.package_identification:_identify(src/Smarte-Systemer---Rover/min_sens_best_practice/src/sensors) by extension 'ros'
[1.604s] Level 1:colcon.colcon_core.package_identification:_identify(src/Smarte-Systemer---Rover/min_sens_best_practice/src/sensors) by extensions ['cmake', 'python']
[1.604s] Level 1:colcon.colcon_core.package_identification:_identify(src/Smarte-Systemer---Rover/min_sens_best_practice/src/sensors) by extension 'cmake'
[1.604s] Level 1:colcon.colcon_core.package_identification:_identify(src/Smarte-Systemer---Rover/min_sens_best_practice/src/sensors) by extension 'python'
[1.604s] Level 1:colcon.colcon_core.package_identification:_identify(src/Smarte-Systemer---Rover/min_sens_best_practice/src/sensors) by extensions ['python_setup_py']
[1.605s] Level 1:colcon.colcon_core.package_identification:_identify(src/Smarte-Systemer---Rover/min_sens_best_practice/src/sensors) by extension 'python_setup_py'
[1.605s] Level 1:colcon.colcon_core.package_identification:_identify(src/Smarte-Systemer---Rover/min_sens_best_practice/test) by extensions ['ignore', 'ignore_ament_install']
[1.606s] Level 1:colcon.colcon_core.package_identification:_identify(src/Smarte-Systemer---Rover/min_sens_best_practice/test) by extension 'ignore'
[1.606s] Level 1:colcon.colcon_core.package_identification:_identify(src/Smarte-Systemer---Rover/min_sens_best_practice/test) by extension 'ignore_ament_install'
[1.606s] Level 1:colcon.colcon_core.package_identification:_identify(src/Smarte-Systemer---Rover/min_sens_best_practice/test) by extensions ['colcon_pkg']
[1.606s] Level 1:colcon.colcon_core.package_identification:_identify(src/Smarte-Systemer---Rover/min_sens_best_practice/test) by extension 'colcon_pkg'
[1.607s] Level 1:colcon.colcon_core.package_identification:_identify(src/Smarte-Systemer---Rover/min_sens_best_practice/test) by extensions ['colcon_meta']
[1.607s] Level 1:colcon.colcon_core.package_identification:_identify(src/Smarte-Systemer---Rover/min_sens_best_practice/test) by extension 'colcon_meta'
[1.607s] Level 1:colcon.colcon_core.package_identification:_identify(src/Smarte-Systemer---Rover/min_sens_best_practice/test) by extensions ['ros']
[1.608s] Level 1:colcon.colcon_core.package_identification:_identify(src/Smarte-Systemer---Rover/min_sens_best_practice/test) by extension 'ros'
[1.608s] Level 1:colcon.colcon_core.package_identification:_identify(src/Smarte-Systemer---Rover/min_sens_best_practice/test) by extensions ['cmake', 'python']
[1.608s] Level 1:colcon.colcon_core.package_identification:_identify(src/Smarte-Systemer---Rover/min_sens_best_practice/test) by extension 'cmake'
[1.609s] Level 1:colcon.colcon_core.package_identification:_identify(src/Smarte-Systemer---Rover/min_sens_best_practice/test) by extension 'python'
[1.609s] Level 1:colcon.colcon_core.package_identification:_identify(src/Smarte-Systemer---Rover/min_sens_best_practice/test) by extensions ['python_setup_py']
[1.609s] Level 1:colcon.colcon_core.package_identification:_identify(src/Smarte-Systemer---Rover/min_sens_best_practice/test) by extension 'python_setup_py'
[1.610s] Level 1:colcon.colcon_core.package_identification:_identify(src/Smarte-Systemer---Rover/sensorer_arduino_best_practice) by extensions ['ignore', 'ignore_ament_install']
[1.610s] Level 1:colcon.colcon_core.package_identification:_identify(src/Smarte-Systemer---Rover/sensorer_arduino_best_practice) by extension 'ignore'
[1.610s] Level 1:colcon.colcon_core.package_identification:_identify(src/Smarte-Systemer---Rover/sensorer_arduino_best_practice) by extension 'ignore_ament_install'
[1.611s] Level 1:colcon.colcon_core.package_identification:_identify(src/Smarte-Systemer---Rover/sensorer_arduino_best_practice) by extensions ['colcon_pkg']
[1.611s] Level 1:colcon.colcon_core.package_identification:_identify(src/Smarte-Systemer---Rover/sensorer_arduino_best_practice) by extension 'colcon_pkg'
[1.611s] Level 1:colcon.colcon_core.package_identification:_identify(src/Smarte-Systemer---Rover/sensorer_arduino_best_practice) by extensions ['colcon_meta']
[1.611s] Level 1:colcon.colcon_core.package_identification:_identify(src/Smarte-Systemer---Rover/sensorer_arduino_best_practice) by extension 'colcon_meta'
[1.611s] Level 1:colcon.colcon_core.package_identification:_identify(src/Smarte-Systemer---Rover/sensorer_arduino_best_practice) by extensions ['ros']
[1.612s] Level 1:colcon.colcon_core.package_identification:_identify(src/Smarte-Systemer---Rover/sensorer_arduino_best_practice) by extension 'ros'
[1.612s] Level 1:colcon.colcon_core.package_identification:_identify(src/Smarte-Systemer---Rover/sensorer_arduino_best_practice) by extensions ['cmake', 'python']
[1.612s] Level 1:colcon.colcon_core.package_identification:_identify(src/Smarte-Systemer---Rover/sensorer_arduino_best_practice) by extension 'cmake'
[1.612s] Level 1:colcon.colcon_core.package_identification:_identify(src/Smarte-Systemer---Rover/sensorer_arduino_best_practice) by extension 'python'
[1.613s] Level 1:colcon.colcon_core.package_identification:_identify(src/Smarte-Systemer---Rover/sensorer_arduino_best_practice) by extensions ['python_setup_py']
[1.613s] Level 1:colcon.colcon_core.package_identification:_identify(src/Smarte-Systemer---Rover/sensorer_arduino_best_practice) by extension 'python_setup_py'
[1.613s] Level 1:colcon.colcon_core.package_identification:_identify(src/Smarte-Systemer---Rover/sensorer_arduino_best_practice/include) by extensions ['ignore', 'ignore_ament_install']
[1.614s] Level 1:colcon.colcon_core.package_identification:_identify(src/Smarte-Systemer---Rover/sensorer_arduino_best_practice/include) by extension 'ignore'
[1.614s] Level 1:colcon.colcon_core.package_identification:_identify(src/Smarte-Systemer---Rover/sensorer_arduino_best_practice/include) by extension 'ignore_ament_install'
[1.614s] Level 1:colcon.colcon_core.package_identification:_identify(src/Smarte-Systemer---Rover/sensorer_arduino_best_practice/include) by extensions ['colcon_pkg']
[1.614s] Level 1:colcon.colcon_core.package_identification:_identify(src/Smarte-Systemer---Rover/sensorer_arduino_best_practice/include) by extension 'colcon_pkg'
[1.615s] Level 1:colcon.colcon_core.package_identification:_identify(src/Smarte-Systemer---Rover/sensorer_arduino_best_practice/include) by extensions ['colcon_meta']
[1.615s] Level 1:colcon.colcon_core.package_identification:_identify(src/Smarte-Systemer---Rover/sensorer_arduino_best_practice/include) by extension 'colcon_meta'
[1.615s] Level 1:colcon.colcon_core.package_identification:_identify(src/Smarte-Systemer---Rover/sensorer_arduino_best_practice/include) by extensions ['ros']
[1.615s] Level 1:colcon.colcon_core.package_identification:_identify(src/Smarte-Systemer---Rover/sensorer_arduino_best_practice/include) by extension 'ros'
[1.616s] Level 1:colcon.colcon_core.package_identification:_identify(src/Smarte-Systemer---Rover/sensorer_arduino_best_practice/include) by extensions ['cmake', 'python']
[1.616s] Level 1:colcon.colcon_core.package_identification:_identify(src/Smarte-Systemer---Rover/sensorer_arduino_best_practice/include) by extension 'cmake'
[1.616s] Level 1:colcon.colcon_core.package_identification:_identify(src/Smarte-Systemer---Rover/sensorer_arduino_best_practice/include) by extension 'python'
[1.616s] Level 1:colcon.colcon_core.package_identification:_identify(src/Smarte-Systemer---Rover/sensorer_arduino_best_practice/include) by extensions ['python_setup_py']
[1.616s] Level 1:colcon.colcon_core.package_identification:_identify(src/Smarte-Systemer---Rover/sensorer_arduino_best_practice/include) by extension 'python_setup_py'
[1.617s] Level 1:colcon.colcon_core.package_identification:_identify(src/Smarte-Systemer---Rover/sensorer_arduino_best_practice/lib) by extensions ['ignore', 'ignore_ament_install']
[1.617s] Level 1:colcon.colcon_core.package_identification:_identify(src/Smarte-Systemer---Rover/sensorer_arduino_best_practice/lib) by extension 'ignore'
[1.618s] Level 1:colcon.colcon_core.package_identification:_identify(src/Smarte-Systemer---Rover/sensorer_arduino_best_practice/lib) by extension 'ignore_ament_install'
[1.618s] Level 1:colcon.colcon_core.package_identification:_identify(src/Smarte-Systemer---Rover/sensorer_arduino_best_practice/lib) by extensions ['colcon_pkg']
[1.618s] Level 1:colcon.colcon_core.package_identification:_identify(src/Smarte-Systemer---Rover/sensorer_arduino_best_practice/lib) by extension 'colcon_pkg'
[1.619s] Level 1:colcon.colcon_core.package_identification:_identify(src/Smarte-Systemer---Rover/sensorer_arduino_best_practice/lib) by extensions ['colcon_meta']
[1.619s] Level 1:colcon.colcon_core.package_identification:_identify(src/Smarte-Systemer---Rover/sensorer_arduino_best_practice/lib) by extension 'colcon_meta'
[1.619s] Level 1:colcon.colcon_core.package_identification:_identify(src/Smarte-Systemer---Rover/sensorer_arduino_best_practice/lib) by extensions ['ros']
[1.619s] Level 1:colcon.colcon_core.package_identification:_identify(src/Smarte-Systemer---Rover/sensorer_arduino_best_practice/lib) by extension 'ros'
[1.620s] Level 1:colcon.colcon_core.package_identification:_identify(src/Smarte-Systemer---Rover/sensorer_arduino_best_practice/lib) by extensions ['cmake', 'python']
[1.620s] Level 1:colcon.colcon_core.package_identification:_identify(src/Smarte-Systemer---Rover/sensorer_arduino_best_practice/lib) by extension 'cmake'
[1.620s] Level 1:colcon.colcon_core.package_identification:_identify(src/Smarte-Systemer---Rover/sensorer_arduino_best_practice/lib) by extension 'python'
[1.620s] Level 1:colcon.colcon_core.package_identification:_identify(src/Smarte-Systemer---Rover/sensorer_arduino_best_practice/lib) by extensions ['python_setup_py']
[1.621s] Level 1:colcon.colcon_core.package_identification:_identify(src/Smarte-Systemer---Rover/sensorer_arduino_best_practice/lib) by extension 'python_setup_py'
[1.621s] Level 1:colcon.colcon_core.package_identification:_identify(src/Smarte-Systemer---Rover/sensorer_arduino_best_practice/src) by extensions ['ignore', 'ignore_ament_install']
[1.622s] Level 1:colcon.colcon_core.package_identification:_identify(src/Smarte-Systemer---Rover/sensorer_arduino_best_practice/src) by extension 'ignore'
[1.622s] Level 1:colcon.colcon_core.package_identification:_identify(src/Smarte-Systemer---Rover/sensorer_arduino_best_practice/src) by extension 'ignore_ament_install'
[1.622s] Level 1:colcon.colcon_core.package_identification:_identify(src/Smarte-Systemer---Rover/sensorer_arduino_best_practice/src) by extensions ['colcon_pkg']
[1.622s] Level 1:colcon.colcon_core.package_identification:_identify(src/Smarte-Systemer---Rover/sensorer_arduino_best_practice/src) by extension 'colcon_pkg'
[1.623s] Level 1:colcon.colcon_core.package_identification:_identify(src/Smarte-Systemer---Rover/sensorer_arduino_best_practice/src) by extensions ['colcon_meta']
[1.623s] Level 1:colcon.colcon_core.package_identification:_identify(src/Smarte-Systemer---Rover/sensorer_arduino_best_practice/src) by extension 'colcon_meta'
[1.623s] Level 1:colcon.colcon_core.package_identification:_identify(src/Smarte-Systemer---Rover/sensorer_arduino_best_practice/src) by extensions ['ros']
[1.623s] Level 1:colcon.colcon_core.package_identification:_identify(src/Smarte-Systemer---Rover/sensorer_arduino_best_practice/src) by extension 'ros'
[1.623s] Level 1:colcon.colcon_core.package_identification:_identify(src/Smarte-Systemer---Rover/sensorer_arduino_best_practice/src) by extensions ['cmake', 'python']
[1.624s] Level 1:colcon.colcon_core.package_identification:_identify(src/Smarte-Systemer---Rover/sensorer_arduino_best_practice/src) by extension 'cmake'
[1.624s] Level 1:colcon.colcon_core.package_identification:_identify(src/Smarte-Systemer---Rover/sensorer_arduino_best_practice/src) by extension 'python'
[1.624s] Level 1:colcon.colcon_core.package_identification:_identify(src/Smarte-Systemer---Rover/sensorer_arduino_best_practice/src) by extensions ['python_setup_py']
[1.624s] Level 1:colcon.colcon_core.package_identification:_identify(src/Smarte-Systemer---Rover/sensorer_arduino_best_practice/src) by extension 'python_setup_py'
[1.625s] Level 1:colcon.colcon_core.package_identification:_identify(src/Smarte-Systemer---Rover/sensorer_arduino_best_practice/test) by extensions ['ignore', 'ignore_ament_install']
[1.625s] Level 1:colcon.colcon_core.package_identification:_identify(src/Smarte-Systemer---Rover/sensorer_arduino_best_practice/test) by extension 'ignore'
[1.625s] Level 1:colcon.colcon_core.package_identification:_identify(src/Smarte-Systemer---Rover/sensorer_arduino_best_practice/test) by extension 'ignore_ament_install'
[1.626s] Level 1:colcon.colcon_core.package_identification:_identify(src/Smarte-Systemer---Rover/sensorer_arduino_best_practice/test) by extensions ['colcon_pkg']
[1.626s] Level 1:colcon.colcon_core.package_identification:_identify(src/Smarte-Systemer---Rover/sensorer_arduino_best_practice/test) by extension 'colcon_pkg'
[1.626s] Level 1:colcon.colcon_core.package_identification:_identify(src/Smarte-Systemer---Rover/sensorer_arduino_best_practice/test) by extensions ['colcon_meta']
[1.626s] Level 1:colcon.colcon_core.package_identification:_identify(src/Smarte-Systemer---Rover/sensorer_arduino_best_practice/test) by extension 'colcon_meta'
[1.626s] Level 1:colcon.colcon_core.package_identification:_identify(src/Smarte-Systemer---Rover/sensorer_arduino_best_practice/test) by extensions ['ros']
[1.627s] Level 1:colcon.colcon_core.package_identification:_identify(src/Smarte-Systemer---Rover/sensorer_arduino_best_practice/test) by extension 'ros'
[1.627s] Level 1:colcon.colcon_core.package_identification:_identify(src/Smarte-Systemer---Rover/sensorer_arduino_best_practice/test) by extensions ['cmake', 'python']
[1.627s] Level 1:colcon.colcon_core.package_identification:_identify(src/Smarte-Systemer---Rover/sensorer_arduino_best_practice/test) by extension 'cmake'
[1.627s] Level 1:colcon.colcon_core.package_identification:_identify(src/Smarte-Systemer---Rover/sensorer_arduino_best_practice/test) by extension 'python'
[1.628s] Level 1:colcon.colcon_core.package_identification:_identify(src/Smarte-Systemer---Rover/sensorer_arduino_best_practice/test) by extensions ['python_setup_py']
[1.628s] Level 1:colcon.colcon_core.package_identification:_identify(src/Smarte-Systemer---Rover/sensorer_arduino_best_practice/test) by extension 'python_setup_py'
[1.628s] Level 1:colcon.colcon_core.package_identification:_identify(src/arduino_bridge) by extensions ['ignore', 'ignore_ament_install']
[1.629s] Level 1:colcon.colcon_core.package_identification:_identify(src/arduino_bridge) by extension 'ignore'
[1.629s] Level 1:colcon.colcon_core.package_identification:_identify(src/arduino_bridge) by extension 'ignore_ament_install'
[1.629s] Level 1:colcon.colcon_core.package_identification:_identify(src/arduino_bridge) by extensions ['colcon_pkg']
[1.629s] Level 1:colcon.colcon_core.package_identification:_identify(src/arduino_bridge) by extension 'colcon_pkg'
[1.630s] Level 1:colcon.colcon_core.package_identification:_identify(src/arduino_bridge) by extensions ['colcon_meta']
[1.630s] Level 1:colcon.colcon_core.package_identification:_identify(src/arduino_bridge) by extension 'colcon_meta'
[1.630s] Level 1:colcon.colcon_core.package_identification:_identify(src/arduino_bridge) by extensions ['ros']
[1.630s] Level 1:colcon.colcon_core.package_identification:_identify(src/arduino_bridge) by extension 'ros'
[1.639s] DEBUG:colcon.colcon_core.package_identification:Package 'src/arduino_bridge' with type 'ros.ament_python' and name 'arduino_bridge'
[1.640s] Level 1:colcon.colcon_core.package_identification:_identify(src/autonomous_rover) by extensions ['ignore', 'ignore_ament_install']
[1.640s] Level 1:colcon.colcon_core.package_identification:_identify(src/autonomous_rover) by extension 'ignore'
[1.641s] Level 1:colcon.colcon_core.package_identification:_identify(src/autonomous_rover) by extension 'ignore_ament_install'
[1.641s] Level 1:colcon.colcon_core.package_identification:_identify(src/autonomous_rover) by extensions ['colcon_pkg']
[1.641s] Level 1:colcon.colcon_core.package_identification:_identify(src/autonomous_rover) by extension 'colcon_pkg'
[1.641s] Level 1:colcon.colcon_core.package_identification:_identify(src/autonomous_rover) by extensions ['colcon_meta']
[1.642s] Level 1:colcon.colcon_core.package_identification:_identify(src/autonomous_rover) by extension 'colcon_meta'
[1.642s] Level 1:colcon.colcon_core.package_identification:_identify(src/autonomous_rover) by extensions ['ros']
[1.642s] Level 1:colcon.colcon_core.package_identification:_identify(src/autonomous_rover) by extension 'ros'
[1.645s] DEBUG:colcon.colcon_core.package_identification:Package 'src/autonomous_rover' with type 'ros.ament_cmake' and name 'autonomous_rover'
[1.646s] Level 1:colcon.colcon_core.package_identification:_identify(src/build) by extensions ['ignore', 'ignore_ament_install']
[1.646s] Level 1:colcon.colcon_core.package_identification:_identify(src/build) by extension 'ignore'
[1.646s] Level 1:colcon.colcon_core.package_identification:_identify(src/build) ignored
[1.647s] Level 1:colcon.colcon_core.package_identification:_identify(src/carto_localization) by extensions ['ignore', 'ignore_ament_install']
[1.647s] Level 1:colcon.colcon_core.package_identification:_identify(src/carto_localization) by extension 'ignore'
[1.647s] Level 1:colcon.colcon_core.package_identification:_identify(src/carto_localization) by extension 'ignore_ament_install'
[1.648s] Level 1:colcon.colcon_core.package_identification:_identify(src/carto_localization) by extensions ['colcon_pkg']
[1.648s] Level 1:colcon.colcon_core.package_identification:_identify(src/carto_localization) by extension 'colcon_pkg'
[1.648s] Level 1:colcon.colcon_core.package_identification:_identify(src/carto_localization) by extensions ['colcon_meta']
[1.648s] Level 1:colcon.colcon_core.package_identification:_identify(src/carto_localization) by extension 'colcon_meta'
[1.648s] Level 1:colcon.colcon_core.package_identification:_identify(src/carto_localization) by extensions ['ros']
[1.649s] Level 1:colcon.colcon_core.package_identification:_identify(src/carto_localization) by extension 'ros'
[1.651s] DEBUG:colcon.colcon_core.package_identification:Package 'src/carto_localization' with type 'ros.catkin' and name 'carto_localization'
[1.652s] Level 1:colcon.colcon_core.package_identification:_identify(src/install) by extensions ['ignore', 'ignore_ament_install']
[1.652s] Level 1:colcon.colcon_core.package_identification:_identify(src/install) by extension 'ignore'
[1.652s] Level 1:colcon.colcon_core.package_identification:_identify(src/install) ignored
[1.653s] Level 1:colcon.colcon_core.package_identification:_identify(src/ldlidar_stl_ros2) by extensions ['ignore', 'ignore_ament_install']
[1.654s] Level 1:colcon.colcon_core.package_identification:_identify(src/ldlidar_stl_ros2) by extension 'ignore'
[1.654s] Level 1:colcon.colcon_core.package_identification:_identify(src/ldlidar_stl_ros2) by extension 'ignore_ament_install'
[1.654s] Level 1:colcon.colcon_core.package_identification:_identify(src/ldlidar_stl_ros2) by extensions ['colcon_pkg']
[1.654s] Level 1:colcon.colcon_core.package_identification:_identify(src/ldlidar_stl_ros2) by extension 'colcon_pkg'
[1.655s] Level 1:colcon.colcon_core.package_identification:_identify(src/ldlidar_stl_ros2) by extensions ['colcon_meta']
[1.655s] Level 1:colcon.colcon_core.package_identification:_identify(src/ldlidar_stl_ros2) by extension 'colcon_meta'
[1.655s] Level 1:colcon.colcon_core.package_identification:_identify(src/ldlidar_stl_ros2) by extensions ['ros']
[1.655s] Level 1:colcon.colcon_core.package_identification:_identify(src/ldlidar_stl_ros2) by extension 'ros'
[1.658s] DEBUG:colcon.colcon_core.package_identification:Package 'src/ldlidar_stl_ros2' with type 'ros.ament_cmake' and name 'ldlidar_stl_ros2'
[1.659s] Level 1:colcon.colcon_core.package_identification:_identify(src/log) by extensions ['ignore', 'ignore_ament_install']
[1.659s] Level 1:colcon.colcon_core.package_identification:_identify(src/log) by extension 'ignore'
[1.660s] Level 1:colcon.colcon_core.package_identification:_identify(src/log) ignored
[1.660s] Level 1:colcon.colcon_core.package_identification:_identify(src/ros2-system-monitor) by extensions ['ignore', 'ignore_ament_install']
[1.661s] Level 1:colcon.colcon_core.package_identification:_identify(src/ros2-system-monitor) by extension 'ignore'
[1.661s] Level 1:colcon.colcon_core.package_identification:_identify(src/ros2-system-monitor) by extension 'ignore_ament_install'
[1.661s] Level 1:colcon.colcon_core.package_identification:_identify(src/ros2-system-monitor) by extensions ['colcon_pkg']
[1.661s] Level 1:colcon.colcon_core.package_identification:_identify(src/ros2-system-monitor) by extension 'colcon_pkg'
[1.662s] Level 1:colcon.colcon_core.package_identification:_identify(src/ros2-system-monitor) by extensions ['colcon_meta']
[1.662s] Level 1:colcon.colcon_core.package_identification:_identify(src/ros2-system-monitor) by extension 'colcon_meta'
[1.662s] Level 1:colcon.colcon_core.package_identification:_identify(src/ros2-system-monitor) by extensions ['ros']
[1.662s] Level 1:colcon.colcon_core.package_identification:_identify(src/ros2-system-monitor) by extension 'ros'
[1.666s] DEBUG:colcon.colcon_core.package_identification:Package 'src/ros2-system-monitor' with type 'ros.ament_cmake' and name 'ros2_system_monitor'
[1.667s] Level 1:colcon.colcon_core.package_identification:_identify(src/ros2_temperature_tracker) by extensions ['ignore', 'ignore_ament_install']
[1.667s] Level 1:colcon.colcon_core.package_identification:_identify(src/ros2_temperature_tracker) by extension 'ignore'
[1.668s] Level 1:colcon.colcon_core.package_identification:_identify(src/ros2_temperature_tracker) by extension 'ignore_ament_install'
[1.668s] Level 1:colcon.colcon_core.package_identification:_identify(src/ros2_temperature_tracker) by extensions ['colcon_pkg']
[1.669s] Level 1:colcon.colcon_core.package_identification:_identify(src/ros2_temperature_tracker) by extension 'colcon_pkg'
[1.669s] Level 1:colcon.colcon_core.package_identification:_identify(src/ros2_temperature_tracker) by extensions ['colcon_meta']
[1.669s] Level 1:colcon.colcon_core.package_identification:_identify(src/ros2_temperature_tracker) by extension 'colcon_meta'
[1.669s] Level 1:colcon.colcon_core.package_identification:_identify(src/ros2_temperature_tracker) by extensions ['ros']
[1.670s] Level 1:colcon.colcon_core.package_identification:_identify(src/ros2_temperature_tracker) by extension 'ros'
[1.673s] DEBUG:colcon.colcon_core.package_identification:Package 'src/ros2_temperature_tracker' with type 'ros.ament_python' and name 'temperature_tracker'
[1.673s] Level 1:colcon.colcon_core.package_identification:_identify(src/rover_driver) by extensions ['ignore', 'ignore_ament_install']
[1.674s] Level 1:colcon.colcon_core.package_identification:_identify(src/rover_driver) by extension 'ignore'
[1.674s] Level 1:colcon.colcon_core.package_identification:_identify(src/rover_driver) by extension 'ignore_ament_install'
[1.675s] Level 1:colcon.colcon_core.package_identification:_identify(src/rover_driver) by extensions ['colcon_pkg']
[1.675s] Level 1:colcon.colcon_core.package_identification:_identify(src/rover_driver) by extension 'colcon_pkg'
[1.675s] Level 1:colcon.colcon_core.package_identification:_identify(src/rover_driver) by extensions ['colcon_meta']
[1.675s] Level 1:colcon.colcon_core.package_identification:_identify(src/rover_driver) by extension 'colcon_meta'
[1.675s] Level 1:colcon.colcon_core.package_identification:_identify(src/rover_driver) by extensions ['ros']
[1.676s] Level 1:colcon.colcon_core.package_identification:_identify(src/rover_driver) by extension 'ros'
[1.678s] DEBUG:colcon.colcon_core.package_identification:Package 'src/rover_driver' with type 'ros.ament_python' and name 'rover_driver'
[1.678s] Level 1:colcon.colcon_core.package_identification:_identify(src/sensehat_cpp) by extensions ['ignore', 'ignore_ament_install']
[1.679s] Level 1:colcon.colcon_core.package_identification:_identify(src/sensehat_cpp) by extension 'ignore'
[1.679s] Level 1:colcon.colcon_core.package_identification:_identify(src/sensehat_cpp) by extension 'ignore_ament_install'
[1.680s] Level 1:colcon.colcon_core.package_identification:_identify(src/sensehat_cpp) by extensions ['colcon_pkg']
[1.680s] Level 1:colcon.colcon_core.package_identification:_identify(src/sensehat_cpp) by extension 'colcon_pkg'
[1.680s] Level 1:colcon.colcon_core.package_identification:_identify(src/sensehat_cpp) by extensions ['colcon_meta']
[1.681s] Level 1:colcon.colcon_core.package_identification:_identify(src/sensehat_cpp) by extension 'colcon_meta'
[1.681s] Level 1:colcon.colcon_core.package_identification:_identify(src/sensehat_cpp) by extensions ['ros']
[1.681s] Level 1:colcon.colcon_core.package_identification:_identify(src/sensehat_cpp) by extension 'ros'
[1.684s] DEBUG:colcon.colcon_core.package_identification:Package 'src/sensehat_cpp' with type 'ros.ament_cmake' and name 'sensehat_cpp'
[1.685s] Level 1:colcon.colcon_core.package_identification:_identify(src/sensehat_ros) by extensions ['ignore', 'ignore_ament_install']
[1.685s] Level 1:colcon.colcon_core.package_identification:_identify(src/sensehat_ros) by extension 'ignore'
[1.686s] Level 1:colcon.colcon_core.package_identification:_identify(src/sensehat_ros) by extension 'ignore_ament_install'
[1.686s] Level 1:colcon.colcon_core.package_identification:_identify(src/sensehat_ros) by extensions ['colcon_pkg']
[1.686s] Level 1:colcon.colcon_core.package_identification:_identify(src/sensehat_ros) by extension 'colcon_pkg'
[1.686s] Level 1:colcon.colcon_core.package_identification:_identify(src/sensehat_ros) by extensions ['colcon_meta']
[1.687s] Level 1:colcon.colcon_core.package_identification:_identify(src/sensehat_ros) by extension 'colcon_meta'
[1.687s] Level 1:colcon.colcon_core.package_identification:_identify(src/sensehat_ros) by extensions ['ros']
[1.687s] Level 1:colcon.colcon_core.package_identification:_identify(src/sensehat_ros) by extension 'ros'
[1.691s] DEBUG:colcon.colcon_core.package_identification:Package 'src/sensehat_ros' with type 'ros.ament_python' and name 'sensehat_ros'
[1.691s] Level 1:colcon.colcon_core.package_discovery:discover_packages(recursive) using defaults
[1.691s] Level 1:colcon.colcon_core.package_discovery:discover_packages(ignore) discover
[1.691s] Level 1:colcon.colcon_core.package_discovery:discover_packages(ignore) using defaults
[1.691s] Level 1:colcon.colcon_core.package_discovery:discover_packages(path) discover
[1.692s] Level 1:colcon.colcon_core.package_discovery:discover_packages(path) using defaults
[1.825s] INFO:colcon.colcon_core.package_selection:Skipping not selected package 'arduino_bridge' in 'src/arduino_bridge'
[1.825s] INFO:colcon.colcon_core.package_selection:Skipping not selected package 'carto_localization' in 'src/carto_localization'
[1.825s] INFO:colcon.colcon_core.package_selection:Skipping not selected package 'ldlidar_stl_ros2' in 'src/ldlidar_stl_ros2'
[1.826s] INFO:colcon.colcon_core.package_selection:Skipping not selected package 'ros2_system_monitor' in 'src/ros2-system-monitor'
[1.826s] INFO:colcon.colcon_core.package_selection:Skipping not selected package 'rover_driver' in 'src/rover_driver'
[1.826s] INFO:colcon.colcon_core.package_selection:Skipping not selected package 'sensehat_cpp' in 'src/sensehat_cpp'
[1.826s] INFO:colcon.colcon_core.package_selection:Skipping not selected package 'sensehat_ros' in 'src/sensehat_ros'
[1.826s] INFO:colcon.colcon_core.package_selection:Skipping not selected package 'temperature_tracker' in 'src/ros2_temperature_tracker'
[1.828s] Level 1:colcon.colcon_core.package_discovery:discover_packages(prefix_path) check parameters
[1.828s] Level 1:colcon.colcon_core.package_discovery:discover_packages(prefix_path) discover
[1.841s] DEBUG:colcon.colcon_installed_package_information.package_discovery:Found 8 installed packages in /home/creampi/ros2_ws/install
[1.849s] DEBUG:colcon.colcon_installed_package_information.package_discovery:Found 226 installed packages in /opt/ros/humble
[1.854s] Level 1:colcon.colcon_core.package_discovery:discover_packages(prefix_path) using defaults
[2.000s] Level 5:colcon.colcon_core.verb:set package 'autonomous_rover' build argument 'cmake_args' from command line to 'None'
[2.000s] Level 5:colcon.colcon_core.verb:set package 'autonomous_rover' build argument 'cmake_target' from command line to 'None'
[2.000s] Level 5:colcon.colcon_core.verb:set package 'autonomous_rover' build argument 'cmake_target_skip_unavailable' from command line to 'False'
[2.000s] Level 5:colcon.colcon_core.verb:set package 'autonomous_rover' build argument 'cmake_clean_cache' from command line to 'False'
[2.000s] Level 5:colcon.colcon_core.verb:set package 'autonomous_rover' build argument 'cmake_clean_first' from command line to 'False'
[2.001s] Level 5:colcon.colcon_core.verb:set package 'autonomous_rover' build argument 'cmake_force_configure' from command line to 'False'
[2.001s] Level 5:colcon.colcon_core.verb:set package 'autonomous_rover' build argument 'ament_cmake_args' from command line to 'None'
[2.001s] Level 5:colcon.colcon_core.verb:set package 'autonomous_rover' build argument 'catkin_cmake_args' from command line to 'None'
[2.001s] Level 5:colcon.colcon_core.verb:set package 'autonomous_rover' build argument 'catkin_skip_building_tests' from command line to 'False'
[2.001s] DEBUG:colcon.colcon_core.verb:Building package 'autonomous_rover' with the following arguments: {'ament_cmake_args': None, 'build_base': '/home/creampi/ros2_ws/build/autonomous_rover', 'catkin_cmake_args': None, 'catkin_skip_building_tests': False, 'cmake_args': None, 'cmake_clean_cache': False, 'cmake_clean_first': False, 'cmake_force_configure': False, 'cmake_target': None, 'cmake_target_skip_unavailable': False, 'install_base': '/home/creampi/ros2_ws/install/autonomous_rover', 'merge_install': False, 'path': '/home/creampi/ros2_ws/src/autonomous_rover', 'symlink_install': False, 'test_result_base': None}
[2.002s] INFO:colcon.colcon_core.executor:Executing jobs using 'parallel' executor
[2.006s] DEBUG:colcon.colcon_parallel_executor.executor.parallel:run_until_complete
[2.007s] INFO:colcon.colcon_ros.task.ament_cmake.build:Building ROS package in '/home/creampi/ros2_ws/src/autonomous_rover' with build type 'ament_cmake'
[2.007s] INFO:colcon.colcon_cmake.task.cmake.build:Building CMake package in '/home/creampi/ros2_ws/src/autonomous_rover'
[2.022s] INFO:colcon.colcon_core.plugin_system:Skipping extension 'colcon_core.shell.bat': Not used on non-Windows systems
[2.023s] INFO:colcon.colcon_core.shell:Skip shell extension 'powershell' for command environment: Not usable outside of PowerShell
[2.023s] DEBUG:colcon.colcon_core.shell:Skip shell extension 'dsv' for command environment
[2.069s] DEBUG:colcon.colcon_core.event_handler.log_command:Invoking command in '/home/creampi/ros2_ws/build/autonomous_rover': CMAKE_PREFIX_PATH=/home/creampi/ros2_ws/install/ldlidar_stl_ros2:/home/creampi/ros2_ws/install/ros2_system_monitor:/home/creampi/ros2_ws/install/temperature_tracker:/home/creampi/ros2_ws/install/sensehat_ros:/home/creampi/ros2_ws/install/rover_driver:/home/creampi/ros2_ws/install/arduino_bridge:/opt/ros/humble:/home/creampi/ros2_ws/install/carto_localization:/home/creampi/ros2_ws/install/autonomous_rover /usr/bin/cmake --build /home/creampi/ros2_ws/build/autonomous_rover -- -j4 -l4
[2.447s] DEBUG:colcon.colcon_core.event_handler.log_command:Invoked command in '/home/creampi/ros2_ws/build/autonomous_rover' returned '0': CMAKE_PREFIX_PATH=/home/creampi/ros2_ws/install/ldlidar_stl_ros2:/home/creampi/ros2_ws/install/ros2_system_monitor:/home/creampi/ros2_ws/install/temperature_tracker:/home/creampi/ros2_ws/install/sensehat_ros:/home/creampi/ros2_ws/install/rover_driver:/home/creampi/ros2_ws/install/arduino_bridge:/opt/ros/humble:/home/creampi/ros2_ws/install/carto_localization:/home/creampi/ros2_ws/install/autonomous_rover /usr/bin/cmake --build /home/creampi/ros2_ws/build/autonomous_rover -- -j4 -l4
[2.493s] DEBUG:colcon.colcon_core.event_handler.log_command:Invoking command in '/home/creampi/ros2_ws/build/autonomous_rover': CMAKE_PREFIX_PATH=/home/creampi/ros2_ws/install/ldlidar_stl_ros2:/home/creampi/ros2_ws/install/ros2_system_monitor:/home/creampi/ros2_ws/install/temperature_tracker:/home/creampi/ros2_ws/install/sensehat_ros:/home/creampi/ros2_ws/install/rover_driver:/home/creampi/ros2_ws/install/arduino_bridge:/opt/ros/humble:/home/creampi/ros2_ws/install/carto_localization:/home/creampi/ros2_ws/install/autonomous_rover /usr/bin/cmake --install /home/creampi/ros2_ws/build/autonomous_rover
[2.577s] Level 1:colcon.colcon_core.environment:create_environment_scripts_only(autonomous_rover)
[2.579s] DEBUG:colcon.colcon_core.event_handler.log_command:Invoked command in '/home/creampi/ros2_ws/build/autonomous_rover' returned '0': CMAKE_PREFIX_PATH=/home/creampi/ros2_ws/install/ldlidar_stl_ros2:/home/creampi/ros2_ws/install/ros2_system_monitor:/home/creampi/ros2_ws/install/temperature_tracker:/home/creampi/ros2_ws/install/sensehat_ros:/home/creampi/ros2_ws/install/rover_driver:/home/creampi/ros2_ws/install/arduino_bridge:/opt/ros/humble:/home/creampi/ros2_ws/install/carto_localization:/home/creampi/ros2_ws/install/autonomous_rover /usr/bin/cmake --install /home/creampi/ros2_ws/build/autonomous_rover
[2.591s] Level 1:colcon.colcon_core.environment:checking '/home/creampi/ros2_ws/install/autonomous_rover' for CMake module files
[2.594s] Level 1:colcon.colcon_core.environment:checking '/home/creampi/ros2_ws/install/autonomous_rover' for CMake config files
[2.596s] Level 1:colcon.colcon_core.shell:create_environment_hook('autonomous_rover', 'cmake_prefix_path')
[2.597s] INFO:colcon.colcon_core.shell:Creating environment hook '/home/creampi/ros2_ws/install/autonomous_rover/share/autonomous_rover/hook/cmake_prefix_path.ps1'
[2.600s] INFO:colcon.colcon_core.shell:Creating environment descriptor '/home/creampi/ros2_ws/install/autonomous_rover/share/autonomous_rover/hook/cmake_prefix_path.dsv'
[2.602s] INFO:colcon.colcon_core.shell:Creating environment hook '/home/creampi/ros2_ws/install/autonomous_rover/share/autonomous_rover/hook/cmake_prefix_path.sh'
[2.606s] Level 1:colcon.colcon_core.environment:checking '/home/creampi/ros2_ws/install/autonomous_rover/lib'
[2.608s] Level 1:colcon.colcon_core.environment:checking '/home/creampi/ros2_ws/install/autonomous_rover/bin'
[2.608s] Level 1:colcon.colcon_core.environment:checking '/home/creampi/ros2_ws/install/autonomous_rover/lib/pkgconfig/autonomous_rover.pc'
[2.609s] Level 1:colcon.colcon_core.environment:checking '/home/creampi/ros2_ws/install/autonomous_rover/lib/python3.10/site-packages'
[2.610s] Level 1:colcon.colcon_core.environment:checking '/home/creampi/ros2_ws/install/autonomous_rover/bin'
[2.612s] INFO:colcon.colcon_core.shell:Creating package script '/home/creampi/ros2_ws/install/autonomous_rover/share/autonomous_rover/package.ps1'
[2.615s] INFO:colcon.colcon_core.shell:Creating package descriptor '/home/creampi/ros2_ws/install/autonomous_rover/share/autonomous_rover/package.dsv'
[2.618s] INFO:colcon.colcon_core.shell:Creating package script '/home/creampi/ros2_ws/install/autonomous_rover/share/autonomous_rover/package.sh'
[2.622s] INFO:colcon.colcon_core.shell:Creating package script '/home/creampi/ros2_ws/install/autonomous_rover/share/autonomous_rover/package.bash'
[2.626s] INFO:colcon.colcon_core.shell:Creating package script '/home/creampi/ros2_ws/install/autonomous_rover/share/autonomous_rover/package.zsh'
[2.629s] Level 1:colcon.colcon_core.environment:create_file_with_runtime_dependencies(/home/creampi/ros2_ws/install/autonomous_rover/share/colcon-core/packages/autonomous_rover)
[2.632s] Level 1:colcon.colcon_core.environment:create_environment_scripts_only(autonomous_rover)
[2.633s] Level 1:colcon.colcon_core.environment:checking '/home/creampi/ros2_ws/install/autonomous_rover' for CMake module files
[2.636s] Level 1:colcon.colcon_core.environment:checking '/home/creampi/ros2_ws/install/autonomous_rover' for CMake config files
[2.638s] Level 1:colcon.colcon_core.shell:create_environment_hook('autonomous_rover', 'cmake_prefix_path')
[2.639s] INFO:colcon.colcon_core.shell:Creating environment hook '/home/creampi/ros2_ws/install/autonomous_rover/share/autonomous_rover/hook/cmake_prefix_path.ps1'
[2.642s] INFO:colcon.colcon_core.shell:Creating environment descriptor '/home/creampi/ros2_ws/install/autonomous_rover/share/autonomous_rover/hook/cmake_prefix_path.dsv'
[2.644s] INFO:colcon.colcon_core.shell:Creating environment hook '/home/creampi/ros2_ws/install/autonomous_rover/share/autonomous_rover/hook/cmake_prefix_path.sh'
[2.647s] Level 1:colcon.colcon_core.environment:checking '/home/creampi/ros2_ws/install/autonomous_rover/lib'
[2.647s] Level 1:colcon.colcon_core.environment:checking '/home/creampi/ros2_ws/install/autonomous_rover/bin'
[2.648s] Level 1:colcon.colcon_core.environment:checking '/home/creampi/ros2_ws/install/autonomous_rover/lib/pkgconfig/autonomous_rover.pc'
[2.649s] Level 1:colcon.colcon_core.environment:checking '/home/creampi/ros2_ws/install/autonomous_rover/lib/python3.10/site-packages'
[2.650s] Level 1:colcon.colcon_core.environment:checking '/home/creampi/ros2_ws/install/autonomous_rover/bin'
[2.651s] INFO:colcon.colcon_core.shell:Creating package script '/home/creampi/ros2_ws/install/autonomous_rover/share/autonomous_rover/package.ps1'
[2.655s] INFO:colcon.colcon_core.shell:Creating package descriptor '/home/creampi/ros2_ws/install/autonomous_rover/share/autonomous_rover/package.dsv'
[2.657s] INFO:colcon.colcon_core.shell:Creating package script '/home/creampi/ros2_ws/install/autonomous_rover/share/autonomous_rover/package.sh'
[2.659s] INFO:colcon.colcon_core.shell:Creating package script '/home/creampi/ros2_ws/install/autonomous_rover/share/autonomous_rover/package.bash'
[2.662s] INFO:colcon.colcon_core.shell:Creating package script '/home/creampi/ros2_ws/install/autonomous_rover/share/autonomous_rover/package.zsh'
[2.664s] Level 1:colcon.colcon_core.environment:create_file_with_runtime_dependencies(/home/creampi/ros2_ws/install/autonomous_rover/share/colcon-core/packages/autonomous_rover)
[2.666s] DEBUG:colcon.colcon_parallel_executor.executor.parallel:closing loop
[2.667s] DEBUG:colcon.colcon_parallel_executor.executor.parallel:loop closed
[2.668s] DEBUG:colcon.colcon_parallel_executor.executor.parallel:run_until_complete finished with '0'
[2.668s] DEBUG:colcon.colcon_core.event_reactor:joining thread
[2.698s] INFO:colcon.colcon_core.plugin_system:Skipping extension 'colcon_notification.desktop_notification.notify_send': Could not find 'notify-send'
[2.699s] INFO:colcon.colcon_core.plugin_system:Skipping extension 'colcon_notification.desktop_notification.terminal_notifier': Not used on non-Darwin systems
[2.700s] INFO:colcon.colcon_core.plugin_system:Skipping extension 'colcon_notification.desktop_notification.win32': Not used on non-Windows systems
[2.700s] INFO:colcon.colcon_notification.desktop_notification:Sending desktop notification using 'notify2'
[2.704s] DEBUG:colcon.colcon_notification.desktop_notification.notify2:Failed to initialize notify2: org.freedesktop.DBus.Error.ServiceUnknown: The name org.freedesktop.Notifications was not provided by any .service files
[2.704s] DEBUG:colcon.colcon_core.event_reactor:joined thread
[2.705s] INFO:colcon.colcon_core.shell:Creating prefix script '/home/creampi/ros2_ws/install/local_setup.ps1'
[2.709s] INFO:colcon.colcon_core.shell:Creating prefix util module '/home/creampi/ros2_ws/install/_local_setup_util_ps1.py'
[2.716s] INFO:colcon.colcon_core.shell:Creating prefix chain script '/home/creampi/ros2_ws/install/setup.ps1'
[2.723s] INFO:colcon.colcon_core.shell:Creating prefix script '/home/creampi/ros2_ws/install/local_setup.sh'
[2.726s] INFO:colcon.colcon_core.shell:Creating prefix util module '/home/creampi/ros2_ws/install/_local_setup_util_sh.py'
[2.729s] INFO:colcon.colcon_core.shell:Creating prefix chain script '/home/creampi/ros2_ws/install/setup.sh'
[2.735s] INFO:colcon.colcon_core.shell:Creating prefix script '/home/creampi/ros2_ws/install/local_setup.bash'
[2.738s] INFO:colcon.colcon_core.shell:Creating prefix chain script '/home/creampi/ros2_ws/install/setup.bash'
[2.746s] INFO:colcon.colcon_core.shell:Creating prefix script '/home/creampi/ros2_ws/install/local_setup.zsh'
[2.749s] INFO:colcon.colcon_core.shell:Creating prefix chain script '/home/creampi/ros2_ws/install/setup.zsh'
