[35m[1mConsolidate compiler generated dependencies of target sensehat_node[0m
[100%] Built target sensehat_node
-- Install configuration: ""
-- Execute custom install script
-- Up-to-date symlink: /home/creampi/ros2_ws/install/sensehat_cpp/lib/sensehat_cpp/sensehat_node
-- Up-to-date symlink: /home/creampi/ros2_ws/install/sensehat_cpp/share/ament_index/resource_index/package_run_dependencies/sensehat_cpp
-- Up-to-date symlink: /home/creampi/ros2_ws/install/sensehat_cpp/share/ament_index/resource_index/parent_prefix_path/sensehat_cpp
-- Up-to-date symlink: /home/creampi/ros2_ws/install/sensehat_cpp/share/sensehat_cpp/environment/ament_prefix_path.sh
-- Up-to-date symlink: /home/creampi/ros2_ws/install/sensehat_cpp/share/sensehat_cpp/environment/ament_prefix_path.dsv
-- Up-to-date symlink: /home/creampi/ros2_ws/install/sensehat_cpp/share/sensehat_cpp/environment/path.sh
-- Up-to-date symlink: /home/creampi/ros2_ws/install/sensehat_cpp/share/sensehat_cpp/environment/path.dsv
-- Up-to-date symlink: /home/creampi/ros2_ws/install/sensehat_cpp/share/sensehat_cpp/local_setup.bash
-- Up-to-date symlink: /home/creampi/ros2_ws/install/sensehat_cpp/share/sensehat_cpp/local_setup.sh
-- Up-to-date symlink: /home/creampi/ros2_ws/install/sensehat_cpp/share/sensehat_cpp/local_setup.zsh
-- Up-to-date symlink: /home/creampi/ros2_ws/install/sensehat_cpp/share/sensehat_cpp/local_setup.dsv
-- Symlinking: /home/creampi/ros2_ws/install/sensehat_cpp/share/sensehat_cpp/package.dsv
-- Up-to-date symlink: /home/creampi/ros2_ws/install/sensehat_cpp/share/ament_index/resource_index/packages/sensehat_cpp
-- Up-to-date symlink: /home/creampi/ros2_ws/install/sensehat_cpp/share/sensehat_cpp/cmake/sensehat_cppConfig.cmake
-- Up-to-date symlink: /home/creampi/ros2_ws/install/sensehat_cpp/share/sensehat_cpp/cmake/sensehat_cppConfig-version.cmake
-- Up-to-date symlink: /home/creampi/ros2_ws/install/sensehat_cpp/share/sensehat_cpp/package.xml
