[0.066s] Invoking command in '/home/creampi/ros2_ws/build/sensehat_cpp': CMAKE_PREFIX_PATH=/home/creampi/ros2_ws/install/sensehat_cpp:/home/creampi/ros2_ws/install/ros2_system_monitor:/home/creampi/ros2_ws/install/ldlidar_stl_ros2:/home/creampi/ros2_ws/install/temperature_tracker:/home/creampi/ros2_ws/install/sensehat_ros:/home/creampi/ros2_ws/install/rover_driver:/home/creampi/ros2_ws/install/arduino_bridge:/home/creampi/ros2_ws/src/install/temperature_tracker:/home/creampi/ros2_ws/src/install/sensehat_ros:/home/creampi/ros2_ws/src/install/rover_driver:/home/creampi/ros2_ws/src/install/arduino_bridge:/opt/ros/humble:/home/creampi/ros2_ws/install/carto_localization:/home/creampi/ros2_ws/install/autonomous_rover:/home/creampi/ros2_ws/src/install/sensehat_cpp:/home/creampi/ros2_ws/src/install/ros2_system_monitor:/home/creampi/ros2_ws/src/install/ldlidar_stl_ros2:/home/creampi/ros2_ws/src/install/carto_localization:/home/creampi/ros2_ws/src/install/autonomous_rover /usr/bin/cmake --build /home/creampi/ros2_ws/build/sensehat_cpp -- -j4 -l4
[0.293s] [35m[1mConsolidate compiler generated dependencies of target sensehat_node[0m
[0.405s] [100%] Built target sensehat_node
[0.456s] Invoked command in '/home/creampi/ros2_ws/build/sensehat_cpp' returned '0': CMAKE_PREFIX_PATH=/home/creampi/ros2_ws/install/sensehat_cpp:/home/creampi/ros2_ws/install/ros2_system_monitor:/home/creampi/ros2_ws/install/ldlidar_stl_ros2:/home/creampi/ros2_ws/install/temperature_tracker:/home/creampi/ros2_ws/install/sensehat_ros:/home/creampi/ros2_ws/install/rover_driver:/home/creampi/ros2_ws/install/arduino_bridge:/home/creampi/ros2_ws/src/install/temperature_tracker:/home/creampi/ros2_ws/src/install/sensehat_ros:/home/creampi/ros2_ws/src/install/rover_driver:/home/creampi/ros2_ws/src/install/arduino_bridge:/opt/ros/humble:/home/creampi/ros2_ws/install/carto_localization:/home/creampi/ros2_ws/install/autonomous_rover:/home/creampi/ros2_ws/src/install/sensehat_cpp:/home/creampi/ros2_ws/src/install/ros2_system_monitor:/home/creampi/ros2_ws/src/install/ldlidar_stl_ros2:/home/creampi/ros2_ws/src/install/carto_localization:/home/creampi/ros2_ws/src/install/autonomous_rover /usr/bin/cmake --build /home/creampi/ros2_ws/build/sensehat_cpp -- -j4 -l4
[0.469s] Invoking command in '/home/creampi/ros2_ws/build/sensehat_cpp': CMAKE_PREFIX_PATH=/home/creampi/ros2_ws/install/sensehat_cpp:/home/creampi/ros2_ws/install/ros2_system_monitor:/home/creampi/ros2_ws/install/ldlidar_stl_ros2:/home/creampi/ros2_ws/install/temperature_tracker:/home/creampi/ros2_ws/install/sensehat_ros:/home/creampi/ros2_ws/install/rover_driver:/home/creampi/ros2_ws/install/arduino_bridge:/home/creampi/ros2_ws/src/install/temperature_tracker:/home/creampi/ros2_ws/src/install/sensehat_ros:/home/creampi/ros2_ws/src/install/rover_driver:/home/creampi/ros2_ws/src/install/arduino_bridge:/opt/ros/humble:/home/creampi/ros2_ws/install/carto_localization:/home/creampi/ros2_ws/install/autonomous_rover:/home/creampi/ros2_ws/src/install/sensehat_cpp:/home/creampi/ros2_ws/src/install/ros2_system_monitor:/home/creampi/ros2_ws/src/install/ldlidar_stl_ros2:/home/creampi/ros2_ws/src/install/carto_localization:/home/creampi/ros2_ws/src/install/autonomous_rover /usr/bin/cmake --install /home/creampi/ros2_ws/build/sensehat_cpp
[0.506s] -- Install configuration: ""
[0.511s] -- Execute custom install script
[0.515s] -- Up-to-date symlink: /home/creampi/ros2_ws/install/sensehat_cpp/lib/sensehat_cpp/sensehat_node
[0.517s] -- Up-to-date symlink: /home/creampi/ros2_ws/install/sensehat_cpp/share/ament_index/resource_index/package_run_dependencies/sensehat_cpp
[0.519s] -- Up-to-date symlink: /home/creampi/ros2_ws/install/sensehat_cpp/share/ament_index/resource_index/parent_prefix_path/sensehat_cpp
[0.521s] -- Up-to-date symlink: /home/creampi/ros2_ws/install/sensehat_cpp/share/sensehat_cpp/environment/ament_prefix_path.sh
[0.522s] -- Up-to-date symlink: /home/creampi/ros2_ws/install/sensehat_cpp/share/sensehat_cpp/environment/ament_prefix_path.dsv
[0.536s] -- Up-to-date symlink: /home/creampi/ros2_ws/install/sensehat_cpp/share/sensehat_cpp/environment/path.sh
[0.540s] -- Up-to-date symlink: /home/creampi/ros2_ws/install/sensehat_cpp/share/sensehat_cpp/environment/path.dsv
[0.544s] -- Up-to-date symlink: /home/creampi/ros2_ws/install/sensehat_cpp/share/sensehat_cpp/local_setup.bash
[0.549s] -- Up-to-date symlink: /home/creampi/ros2_ws/install/sensehat_cpp/share/sensehat_cpp/local_setup.sh
[0.553s] -- Up-to-date symlink: /home/creampi/ros2_ws/install/sensehat_cpp/share/sensehat_cpp/local_setup.zsh
[0.556s] -- Up-to-date symlink: /home/creampi/ros2_ws/install/sensehat_cpp/share/sensehat_cpp/local_setup.dsv
[0.559s] -- Symlinking: /home/creampi/ros2_ws/install/sensehat_cpp/share/sensehat_cpp/package.dsv
[0.620s] -- Up-to-date symlink: /home/creampi/ros2_ws/install/sensehat_cpp/share/ament_index/resource_index/packages/sensehat_cpp
[0.624s] -- Up-to-date symlink: /home/creampi/ros2_ws/install/sensehat_cpp/share/sensehat_cpp/cmake/sensehat_cppConfig.cmake
[0.627s] -- Up-to-date symlink: /home/creampi/ros2_ws/install/sensehat_cpp/share/sensehat_cpp/cmake/sensehat_cppConfig-version.cmake
[0.631s] -- Up-to-date symlink: /home/creampi/ros2_ws/install/sensehat_cpp/share/sensehat_cpp/package.xml
[0.641s] Invoked command in '/home/creampi/ros2_ws/build/sensehat_cpp' returned '0': CMAKE_PREFIX_PATH=/home/creampi/ros2_ws/install/sensehat_cpp:/home/creampi/ros2_ws/install/ros2_system_monitor:/home/creampi/ros2_ws/install/ldlidar_stl_ros2:/home/creampi/ros2_ws/install/temperature_tracker:/home/creampi/ros2_ws/install/sensehat_ros:/home/creampi/ros2_ws/install/rover_driver:/home/creampi/ros2_ws/install/arduino_bridge:/home/creampi/ros2_ws/src/install/temperature_tracker:/home/creampi/ros2_ws/src/install/sensehat_ros:/home/creampi/ros2_ws/src/install/rover_driver:/home/creampi/ros2_ws/src/install/arduino_bridge:/opt/ros/humble:/home/creampi/ros2_ws/install/carto_localization:/home/creampi/ros2_ws/install/autonomous_rover:/home/creampi/ros2_ws/src/install/sensehat_cpp:/home/creampi/ros2_ws/src/install/ros2_system_monitor:/home/creampi/ros2_ws/src/install/ldlidar_stl_ros2:/home/creampi/ros2_ws/src/install/carto_localization:/home/creampi/ros2_ws/src/install/autonomous_rover /usr/bin/cmake --install /home/creampi/ros2_ws/build/sensehat_cpp
