[3.687s] Invoking command in '/home/creampi/ros2_ws/src/build/autonomous_rover': CMAKE_PREFIX_PATH=/home/creampi/ros2_ws/src/install/sensehat_cpp:/home/creampi/ros2_ws/src/install/ldlidar_stl_ros2:/home/creampi/ros2_ws/install/sensehat_cpp:/home/creampi/ros2_ws/install/ros2_system_monitor:/home/creampi/ros2_ws/install/ldlidar_stl_ros2:/home/creampi/ros2_ws/src/install/temperature_tracker:/home/creampi/ros2_ws/src/install/sensehat_ros:/home/creampi/ros2_ws/src/install/rover_driver:/home/creampi/ros2_ws/src/install/arduino_bridge:/home/creampi/ros2_ws/install/temperature_tracker:/home/creampi/ros2_ws/install/sensehat_ros:/home/creampi/ros2_ws/install/rover_driver:/home/creampi/ros2_ws/install/arduino_bridge:/opt/ros/humble:/home/creampi/ros2_ws/install/carto_localization:/home/creampi/ros2_ws/install/autonomous_rover /usr/bin/cmake /home/creampi/ros2_ws/src/autonomous_rover -DCMAKE_INSTALL_PREFIX=/home/creampi/ros2_ws/src/install/autonomous_rover
[4.581s] -- The C compiler identification is GNU 11.4.0
[5.519s] -- The CXX compiler identification is GNU 11.4.0
[5.616s] -- Detecting C compiler ABI info
[7.616s] -- Detecting C compiler ABI info - done
[7.744s] -- Check for working C compiler: /usr/bin/cc - skipped
[7.750s] -- Detecting C compile features
[7.756s] -- Detecting C compile features - done
[7.804s] -- Detecting CXX compiler ABI info
[9.318s] -- Detecting CXX compiler ABI info - done
[9.447s] -- Check for working CXX compiler: /usr/bin/c++ - skipped
[9.452s] -- Detecting CXX compile features
[9.459s] -- Detecting CXX compile features - done
[9.689s] -- Found ament_cmake: 1.3.12 (/opt/ros/humble/share/ament_cmake/cmake)
[15.439s] -- Found Python3: /usr/bin/python3 (found version "3.10.12") found components: Interpreter 
[19.582s] -- Found rclcpp: 16.0.15 (/opt/ros/humble/share/rclcpp/cmake)
[21.415s] -- Found rosidl_generator_c: 3.1.7 (/opt/ros/humble/share/rosidl_generator_c/cmake)
[21.654s] -- Found rosidl_adapter: 3.1.7 (/opt/ros/humble/share/rosidl_adapter/cmake)
[21.948s] -- Found rosidl_generator_cpp: 3.1.7 (/opt/ros/humble/share/rosidl_generator_cpp/cmake)
[22.292s] -- Using all available rosidl_typesupport_c: rosidl_typesupport_fastrtps_c;rosidl_typesupport_introspection_c
[22.756s] -- Using all available rosidl_typesupport_cpp: rosidl_typesupport_fastrtps_cpp;rosidl_typesupport_introspection_cpp
[24.148s] -- Found rmw_implementation_cmake: 6.1.2 (/opt/ros/humble/share/rmw_implementation_cmake/cmake)
[24.270s] -- Found rmw_fastrtps_cpp: 6.2.8 (/opt/ros/humble/share/rmw_fastrtps_cpp/cmake)
[26.878s] -- Found OpenSSL: /usr/lib/aarch64-linux-gnu/libcrypto.so (found version "3.0.2")  
[28.437s] -- Found FastRTPS: /opt/ros/humble/include  
[30.701s] -- Using RMW implementation 'rmw_fastrtps_cpp' as default
[31.269s] -- Looking for pthread.h
[32.970s] -- Looking for pthread.h - found
[32.989s] -- Performing Test CMAKE_HAVE_LIBC_PTHREAD
[34.719s] -- Performing Test CMAKE_HAVE_LIBC_PTHREAD - Success
[34.742s] -- Found Threads: TRUE  
[36.239s] -- Found sensor_msgs: 4.9.0 (/opt/ros/humble/share/sensor_msgs/cmake)
[36.890s] -- Found ament_lint_auto: 0.12.14 (/opt/ros/humble/share/ament_lint_auto/cmake)
[38.684s] -- Added test 'cppcheck' to perform static code analysis on C / C++ code
[38.690s] -- Configured cppcheck include dirs: 
[38.691s] -- Configured cppcheck exclude dirs and/or files: 
[38.721s] -- Added test 'lint_cmake' to check CMake code style
[38.785s] -- Added test 'uncrustify' to check C / C++ code style
[38.795s] -- Configured uncrustify additional arguments: 
[38.852s] -- Added test 'xmllint' to check XML markup files
[38.917s] -- Configuring done
[39.548s] -- Generating done
[39.692s] -- Build files have been written to: /home/creampi/ros2_ws/src/build/autonomous_rover
[41.012s] Invoked command in '/home/creampi/ros2_ws/src/build/autonomous_rover' returned '0': CMAKE_PREFIX_PATH=/home/creampi/ros2_ws/src/install/sensehat_cpp:/home/creampi/ros2_ws/src/install/ldlidar_stl_ros2:/home/creampi/ros2_ws/install/sensehat_cpp:/home/creampi/ros2_ws/install/ros2_system_monitor:/home/creampi/ros2_ws/install/ldlidar_stl_ros2:/home/creampi/ros2_ws/src/install/temperature_tracker:/home/creampi/ros2_ws/src/install/sensehat_ros:/home/creampi/ros2_ws/src/install/rover_driver:/home/creampi/ros2_ws/src/install/arduino_bridge:/home/creampi/ros2_ws/install/temperature_tracker:/home/creampi/ros2_ws/install/sensehat_ros:/home/creampi/ros2_ws/install/rover_driver:/home/creampi/ros2_ws/install/arduino_bridge:/opt/ros/humble:/home/creampi/ros2_ws/install/carto_localization:/home/creampi/ros2_ws/install/autonomous_rover /usr/bin/cmake /home/creampi/ros2_ws/src/autonomous_rover -DCMAKE_INSTALL_PREFIX=/home/creampi/ros2_ws/src/install/autonomous_rover
[41.017s] Invoking command in '/home/creampi/ros2_ws/src/build/autonomous_rover': CMAKE_PREFIX_PATH=/home/creampi/ros2_ws/src/install/sensehat_cpp:/home/creampi/ros2_ws/src/install/ldlidar_stl_ros2:/home/creampi/ros2_ws/install/sensehat_cpp:/home/creampi/ros2_ws/install/ros2_system_monitor:/home/creampi/ros2_ws/install/ldlidar_stl_ros2:/home/creampi/ros2_ws/src/install/temperature_tracker:/home/creampi/ros2_ws/src/install/sensehat_ros:/home/creampi/ros2_ws/src/install/rover_driver:/home/creampi/ros2_ws/src/install/arduino_bridge:/home/creampi/ros2_ws/install/temperature_tracker:/home/creampi/ros2_ws/install/sensehat_ros:/home/creampi/ros2_ws/install/rover_driver:/home/creampi/ros2_ws/install/arduino_bridge:/opt/ros/humble:/home/creampi/ros2_ws/install/carto_localization:/home/creampi/ros2_ws/install/autonomous_rover /usr/bin/cmake --build /home/creampi/ros2_ws/src/build/autonomous_rover -- -j4 -l4
[41.661s] [ 50%] [32mBuilding CXX object CMakeFiles/autonomous_node.dir/src/autonomous_node.cpp.o[0m
[127.980s] [100%] [32m[1mLinking CXX executable autonomous_node[0m
[132.465s] [100%] Built target autonomous_node
[132.568s] Invoked command in '/home/creampi/ros2_ws/src/build/autonomous_rover' returned '0': CMAKE_PREFIX_PATH=/home/creampi/ros2_ws/src/install/sensehat_cpp:/home/creampi/ros2_ws/src/install/ldlidar_stl_ros2:/home/creampi/ros2_ws/install/sensehat_cpp:/home/creampi/ros2_ws/install/ros2_system_monitor:/home/creampi/ros2_ws/install/ldlidar_stl_ros2:/home/creampi/ros2_ws/src/install/temperature_tracker:/home/creampi/ros2_ws/src/install/sensehat_ros:/home/creampi/ros2_ws/src/install/rover_driver:/home/creampi/ros2_ws/src/install/arduino_bridge:/home/creampi/ros2_ws/install/temperature_tracker:/home/creampi/ros2_ws/install/sensehat_ros:/home/creampi/ros2_ws/install/rover_driver:/home/creampi/ros2_ws/install/arduino_bridge:/opt/ros/humble:/home/creampi/ros2_ws/install/carto_localization:/home/creampi/ros2_ws/install/autonomous_rover /usr/bin/cmake --build /home/creampi/ros2_ws/src/build/autonomous_rover -- -j4 -l4
[132.595s] Invoking command in '/home/creampi/ros2_ws/src/build/autonomous_rover': CMAKE_PREFIX_PATH=/home/creampi/ros2_ws/src/install/sensehat_cpp:/home/creampi/ros2_ws/src/install/ldlidar_stl_ros2:/home/creampi/ros2_ws/install/sensehat_cpp:/home/creampi/ros2_ws/install/ros2_system_monitor:/home/creampi/ros2_ws/install/ldlidar_stl_ros2:/home/creampi/ros2_ws/src/install/temperature_tracker:/home/creampi/ros2_ws/src/install/sensehat_ros:/home/creampi/ros2_ws/src/install/rover_driver:/home/creampi/ros2_ws/src/install/arduino_bridge:/home/creampi/ros2_ws/install/temperature_tracker:/home/creampi/ros2_ws/install/sensehat_ros:/home/creampi/ros2_ws/install/rover_driver:/home/creampi/ros2_ws/install/arduino_bridge:/opt/ros/humble:/home/creampi/ros2_ws/install/carto_localization:/home/creampi/ros2_ws/install/autonomous_rover /usr/bin/cmake --install /home/creampi/ros2_ws/src/build/autonomous_rover
[132.664s] -- Install configuration: ""
[132.667s] -- Installing: /home/creampi/ros2_ws/src/install/autonomous_rover/lib/autonomous_rover/autonomous_node
[132.752s] -- Set runtime path of "/home/creampi/ros2_ws/src/install/autonomous_rover/lib/autonomous_rover/autonomous_node" to ""
[132.754s] -- Installing: /home/creampi/ros2_ws/src/install/autonomous_rover/share/ament_index/resource_index/package_run_dependencies/autonomous_rover
[132.760s] -- Installing: /home/creampi/ros2_ws/src/install/autonomous_rover/share/ament_index/resource_index/parent_prefix_path/autonomous_rover
[132.765s] -- Installing: /home/creampi/ros2_ws/src/install/autonomous_rover/share/autonomous_rover/environment/ament_prefix_path.sh
[132.768s] -- Installing: /home/creampi/ros2_ws/src/install/autonomous_rover/share/autonomous_rover/environment/ament_prefix_path.dsv
[132.772s] -- Installing: /home/creampi/ros2_ws/src/install/autonomous_rover/share/autonomous_rover/environment/path.sh
[132.775s] -- Installing: /home/creampi/ros2_ws/src/install/autonomous_rover/share/autonomous_rover/environment/path.dsv
[132.779s] -- Installing: /home/creampi/ros2_ws/src/install/autonomous_rover/share/autonomous_rover/local_setup.bash
[132.789s] -- Installing: /home/creampi/ros2_ws/src/install/autonomous_rover/share/autonomous_rover/local_setup.sh
[132.790s] -- Installing: /home/creampi/ros2_ws/src/install/autonomous_rover/share/autonomous_rover/local_setup.zsh
[132.793s] -- Installing: /home/creampi/ros2_ws/src/install/autonomous_rover/share/autonomous_rover/local_setup.dsv
[132.797s] -- Installing: /home/creampi/ros2_ws/src/install/autonomous_rover/share/autonomous_rover/package.dsv
[132.803s] -- Installing: /home/creampi/ros2_ws/src/install/autonomous_rover/share/ament_index/resource_index/packages/autonomous_rover
[132.808s] -- Installing: /home/creampi/ros2_ws/src/install/autonomous_rover/share/autonomous_rover/cmake/autonomous_roverConfig.cmake
[132.812s] -- Installing: /home/creampi/ros2_ws/src/install/autonomous_rover/share/autonomous_rover/cmake/autonomous_roverConfig-version.cmake
[132.817s] -- Installing: /home/creampi/ros2_ws/src/install/autonomous_rover/share/autonomous_rover/package.xml
[132.835s] Invoked command in '/home/creampi/ros2_ws/src/build/autonomous_rover' returned '0': CMAKE_PREFIX_PATH=/home/creampi/ros2_ws/src/install/sensehat_cpp:/home/creampi/ros2_ws/src/install/ldlidar_stl_ros2:/home/creampi/ros2_ws/install/sensehat_cpp:/home/creampi/ros2_ws/install/ros2_system_monitor:/home/creampi/ros2_ws/install/ldlidar_stl_ros2:/home/creampi/ros2_ws/src/install/temperature_tracker:/home/creampi/ros2_ws/src/install/sensehat_ros:/home/creampi/ros2_ws/src/install/rover_driver:/home/creampi/ros2_ws/src/install/arduino_bridge:/home/creampi/ros2_ws/install/temperature_tracker:/home/creampi/ros2_ws/install/sensehat_ros:/home/creampi/ros2_ws/install/rover_driver:/home/creampi/ros2_ws/install/arduino_bridge:/opt/ros/humble:/home/creampi/ros2_ws/install/carto_localization:/home/creampi/ros2_ws/install/autonomous_rover /usr/bin/cmake --install /home/creampi/ros2_ws/src/build/autonomous_rover
