[0.182s] Invoking command in '/home/creampi/ros2_ws/src/build/ldlidar_stl_ros2': CMAKE_PREFIX_PATH=/home/creampi/ros2_ws/install/sensehat_cpp:/home/creampi/ros2_ws/install/ros2_system_monitor:/home/creampi/ros2_ws/install/ldlidar_stl_ros2:/home/creampi/ros2_ws/install/temperature_tracker:/home/creampi/ros2_ws/install/sensehat_ros:/home/creampi/ros2_ws/install/rover_driver:/home/creampi/ros2_ws/install/arduino_bridge:/opt/ros/humble:/home/creampi/ros2_ws/install/carto_localization:/home/creampi/ros2_ws/install/autonomous_rover /usr/bin/cmake --build /home/creampi/ros2_ws/src/build/ldlidar_stl_ros2 -- -j4 -l4
[0.659s] [35m[1mConsolidate compiler generated dependencies of target ldlidar_stl_ros2_node[0m
[0.909s] [100%] Built target ldlidar_stl_ros2_node
[1.009s] Invoked command in '/home/creampi/ros2_ws/src/build/ldlidar_stl_ros2' returned '0': CMAKE_PREFIX_PATH=/home/creampi/ros2_ws/install/sensehat_cpp:/home/creampi/ros2_ws/install/ros2_system_monitor:/home/creampi/ros2_ws/install/ldlidar_stl_ros2:/home/creampi/ros2_ws/install/temperature_tracker:/home/creampi/ros2_ws/install/sensehat_ros:/home/creampi/ros2_ws/install/rover_driver:/home/creampi/ros2_ws/install/arduino_bridge:/opt/ros/humble:/home/creampi/ros2_ws/install/carto_localization:/home/creampi/ros2_ws/install/autonomous_rover /usr/bin/cmake --build /home/creampi/ros2_ws/src/build/ldlidar_stl_ros2 -- -j4 -l4
[1.111s] Invoking command in '/home/creampi/ros2_ws/src/build/ldlidar_stl_ros2': CMAKE_PREFIX_PATH=/home/creampi/ros2_ws/install/sensehat_cpp:/home/creampi/ros2_ws/install/ros2_system_monitor:/home/creampi/ros2_ws/install/ldlidar_stl_ros2:/home/creampi/ros2_ws/install/temperature_tracker:/home/creampi/ros2_ws/install/sensehat_ros:/home/creampi/ros2_ws/install/rover_driver:/home/creampi/ros2_ws/install/arduino_bridge:/opt/ros/humble:/home/creampi/ros2_ws/install/carto_localization:/home/creampi/ros2_ws/install/autonomous_rover /usr/bin/cmake --install /home/creampi/ros2_ws/src/build/ldlidar_stl_ros2
[1.181s] -- Install configuration: ""
[1.183s] -- Up-to-date: /home/creampi/ros2_ws/src/install/ldlidar_stl_ros2/lib/ldlidar_stl_ros2/ldlidar_stl_ros2_node
[1.184s] -- Up-to-date: /home/creampi/ros2_ws/src/install/ldlidar_stl_ros2/share/ldlidar_stl_ros2//launch
[1.186s] -- Up-to-date: /home/creampi/ros2_ws/src/install/ldlidar_stl_ros2/share/ldlidar_stl_ros2//launch/viewer_stl27l.launch.py
[1.187s] -- Up-to-date: /home/creampi/ros2_ws/src/install/ldlidar_stl_ros2/share/ldlidar_stl_ros2//launch/viewer_ld19.launch.py
[1.189s] -- Up-to-date: /home/creampi/ros2_ws/src/install/ldlidar_stl_ros2/share/ldlidar_stl_ros2//launch/ld06.launch.py
[1.190s] -- Up-to-date: /home/creampi/ros2_ws/src/install/ldlidar_stl_ros2/share/ldlidar_stl_ros2//launch/__pycache__
[1.191s] -- Up-to-date: /home/creampi/ros2_ws/src/install/ldlidar_stl_ros2/share/ldlidar_stl_ros2//launch/__pycache__/ldlidar_uart.launch.cpython-310.pyc
[1.192s] -- Up-to-date: /home/creampi/ros2_ws/src/install/ldlidar_stl_ros2/share/ldlidar_stl_ros2//launch/ld19.launch.py
[1.194s] -- Up-to-date: /home/creampi/ros2_ws/src/install/ldlidar_stl_ros2/share/ldlidar_stl_ros2//launch/ldlidar_uart.launch.py
[1.196s] -- Up-to-date: /home/creampi/ros2_ws/src/install/ldlidar_stl_ros2/share/ldlidar_stl_ros2//launch/viewer_ld06.launch.py
[1.197s] -- Up-to-date: /home/creampi/ros2_ws/src/install/ldlidar_stl_ros2/share/ldlidar_stl_ros2//launch/stl27l.launch.py
[1.199s] -- Up-to-date: /home/creampi/ros2_ws/src/install/ldlidar_stl_ros2/share/ldlidar_stl_ros2//rviz2
[1.200s] -- Up-to-date: /home/creampi/ros2_ws/src/install/ldlidar_stl_ros2/share/ldlidar_stl_ros2//rviz2/ldlidar.rviz
[1.201s] -- Up-to-date: /home/creampi/ros2_ws/src/install/ldlidar_stl_ros2/share/ament_index/resource_index/package_run_dependencies/ldlidar_stl_ros2
[1.203s] -- Up-to-date: /home/creampi/ros2_ws/src/install/ldlidar_stl_ros2/share/ament_index/resource_index/parent_prefix_path/ldlidar_stl_ros2
[1.204s] -- Up-to-date: /home/creampi/ros2_ws/src/install/ldlidar_stl_ros2/share/ldlidar_stl_ros2/environment/ament_prefix_path.sh
[1.206s] -- Up-to-date: /home/creampi/ros2_ws/src/install/ldlidar_stl_ros2/share/ldlidar_stl_ros2/environment/ament_prefix_path.dsv
[1.207s] -- Up-to-date: /home/creampi/ros2_ws/src/install/ldlidar_stl_ros2/share/ldlidar_stl_ros2/environment/path.sh
[1.208s] -- Up-to-date: /home/creampi/ros2_ws/src/install/ldlidar_stl_ros2/share/ldlidar_stl_ros2/environment/path.dsv
[1.209s] -- Up-to-date: /home/creampi/ros2_ws/src/install/ldlidar_stl_ros2/share/ldlidar_stl_ros2/local_setup.bash
[1.210s] -- Up-to-date: /home/creampi/ros2_ws/src/install/ldlidar_stl_ros2/share/ldlidar_stl_ros2/local_setup.sh
[1.211s] -- Up-to-date: /home/creampi/ros2_ws/src/install/ldlidar_stl_ros2/share/ldlidar_stl_ros2/local_setup.zsh
[1.212s] -- Up-to-date: /home/creampi/ros2_ws/src/install/ldlidar_stl_ros2/share/ldlidar_stl_ros2/local_setup.dsv
[1.213s] -- Installing: /home/creampi/ros2_ws/src/install/ldlidar_stl_ros2/share/ldlidar_stl_ros2/package.dsv
[1.215s] -- Up-to-date: /home/creampi/ros2_ws/src/install/ldlidar_stl_ros2/share/ament_index/resource_index/packages/ldlidar_stl_ros2
[1.216s] -- Up-to-date: /home/creampi/ros2_ws/src/install/ldlidar_stl_ros2/share/ldlidar_stl_ros2/cmake/ldlidar_stl_ros2Config.cmake
[1.217s] -- Up-to-date: /home/creampi/ros2_ws/src/install/ldlidar_stl_ros2/share/ldlidar_stl_ros2/cmake/ldlidar_stl_ros2Config-version.cmake
[1.218s] -- Up-to-date: /home/creampi/ros2_ws/src/install/ldlidar_stl_ros2/share/ldlidar_stl_ros2/package.xml
[1.229s] Invoked command in '/home/creampi/ros2_ws/src/build/ldlidar_stl_ros2' returned '0': CMAKE_PREFIX_PATH=/home/creampi/ros2_ws/install/sensehat_cpp:/home/creampi/ros2_ws/install/ros2_system_monitor:/home/creampi/ros2_ws/install/ldlidar_stl_ros2:/home/creampi/ros2_ws/install/temperature_tracker:/home/creampi/ros2_ws/install/sensehat_ros:/home/creampi/ros2_ws/install/rover_driver:/home/creampi/ros2_ws/install/arduino_bridge:/opt/ros/humble:/home/creampi/ros2_ws/install/carto_localization:/home/creampi/ros2_ws/install/autonomous_rover /usr/bin/cmake --install /home/creampi/ros2_ws/src/build/ldlidar_stl_ros2
