[7.593s] Invoking command in '/home/creampi/ros2_ws/build/arduino_bridge': PYTHONPATH=/home/creampi/ros2_ws/build/arduino_bridge/prefix_override:/usr/lib/python3/dist-packages/colcon_core/task/python/colcon_distutils_commands:/home/creampi/ros2_ws/install/arduino_bridge/lib/python3.10/site-packages:${PYTHONPATH} /usr/bin/python3 -W ignore:setup.py install is deprecated -W ignore:easy_install command is deprecated setup.py develop --editable --build-directory /home/creampi/ros2_ws/build/arduino_bridge/build --no-deps symlink_data
[9.953s] running develop
[12.149s] running egg_info
[12.150s] creating arduino_bridge.egg-info
[12.151s] writing arduino_bridge.egg-info/PKG-INFO
[12.151s] writing dependency_links to arduino_bridge.egg-info/dependency_links.txt
[12.153s] writing entry points to arduino_bridge.egg-info/entry_points.txt
[12.169s] writing requirements to arduino_bridge.egg-info/requires.txt
[12.171s] writing top-level names to arduino_bridge.egg-info/top_level.txt
[12.172s] writing manifest file 'arduino_bridge.egg-info/SOURCES.txt'
[12.194s] reading manifest file 'arduino_bridge.egg-info/SOURCES.txt'
[12.198s] writing manifest file 'arduino_bridge.egg-info/SOURCES.txt'
[12.249s] running build_ext
[12.249s] Creating /home/creampi/ros2_ws/install/arduino_bridge/lib/python3.10/site-packages/arduino-bridge.egg-link (link to .)
[12.253s] Installing arduino_bridge_node script to /home/creampi/ros2_ws/install/arduino_bridge/lib/arduino_bridge
[12.258s] 
[12.260s] Installed /home/creampi/ros2_ws/build/arduino_bridge
[12.262s] running symlink_data
[12.265s] creating /home/creampi/ros2_ws/install/arduino_bridge/share/ament_index
[12.267s] creating /home/creampi/ros2_ws/install/arduino_bridge/share/ament_index/resource_index
[12.268s] creating /home/creampi/ros2_ws/install/arduino_bridge/share/ament_index/resource_index/packages
[12.271s] symbolically linking /home/creampi/ros2_ws/build/arduino_bridge/resource/arduino_bridge -> /home/creampi/ros2_ws/install/arduino_bridge/share/ament_index/resource_index/packages
[12.273s] symbolically linking /home/creampi/ros2_ws/build/arduino_bridge/package.xml -> /home/creampi/ros2_ws/install/arduino_bridge/share/arduino_bridge
[12.608s] Invoked command in '/home/creampi/ros2_ws/build/arduino_bridge' returned '0': PYTHONPATH=/home/creampi/ros2_ws/build/arduino_bridge/prefix_override:/usr/lib/python3/dist-packages/colcon_core/task/python/colcon_distutils_commands:/home/creampi/ros2_ws/install/arduino_bridge/lib/python3.10/site-packages:${PYTHONPATH} /usr/bin/python3 -W ignore:setup.py install is deprecated -W ignore:easy_install command is deprecated setup.py develop --editable --build-directory /home/creampi/ros2_ws/build/arduino_bridge/build --no-deps symlink_data
