[0.534s] DEBUG:colcon:Command line arguments: ['/usr/bin/colcon', 'build', '--symlink-install']
[0.534s] DEBUG:colcon:Parsed command line arguments: Namespace(log_base=None, log_level=None, verb_name='build', build_base='build', install_base='install', merge_install=False, symlink_install=True, test_result_base=None, continue_on_error=False, executor='parallel', parallel_workers=4, event_handlers=None, ignore_user_meta=False, metas=['./colcon.meta'], base_paths=['.'], packages_ignore=None, packages_ignore_regex=None, paths=None, packages_up_to=None, packages_up_to_regex=None, packages_above=None, packages_above_and_dependencies=None, packages_above_depth=None, packages_select_by_dep=None, packages_skip_by_dep=None, packages_skip_up_to=None, packages_select_build_failed=False, packages_skip_build_finished=False, packages_select_test_failures=False, packages_skip_test_passed=False, packages_select=None, packages_skip=None, packages_select_regex=None, packages_skip_regex=None, packages_start=None, packages_end=None, allow_overriding=[], cmake_args=None, cmake_target=None, cmake_target_skip_unavailable=False, cmake_clean_cache=False, cmake_clean_first=False, cmake_force_configure=False, ament_cmake_args=None, catkin_cmake_args=None, catkin_skip_building_tests=False, verb_parser=<colcon_defaults.argument_parser.defaults.DefaultArgumentsDecorator object at 0xffff88f24970>, verb_extension=<colcon_core.verb.build.BuildVerb object at 0xffff890963e0>, main=<bound method BuildVerb.main of <colcon_core.verb.build.BuildVerb object at 0xffff890963e0>>)
[1.433s] Level 1:colcon.colcon_core.package_discovery:discover_packages(colcon_meta) check parameters
[1.434s] Level 1:colcon.colcon_core.package_discovery:discover_packages(recursive) check parameters
[1.434s] Level 1:colcon.colcon_core.package_discovery:discover_packages(ignore) check parameters
[1.434s] Level 1:colcon.colcon_core.package_discovery:discover_packages(path) check parameters
[1.435s] Level 1:colcon.colcon_core.package_discovery:discover_packages(colcon_meta) discover
[1.435s] Level 1:colcon.colcon_core.package_discovery:discover_packages(recursive) discover
[1.435s] INFO:colcon.colcon_core.package_discovery:Crawling recursively for packages in '/home/creampi/ros2_ws/src/rover_driver'
[1.436s] Level 1:colcon.colcon_core.package_identification:_identify(.) by extensions ['ignore', 'ignore_ament_install']
[1.436s] Level 1:colcon.colcon_core.package_identification:_identify(.) by extension 'ignore'
[1.437s] Level 1:colcon.colcon_core.package_identification:_identify(.) by extension 'ignore_ament_install'
[1.437s] Level 1:colcon.colcon_core.package_identification:_identify(.) by extensions ['colcon_pkg']
[1.437s] Level 1:colcon.colcon_core.package_identification:_identify(.) by extension 'colcon_pkg'
[1.438s] Level 1:colcon.colcon_core.package_identification:_identify(.) by extensions ['colcon_meta']
[1.438s] Level 1:colcon.colcon_core.package_identification:_identify(.) by extension 'colcon_meta'
[1.438s] Level 1:colcon.colcon_core.package_identification:_identify(.) by extensions ['ros']
[1.438s] Level 1:colcon.colcon_core.package_identification:_identify(.) by extension 'ros'
[1.504s] DEBUG:colcon.colcon_core.package_identification:Package '.' with type 'ros.ament_python' and name 'rover_driver'
[1.505s] Level 1:colcon.colcon_core.package_discovery:discover_packages(recursive) using defaults
[1.506s] Level 1:colcon.colcon_core.package_discovery:discover_packages(ignore) discover
[1.506s] Level 1:colcon.colcon_core.package_discovery:discover_packages(ignore) using defaults
[1.507s] Level 1:colcon.colcon_core.package_discovery:discover_packages(path) discover
[1.507s] Level 1:colcon.colcon_core.package_discovery:discover_packages(path) using defaults
[1.602s] Level 1:colcon.colcon_core.package_discovery:discover_packages(prefix_path) check parameters
[1.603s] Level 1:colcon.colcon_core.package_discovery:discover_packages(prefix_path) discover
[1.614s] DEBUG:colcon.colcon_installed_package_information.package_discovery:Found 1 installed packages in /home/creampi/ros2_ws/src/rover_driver/install
[1.617s] DEBUG:colcon.colcon_installed_package_information.package_discovery:Found 6 installed packages in /home/creampi/ros2_ws/install
[1.625s] DEBUG:colcon.colcon_installed_package_information.package_discovery:Found 196 installed packages in /opt/ros/humble
[1.630s] Level 1:colcon.colcon_core.package_discovery:discover_packages(prefix_path) using defaults
[1.820s] Level 5:colcon.colcon_core.verb:set package 'rover_driver' build argument 'cmake_args' from command line to 'None'
[1.820s] Level 5:colcon.colcon_core.verb:set package 'rover_driver' build argument 'cmake_target' from command line to 'None'
[1.820s] Level 5:colcon.colcon_core.verb:set package 'rover_driver' build argument 'cmake_target_skip_unavailable' from command line to 'False'
[1.820s] Level 5:colcon.colcon_core.verb:set package 'rover_driver' build argument 'cmake_clean_cache' from command line to 'False'
[1.820s] Level 5:colcon.colcon_core.verb:set package 'rover_driver' build argument 'cmake_clean_first' from command line to 'False'
[1.820s] Level 5:colcon.colcon_core.verb:set package 'rover_driver' build argument 'cmake_force_configure' from command line to 'False'
[1.820s] Level 5:colcon.colcon_core.verb:set package 'rover_driver' build argument 'ament_cmake_args' from command line to 'None'
[1.821s] Level 5:colcon.colcon_core.verb:set package 'rover_driver' build argument 'catkin_cmake_args' from command line to 'None'
[1.821s] Level 5:colcon.colcon_core.verb:set package 'rover_driver' build argument 'catkin_skip_building_tests' from command line to 'False'
[1.821s] DEBUG:colcon.colcon_core.verb:Building package 'rover_driver' with the following arguments: {'ament_cmake_args': None, 'build_base': '/home/creampi/ros2_ws/src/rover_driver/build/rover_driver', 'catkin_cmake_args': None, 'catkin_skip_building_tests': False, 'cmake_args': None, 'cmake_clean_cache': False, 'cmake_clean_first': False, 'cmake_force_configure': False, 'cmake_target': None, 'cmake_target_skip_unavailable': False, 'install_base': '/home/creampi/ros2_ws/src/rover_driver/install/rover_driver', 'merge_install': False, 'path': '/home/creampi/ros2_ws/src/rover_driver', 'symlink_install': True, 'test_result_base': None}
[1.821s] INFO:colcon.colcon_core.executor:Executing jobs using 'parallel' executor
[1.828s] DEBUG:colcon.colcon_parallel_executor.executor.parallel:run_until_complete
[1.829s] INFO:colcon.colcon_ros.task.ament_python.build:Building ROS package in '/home/creampi/ros2_ws/src/rover_driver' with build type 'ament_python'
[1.830s] Level 1:colcon.colcon_core.shell:create_environment_hook('rover_driver', 'ament_prefix_path')
[1.843s] INFO:colcon.colcon_core.plugin_system:Skipping extension 'colcon_core.shell.bat': Not used on non-Windows systems
[1.844s] INFO:colcon.colcon_core.shell:Creating environment hook '/home/creampi/ros2_ws/src/rover_driver/install/rover_driver/share/rover_driver/hook/ament_prefix_path.ps1'
[1.847s] INFO:colcon.colcon_core.shell:Creating environment descriptor '/home/creampi/ros2_ws/src/rover_driver/install/rover_driver/share/rover_driver/hook/ament_prefix_path.dsv'
[1.849s] INFO:colcon.colcon_core.shell:Creating environment hook '/home/creampi/ros2_ws/src/rover_driver/install/rover_driver/share/rover_driver/hook/ament_prefix_path.sh'
[1.854s] INFO:colcon.colcon_core.shell:Skip shell extension 'powershell' for command environment: Not usable outside of PowerShell
[1.854s] DEBUG:colcon.colcon_core.shell:Skip shell extension 'dsv' for command environment
[3.541s] INFO:colcon.colcon_core.task.python.build:Building Python package in '/home/creampi/ros2_ws/src/rover_driver'
[3.545s] INFO:colcon.colcon_core.shell:Skip shell extension 'powershell' for command environment: Not usable outside of PowerShell
[3.546s] DEBUG:colcon.colcon_core.shell:Skip shell extension 'dsv' for command environment
[5.754s] DEBUG:colcon.colcon_core.event_handler.log_command:Invoking command in '/home/creampi/ros2_ws/src/rover_driver/build/rover_driver': PYTHONPATH=/home/creampi/ros2_ws/src/rover_driver/build/rover_driver/prefix_override:/usr/lib/python3/dist-packages/colcon_core/task/python/colcon_distutils_commands:/home/creampi/ros2_ws/src/rover_driver/install/rover_driver/lib/python3.10/site-packages:${PYTHONPATH} /usr/bin/python3 -W ignore:setup.py install is deprecated -W ignore:easy_install command is deprecated setup.py develop --editable --build-directory /home/creampi/ros2_ws/src/rover_driver/build/rover_driver/build --no-deps symlink_data
[8.253s] Level 1:colcon.colcon_core.shell:create_environment_hook('rover_driver', 'pythonpath_develop')
[8.255s] INFO:colcon.colcon_core.shell:Creating environment hook '/home/creampi/ros2_ws/src/rover_driver/build/rover_driver/share/rover_driver/hook/pythonpath_develop.ps1'
[8.256s] DEBUG:colcon.colcon_core.event_handler.log_command:Invoked command in '/home/creampi/ros2_ws/src/rover_driver/build/rover_driver' returned '0': PYTHONPATH=/home/creampi/ros2_ws/src/rover_driver/build/rover_driver/prefix_override:/usr/lib/python3/dist-packages/colcon_core/task/python/colcon_distutils_commands:/home/creampi/ros2_ws/src/rover_driver/install/rover_driver/lib/python3.10/site-packages:${PYTHONPATH} /usr/bin/python3 -W ignore:setup.py install is deprecated -W ignore:easy_install command is deprecated setup.py develop --editable --build-directory /home/creampi/ros2_ws/src/rover_driver/build/rover_driver/build --no-deps symlink_data
[8.259s] INFO:colcon.colcon_core.shell:Creating environment descriptor '/home/creampi/ros2_ws/src/rover_driver/build/rover_driver/share/rover_driver/hook/pythonpath_develop.dsv'
[8.261s] INFO:colcon.colcon_core.shell:Creating environment hook '/home/creampi/ros2_ws/src/rover_driver/build/rover_driver/share/rover_driver/hook/pythonpath_develop.sh'
[8.280s] Level 1:colcon.colcon_core.environment:checking '/home/creampi/ros2_ws/src/rover_driver/install/rover_driver' for CMake module files
[8.282s] Level 1:colcon.colcon_core.environment:checking '/home/creampi/ros2_ws/src/rover_driver/install/rover_driver' for CMake config files
[8.287s] Level 1:colcon.colcon_core.environment:checking '/home/creampi/ros2_ws/src/rover_driver/install/rover_driver/lib'
[8.288s] Level 1:colcon.colcon_core.environment:checking '/home/creampi/ros2_ws/src/rover_driver/install/rover_driver/bin'
[8.288s] Level 1:colcon.colcon_core.environment:checking '/home/creampi/ros2_ws/src/rover_driver/install/rover_driver/lib/pkgconfig/rover_driver.pc'
[8.290s] Level 1:colcon.colcon_core.environment:checking '/home/creampi/ros2_ws/src/rover_driver/install/rover_driver/lib/python3.10/site-packages'
[8.291s] Level 1:colcon.colcon_core.shell:create_environment_hook('rover_driver', 'pythonpath')
[8.292s] INFO:colcon.colcon_core.shell:Creating environment hook '/home/creampi/ros2_ws/src/rover_driver/install/rover_driver/share/rover_driver/hook/pythonpath.ps1'
[8.294s] INFO:colcon.colcon_core.shell:Creating environment descriptor '/home/creampi/ros2_ws/src/rover_driver/install/rover_driver/share/rover_driver/hook/pythonpath.dsv'
[8.297s] INFO:colcon.colcon_core.shell:Creating environment hook '/home/creampi/ros2_ws/src/rover_driver/install/rover_driver/share/rover_driver/hook/pythonpath.sh'
[8.301s] Level 1:colcon.colcon_core.environment:checking '/home/creampi/ros2_ws/src/rover_driver/install/rover_driver/bin'
[8.301s] Level 1:colcon.colcon_core.environment:create_environment_scripts_only(rover_driver)
[8.303s] INFO:colcon.colcon_core.shell:Creating package script '/home/creampi/ros2_ws/src/rover_driver/install/rover_driver/share/rover_driver/package.ps1'
[8.312s] INFO:colcon.colcon_core.shell:Creating package descriptor '/home/creampi/ros2_ws/src/rover_driver/install/rover_driver/share/rover_driver/package.dsv'
[8.317s] INFO:colcon.colcon_core.shell:Creating package script '/home/creampi/ros2_ws/src/rover_driver/install/rover_driver/share/rover_driver/package.sh'
[8.322s] INFO:colcon.colcon_core.shell:Creating package script '/home/creampi/ros2_ws/src/rover_driver/install/rover_driver/share/rover_driver/package.bash'
[8.326s] INFO:colcon.colcon_core.shell:Creating package script '/home/creampi/ros2_ws/src/rover_driver/install/rover_driver/share/rover_driver/package.zsh'
[8.331s] Level 1:colcon.colcon_core.environment:create_file_with_runtime_dependencies(/home/creampi/ros2_ws/src/rover_driver/install/rover_driver/share/colcon-core/packages/rover_driver)
[8.332s] DEBUG:colcon.colcon_parallel_executor.executor.parallel:closing loop
[8.333s] DEBUG:colcon.colcon_parallel_executor.executor.parallel:loop closed
[8.334s] DEBUG:colcon.colcon_parallel_executor.executor.parallel:run_until_complete finished with '0'
[8.335s] DEBUG:colcon.colcon_core.event_reactor:joining thread
[8.359s] INFO:colcon.colcon_core.plugin_system:Skipping extension 'colcon_notification.desktop_notification.notify_send': Could not find 'notify-send'
[8.360s] INFO:colcon.colcon_core.plugin_system:Skipping extension 'colcon_notification.desktop_notification.terminal_notifier': Not used on non-Darwin systems
[8.360s] INFO:colcon.colcon_core.plugin_system:Skipping extension 'colcon_notification.desktop_notification.win32': Not used on non-Windows systems
[8.360s] INFO:colcon.colcon_notification.desktop_notification:Sending desktop notification using 'notify2'
[8.363s] DEBUG:colcon.colcon_notification.desktop_notification.notify2:Failed to initialize notify2: org.freedesktop.DBus.Error.ServiceUnknown: The name org.freedesktop.Notifications was not provided by any .service files
[8.364s] DEBUG:colcon.colcon_core.event_reactor:joined thread
[8.365s] INFO:colcon.colcon_core.shell:Creating prefix script '/home/creampi/ros2_ws/src/rover_driver/install/local_setup.ps1'
[8.369s] INFO:colcon.colcon_core.shell:Creating prefix util module '/home/creampi/ros2_ws/src/rover_driver/install/_local_setup_util_ps1.py'
[8.380s] INFO:colcon.colcon_core.shell:Creating prefix chain script '/home/creampi/ros2_ws/src/rover_driver/install/setup.ps1'
[8.388s] INFO:colcon.colcon_core.shell:Creating prefix script '/home/creampi/ros2_ws/src/rover_driver/install/local_setup.sh'
[8.392s] INFO:colcon.colcon_core.shell:Creating prefix util module '/home/creampi/ros2_ws/src/rover_driver/install/_local_setup_util_sh.py'
[8.395s] INFO:colcon.colcon_core.shell:Creating prefix chain script '/home/creampi/ros2_ws/src/rover_driver/install/setup.sh'
[8.401s] INFO:colcon.colcon_core.shell:Creating prefix script '/home/creampi/ros2_ws/src/rover_driver/install/local_setup.bash'
[8.404s] INFO:colcon.colcon_core.shell:Creating prefix chain script '/home/creampi/ros2_ws/src/rover_driver/install/setup.bash'
[8.411s] INFO:colcon.colcon_core.shell:Creating prefix script '/home/creampi/ros2_ws/src/rover_driver/install/local_setup.zsh'
[8.414s] INFO:colcon.colcon_core.shell:Creating prefix chain script '/home/creampi/ros2_ws/src/rover_driver/install/setup.zsh'
