[0.060s] Invoking command in '/home/creampi/ros2_ws/build/carto_localization': /usr/bin/cmake /home/creampi/ros2_ws/src/carto_localization -DCATKIN_INSTALL_INTO_PREFIX_ROOT=0 -DCMAKE_INSTALL_PREFIX=/home/creampi/ros2_ws/install/carto_localization
[0.140s] -- Found ament_cmake: 1.3.12 (/opt/ros/humble/share/ament_cmake/cmake)
[1.387s] -- Configuring done
[1.416s] -- Generating done
[1.427s] -- Build files have been written to: /home/creampi/ros2_ws/build/carto_localization
[1.442s] Invoked command in '/home/creampi/ros2_ws/build/carto_localization' returned '0': /usr/bin/cmake /home/creampi/ros2_ws/src/carto_localization -DCATKIN_INSTALL_INTO_PREFIX_ROOT=0 -DCMAKE_INSTALL_PREFIX=/home/creampi/ros2_ws/install/carto_localization
[1.456s] Invoking command in '/home/creampi/ros2_ws/build/carto_localization': /usr/bin/cmake --build /home/creampi/ros2_ws/build/carto_localization -- -j4 -l4
[1.620s] Invoked command in '/home/creampi/ros2_ws/build/carto_localization' returned '0': /usr/bin/cmake --build /home/creampi/ros2_ws/build/carto_localization -- -j4 -l4
[1.675s] Invoking command in '/home/creampi/ros2_ws/build/carto_localization': /usr/bin/cmake --install /home/creampi/ros2_ws/build/carto_localization
[1.713s] -- Install configuration: ""
[1.715s] -- Up-to-date: /home/creampi/ros2_ws/install/carto_localization/share/carto_localization/launch
[1.716s] -- Up-to-date: /home/creampi/ros2_ws/install/carto_localization/share/carto_localization/launch/cartographer_localization.launch.py
[1.717s] -- Up-to-date: /home/creampi/ros2_ws/install/carto_localization/share/carto_localization/launch/tf.launch.py
[1.718s] -- Up-to-date: /home/creampi/ros2_ws/install/carto_localization/share/carto_localization/config
[1.719s] -- Up-to-date: /home/creampi/ros2_ws/install/carto_localization/share/carto_localization/config/cartographer_localization.lua
[1.720s] -- Up-to-date: /home/creampi/ros2_ws/install/carto_localization/share/ament_index/resource_index/package_run_dependencies/carto_localization
[1.720s] -- Installing: /home/creampi/ros2_ws/install/carto_localization/share/ament_index/resource_index/parent_prefix_path/carto_localization
[1.721s] -- Up-to-date: /home/creampi/ros2_ws/install/carto_localization/share/carto_localization/environment/ament_prefix_path.sh
[1.721s] -- Installing: /home/creampi/ros2_ws/install/carto_localization/share/carto_localization/environment/ament_prefix_path.dsv
[1.723s] -- Up-to-date: /home/creampi/ros2_ws/install/carto_localization/share/carto_localization/environment/path.sh
[1.724s] -- Installing: /home/creampi/ros2_ws/install/carto_localization/share/carto_localization/environment/path.dsv
[1.726s] -- Up-to-date: /home/creampi/ros2_ws/install/carto_localization/share/carto_localization/local_setup.bash
[1.727s] -- Up-to-date: /home/creampi/ros2_ws/install/carto_localization/share/carto_localization/local_setup.sh
[1.728s] -- Up-to-date: /home/creampi/ros2_ws/install/carto_localization/share/carto_localization/local_setup.zsh
[1.729s] -- Installing: /home/creampi/ros2_ws/install/carto_localization/share/carto_localization/local_setup.dsv
[1.734s] -- Installing: /home/creampi/ros2_ws/install/carto_localization/share/carto_localization/package.dsv
[1.735s] -- Up-to-date: /home/creampi/ros2_ws/install/carto_localization/share/ament_index/resource_index/packages/carto_localization
[1.736s] -- Up-to-date: /home/creampi/ros2_ws/install/carto_localization/share/carto_localization/cmake/carto_localizationConfig.cmake
[1.736s] -- Up-to-date: /home/creampi/ros2_ws/install/carto_localization/share/carto_localization/cmake/carto_localizationConfig-version.cmake
[1.738s] -- Up-to-date: /home/creampi/ros2_ws/install/carto_localization/share/carto_localization/package.xml
[1.741s] Invoked command in '/home/creampi/ros2_ws/build/carto_localization' returned '0': /usr/bin/cmake --install /home/creampi/ros2_ws/build/carto_localization
