[0.323s] Invoking command in '/home/sp/PC_REPO/build/rover_control': PYTHONPATH=/home/sp/PC_REPO/build/rover_control/prefix_override:/usr/lib/python3/dist-packages/colcon_core/task/python/colcon_distutils_commands:/home/sp/PC_REPO/install/rover_control/lib/python3.10/site-packages:${PYTHONPATH} /usr/bin/python3 -W ignore:setup.py install is deprecated -W ignore:easy_install command is deprecated setup.py develop --editable --build-directory /home/sp/PC_REPO/build/rover_control/build --no-deps symlink_data --force
[0.417s] running develop
[0.469s] running egg_info
[0.469s] writing rover_control.egg-info/PKG-INFO
[0.469s] writing dependency_links to rover_control.egg-info/dependency_links.txt
[0.469s] writing entry points to rover_control.egg-info/entry_points.txt
[0.469s] writing requirements to rover_control.egg-info/requires.txt
[0.469s] writing top-level names to rover_control.egg-info/top_level.txt
[0.469s] reading manifest file 'rover_control.egg-info/SOURCES.txt'
[0.470s] writing manifest file 'rover_control.egg-info/SOURCES.txt'
[0.470s] running build_ext
[0.470s] Creating /home/sp/PC_REPO/install/rover_control/lib/python3.10/site-packages/rover-control.egg-link (link to .)
[0.471s] Installing motor_driver script to /home/sp/PC_REPO/install/rover_control/lib/rover_control
[0.471s] 
[0.471s] Installed /home/sp/PC_REPO/build/rover_control
[0.471s] running symlink_data
[0.471s] symbolically linking /home/sp/PC_REPO/build/rover_control/resource/rover_control -> /home/sp/PC_REPO/install/rover_control/share/ament_index/resource_index/packages
[0.471s] symbolically linking /home/sp/PC_REPO/build/rover_control/package.xml -> /home/sp/PC_REPO/install/rover_control/share/rover_control
[0.471s] symbolically linking /home/sp/PC_REPO/build/rover_control/launch/rover_teleop_x56.launch.py -> /home/sp/PC_REPO/install/rover_control/share/rover_control/launch
[0.471s] symbolically linking /home/sp/PC_REPO/build/rover_control/config/x56_teleop.yaml -> /home/sp/PC_REPO/install/rover_control/share/rover_control/config
[0.486s] Invoked command in '/home/sp/PC_REPO/build/rover_control' returned '0': PYTHONPATH=/home/sp/PC_REPO/build/rover_control/prefix_override:/usr/lib/python3/dist-packages/colcon_core/task/python/colcon_distutils_commands:/home/sp/PC_REPO/install/rover_control/lib/python3.10/site-packages:${PYTHONPATH} /usr/bin/python3 -W ignore:setup.py install is deprecated -W ignore:easy_install command is deprecated setup.py develop --editable --build-directory /home/sp/PC_REPO/build/rover_control/build --no-deps symlink_data --force
