[0.052s] Invoking command in '/home/creampi/ros2_ws/build/ldlidar_stl_ros2': CMAKE_PREFIX_PATH=/opt/ros/humble /usr/bin/cmake /home/creampi/ros2_ws/src/ldlidar_stl_ros2 -DCMAKE_INSTALL_PREFIX=/home/creampi/ros2_ws/install/ldlidar_stl_ros2
[0.104s] -- Found ament_cmake: 1.3.12 (/opt/ros/humble/share/ament_cmake/cmake)
[0.677s] -- Override CMake install command with custom implementation using symlinks instead of copying resources
[0.715s] -- Found rclcpp: 16.0.15 (/opt/ros/humble/share/rclcpp/cmake)
[0.883s] -- Found rosidl_generator_c: 3.1.7 (/opt/ros/humble/share/rosidl_generator_c/cmake)
[0.893s] -- Found rosidl_adapter: 3.1.7 (/opt/ros/humble/share/rosidl_adapter/cmake)
[0.917s] -- Found rosidl_generator_cpp: 3.1.7 (/opt/ros/humble/share/rosidl_generator_cpp/cmake)
[0.960s] -- Using all available rosidl_typesupport_c: rosidl_typesupport_fastrtps_c;rosidl_typesupport_introspection_c
[1.011s] -- Using all available rosidl_typesupport_cpp: rosidl_typesupport_fastrtps_cpp;rosidl_typesupport_introspection_cpp
[1.147s] -- Found rmw_implementation_cmake: 6.1.2 (/opt/ros/humble/share/rmw_implementation_cmake/cmake)
[1.153s] -- Found rmw_fastrtps_cpp: 6.2.8 (/opt/ros/humble/share/rmw_fastrtps_cpp/cmake)
[2.009s] -- Using RMW implementation 'rmw_fastrtps_cpp' as default
[2.202s] -- Found sensor_msgs: 4.9.0 (/opt/ros/humble/share/sensor_msgs/cmake)
[2.316s] -- Found ament_lint_auto: 0.12.14 (/opt/ros/humble/share/ament_lint_auto/cmake)
[2.639s] -- Added test 'copyright' to check source files copyright and LICENSE
[2.699s] -- Added test 'cppcheck' to perform static code analysis on C / C++ code
[2.701s] -- Configured cppcheck include dirs: /home/creampi/ros2_ws/src/ldlidar_stl_ros2/include;/home/creampi/ros2_ws/src/ldlidar_stl_ros2/ldlidar_driver/include/core;/home/creampi/ros2_ws/src/ldlidar_stl_ros2/ldlidar_driver/include/dataprocess;/home/creampi/ros2_ws/src/ldlidar_stl_ros2/ldlidar_driver/include/filter;/home/creampi/ros2_ws/src/ldlidar_stl_ros2/ldlidar_driver/include/logger;/home/creampi/ros2_ws/src/ldlidar_stl_ros2/ldlidar_driver/include/networkcom;/home/creampi/ros2_ws/src/ldlidar_stl_ros2/ldlidar_driver/include/serialcom
[2.702s] -- Configured cppcheck exclude dirs and/or files: 
[2.761s] -- Added test 'cpplint' to check C / C++ code against the Google style
[2.761s] -- Configured cpplint exclude dirs and/or files: 
[2.770s] -- Added test 'flake8' to check Python code syntax and style conventions
[2.785s] -- Added test 'lint_cmake' to check CMake code style
[2.795s] -- Added test 'pep257' to check Python code against some of the docstring style conventions in PEP 257
[2.854s] -- Added test 'uncrustify' to check C / C++ code style
[2.854s] -- Configured uncrustify additional arguments: 
[2.862s] -- Added test 'xmllint' to check XML markup files
[2.870s] -- Configuring done
[2.954s] -- Generating done
[2.974s] -- Build files have been written to: /home/creampi/ros2_ws/build/ldlidar_stl_ros2
[3.004s] Invoked command in '/home/creampi/ros2_ws/build/ldlidar_stl_ros2' returned '0': CMAKE_PREFIX_PATH=/opt/ros/humble /usr/bin/cmake /home/creampi/ros2_ws/src/ldlidar_stl_ros2 -DCMAKE_INSTALL_PREFIX=/home/creampi/ros2_ws/install/ldlidar_stl_ros2
[3.016s] Invoking command in '/home/creampi/ros2_ws/build/ldlidar_stl_ros2': CMAKE_PREFIX_PATH=/opt/ros/humble /usr/bin/cmake --build /home/creampi/ros2_ws/build/ldlidar_stl_ros2 -- -j4 -l4
[3.187s] [35m[1mConsolidate compiler generated dependencies of target ldlidar_stl_ros2_node[0m
[3.258s] [ 12%] [32mBuilding CXX object CMakeFiles/ldlidar_stl_ros2_node.dir/ldlidar_driver/src/dataprocess/lipkg.cpp.o[0m
[3.262s] [ 25%] [32mBuilding CXX object CMakeFiles/ldlidar_stl_ros2_node.dir/src/demo.cpp.o[0m
[3.270s] [ 37%] [32mBuilding CXX object CMakeFiles/ldlidar_stl_ros2_node.dir/ldlidar_driver/src/logger/log_module.cpp.o[0m
[3.273s] [ 50%] [32mBuilding CXX object CMakeFiles/ldlidar_stl_ros2_node.dir/ldlidar_driver/src/filter/tofbf.cpp.o[0m
[5.482s] [ 62%] [32mBuilding CXX object CMakeFiles/ldlidar_stl_ros2_node.dir/ldlidar_driver/src/networkcom/network_socket_interface_linux.cpp.o[0m
[9.470s] [ 75%] [32mBuilding CXX object CMakeFiles/ldlidar_stl_ros2_node.dir/ldlidar_driver/src/serialcom/serial_interface_linux.cpp.o[0m
[35.222s] [ 87%] [32m[1mLinking CXX executable ldlidar_stl_ros2_node[0m
[36.499s] [100%] Built target ldlidar_stl_ros2_node
[36.540s] Invoked command in '/home/creampi/ros2_ws/build/ldlidar_stl_ros2' returned '0': CMAKE_PREFIX_PATH=/opt/ros/humble /usr/bin/cmake --build /home/creampi/ros2_ws/build/ldlidar_stl_ros2 -- -j4 -l4
[36.591s] Invoking command in '/home/creampi/ros2_ws/build/ldlidar_stl_ros2': CMAKE_PREFIX_PATH=/opt/ros/humble /usr/bin/cmake --install /home/creampi/ros2_ws/build/ldlidar_stl_ros2
[36.620s] -- Install configuration: ""
[36.622s] -- Execute custom install script
[36.624s] -- Symlinking: /home/creampi/ros2_ws/install/ldlidar_stl_ros2/lib/ldlidar_stl_ros2/ldlidar_stl_ros2_node
[36.658s] -- Symlinking: /home/creampi/ros2_ws/install/ldlidar_stl_ros2/share/ldlidar_stl_ros2//launch/__pycache__/ldlidar_uart.launch.cpython-310.pyc
[36.691s] -- Symlinking: /home/creampi/ros2_ws/install/ldlidar_stl_ros2/share/ldlidar_stl_ros2//launch/ld06.launch.py
[36.722s] -- Symlinking: /home/creampi/ros2_ws/install/ldlidar_stl_ros2/share/ldlidar_stl_ros2//launch/ld19.launch.py
[36.755s] -- Symlinking: /home/creampi/ros2_ws/install/ldlidar_stl_ros2/share/ldlidar_stl_ros2//launch/ldlidar_uart.launch.py
[36.787s] -- Symlinking: /home/creampi/ros2_ws/install/ldlidar_stl_ros2/share/ldlidar_stl_ros2//launch/stl27l.launch.py
[36.820s] -- Symlinking: /home/creampi/ros2_ws/install/ldlidar_stl_ros2/share/ldlidar_stl_ros2//launch/viewer_ld06.launch.py
[36.851s] -- Symlinking: /home/creampi/ros2_ws/install/ldlidar_stl_ros2/share/ldlidar_stl_ros2//launch/viewer_ld19.launch.py
[36.884s] -- Symlinking: /home/creampi/ros2_ws/install/ldlidar_stl_ros2/share/ldlidar_stl_ros2//launch/viewer_stl27l.launch.py
[36.918s] -- Symlinking: /home/creampi/ros2_ws/install/ldlidar_stl_ros2/share/ldlidar_stl_ros2//rviz2/ldlidar.rviz
[36.952s] -- Symlinking: /home/creampi/ros2_ws/install/ldlidar_stl_ros2/share/ament_index/resource_index/package_run_dependencies/ldlidar_stl_ros2
[36.987s] -- Symlinking: /home/creampi/ros2_ws/install/ldlidar_stl_ros2/share/ament_index/resource_index/parent_prefix_path/ldlidar_stl_ros2
[37.019s] -- Symlinking: /home/creampi/ros2_ws/install/ldlidar_stl_ros2/share/ldlidar_stl_ros2/environment/ament_prefix_path.sh
[37.051s] -- Symlinking: /home/creampi/ros2_ws/install/ldlidar_stl_ros2/share/ldlidar_stl_ros2/environment/ament_prefix_path.dsv
[37.084s] -- Symlinking: /home/creampi/ros2_ws/install/ldlidar_stl_ros2/share/ldlidar_stl_ros2/environment/path.sh
[37.119s] -- Symlinking: /home/creampi/ros2_ws/install/ldlidar_stl_ros2/share/ldlidar_stl_ros2/environment/path.dsv
[37.154s] -- Symlinking: /home/creampi/ros2_ws/install/ldlidar_stl_ros2/share/ldlidar_stl_ros2/local_setup.bash
[37.192s] -- Symlinking: /home/creampi/ros2_ws/install/ldlidar_stl_ros2/share/ldlidar_stl_ros2/local_setup.sh
[37.228s] -- Symlinking: /home/creampi/ros2_ws/install/ldlidar_stl_ros2/share/ldlidar_stl_ros2/local_setup.zsh
[37.260s] -- Symlinking: /home/creampi/ros2_ws/install/ldlidar_stl_ros2/share/ldlidar_stl_ros2/local_setup.dsv
[37.291s] -- Symlinking: /home/creampi/ros2_ws/install/ldlidar_stl_ros2/share/ldlidar_stl_ros2/package.dsv
[37.323s] -- Symlinking: /home/creampi/ros2_ws/install/ldlidar_stl_ros2/share/ament_index/resource_index/packages/ldlidar_stl_ros2
[37.357s] -- Symlinking: /home/creampi/ros2_ws/install/ldlidar_stl_ros2/share/ldlidar_stl_ros2/cmake/ldlidar_stl_ros2Config.cmake
[37.389s] -- Symlinking: /home/creampi/ros2_ws/install/ldlidar_stl_ros2/share/ldlidar_stl_ros2/cmake/ldlidar_stl_ros2Config-version.cmake
[37.423s] -- Symlinking: /home/creampi/ros2_ws/install/ldlidar_stl_ros2/share/ldlidar_stl_ros2/package.xml
[37.463s] Invoked command in '/home/creampi/ros2_ws/build/ldlidar_stl_ros2' returned '0': CMAKE_PREFIX_PATH=/opt/ros/humble /usr/bin/cmake --install /home/creampi/ros2_ws/build/ldlidar_stl_ros2
