[0.233s] Invoking command in '/home/sp/PC_REPO/src/rover_control': PYTHONPATH=/home/sp/PC_REPO/build/rover_control/prefix_override:/usr/lib/python3/dist-packages/colcon_core/task/python/colcon_distutils_commands:/home/sp/PC_REPO/install/rover_control/lib/python3.10/site-packages:${PYTHONPATH} /usr/bin/python3 -W ignore:setup.py install is deprecated -W ignore:easy_install command is deprecated setup.py egg_info --egg-base ../../build/rover_control build --build-base /home/sp/PC_REPO/build/rover_control/build install --record /home/sp/PC_REPO/build/rover_control/install.log --single-version-externally-managed install_data
[0.318s] running egg_info
[0.318s] creating ../../build/rover_control/rover_control.egg-info
[0.318s] writing ../../build/rover_control/rover_control.egg-info/PKG-INFO
[0.318s] writing dependency_links to ../../build/rover_control/rover_control.egg-info/dependency_links.txt
[0.318s] writing entry points to ../../build/rover_control/rover_control.egg-info/entry_points.txt
[0.318s] writing requirements to ../../build/rover_control/rover_control.egg-info/requires.txt
[0.318s] writing top-level names to ../../build/rover_control/rover_control.egg-info/top_level.txt
[0.318s] writing manifest file '../../build/rover_control/rover_control.egg-info/SOURCES.txt'
[0.319s] reading manifest file '../../build/rover_control/rover_control.egg-info/SOURCES.txt'
[0.319s] writing manifest file '../../build/rover_control/rover_control.egg-info/SOURCES.txt'
[0.319s] running build
[0.319s] running build_py
[0.319s] creating /home/sp/PC_REPO/build/rover_control/build
[0.319s] creating /home/sp/PC_REPO/build/rover_control/build/lib
[0.319s] creating /home/sp/PC_REPO/build/rover_control/build/lib/rover_control
[0.319s] copying rover_control/__init__.py -> /home/sp/PC_REPO/build/rover_control/build/lib/rover_control
[0.319s] running install
[0.319s] running install_lib
[0.319s] creating /home/sp/PC_REPO/install/rover_control/lib/python3.10/site-packages/rover_control
[0.320s] copying /home/sp/PC_REPO/build/rover_control/build/lib/rover_control/__init__.py -> /home/sp/PC_REPO/install/rover_control/lib/python3.10/site-packages/rover_control
[0.320s] byte-compiling /home/sp/PC_REPO/install/rover_control/lib/python3.10/site-packages/rover_control/__init__.py to __init__.cpython-310.pyc
[0.320s] running install_data
[0.320s] creating /home/sp/PC_REPO/install/rover_control/share/ament_index
[0.320s] creating /home/sp/PC_REPO/install/rover_control/share/ament_index/resource_index
[0.320s] creating /home/sp/PC_REPO/install/rover_control/share/ament_index/resource_index/packages
[0.320s] copying resource/rover_control -> /home/sp/PC_REPO/install/rover_control/share/ament_index/resource_index/packages
[0.320s] copying package.xml -> /home/sp/PC_REPO/install/rover_control/share/rover_control
[0.320s] creating /home/sp/PC_REPO/install/rover_control/share/rover_control/launch
[0.320s] error: can't copy 'launch/rover_teleop_x56.launch.py': doesn't exist or not a regular file
[0.327s] Invoked command in '/home/sp/PC_REPO/src/rover_control' returned '1': PYTHONPATH=/home/sp/PC_REPO/build/rover_control/prefix_override:/usr/lib/python3/dist-packages/colcon_core/task/python/colcon_distutils_commands:/home/sp/PC_REPO/install/rover_control/lib/python3.10/site-packages:${PYTHONPATH} /usr/bin/python3 -W ignore:setup.py install is deprecated -W ignore:easy_install command is deprecated setup.py egg_info --egg-base ../../build/rover_control build --build-base /home/sp/PC_REPO/build/rover_control/build install --record /home/sp/PC_REPO/build/rover_control/install.log --single-version-externally-managed install_data
