running egg_info
creating ../build/temperature_tracker/temperature_tracker.egg-info
writing ../build/temperature_tracker/temperature_tracker.egg-info/PKG-INFO
writing dependency_links to ../build/temperature_tracker/temperature_tracker.egg-info/dependency_links.txt
writing entry points to ../build/temperature_tracker/temperature_tracker.egg-info/entry_points.txt
writing requirements to ../build/temperature_tracker/temperature_tracker.egg-info/requires.txt
writing top-level names to ../build/temperature_tracker/temperature_tracker.egg-info/top_level.txt
writing manifest file '../build/temperature_tracker/temperature_tracker.egg-info/SOURCES.txt'
reading manifest file '../build/temperature_tracker/temperature_tracker.egg-info/SOURCES.txt'
adding license file 'LICENSE'
writing manifest file '../build/temperature_tracker/temperature_tracker.egg-info/SOURCES.txt'
running build
running build_py
creating /home/creampi/ros2_ws/src/build/temperature_tracker/build
creating /home/creampi/ros2_ws/src/build/temperature_tracker/build/lib
creating /home/creampi/ros2_ws/src/build/temperature_tracker/build/lib/temperature_tracker
copying temperature_tracker/__init__.py -> /home/creampi/ros2_ws/src/build/temperature_tracker/build/lib/temperature_tracker
copying temperature_tracker/temperature_tracker.py -> /home/creampi/ros2_ws/src/build/temperature_tracker/build/lib/temperature_tracker
running install
running install_lib
creating /home/creampi/ros2_ws/src/install/temperature_tracker/lib/python3.10/site-packages/temperature_tracker
copying /home/creampi/ros2_ws/src/build/temperature_tracker/build/lib/temperature_tracker/__init__.py -> /home/creampi/ros2_ws/src/install/temperature_tracker/lib/python3.10/site-packages/temperature_tracker
copying /home/creampi/ros2_ws/src/build/temperature_tracker/build/lib/temperature_tracker/temperature_tracker.py -> /home/creampi/ros2_ws/src/install/temperature_tracker/lib/python3.10/site-packages/temperature_tracker
byte-compiling /home/creampi/ros2_ws/src/install/temperature_tracker/lib/python3.10/site-packages/temperature_tracker/__init__.py to __init__.cpython-310.pyc
byte-compiling /home/creampi/ros2_ws/src/install/temperature_tracker/lib/python3.10/site-packages/temperature_tracker/temperature_tracker.py to temperature_tracker.cpython-310.pyc
running install_data
creating /home/creampi/ros2_ws/src/install/temperature_tracker/share/ament_index
creating /home/creampi/ros2_ws/src/install/temperature_tracker/share/ament_index/resource_index
creating /home/creampi/ros2_ws/src/install/temperature_tracker/share/ament_index/resource_index/packages
copying resource/temperature_tracker -> /home/creampi/ros2_ws/src/install/temperature_tracker/share/ament_index/resource_index/packages
copying package.xml -> /home/creampi/ros2_ws/src/install/temperature_tracker/share/temperature_tracker
running install_egg_info
Copying ../build/temperature_tracker/temperature_tracker.egg-info to /home/creampi/ros2_ws/src/install/temperature_tracker/lib/python3.10/site-packages/temperature_tracker-0.1.0-py3.10.egg-info
running install_scripts
Installing temperature_tracker script to /home/creampi/ros2_ws/src/install/temperature_tracker/lib/temperature_tracker
writing list of installed files to '/home/creampi/ros2_ws/src/build/temperature_tracker/install.log'
